2025-05-24 18:38:21,442 - INFO - Using random seed: 42
2025-05-24 18:38:21,443 - INFO - Starting experiment with configuration:
2025-05-24 18:38:21,443 - INFO -   num_episodes: 30
2025-05-24 18:38:21,443 - INFO -   target_distance_range: (15.0, 50.0)
2025-05-24 18:38:21,444 - INFO -   random_seed: 42
2025-05-24 18:38:21,444 - INFO -   max_steps_per_episode: 100
2025-05-24 18:38:21,444 - INFO -   output_dir: experiment_results
2025-05-24 18:38:21,444 - INFO -   stuck_timeout: 15.0
2025-05-24 18:38:21,445 - INFO -   stuck_check_interval: 3.0
2025-05-24 18:38:21,445 - INFO -   episode_timeout: 120
2025-05-24 18:38:21,446 - INFO -   precompile_julia: True
2025-05-24 18:38:21,446 - INFO -   zmq_port: 5555
2025-05-24 18:38:21,446 - INFO -   debug_raycasting: False
2025-05-24 18:38:21,446 - INFO -   min_ray_checks: 3
2025-05-24 18:38:21,446 - INFO -   max_ray_checks: 7
2025-05-24 18:38:21,446 - INFO -   visualize_raycasts: False
2025-05-24 18:38:21,446 - INFO -   visualization_duration: 60.0
2025-05-24 18:38:27,620 - INFO - System information collected and saved
2025-05-24 18:38:27,627 - INFO - AirSim connection established successfully
2025-05-24 18:40:21,452 - INFO - Generating pool of 45 valid target locations...
2025-05-24 18:40:21,453 - INFO - Target distance range for episode 0: 15.0m - 50.0m
2025-05-24 18:40:21,453 - WARNING - Sampling target with drone too close to ground (alt: -0.05m)
2025-05-24 18:40:21,453 - INFO - Adjusted sampling position to ensure minimum altitude: [0.0, 0.0, -5.0] (alt: 5.00m)
2025-05-24 18:40:22,078 - INFO - Found first valid target at [-15.77, -18.92, -8.21], altitude: 8.21m
2025-05-24 18:40:31,441 - INFO - Phase 2: Found 16 valid targets, focusing on refining these
2025-05-24 18:40:38,252 - INFO - Found 27 valid targets, selecting best with 0.00m clearance at altitude: 8.21m
2025-05-24 18:40:38,256 - INFO - Target distance range for episode 1: 15.5m - 38.5m
2025-05-24 18:40:38,256 - WARNING - Sampling target with drone too close to ground (alt: -0.05m)
2025-05-24 18:40:38,256 - INFO - Adjusted sampling position to ensure minimum altitude: [0.0, 0.0, -5.0] (alt: 5.00m)
2025-05-24 18:40:38,873 - INFO - Found first valid target at [18.26, 4.51, -6.3], altitude: 6.30m
2025-05-24 18:40:48,225 - INFO - Phase 2: Found 16 valid targets, focusing on refining these
2025-05-24 18:40:55,063 - INFO - Found 27 valid targets, selecting best with 0.00m clearance at altitude: 6.30m
2025-05-24 18:40:55,065 - INFO - Target distance range for episode 2: 16.0m - 42.0m
2025-05-24 18:40:55,065 - WARNING - Sampling target with drone too close to ground (alt: -0.05m)
2025-05-24 18:40:55,066 - INFO - Adjusted sampling position to ensure minimum altitude: [0.0, 0.0, -5.0] (alt: 5.00m)
2025-05-24 18:40:55,697 - INFO - Found first valid target at [-32.24, 20.88, -8.59], altitude: 8.59m
2025-05-24 18:41:04,921 - INFO - Phase 2: Found 16 valid targets, focusing on refining these
2025-05-24 18:41:11,660 - INFO - Found 27 valid targets, selecting best with 0.00m clearance at altitude: 8.59m
2025-05-24 18:41:11,662 - INFO - Target distance range for episode 3: 16.5m - 45.5m
2025-05-24 18:41:11,662 - WARNING - Sampling target with drone too close to ground (alt: -0.05m)
2025-05-24 18:41:11,663 - INFO - Adjusted sampling position to ensure minimum altitude: [0.0, 0.0, -5.0] (alt: 5.00m)
2025-05-24 18:41:12,297 - INFO - Found first valid target at [-2.59, 18.7, -7.29], altitude: 7.29m
2025-05-24 18:41:21,451 - INFO - Phase 2: Found 16 valid targets, focusing on refining these
2025-05-24 18:41:28,252 - INFO - Found 27 valid targets, selecting best with 0.00m clearance at altitude: 7.29m
2025-05-24 18:41:28,254 - INFO - Target distance range for episode 4: 17.0m - 49.0m
2025-05-24 18:41:28,254 - WARNING - Sampling target with drone too close to ground (alt: -0.05m)
2025-05-24 18:41:28,255 - INFO - Adjusted sampling position to ensure minimum altitude: [0.0, 0.0, -5.0] (alt: 5.00m)
2025-05-24 18:41:28,901 - INFO - Found first valid target at [27.36, -23.14, -3.12], altitude: 3.12m
2025-05-24 18:41:38,495 - INFO - Phase 2: Found 16 valid targets, focusing on refining these
2025-05-24 18:41:45,675 - INFO - Found 27 valid targets, selecting best with 0.00m clearance at altitude: 3.12m
2025-05-24 18:41:45,677 - INFO - Target distance range for episode 5: 17.5m - 50.0m
2025-05-24 18:41:45,677 - WARNING - Sampling target with drone too close to ground (alt: -0.05m)
2025-05-24 18:41:45,678 - INFO - Adjusted sampling position to ensure minimum altitude: [0.0, 0.0, -5.0] (alt: 5.00m)
2025-05-24 18:41:46,319 - INFO - Found first valid target at [-19.25, 25.86, -7.25], altitude: 7.25m
2025-05-24 18:41:55,794 - INFO - Phase 2: Found 16 valid targets, focusing on refining these
2025-05-24 18:42:02,671 - INFO - Found 27 valid targets, selecting best with 0.00m clearance at altitude: 7.25m
2025-05-24 18:42:02,672 - INFO - Target distance range for episode 6: 18.0m - 50.0m
2025-05-24 18:42:02,673 - WARNING - Sampling target with drone too close to ground (alt: -0.05m)
2025-05-24 18:42:02,673 - INFO - Adjusted sampling position to ensure minimum altitude: [0.0, 0.0, -5.0] (alt: 5.00m)
2025-05-24 18:42:03,316 - INFO - Found first valid target at [-38.92, -12.15, -7.58], altitude: 7.58m
2025-05-24 18:42:12,628 - INFO - Phase 2: Found 16 valid targets, focusing on refining these
2025-05-24 18:42:19,614 - INFO - Found 27 valid targets, selecting best with 0.00m clearance at altitude: 7.58m
2025-05-24 18:42:19,617 - INFO - Target distance range for episode 7: 18.5m - 50.0m
2025-05-24 18:42:19,617 - WARNING - Sampling target with drone too close to ground (alt: -0.05m)
2025-05-24 18:42:19,618 - INFO - Adjusted sampling position to ensure minimum altitude: [0.0, 0.0, -5.0] (alt: 5.00m)
2025-05-24 18:42:20,271 - INFO - Found first valid target at [20.07, 8.97, -3.98], altitude: 3.98m
2025-05-24 18:42:29,651 - INFO - Phase 2: Found 16 valid targets, focusing on refining these
2025-05-24 18:42:36,579 - INFO - Found 27 valid targets, selecting best with 0.00m clearance at altitude: 3.98m
2025-05-24 18:42:36,580 - INFO - Target distance range for episode 8: 19.0m - 50.0m
2025-05-24 18:42:36,580 - WARNING - Sampling target with drone too close to ground (alt: -0.05m)
2025-05-24 18:42:36,581 - INFO - Adjusted sampling position to ensure minimum altitude: [0.0, 0.0, -5.0] (alt: 5.00m)
2025-05-24 18:42:37,244 - INFO - Found first valid target at [-38.76, 0.6, -8.06], altitude: 8.06m
2025-05-24 18:42:46,761 - INFO - Phase 2: Found 16 valid targets, focusing on refining these
2025-05-24 18:42:53,672 - INFO - Found 27 valid targets, selecting best with 0.00m clearance at altitude: 8.06m
2025-05-24 18:42:53,676 - INFO - Target distance range for episode 9: 19.5m - 50.0m
2025-05-24 18:42:53,676 - WARNING - Sampling target with drone too close to ground (alt: -0.05m)
2025-05-24 18:42:53,677 - INFO - Adjusted sampling position to ensure minimum altitude: [0.0, 0.0, -5.0] (alt: 5.00m)
2025-05-24 18:42:54,326 - INFO - Found first valid target at [1.0, 24.42, -3.43], altitude: 3.43m
2025-05-24 18:43:03,778 - INFO - Phase 2: Found 16 valid targets, focusing on refining these
2025-05-24 18:43:10,512 - INFO - Found 27 valid targets, selecting best with 0.00m clearance at altitude: 3.43m
2025-05-24 18:43:10,514 - INFO - Generated 10/45 targets in 169.1s (9 attempts)
2025-05-24 18:43:10,514 - INFO - Target distance range for episode 10: 20.0m - 50.0m
2025-05-24 18:43:10,514 - WARNING - Sampling target with drone too close to ground (alt: -0.05m)
2025-05-24 18:43:10,515 - INFO - Adjusted sampling position to ensure minimum altitude: [0.0, 0.0, -5.0] (alt: 5.00m)
2025-05-24 18:43:11,138 - INFO - Found first valid target at [41.38, -5.66, -6.13], altitude: 6.13m
2025-05-24 18:43:20,274 - INFO - Phase 2: Found 16 valid targets, focusing on refining these
2025-05-24 18:43:26,949 - INFO - Found 27 valid targets, selecting best with 0.00m clearance at altitude: 6.13m
2025-05-24 18:43:26,952 - INFO - Target distance range for episode 11: 20.0m - 50.0m
2025-05-24 18:43:26,952 - WARNING - Sampling target with drone too close to ground (alt: -0.05m)
2025-05-24 18:43:26,953 - INFO - Adjusted sampling position to ensure minimum altitude: [0.0, 0.0, -5.0] (alt: 5.00m)
2025-05-24 18:43:27,565 - INFO - Found first valid target at [-24.97, -22.62, -4.31], altitude: 4.31m
2025-05-24 18:43:36,686 - INFO - Phase 2: Found 16 valid targets, focusing on refining these
2025-05-24 18:43:43,564 - INFO - Found 27 valid targets, selecting best with 0.00m clearance at altitude: 4.31m
2025-05-24 18:43:43,567 - INFO - Target distance range for episode 12: 20.0m - 50.0m
2025-05-24 18:43:43,568 - WARNING - Sampling target with drone too close to ground (alt: -0.05m)
2025-05-24 18:43:43,568 - INFO - Adjusted sampling position to ensure minimum altitude: [0.0, 0.0, -5.0] (alt: 5.00m)
2025-05-24 18:43:44,186 - INFO - Found first valid target at [31.41, -18.94, -6.14], altitude: 6.14m
2025-05-24 18:43:53,381 - INFO - Phase 2: Found 16 valid targets, focusing on refining these
2025-05-24 18:44:00,002 - INFO - Found 27 valid targets, selecting best with 0.00m clearance at altitude: 6.14m
2025-05-24 18:44:00,004 - INFO - Target distance range for episode 13: 20.0m - 50.0m
2025-05-24 18:44:00,005 - WARNING - Sampling target with drone too close to ground (alt: -0.05m)
2025-05-24 18:44:00,005 - INFO - Adjusted sampling position to ensure minimum altitude: [0.0, 0.0, -5.0] (alt: 5.00m)
2025-05-24 18:44:00,610 - INFO - Found first valid target at [20.66, 13.17, -4.09], altitude: 4.09m
2025-05-24 18:44:09,643 - INFO - Phase 2: Found 16 valid targets, focusing on refining these
2025-05-24 18:44:16,321 - INFO - Found 27 valid targets, selecting best with 0.00m clearance at altitude: 4.09m
2025-05-24 18:44:16,324 - INFO - Target distance range for episode 14: 20.0m - 50.0m
2025-05-24 18:44:16,324 - WARNING - Sampling target with drone too close to ground (alt: -0.05m)
2025-05-24 18:44:16,325 - INFO - Adjusted sampling position to ensure minimum altitude: [0.0, 0.0, -5.0] (alt: 5.00m)
2025-05-24 18:44:16,914 - INFO - Found first valid target at [33.43, -7.27, -5.81], altitude: 5.81m
2025-05-24 18:44:25,993 - INFO - Phase 2: Found 16 valid targets, focusing on refining these
2025-05-24 18:44:32,744 - INFO - Found 27 valid targets, selecting best with 0.00m clearance at altitude: 5.81m
2025-05-24 18:44:32,746 - INFO - Target distance range for episode 15: 20.0m - 50.0m
2025-05-24 18:44:32,746 - WARNING - Sampling target with drone too close to ground (alt: -0.05m)
2025-05-24 18:44:32,747 - INFO - Adjusted sampling position to ensure minimum altitude: [0.0, 0.0, -5.0] (alt: 5.00m)
2025-05-24 18:44:33,374 - INFO - Found first valid target at [19.85, 5.44, -5.89], altitude: 5.89m
2025-05-24 18:44:43,004 - INFO - Phase 2: Found 16 valid targets, focusing on refining these
2025-05-24 18:44:49,890 - INFO - Found 27 valid targets, selecting best with 0.00m clearance at altitude: 5.89m
2025-05-24 18:44:49,892 - INFO - Target distance range for episode 16: 20.0m - 50.0m
2025-05-24 18:44:49,892 - WARNING - Sampling target with drone too close to ground (alt: -0.05m)
2025-05-24 18:44:49,893 - INFO - Adjusted sampling position to ensure minimum altitude: [0.0, 0.0, -5.0] (alt: 5.00m)
2025-05-24 18:44:50,488 - INFO - Found first valid target at [-34.31, -19.08, -2.43], altitude: 2.43m
2025-05-24 18:44:59,622 - INFO - Phase 2: Found 16 valid targets, focusing on refining these
2025-05-24 18:45:06,281 - INFO - Found 27 valid targets, selecting best with 0.00m clearance at altitude: 2.43m
2025-05-24 18:45:06,283 - INFO - Target distance range for episode 17: 20.0m - 50.0m
2025-05-24 18:45:06,284 - WARNING - Sampling target with drone too close to ground (alt: -0.05m)
2025-05-24 18:45:06,284 - INFO - Adjusted sampling position to ensure minimum altitude: [0.0, 0.0, -5.0] (alt: 5.00m)
2025-05-24 18:45:06,919 - INFO - Found first valid target at [7.81, 47.74, -9.82], altitude: 9.82m
2025-05-24 18:45:15,991 - INFO - Phase 2: Found 16 valid targets, focusing on refining these
2025-05-24 18:45:22,583 - INFO - Found 27 valid targets, selecting best with 0.00m clearance at altitude: 9.82m
2025-05-24 18:45:22,585 - INFO - Target distance range for episode 18: 20.0m - 50.0m
2025-05-24 18:45:22,585 - WARNING - Sampling target with drone too close to ground (alt: -0.05m)
2025-05-24 18:45:22,586 - INFO - Adjusted sampling position to ensure minimum altitude: [0.0, 0.0, -5.0] (alt: 5.00m)
2025-05-24 18:45:23,181 - INFO - Found first valid target at [-9.94, 26.14, -3.54], altitude: 3.54m
2025-05-24 18:45:32,470 - INFO - Phase 2: Found 16 valid targets, focusing on refining these
2025-05-24 18:45:39,496 - INFO - Found 27 valid targets, selecting best with 0.00m clearance at altitude: 3.54m
2025-05-24 18:45:39,499 - INFO - Target distance range for episode 19: 20.0m - 50.0m
2025-05-24 18:45:39,499 - WARNING - Sampling target with drone too close to ground (alt: -0.05m)
2025-05-24 18:45:39,500 - INFO - Adjusted sampling position to ensure minimum altitude: [0.0, 0.0, -5.0] (alt: 5.00m)
2025-05-24 18:45:40,127 - INFO - Found first valid target at [-44.27, 1.53, -7.44], altitude: 7.44m
2025-05-24 18:45:49,573 - INFO - Phase 2: Found 16 valid targets, focusing on refining these
2025-05-24 18:45:56,423 - INFO - Found 27 valid targets, selecting best with 0.00m clearance at altitude: 7.44m
2025-05-24 18:45:56,425 - INFO - Generated 20/45 targets in 335.0s (19 attempts)
2025-05-24 18:45:56,426 - INFO - Target distance range for episode 20: 20.0m - 50.0m
2025-05-24 18:45:56,426 - WARNING - Sampling target with drone too close to ground (alt: -0.05m)
2025-05-24 18:45:56,427 - INFO - Adjusted sampling position to ensure minimum altitude: [0.0, 0.0, -5.0] (alt: 5.00m)
2025-05-24 18:45:57,034 - INFO - Found first valid target at [44.18, -21.47, -8.1], altitude: 8.10m
2025-05-24 18:46:06,085 - INFO - Phase 2: Found 16 valid targets, focusing on refining these
2025-05-24 18:46:12,700 - INFO - Found 27 valid targets, selecting best with 0.00m clearance at altitude: 8.10m
2025-05-24 18:46:12,704 - INFO - Target distance range for episode 21: 20.0m - 50.0m
2025-05-24 18:46:12,704 - WARNING - Sampling target with drone too close to ground (alt: -0.05m)
2025-05-24 18:46:12,704 - INFO - Adjusted sampling position to ensure minimum altitude: [0.0, 0.0, -5.0] (alt: 5.00m)
2025-05-24 18:46:13,318 - INFO - Found first valid target at [-44.5, 15.98, -6.13], altitude: 6.13m
2025-05-24 18:46:22,344 - INFO - Phase 2: Found 16 valid targets, focusing on refining these
2025-05-24 18:46:29,008 - INFO - Found 27 valid targets, selecting best with 0.00m clearance at altitude: 6.13m
2025-05-24 18:46:29,009 - INFO - Target distance range for episode 22: 20.0m - 50.0m
2025-05-24 18:46:29,009 - WARNING - Sampling target with drone too close to ground (alt: -0.05m)
2025-05-24 18:46:29,010 - INFO - Adjusted sampling position to ensure minimum altitude: [0.0, 0.0, -5.0] (alt: 5.00m)
2025-05-24 18:46:29,598 - INFO - Found first valid target at [-31.76, 4.79, -2.64], altitude: 2.64m
2025-05-24 18:46:38,826 - INFO - Phase 2: Found 16 valid targets, focusing on refining these
2025-05-24 18:46:45,685 - INFO - Found 27 valid targets, selecting best with 0.00m clearance at altitude: 2.64m
2025-05-24 18:46:45,687 - INFO - Target distance range for episode 23: 20.0m - 50.0m
2025-05-24 18:46:45,688 - WARNING - Sampling target with drone too close to ground (alt: -0.05m)
2025-05-24 18:46:45,688 - INFO - Adjusted sampling position to ensure minimum altitude: [0.0, 0.0, -5.0] (alt: 5.00m)
2025-05-24 18:46:46,319 - INFO - Found first valid target at [-38.99, 23.14, -6.45], altitude: 6.45m
