2025-05-16 17:08:42,582 - INFO - Using random seed: 42
2025-05-16 17:08:42,583 - INFO - Starting experiment with configuration:
2025-05-16 17:08:42,583 - INFO -   num_episodes: 10
2025-05-16 17:08:42,583 - INFO -   target_distance_range: (15.0, 50.0)
2025-05-16 17:08:42,583 - INFO -   random_seed: 42
2025-05-16 17:08:42,583 - INFO -   max_steps_per_episode: 100
2025-05-16 17:08:42,583 - INFO -   output_dir: experiment_results
2025-05-16 17:08:42,583 - INFO -   stuck_timeout: 15.0
2025-05-16 17:08:42,583 - INFO -   stuck_check_interval: 3.0
2025-05-16 17:08:42,583 - INFO -   episode_timeout: 120
2025-05-16 17:08:42,584 - INFO -   precompile_julia: True
2025-05-16 17:08:42,584 - INFO -   zmq_port: 5555
2025-05-16 17:08:42,584 - INFO -   debug_raycasting: False
2025-05-16 17:08:42,584 - INFO -   min_ray_checks: 3
2025-05-16 17:08:42,584 - INFO -   max_ray_checks: 7
2025-05-16 17:08:42,584 - INFO -   visualize_raycasts: False
2025-05-16 17:08:42,584 - INFO -   visualization_duration: 60.0
2025-05-16 17:09:22,882 - INFO - === Starting Episode 0 ===
2025-05-16 17:09:22,883 - INFO - Episode 0: Taking off...
2025-05-16 17:09:28,288 - INFO - Target distance range for episode 0: 15.0m - 50.0m
2025-05-16 17:09:28,382 - INFO - Found first valid target at [-8.13, -9.76, -2.0]
2025-05-16 17:09:32,651 - INFO - Phase 2: Found 50 valid targets, focusing on refining these
2025-05-16 17:09:35,002 - INFO - Found 77 valid targets, selecting best with 0.00m clearance
2025-05-16 17:09:35,002 - INFO - Episode 0: Target sampling took 6.71s with 3 rays
2025-05-16 17:09:35,003 - INFO - Episode 0: Initial distance to target: 12.71m
2025-05-16 17:09:35,003 - INFO - Episode 0: Initial position: [0.0, 0.0, -1.67]
2025-05-16 17:09:35,003 - INFO - Episode 0: Target position: [-8.13, -9.76, -2.0]
2025-05-16 17:09:35,004 - INFO - Episode 0: Initial distance: 12.71m
2025-05-16 17:09:35,008 - INFO - Episode 0: Target verified with 3 rays
2025-05-16 17:09:43,901 - WARNING - Failed to rotate after movement: name 'rotate_task' is not defined
2025-05-16 17:09:44,103 - WARNING - Episode 0: Step 0 took 9.09s (unusually long)
2025-05-16 17:09:46,132 - WARNING - Failed to rotate after movement: name 'rotate_task' is not defined
2025-05-16 17:09:46,364 - WARNING - Pre-movement check: Obstacle detected on planned path at 2.55m distance
2025-05-16 17:09:46,365 - INFO - Proceeding with movement and will replan if obstacle persists during execution
2025-05-16 17:09:51,367 - WARNING - Movement taking too long, cancelling and replanning
2025-05-16 17:09:51,368 - INFO - Episode 0: Obstacle detected during movement, triggering immediate replanning
2025-05-16 17:09:51,378 - INFO - Adding newly detected obstacle at [-6.08, -7.44, -1.91] to planning data
2025-05-16 17:09:51,378 - INFO - Episode 0: Triggering dynamic replanning due to detected obstacle
2025-05-16 17:09:51,379 - INFO - Enhanced planning parameters for obstacle avoidance: safety_margin=5.00, waypoint_count=150, obstacle_priority=5.00
2025-05-16 17:09:51,390 - WARNING - Episode 0: Planned waypoint would lead through obstacle at 1.50m
2025-05-16 17:09:51,390 - INFO - Episode 0: Attempting to generate safer waypoint away from obstacles
2025-05-16 17:09:51,390 - INFO - Episode 0: Generated safety waypoint to retreat from obstacle at direction [np.float64(0.61), np.float64(0.78), np.float64(-0.14)], distance 0.93m
2025-05-16 17:09:51,390 - INFO - Episode 0: Executing replanned path to avoid obstacle
2025-05-16 17:09:51,390 - WARNING - Waypoint too close (0.93m), extending to minimum distance 1.0m
