2025-05-14 17:13:27,404 - INFO - Using random seed: 42
2025-05-14 17:13:27,408 - INFO - Starting experiment with configuration:
2025-05-14 17:13:27,408 - INFO -   num_episodes: 10
2025-05-14 17:13:27,408 - INFO -   target_distance_range: (15.0, 50.0)
2025-05-14 17:13:27,410 - INFO -   random_seed: 42
2025-05-14 17:13:27,410 - INFO -   max_steps_per_episode: 100
2025-05-14 17:13:27,411 - INFO -   output_dir: experiment_results
2025-05-14 17:13:27,411 - INFO -   stuck_timeout: 15.0
2025-05-14 17:13:27,411 - INFO -   stuck_check_interval: 3.0
2025-05-14 17:13:27,412 - INFO -   episode_timeout: 120
2025-05-14 17:13:27,412 - INFO -   precompile_julia: True
2025-05-14 17:13:27,412 - INFO -   zmq_port: 5555
2025-05-14 17:13:27,413 - INFO -   debug_raycasting: False
2025-05-14 17:13:27,413 - INFO -   min_ray_checks: 3
2025-05-14 17:13:27,413 - INFO -   max_ray_checks: 7
2025-05-14 17:13:27,413 - INFO -   visualize_raycasts: False
2025-05-14 17:13:27,413 - INFO -   visualization_duration: 60.0
2025-05-14 17:15:55,827 - INFO - === Starting Episode 0 ===
2025-05-14 17:15:55,831 - INFO - Episode 0: Taking off...
2025-05-14 17:16:01,248 - INFO - Target distance range for episode 0: 15.0m - 50.0m
2025-05-14 17:16:01,342 - INFO - Found first valid target at [-8.13, -9.76, -2.0]
2025-05-14 17:16:05,729 - INFO - Phase 2: Found 50 valid targets, focusing on refining these
2025-05-14 17:16:08,155 - INFO - Found 77 valid targets, selecting best with 0.00m clearance
2025-05-14 17:16:08,156 - INFO - Episode 0: Target sampling took 6.91s with 3 rays
2025-05-14 17:16:08,156 - INFO - Episode 0: Initial distance to target: 12.71m
2025-05-14 17:16:08,157 - INFO - Episode 0: Initial position: [0.0, 0.0, -1.67]
2025-05-14 17:16:08,157 - INFO - Episode 0: Target position: [-8.13, -9.76, -2.0]
2025-05-14 17:16:08,157 - INFO - Episode 0: Initial distance: 12.71m
2025-05-14 17:16:08,161 - INFO - Episode 0: Target verified with 3 rays
2025-05-14 17:16:20,760 - WARNING - Episode 0: Step 0 took 12.60s (unusually long)
2025-05-14 17:16:20,800 - WARNING - Pre-movement check: Obstacle detected on planned path at 3.57m distance
2025-05-14 17:16:20,801 - INFO - Proceeding with movement and will replan if obstacle persists during execution
2025-05-14 17:16:23,023 - WARNING - Pre-movement check: Obstacle detected on planned path at 2.48m distance
2025-05-14 17:16:23,023 - INFO - Proceeding with movement and will replan if obstacle persists during execution
2025-05-14 17:16:23,149 - WARNING - Obstacle detected at 2.08m during movement execution
2025-05-14 17:16:23,150 - INFO - Obstacle not imminent, continuing with caution
2025-05-14 17:16:23,153 - WARNING - Forward obstacle detected at 1.47m during movement
2025-05-14 17:16:23,155 - INFO - Episode 0: Obstacle detected during movement, triggering immediate replanning
2025-05-14 17:16:23,169 - INFO - Episode 0: Triggering dynamic replanning due to detected obstacle
2025-05-14 17:16:23,173 - INFO - Enhanced planning parameters for obstacle avoidance: safety_margin=5.00, waypoint_count=150, obstacle_priority=5.00
2025-05-14 17:16:23,184 - WARNING - Episode 0: Planned waypoint would lead through obstacle at 2.89m
2025-05-14 17:16:23,184 - INFO - Episode 0: Attempting to generate safer waypoint away from obstacles
2025-05-14 17:16:23,185 - INFO - Episode 0: Generated safety waypoint to retreat from obstacle at direction [np.float64(0.98), np.float64(-0.21), np.float64(-0.07)], distance 1.45m
2025-05-14 17:16:23,185 - INFO - Episode 0: Executing replanned path to avoid obstacle
2025-05-14 17:16:23,438 - WARNING - Obstacle detected at 2.58m during movement execution
2025-05-14 17:16:23,439 - INFO - Obstacle not imminent, continuing with caution
2025-05-14 17:16:23,441 - WARNING - Forward obstacle detected at 0.71m during movement
2025-05-14 17:16:23,686 - WARNING - Pre-movement check: Obstacle detected on planned path at 1.09m distance
2025-05-14 17:16:23,687 - INFO - Proceeding with movement and will replan if obstacle persists during execution
2025-05-14 17:16:28,692 - WARNING - Movement taking too long, cancelling and replanning
2025-05-14 17:16:28,693 - INFO - Episode 0: Obstacle detected during movement, triggering immediate replanning
2025-05-14 17:16:28,716 - INFO - Adding newly detected obstacle at [-6.64, -7.84, -1.91] to planning data
2025-05-14 17:16:28,717 - INFO - Episode 0: Triggering dynamic replanning due to detected obstacle
2025-05-14 17:16:28,722 - INFO - Enhanced planning parameters for obstacle avoidance: safety_margin=5.00, waypoint_count=150, obstacle_priority=5.00
2025-05-14 17:16:28,738 - WARNING - Episode 0: Planned waypoint would lead through obstacle at 1.50m
2025-05-14 17:16:28,740 - INFO - Episode 0: Attempting to generate safer waypoint away from obstacles
2025-05-14 17:16:28,740 - INFO - Episode 0: Generated safety waypoint to retreat from obstacle at direction [np.float64(0.69), np.float64(0.72), np.float64(0.02)], distance 1.12m
2025-05-14 17:16:28,741 - INFO - Episode 0: Executing replanned path to avoid obstacle
2025-05-14 17:16:29,306 - WARNING - Obstacle detected at 1.83m during movement execution
2025-05-14 17:16:29,508 - WARNING - Episode 0: Step 3 took 5.86s (unusually long)
2025-05-14 17:16:29,510 - WARNING - Episode 0: Collision detected at step 4
2025-05-14 17:16:29,553 - WARNING - Pre-movement check: Obstacle detected on planned path at 2.39m distance
2025-05-14 17:16:29,553 - INFO - Proceeding with movement and will replan if obstacle persists during execution
