2025-05-16 17:20:09,151 - INFO - Using random seed: 42
2025-05-16 17:20:09,151 - INFO - Starting experiment with configuration:
2025-05-16 17:20:09,151 - INFO -   num_episodes: 10
2025-05-16 17:20:09,151 - INFO -   target_distance_range: (15.0, 50.0)
2025-05-16 17:20:09,152 - INFO -   random_seed: 42
2025-05-16 17:20:09,152 - INFO -   max_steps_per_episode: 100
2025-05-16 17:20:09,152 - INFO -   output_dir: experiment_results
2025-05-16 17:20:09,153 - INFO -   stuck_timeout: 15.0
2025-05-16 17:20:09,153 - INFO -   stuck_check_interval: 3.0
2025-05-16 17:20:09,153 - INFO -   episode_timeout: 120
2025-05-16 17:20:09,153 - INFO -   precompile_julia: True
2025-05-16 17:20:09,154 - INFO -   zmq_port: 5555
2025-05-16 17:20:09,154 - INFO -   debug_raycasting: False
2025-05-16 17:20:09,154 - INFO -   min_ray_checks: 3
2025-05-16 17:20:09,154 - INFO -   max_ray_checks: 7
2025-05-16 17:20:09,155 - INFO -   visualize_raycasts: False
2025-05-16 17:20:09,155 - INFO -   visualization_duration: 60.0
2025-05-16 17:20:45,615 - INFO - === Starting Episode 0 ===
2025-05-16 17:20:45,618 - INFO - Episode 0: Taking off...
2025-05-16 17:20:51,027 - INFO - Target distance range for episode 0: 15.0m - 50.0m
2025-05-16 17:20:51,139 - INFO - Found first valid target at [-8.13, -9.76, -2.0]
2025-05-16 17:20:55,535 - INFO - Phase 2: Found 50 valid targets, focusing on refining these
2025-05-16 17:20:58,027 - INFO - Found 77 valid targets, selecting best with 0.00m clearance
2025-05-16 17:20:58,027 - INFO - Episode 0: Target sampling took 7.00s with 3 rays
2025-05-16 17:20:58,028 - INFO - Episode 0: Initial distance to target: 12.71m
2025-05-16 17:20:58,028 - INFO - Episode 0: Initial position: [0.0, 0.0, -1.67]
2025-05-16 17:20:58,028 - INFO - Episode 0: Target position: [-8.13, -9.76, -2.0]
2025-05-16 17:20:58,028 - INFO - Episode 0: Initial distance: 12.71m
2025-05-16 17:20:58,033 - INFO - Episode 0: Target verified with 3 rays
2025-05-16 17:21:03,823 - WARNING - Episode 0: Step 0 took 5.79s (unusually long)
2025-05-16 17:21:06,666 - WARNING - Pre-movement check: Obstacle detected on planned path at 3.34m distance
2025-05-16 17:21:06,667 - INFO - Proceeding with movement and will replan if obstacle persists during execution
2025-05-16 17:21:11,671 - WARNING - Movement taking too long, cancelling and replanning
2025-05-16 17:21:11,671 - INFO - Episode 0: Obstacle detected during movement, triggering immediate replanning
2025-05-16 17:21:11,679 - INFO - Adding newly detected obstacle at [-6.3, -7.13, -2.05] to planning data
2025-05-16 17:21:11,679 - INFO - Episode 0: Triggering dynamic replanning due to detected obstacle
2025-05-16 17:21:11,681 - INFO - Enhanced planning parameters for obstacle avoidance: safety_margin=5.00, waypoint_count=150, obstacle_priority=5.00
2025-05-16 17:21:11,691 - WARNING - Episode 0: Planned waypoint would lead through obstacle at 1.50m
2025-05-16 17:21:11,692 - INFO - Episode 0: Attempting to generate safer waypoint away from obstacles
2025-05-16 17:21:11,692 - INFO - Episode 0: Generated safety waypoint to retreat from obstacle at direction [np.float64(0.55), np.float64(0.84), np.float64(-0.02)], distance 0.75m
2025-05-16 17:21:11,692 - INFO - Episode 0: Executing replanned path to avoid obstacle
2025-05-16 17:21:11,692 - WARNING - Waypoint too close (0.75m), extending to minimum distance 1.0m
2025-05-16 17:21:16,703 - WARNING - Movement taking too long, cancelling and replanning
2025-05-16 17:21:16,904 - WARNING - Episode 0: Step 2 took 10.27s (unusually long)
2025-05-16 17:21:16,906 - WARNING - Episode 0: Collision detected at step 3
2025-05-16 17:21:16,908 - INFO - Episode 0: Executing collision recovery - moving backward and upward 3m
2025-05-16 17:21:48,600 - INFO - Episode 0: Collision recovery (backward & upward) complete, new position: [0.0, 0.0, -0.15]
