  Activating project at `c:\Users\Satya\Autonomous-Drone-Navigation-in-AirSim-With-Active-Inference`
   Resolving package versions...
    Updating `C:\Users\Satya\Autonomous-Drone-Navigation-in-AirSim-With-Active-Inference\Project.toml`
  [d0498c39] ~ actinf v0.1.0 `actinf` ⇒ v0.1.0 `c:\Users\Satya\Autonomous-Drone-Navigation-in-AirSim-With-Active-Inference\actinf`
    Updating `C:\Users\Satya\Autonomous-Drone-Navigation-in-AirSim-With-Active-Inference\Manifest.toml`
  [d0498c39] ~ actinf v0.1.0 `actinf` ⇒ v0.1.0 `c:\Users\Satya\Autonomous-Drone-Navigation-in-AirSim-With-Active-Inference\actinf`
┌ Warning: Assignment to `all_packages_loaded` in soft scope is ambiguous because a global variable by the same name exists: `all_packages_loaded` will be treated as a new local. Disambiguate by using `local all_packages_loaded` to suppress this warning or `global all_packages_loaded` to assign to the existing global variable.
└ @ c:\Users\Satya\Autonomous-Drone-Navigation-in-AirSim-With-Active-Inference\precompile.jl:64
ERROR: LoadError: UndefVarError: `all_packages_loaded` not defined in local scope
Stacktrace:
 [1] top-level scope
   @ c:\Users\Satya\Autonomous-Drone-Navigation-in-AirSim-With-Active-Inference\precompile.jl:64
in expression starting at c:\Users\Satya\Autonomous-Drone-Navigation-in-AirSim-With-Active-Inference\precompile.jl:63

=== Starting Active Inference Precompilation ===
✅ Project activated
✅ actinf package developed
Ensuring all dependencies are installed...
✅ Package dependencies instantiated

Verifying package status:
Status `C:\Users\Satya\Autonomous-Drone-Navigation-in-AirSim-With-Active-Inference\Project.toml`
  [5789e2e9] FileIO v1.17.0
⌅ [916415d5] Images v0.25.3
  [682c06a0] JSON v0.21.4
  [438e738f] PyCall v1.96.4
⌅ [86711068] RxInfer v3.10.1
  [90137ffa] StaticArrays v1.9.13
  [c2297ded] ZMQ v1.4.0
  [d0498c39] actinf v0.1.0 `c:\Users\Satya\Autonomous-Drone-Navigation-in-AirSim-With-Active-Inference\actinf`
  [37e2e46d] LinearAlgebra v1.11.0
Info Packages marked with ⌅ have new versions available but compatibility constraints restrict them from upgrading. To see why use `status --outdated`

Precompiling core packages...
