2025-05-18 17:05:14,592 - INFO - Using random seed: 42
2025-05-18 17:05:14,593 - INFO - Starting experiment with configuration:
2025-05-18 17:05:14,593 - INFO -   num_episodes: 10
2025-05-18 17:05:14,594 - INFO -   target_distance_range: (15.0, 50.0)
2025-05-18 17:05:14,594 - INFO -   random_seed: 42
2025-05-18 17:05:14,594 - INFO -   max_steps_per_episode: 100
2025-05-18 17:05:14,594 - INFO -   output_dir: experiment_results
2025-05-18 17:05:14,594 - INFO -   stuck_timeout: 15.0
2025-05-18 17:05:14,594 - INFO -   stuck_check_interval: 3.0
2025-05-18 17:05:14,595 - INFO -   episode_timeout: 120
2025-05-18 17:05:14,595 - INFO -   precompile_julia: True
2025-05-18 17:05:14,595 - INFO -   zmq_port: 5555
2025-05-18 17:05:14,595 - INFO -   debug_raycasting: False
2025-05-18 17:05:14,595 - INFO -   min_ray_checks: 3
2025-05-18 17:05:14,596 - INFO -   max_ray_checks: 7
2025-05-18 17:05:14,596 - INFO -   visualize_raycasts: False
2025-05-18 17:05:14,596 - INFO -   visualization_duration: 60.0
2025-05-18 17:07:16,062 - INFO - === Starting Episode 0 ===
2025-05-18 17:07:16,068 - INFO - Episode 0: Taking off...
2025-05-18 17:07:21,482 - INFO - Target distance range for episode 0: 15.0m - 50.0m
2025-05-18 17:07:21,578 - INFO - Found first valid target at [-8.13, -9.76, -2.0]
2025-05-18 17:07:26,092 - INFO - Phase 2: Found 50 valid targets, focusing on refining these
2025-05-18 17:07:28,542 - INFO - Found 77 valid targets, selecting best with 0.00m clearance
2025-05-18 17:07:28,542 - INFO - Episode 0: Target sampling took 7.06s with 3 rays
2025-05-18 17:07:28,542 - INFO - Episode 0: Initial distance to target: 12.71m
2025-05-18 17:07:28,542 - INFO - Episode 0: Initial position: [0.0, 0.0, -1.67]
2025-05-18 17:07:28,543 - INFO - Episode 0: Target position: [-8.13, -9.76, -2.0]
2025-05-18 17:07:28,543 - INFO - Episode 0: Initial distance: 12.71m
2025-05-18 17:07:28,548 - INFO - Episode 0: Target verified with 3 rays
