2025-05-25 17:23:08,361 - INFO - Using random seed: 42
2025-05-25 17:23:08,363 - INFO - Starting experiment with configuration:
2025-05-25 17:23:08,363 - INFO -   num_episodes: 5
2025-05-25 17:23:08,363 - INFO -   target_distance_range: (15.0, 50.0)
2025-05-25 17:23:08,364 - INFO -   random_seed: 42
2025-05-25 17:23:08,365 - INFO -   max_steps_per_episode: 100
2025-05-25 17:23:08,365 - INFO -   output_dir: experiment_results
2025-05-25 17:23:08,365 - INFO -   stuck_timeout: 15.0
2025-05-25 17:23:08,365 - INFO -   stuck_check_interval: 3.0
2025-05-25 17:23:08,366 - INFO -   episode_timeout: 120
2025-05-25 17:23:08,366 - INFO -   precompile_julia: True
2025-05-25 17:23:08,366 - INFO -   zmq_port: 5555
2025-05-25 17:23:08,366 - INFO -   debug_raycasting: False
2025-05-25 17:23:08,366 - INFO -   min_ray_checks: 3
2025-05-25 17:23:08,367 - INFO -   max_ray_checks: 7
2025-05-25 17:23:08,367 - INFO -   visualize_raycasts: False
2025-05-25 17:23:08,367 - INFO -   visualization_duration: 60.0
2025-05-25 17:23:14,065 - INFO - System information collected and saved
2025-05-25 17:23:14,074 - INFO - AirSim connection established successfully
2025-05-25 17:24:33,745 - INFO - Generating pool of 5 valid target locations...
2025-05-25 17:24:33,746 - INFO - Target distance range for episode 0: 15.0m - 50.0m
2025-05-25 17:24:33,746 - WARNING - Sampling target with drone too close to ground (alt: -0.05m)
2025-05-25 17:24:33,747 - INFO - Adjusted sampling position to ensure minimum altitude: [0.0, 0.0, -5.0] (alt: 5.00m)
2025-05-25 17:24:36,331 - INFO - Found first valid target at [-15.77, -18.92, -8.21], altitude: 8.21m
2025-05-25 17:25:24,687 - INFO - Phase 2: Found 20 valid targets, focusing on refining these
2025-05-25 17:25:55,148 - INFO - Found 32 valid targets, selecting best with 0.00m clearance at altitude: 8.21m
2025-05-25 17:25:55,151 - INFO - Target distance range for episode 1: 15.5m - 38.5m
2025-05-25 17:25:55,152 - WARNING - Sampling target with drone too close to ground (alt: -0.05m)
2025-05-25 17:25:55,152 - INFO - Adjusted sampling position to ensure minimum altitude: [0.0, 0.0, -5.0] (alt: 5.00m)
2025-05-25 17:25:57,689 - INFO - Found first valid target at [18.26, 4.51, -6.3], altitude: 6.30m
2025-05-25 17:26:45,753 - INFO - Phase 2: Found 20 valid targets, focusing on refining these
2025-05-25 17:27:16,530 - INFO - Found 32 valid targets, selecting best with 0.00m clearance at altitude: 6.30m
2025-05-25 17:27:16,532 - INFO - Target distance range for episode 2: 16.0m - 42.0m
2025-05-25 17:27:16,532 - WARNING - Sampling target with drone too close to ground (alt: -0.05m)
2025-05-25 17:27:16,532 - INFO - Adjusted sampling position to ensure minimum altitude: [0.0, 0.0, -5.0] (alt: 5.00m)
2025-05-25 17:27:19,084 - INFO - Found first valid target at [-32.24, 20.88, -8.59], altitude: 8.59m
