2025-05-16 20:23:22,197 - INFO - Using random seed: 42
2025-05-16 20:23:22,198 - INFO - Starting experiment with configuration:
2025-05-16 20:23:22,198 - INFO -   num_episodes: 10
2025-05-16 20:23:22,199 - INFO -   target_distance_range: (15.0, 50.0)
2025-05-16 20:23:22,199 - INFO -   random_seed: 42
2025-05-16 20:23:22,199 - INFO -   max_steps_per_episode: 100
2025-05-16 20:23:22,199 - INFO -   output_dir: experiment_results
2025-05-16 20:23:22,200 - INFO -   stuck_timeout: 15.0
2025-05-16 20:23:22,200 - INFO -   stuck_check_interval: 3.0
2025-05-16 20:23:22,200 - INFO -   episode_timeout: 120
2025-05-16 20:23:22,210 - INFO -   precompile_julia: True
2025-05-16 20:23:22,211 - INFO -   zmq_port: 5555
2025-05-16 20:23:22,211 - INFO -   debug_raycasting: False
2025-05-16 20:23:22,212 - INFO -   min_ray_checks: 3
2025-05-16 20:23:22,212 - INFO -   max_ray_checks: 7
2025-05-16 20:23:22,212 - INFO -   visualize_raycasts: False
2025-05-16 20:23:22,212 - INFO -   visualization_duration: 60.0
2025-05-16 20:24:21,275 - INFO - === Starting Episode 0 ===
2025-05-16 20:24:21,278 - INFO - Episode 0: Taking off...
2025-05-16 20:24:26,690 - INFO - Target distance range for episode 0: 15.0m - 50.0m
2025-05-16 20:24:26,783 - INFO - Found first valid target at [-8.13, -9.76, -2.0]
2025-05-16 20:24:31,263 - INFO - Phase 2: Found 50 valid targets, focusing on refining these
2025-05-16 20:24:33,760 - INFO - Found 77 valid targets, selecting best with 0.00m clearance
2025-05-16 20:24:33,761 - INFO - Episode 0: Target sampling took 7.07s with 3 rays
2025-05-16 20:24:33,761 - INFO - Episode 0: Initial distance to target: 12.71m
2025-05-16 20:24:33,762 - INFO - Episode 0: Initial position: [0.0, 0.0, -1.67]
2025-05-16 20:24:33,762 - INFO - Episode 0: Target position: [-8.13, -9.76, -2.0]
2025-05-16 20:24:33,763 - INFO - Episode 0: Initial distance: 12.71m
2025-05-16 20:24:33,767 - INFO - Episode 0: Target verified with 3 rays
2025-05-16 20:24:50,816 - WARNING - Episode 0: Step 0 took 17.05s (unusually long)
2025-05-16 20:24:53,688 - WARNING - Pre-movement check: Obstacle detected on planned path at 2.50m distance
2025-05-16 20:24:53,688 - INFO - Proceeding with movement and will replan if obstacle persists during execution
2025-05-16 20:24:53,809 - WARNING - Obstacle detected at 2.66m during movement execution
2025-05-16 20:24:53,810 - INFO - Obstacle not imminent, continuing with caution
2025-05-16 20:24:53,812 - WARNING - Forward obstacle detected at 1.38m during movement
2025-05-16 20:24:53,813 - INFO - Episode 0: Obstacle detected during movement, triggering immediate replanning
2025-05-16 20:24:53,827 - INFO - Adding newly detected obstacle at [np.float32(-5.83), np.float32(-5.55), np.float32(-1.89)] to planning data
2025-05-16 20:24:53,827 - INFO - Episode 0: Triggering dynamic replanning due to detected obstacle
2025-05-16 20:24:53,830 - INFO - Enhanced planning parameters for obstacle avoidance: safety_margin=5.00, waypoint_count=150, obstacle_priority=5.00
2025-05-16 20:24:53,844 - WARNING - Episode 0: Planned waypoint would lead through obstacle at 1.38m
2025-05-16 20:24:53,845 - INFO - Episode 0: Attempting to generate safer waypoint away from obstacles
2025-05-16 20:24:53,845 - INFO - Episode 0: Generated safety waypoint to retreat from obstacle at direction [np.float64(0.82), np.float64(0.55), np.float64(-0.15)], distance 0.68m
2025-05-16 20:24:53,847 - INFO - Episode 0: Executing replanned path to avoid obstacle
2025-05-16 20:24:53,847 - WARNING - Waypoint too close (0.68m), extending to minimum distance 1.0m
2025-05-16 20:24:54,195 - WARNING - Forward obstacle detected at 2.42m during movement
2025-05-16 20:24:54,434 - WARNING - Pre-movement check: Obstacle detected on planned path at 2.93m distance
2025-05-16 20:24:54,438 - INFO - Proceeding with movement and will replan if obstacle persists during execution
2025-05-16 20:24:59,442 - WARNING - Movement taking too long, cancelling and replanning
2025-05-16 20:24:59,443 - INFO - Episode 0: Obstacle detected during movement, triggering immediate replanning
2025-05-16 20:24:59,457 - INFO - Adding newly detected obstacle at [-6.39, -7.9, -1.84] to planning data
2025-05-16 20:24:59,457 - INFO - Episode 0: Triggering dynamic replanning due to detected obstacle
2025-05-16 20:24:59,460 - INFO - Enhanced planning parameters for obstacle avoidance: safety_margin=5.00, waypoint_count=150, obstacle_priority=5.00
2025-05-16 20:24:59,474 - WARNING - Episode 0: Planned waypoint would lead through obstacle at 1.50m
2025-05-16 20:24:59,474 - INFO - Episode 0: Attempting to generate safer waypoint away from obstacles
2025-05-16 20:24:59,475 - INFO - Episode 0: Generated safety waypoint to retreat from obstacle at direction [np.float64(0.41), np.float64(0.91), np.float64(-0.11)], distance 1.22m
2025-05-16 20:24:59,475 - INFO - Episode 0: Executing replanned path to avoid obstacle
2025-05-16 20:24:59,719 - WARNING - Forward obstacle detected at 1.77m during movement
2025-05-16 20:24:59,921 - WARNING - Episode 0: Step 3 took 5.52s (unusually long)
2025-05-16 20:24:59,923 - WARNING - Episode 0: Collision detected at step 4
2025-05-16 20:24:59,925 - INFO - Episode 0: Executing collision recovery - moving backward and upward 3m
