2025-05-23 10:47:26,027 - INFO - Using random seed: 42
2025-05-23 10:47:26,027 - INFO - Starting experiment with configuration:
2025-05-23 10:47:26,027 - INFO -   num_episodes: 10
2025-05-23 10:47:26,027 - INFO -   target_distance_range: (15.0, 50.0)
2025-05-23 10:47:26,028 - INFO -   random_seed: 42
2025-05-23 10:47:26,028 - INFO -   max_steps_per_episode: 100
2025-05-23 10:47:26,028 - INFO -   output_dir: experiment_results
2025-05-23 10:47:26,028 - INFO -   stuck_timeout: 15.0
2025-05-23 10:47:26,028 - INFO -   stuck_check_interval: 3.0
2025-05-23 10:47:26,028 - INFO -   episode_timeout: 120
2025-05-23 10:47:26,028 - INFO -   precompile_julia: True
2025-05-23 10:47:26,028 - INFO -   zmq_port: 5555
2025-05-23 10:47:26,028 - INFO -   debug_raycasting: False
2025-05-23 10:47:26,029 - INFO -   min_ray_checks: 3
2025-05-23 10:47:26,029 - INFO -   max_ray_checks: 7
2025-05-23 10:47:26,029 - INFO -   visualize_raycasts: False
2025-05-23 10:47:26,029 - INFO -   visualization_duration: 60.0
2025-05-23 10:47:29,038 - INFO - System information collected and saved
2025-05-23 10:47:29,052 - INFO - AirSim connection established successfully
2025-05-23 10:48:04,478 - INFO - Generating pool of 15 valid target locations...
2025-05-23 10:48:04,479 - INFO - Target distance range for episode 0: 15.0m - 50.0m
2025-05-23 10:48:04,479 - WARNING - Sampling target with drone too close to ground (alt: -5.21m)
2025-05-23 10:48:04,479 - INFO - Adjusted sampling position to ensure minimum altitude: [2.72512420451676e-06, 3.316998345326283e-06, -5.0] (alt: 5.00m)
2025-05-23 10:48:04,565 - INFO - Found first valid target at [-15.77, -18.92, -8.21], altitude: 8.21m
2025-05-23 10:48:05,810 - INFO - Phase 2: Found 16 valid targets, focusing on refining these
2025-05-23 10:48:06,724 - INFO - Found 27 valid targets, selecting best with 0.00m clearance at altitude: 8.21m
2025-05-23 10:48:06,726 - INFO - Target distance range for episode 1: 15.5m - 38.5m
2025-05-23 10:48:06,727 - WARNING - Sampling target with drone too close to ground (alt: -5.21m)
2025-05-23 10:48:06,728 - INFO - Adjusted sampling position to ensure minimum altitude: [2.72512420451676e-06, 3.316998345326283e-06, -5.0] (alt: 5.00m)
2025-05-23 10:48:06,808 - INFO - Found first valid target at [18.26, 4.51, -6.3], altitude: 6.30m
2025-05-23 10:48:08,081 - INFO - Phase 2: Found 16 valid targets, focusing on refining these
2025-05-23 10:48:09,027 - INFO - Found 27 valid targets, selecting best with 0.00m clearance at altitude: 6.30m
2025-05-23 10:48:09,028 - INFO - Target distance range for episode 2: 16.0m - 42.0m
2025-05-23 10:48:09,029 - WARNING - Sampling target with drone too close to ground (alt: -5.21m)
2025-05-23 10:48:09,029 - INFO - Adjusted sampling position to ensure minimum altitude: [2.72512420451676e-06, 3.316998345326283e-06, -5.0] (alt: 5.00m)
2025-05-23 10:48:09,122 - INFO - Found first valid target at [-32.24, 20.88, -8.59], altitude: 8.59m
2025-05-23 10:48:10,381 - INFO - Phase 2: Found 16 valid targets, focusing on refining these
2025-05-23 10:48:11,320 - INFO - Found 27 valid targets, selecting best with 0.00m clearance at altitude: 8.59m
2025-05-23 10:48:11,322 - INFO - Target distance range for episode 3: 16.5m - 45.5m
2025-05-23 10:48:11,322 - WARNING - Sampling target with drone too close to ground (alt: -5.21m)
2025-05-23 10:48:11,322 - INFO - Adjusted sampling position to ensure minimum altitude: [2.72512420451676e-06, 3.316998345326283e-06, -5.0] (alt: 5.00m)
2025-05-23 10:48:11,406 - INFO - Found first valid target at [-2.59, 18.7, -7.29], altitude: 7.29m
2025-05-23 10:48:12,697 - INFO - Phase 2: Found 16 valid targets, focusing on refining these
2025-05-23 10:48:13,627 - INFO - Found 27 valid targets, selecting best with 0.00m clearance at altitude: 7.29m
2025-05-23 10:48:13,631 - INFO - Target distance range for episode 4: 17.0m - 49.0m
2025-05-23 10:48:13,632 - WARNING - Sampling target with drone too close to ground (alt: -5.21m)
2025-05-23 10:48:13,632 - INFO - Adjusted sampling position to ensure minimum altitude: [2.72512420451676e-06, 3.316998345326283e-06, -5.0] (alt: 5.00m)
2025-05-23 10:48:13,720 - INFO - Found first valid target at [27.36, -23.14, -3.12], altitude: 3.12m
2025-05-23 10:48:14,983 - INFO - Phase 2: Found 16 valid targets, focusing on refining these
2025-05-23 10:48:15,920 - INFO - Found 27 valid targets, selecting best with 0.00m clearance at altitude: 3.12m
2025-05-23 10:48:15,921 - INFO - Target distance range for episode 5: 17.5m - 50.0m
2025-05-23 10:48:15,922 - WARNING - Sampling target with drone too close to ground (alt: -5.21m)
2025-05-23 10:48:15,922 - INFO - Adjusted sampling position to ensure minimum altitude: [2.72512420451676e-06, 3.316998345326283e-06, -5.0] (alt: 5.00m)
2025-05-23 10:48:16,009 - INFO - Found first valid target at [-19.25, 25.86, -7.25], altitude: 7.25m
2025-05-23 10:48:17,287 - INFO - Phase 2: Found 16 valid targets, focusing on refining these
2025-05-23 10:48:18,220 - INFO - Found 27 valid targets, selecting best with 0.00m clearance at altitude: 7.25m
2025-05-23 10:48:18,221 - INFO - Target distance range for episode 6: 18.0m - 50.0m
2025-05-23 10:48:18,221 - WARNING - Sampling target with drone too close to ground (alt: -5.21m)
2025-05-23 10:48:18,221 - INFO - Adjusted sampling position to ensure minimum altitude: [2.72512420451676e-06, 3.316998345326283e-06, -5.0] (alt: 5.00m)
2025-05-23 10:48:18,307 - INFO - Found first valid target at [-38.92, -12.15, -7.58], altitude: 7.58m
2025-05-23 10:48:19,540 - INFO - Phase 2: Found 16 valid targets, focusing on refining these
2025-05-23 10:48:20,508 - INFO - Found 27 valid targets, selecting best with 0.00m clearance at altitude: 7.58m
2025-05-23 10:48:20,508 - INFO - Target distance range for episode 7: 18.5m - 50.0m
2025-05-23 10:48:20,510 - WARNING - Sampling target with drone too close to ground (alt: -5.21m)
2025-05-23 10:48:20,510 - INFO - Adjusted sampling position to ensure minimum altitude: [2.72512420451676e-06, 3.316998345326283e-06, -5.0] (alt: 5.00m)
2025-05-23 10:48:20,591 - INFO - Found first valid target at [20.07, 8.97, -3.98], altitude: 3.98m
2025-05-23 10:48:21,865 - INFO - Phase 2: Found 16 valid targets, focusing on refining these
2025-05-23 10:48:22,785 - INFO - Found 27 valid targets, selecting best with 0.00m clearance at altitude: 3.98m
2025-05-23 10:48:22,787 - INFO - Target distance range for episode 8: 19.0m - 50.0m
2025-05-23 10:48:22,787 - WARNING - Sampling target with drone too close to ground (alt: -5.21m)
2025-05-23 10:48:22,787 - INFO - Adjusted sampling position to ensure minimum altitude: [2.72512420451676e-06, 3.316998345326283e-06, -5.0] (alt: 5.00m)
2025-05-23 10:48:22,871 - INFO - Found first valid target at [-38.76, 0.6, -8.06], altitude: 8.06m
2025-05-23 10:48:24,135 - INFO - Phase 2: Found 16 valid targets, focusing on refining these
2025-05-23 10:48:25,059 - INFO - Found 27 valid targets, selecting best with 0.00m clearance at altitude: 8.06m
2025-05-23 10:48:25,060 - INFO - Target distance range for episode 9: 19.5m - 50.0m
2025-05-23 10:48:25,060 - WARNING - Sampling target with drone too close to ground (alt: -5.21m)
2025-05-23 10:48:25,060 - INFO - Adjusted sampling position to ensure minimum altitude: [2.72512420451676e-06, 3.316998345326283e-06, -5.0] (alt: 5.00m)
2025-05-23 10:48:25,146 - INFO - Found first valid target at [1.0, 24.42, -3.43], altitude: 3.43m
2025-05-23 10:48:26,415 - INFO - Phase 2: Found 16 valid targets, focusing on refining these
2025-05-23 10:48:27,330 - INFO - Found 27 valid targets, selecting best with 0.00m clearance at altitude: 3.43m
2025-05-23 10:48:27,331 - INFO - Generated 10/15 targets in 22.9s (9 attempts)
2025-05-23 10:48:27,332 - INFO - Target distance range for episode 10: 20.0m - 50.0m
2025-05-23 10:48:27,332 - WARNING - Sampling target with drone too close to ground (alt: -5.21m)
2025-05-23 10:48:27,332 - INFO - Adjusted sampling position to ensure minimum altitude: [2.72512420451676e-06, 3.316998345326283e-06, -5.0] (alt: 5.00m)
2025-05-23 10:48:27,418 - INFO - Found first valid target at [41.38, -5.66, -6.13], altitude: 6.13m
2025-05-23 10:48:28,680 - INFO - Phase 2: Found 16 valid targets, focusing on refining these
2025-05-23 10:48:29,618 - INFO - Found 27 valid targets, selecting best with 0.00m clearance at altitude: 6.13m
2025-05-23 10:48:29,620 - INFO - Target distance range for episode 11: 20.0m - 50.0m
2025-05-23 10:48:29,621 - WARNING - Sampling target with drone too close to ground (alt: -5.21m)
2025-05-23 10:48:29,621 - INFO - Adjusted sampling position to ensure minimum altitude: [2.72512420451676e-06, 3.316998345326283e-06, -5.0] (alt: 5.00m)
2025-05-23 10:48:29,713 - INFO - Found first valid target at [-24.97, -22.62, -4.31], altitude: 4.31m
2025-05-23 10:48:30,978 - INFO - Phase 2: Found 16 valid targets, focusing on refining these
2025-05-23 10:48:31,893 - INFO - Found 27 valid targets, selecting best with 0.00m clearance at altitude: 4.31m
2025-05-23 10:48:31,894 - INFO - Target distance range for episode 12: 20.0m - 50.0m
2025-05-23 10:48:31,894 - WARNING - Sampling target with drone too close to ground (alt: -5.21m)
2025-05-23 10:48:31,894 - INFO - Adjusted sampling position to ensure minimum altitude: [2.72512420451676e-06, 3.316998345326283e-06, -5.0] (alt: 5.00m)
2025-05-23 10:48:31,976 - INFO - Found first valid target at [31.41, -18.94, -6.14], altitude: 6.14m
2025-05-23 10:48:33,229 - INFO - Phase 2: Found 16 valid targets, focusing on refining these
2025-05-23 10:48:34,116 - INFO - Found 27 valid targets, selecting best with 0.00m clearance at altitude: 6.14m
2025-05-23 10:48:34,118 - INFO - Target distance range for episode 13: 20.0m - 50.0m
2025-05-23 10:48:34,118 - WARNING - Sampling target with drone too close to ground (alt: -5.21m)
2025-05-23 10:48:34,118 - INFO - Adjusted sampling position to ensure minimum altitude: [2.72512420451676e-06, 3.316998345326283e-06, -5.0] (alt: 5.00m)
2025-05-23 10:48:34,204 - INFO - Found first valid target at [20.66, 13.17, -4.09], altitude: 4.09m
2025-05-23 10:48:35,461 - INFO - Phase 2: Found 16 valid targets, focusing on refining these
2025-05-23 10:48:36,386 - INFO - Found 27 valid targets, selecting best with 0.00m clearance at altitude: 4.09m
2025-05-23 10:48:36,387 - INFO - Target distance range for episode 14: 20.0m - 50.0m
2025-05-23 10:48:36,387 - WARNING - Sampling target with drone too close to ground (alt: -5.21m)
2025-05-23 10:48:36,387 - INFO - Adjusted sampling position to ensure minimum altitude: [2.72512420451676e-06, 3.316998345326283e-06, -5.0] (alt: 5.00m)
2025-05-23 10:48:36,472 - INFO - Found first valid target at [33.43, -7.27, -5.81], altitude: 5.81m
2025-05-23 10:48:37,741 - INFO - Phase 2: Found 16 valid targets, focusing on refining these
2025-05-23 10:48:38,664 - INFO - Found 27 valid targets, selecting best with 0.00m clearance at altitude: 5.81m
2025-05-23 10:48:38,665 - INFO - Generated 15/15 targets in 34.2s (14 attempts)
2025-05-23 10:48:38,665 - INFO - Successfully generated pool of 15 targets in 34.2s
2025-05-23 10:48:38,666 - INFO - Saved pool of 15 targets to experiment_results\experiment_20250523_104726\target_pool.json
2025-05-23 10:48:38,666 - INFO - Starting episode 0 of 10
2025-05-23 10:48:38,667 - INFO - === Starting Episode 0 ===
2025-05-23 10:48:38,671 - INFO - Episode 0: Taking off...
2025-05-23 10:48:44,117 - INFO - Episode 0: Using pre-generated target 0 of 15
2025-05-23 10:48:44,118 - INFO - Episode 0: Initial distance to target: 25.48m
2025-05-23 10:48:44,119 - INFO - Episode 0: Initial position: [-0.0, 0.0, -1.67]
2025-05-23 10:48:44,119 - INFO - Episode 0: Target position: [-15.77, -18.92, -8.21]
2025-05-23 10:48:44,119 - INFO - Episode 0: Initial distance: 25.48m
2025-05-23 10:48:44,125 - INFO - Episode 0: Target verified with 3 rays
2025-05-23 10:48:56,501 - WARNING - Episode 0: Step 0 took 12.38s (unusually long)
2025-05-23 10:49:10,309 - WARNING - Collision detected during movement, cancelling task immediately
2025-05-23 10:49:10,310 - INFO - Episode 0: Obstacle detected during movement, triggering immediate replanning
2025-05-23 10:49:10,316 - INFO - Adding newly detected obstacle at [-14.98, -17.35, -7.09] to planning data
2025-05-23 10:49:10,316 - INFO - Episode 0: Putting drone in hover mode before dynamic replanning
2025-05-23 10:49:10,817 - INFO - Episode 0: Triggering dynamic replanning due to detected obstacle
2025-05-23 10:49:10,825 - INFO - Enhanced planning parameters for obstacle avoidance: safety_margin=4.00, waypoint_count=150, obstacle_priority=3.00
2025-05-23 10:49:10,890 - INFO - Episode 0: Executing replanned path to avoid obstacle
2025-05-23 10:49:10,899 - WARNING - Collision detected during movement, cancelling task immediately
2025-05-23 10:49:11,100 - WARNING - Episode 0: Collision detected at step 6
2025-05-23 10:49:11,102 - INFO - Using collision normal for recovery: [0.68, 0.73, 0.00]
2025-05-23 10:49:19,833 - WARNING - Recovery movement timed out after 8.0 seconds
2025-05-23 10:49:19,835 - INFO - Episode 0: Collision recovery successful, moved 4.10m to new position: [-12.2, -14.88, -9.68]
2025-05-23 10:49:23,430 - INFO - Episode 0: Clear path to target detected - moving directly toward goal
2025-05-23 10:49:23,441 - WARNING - Collision detected during movement, cancelling task immediately
2025-05-23 10:49:23,442 - INFO - Episode 0: Obstacle detected during movement, triggering immediate replanning
2025-05-23 10:49:23,447 - INFO - Adding newly detected obstacle at [-15.0, -17.37, -7.12] to planning data
2025-05-23 10:49:23,447 - INFO - Episode 0: Putting drone in hover mode before dynamic replanning
2025-05-23 10:49:23,950 - INFO - Episode 0: Triggering dynamic replanning due to detected obstacle
2025-05-23 10:49:23,957 - INFO - Enhanced planning parameters for obstacle avoidance: safety_margin=4.00, waypoint_count=150, obstacle_priority=3.00
2025-05-23 10:49:23,970 - INFO - Episode 0: Executing replanned path to avoid obstacle
2025-05-23 10:49:29,211 - WARNING - Episode 0: Step 6 took 18.11s (unusually long)
2025-05-23 10:49:29,212 - WARNING - Episode 0: Collision detected at step 7
2025-05-23 10:49:29,214 - INFO - Using collision normal for recovery: [0.50, 0.87, 0.00]
2025-05-23 10:49:37,938 - WARNING - Recovery movement timed out after 8.0 seconds
2025-05-23 10:49:37,940 - INFO - Episode 0: Collision recovery successful, moved 4.06m to new position: [-16.74, -14.4, -12.4]
2025-05-23 10:49:41,304 - INFO - Episode 0: Clear path to target detected - moving directly toward goal
2025-05-23 10:49:46,613 - WARNING - Episode 0: Step 7 took 17.40s (unusually long)
2025-05-23 10:49:46,634 - INFO - Episode 0: Clear path to target detected - moving directly toward goal
2025-05-23 10:49:49,074 - INFO - Episode 0: Clear path to target detected - moving directly toward goal
2025-05-23 10:49:49,813 - WARNING - Collision detected during movement, cancelling task immediately
2025-05-23 10:49:49,814 - INFO - Episode 0: Obstacle detected during movement, triggering immediate replanning
2025-05-23 10:49:49,821 - INFO - Adding newly detected obstacle at [-16.25, -18.81, -9.31] to planning data
2025-05-23 10:49:49,821 - INFO - Episode 0: Putting drone in hover mode before dynamic replanning
2025-05-23 10:49:50,323 - INFO - Episode 0: Triggering dynamic replanning due to detected obstacle
2025-05-23 10:49:50,335 - INFO - Enhanced planning parameters for obstacle avoidance: safety_margin=4.00, waypoint_count=150, obstacle_priority=3.00
2025-05-23 10:49:50,345 - INFO - Episode 0: Executing replanned path to avoid obstacle
2025-05-23 10:49:50,355 - WARNING - Collision detected during movement, cancelling task immediately
2025-05-23 10:49:50,558 - INFO - Episode 0: Target reached at step 10
