2025-05-16 22:42:31,602 - INFO - Using random seed: 42
2025-05-16 22:42:31,602 - INFO - Starting experiment with configuration:
2025-05-16 22:42:31,602 - INFO -   num_episodes: 10
2025-05-16 22:42:31,602 - INFO -   target_distance_range: (15.0, 50.0)
2025-05-16 22:42:31,604 - INFO -   random_seed: 42
2025-05-16 22:42:31,604 - INFO -   max_steps_per_episode: 100
2025-05-16 22:42:31,604 - INFO -   output_dir: experiment_results
2025-05-16 22:42:31,604 - INFO -   stuck_timeout: 15.0
2025-05-16 22:42:31,604 - INFO -   stuck_check_interval: 3.0
2025-05-16 22:42:31,604 - INFO -   episode_timeout: 120
2025-05-16 22:42:31,605 - INFO -   precompile_julia: True
2025-05-16 22:42:31,606 - INFO -   zmq_port: 5555
2025-05-16 22:42:31,606 - INFO -   debug_raycasting: False
2025-05-16 22:42:31,607 - INFO -   min_ray_checks: 3
2025-05-16 22:42:31,607 - INFO -   max_ray_checks: 7
2025-05-16 22:42:31,607 - INFO -   visualize_raycasts: False
2025-05-16 22:42:31,607 - INFO -   visualization_duration: 60.0
2025-05-16 22:43:38,097 - INFO - === Starting Episode 0 ===
2025-05-16 22:43:38,101 - INFO - Episode 0: Taking off...
2025-05-16 22:43:43,508 - INFO - Target distance range for episode 0: 15.0m - 50.0m
2025-05-16 22:43:43,604 - INFO - Found first valid target at [-8.13, -9.76, -2.0]
2025-05-16 22:43:47,926 - INFO - Phase 2: Found 50 valid targets, focusing on refining these
2025-05-16 22:43:50,305 - INFO - Found 77 valid targets, selecting best with 0.00m clearance
2025-05-16 22:43:50,306 - INFO - Episode 0: Target sampling took 6.80s with 3 rays
2025-05-16 22:43:50,306 - INFO - Episode 0: Initial distance to target: 12.71m
2025-05-16 22:43:50,307 - INFO - Episode 0: Initial position: [0.0, 0.0, -1.67]
2025-05-16 22:43:50,307 - INFO - Episode 0: Target position: [-8.13, -9.76, -2.0]
2025-05-16 22:43:50,307 - INFO - Episode 0: Initial distance: 12.71m
2025-05-16 22:43:50,311 - INFO - Episode 0: Target verified with 3 rays
2025-05-16 22:44:08,007 - WARNING - Episode 0: Step 0 took 17.70s (unusually long)
2025-05-16 22:44:10,909 - WARNING - Pre-movement check: Obstacle detected on planned path at 2.95m distance
2025-05-16 22:44:10,910 - INFO - Proceeding with movement and will replan if obstacle persists during execution
2025-05-16 22:44:11,036 - WARNING - Obstacle detected at 2.89m during movement execution
2025-05-16 22:44:11,036 - INFO - Obstacle not imminent, continuing with caution
2025-05-16 22:44:11,942 - WARNING - Collision detected during movement, cancelling task immediately
2025-05-16 22:44:11,943 - INFO - Episode 0: Obstacle detected during movement, triggering immediate replanning
2025-05-16 22:44:11,965 - INFO - Adding newly detected obstacle at [-5.58, -6.02, -2.18] to planning data
2025-05-16 22:44:11,965 - INFO - Episode 0: Putting drone in hover mode before dynamic replanning
2025-05-16 22:44:12,468 - INFO - Episode 0: Triggering dynamic replanning due to detected obstacle
2025-05-16 22:44:12,477 - INFO - Enhanced planning parameters for obstacle avoidance: safety_margin=5.00, waypoint_count=150, obstacle_priority=5.00
2025-05-16 22:44:12,493 - WARNING - Episode 0: Planned waypoint would lead through obstacle at 3.56m
2025-05-16 22:44:12,493 - INFO - Episode 0: Attempting to generate safer waypoint away from obstacles
2025-05-16 22:44:12,494 - INFO - Episode 0: Generated safety waypoint to retreat from obstacle at direction [np.float64(-0.08), np.float64(1.0), np.float64(0.0)], distance 1.81m
2025-05-16 22:44:12,495 - INFO - Episode 0: Executing replanned path to avoid obstacle
2025-05-16 22:44:12,517 - WARNING - Pre-movement check: Obstacle detected on planned path at 2.18m distance
2025-05-16 22:44:12,517 - INFO - Proceeding with movement and will replan if obstacle persists during execution
2025-05-16 22:44:12,520 - WARNING - Collision detected during movement, cancelling task immediately
2025-05-16 22:44:12,723 - WARNING - Episode 0: Collision detected at step 3
2025-05-16 22:44:12,726 - INFO - Using collision normal for recovery: [0.59, 0.81, 0.00]
2025-05-16 22:44:12,928 - WARNING - Error during hover stabilization: Future.join() takes 1 positional argument but 2 were given, continuing with recovery anyway
2025-05-16 22:44:20,961 - WARNING - Recovery movement timed out after 8.0 seconds
2025-05-16 22:44:20,964 - WARNING - Episode 0: Collision recovery barely moved the drone (0.07m), retrying with emergency protocol
2025-05-16 22:44:21,465 - INFO - Episode 0: Attempting emergency vertical escape to altitude -7.076631546020508
2025-05-16 22:44:26,481 - WARNING - Episode 0: Emergency recovery had limited success, moved only 0.23m
2025-05-16 22:44:30,204 - WARNING - Collision detected during movement, cancelling task immediately
2025-05-16 22:44:30,206 - INFO - Episode 0: Obstacle detected during movement, triggering immediate replanning
2025-05-16 22:44:30,220 - INFO - Adding newly detected obstacle at [-5.61, -6.24, -1.84] to planning data
2025-05-16 22:44:30,221 - INFO - Episode 0: Putting drone in hover mode before dynamic replanning
2025-05-16 22:44:30,723 - INFO - Episode 0: Triggering dynamic replanning due to detected obstacle
2025-05-16 22:44:30,739 - INFO - Enhanced planning parameters for obstacle avoidance: safety_margin=5.00, waypoint_count=150, obstacle_priority=4.00
2025-05-16 22:44:30,749 - INFO - Episode 0: Executing replanned path to avoid obstacle
2025-05-16 22:44:31,166 - WARNING - Collision detected during movement, cancelling task immediately
2025-05-16 22:44:31,368 - WARNING - Episode 0: Step 3 took 18.65s (unusually long)
2025-05-16 22:44:31,370 - ERROR - Episode 0: Drone stuck for 18.6s (>= 15.0s), aborting episode
