2025-05-13 22:08:04,657 - INFO - Using random seed: 42
2025-05-13 22:08:04,658 - INFO - Starting experiment with configuration:
2025-05-13 22:08:04,658 - INFO -   num_episodes: 10
2025-05-13 22:08:04,659 - INFO -   target_distance_range: (15.0, 50.0)
2025-05-13 22:08:04,659 - INFO -   random_seed: 42
2025-05-13 22:08:04,659 - INFO -   max_steps_per_episode: 100
2025-05-13 22:08:04,659 - INFO -   output_dir: experiment_results
2025-05-13 22:08:04,659 - INFO -   stuck_timeout: 15.0
2025-05-13 22:08:04,659 - INFO -   stuck_check_interval: 3.0
2025-05-13 22:08:04,659 - INFO -   episode_timeout: 120
2025-05-13 22:08:04,662 - INFO -   precompile_julia: True
2025-05-13 22:08:04,662 - INFO -   zmq_port: 5555
2025-05-13 22:08:04,662 - INFO -   debug_raycasting: False
2025-05-13 22:08:04,663 - INFO -   min_ray_checks: 3
2025-05-13 22:08:04,663 - INFO -   max_ray_checks: 7
2025-05-13 22:08:04,664 - INFO -   visualize_raycasts: False
2025-05-13 22:08:04,664 - INFO -   visualization_duration: 60.0
2025-05-13 22:09:22,981 - INFO - === Starting Episode 0 ===
2025-05-13 22:09:22,985 - INFO - Episode 0: Taking off...
2025-05-13 22:09:28,393 - INFO - Target distance range for episode 0: 15.0m - 50.0m
2025-05-13 22:09:28,495 - INFO - Found first valid target at [-8.13, -9.76, -2.0]
2025-05-13 22:09:33,141 - INFO - Phase 2: Found 50 valid targets, focusing on refining these
2025-05-13 22:09:35,726 - INFO - Found 77 valid targets, selecting best with 0.00m clearance
2025-05-13 22:09:35,727 - INFO - Episode 0: Target sampling took 7.33s with 3 rays
2025-05-13 22:09:35,727 - INFO - Episode 0: Initial distance to target: 12.71m
2025-05-13 22:09:35,728 - INFO - Episode 0: Initial position: [0.0, 0.0, -1.67]
2025-05-13 22:09:35,728 - INFO - Episode 0: Target position: [-8.13, -9.76, -2.0]
2025-05-13 22:09:35,729 - INFO - Episode 0: Initial distance: 12.71m
2025-05-13 22:09:35,733 - INFO - Episode 0: Target verified with 3 rays
2025-05-13 22:09:52,059 - WARNING - Episode 0: Step 0 took 16.33s (unusually long)
2025-05-13 22:09:54,370 - WARNING - Pre-movement check: Obstacle detected on planned path at 2.89m distance
2025-05-13 22:09:54,371 - INFO - Proceeding with movement and will replan if obstacle persists during execution
2025-05-13 22:09:54,496 - WARNING - Obstacle detected at 2.77m during movement execution
2025-05-13 22:09:54,497 - INFO - Obstacle not imminent, continuing with caution
2025-05-13 22:09:54,499 - WARNING - Forward obstacle detected at 1.14m during movement
2025-05-13 22:09:54,500 - INFO - Episode 0: Obstacle detected during movement, triggering immediate replanning
2025-05-13 22:09:54,517 - INFO - Episode 0: Triggering dynamic replanning due to detected obstacle
2025-05-13 22:09:54,522 - INFO - Enhanced planning parameters for obstacle avoidance: safety_margin=3.75, waypoint_count=112, obstacle_priority=3.75
2025-05-13 22:09:54,539 - WARNING - Episode 0: Planned waypoint would lead through obstacle at 4.59m
2025-05-13 22:09:54,539 - INFO - Episode 0: Attempting to generate safer waypoint away from obstacles
2025-05-13 22:09:54,540 - INFO - Episode 0: Generated safety waypoint to retreat from obstacle at direction [np.float64(0.93), np.float64(0.37), np.float64(-0.05)], distance 2.29m
2025-05-13 22:09:54,541 - INFO - Episode 0: Executing replanned path to avoid obstacle
2025-05-13 22:09:54,676 - WARNING - Obstacle detected at 2.74m during movement execution
2025-05-13 22:09:54,677 - INFO - Obstacle not imminent, continuing with caution
2025-05-13 22:09:54,780 - WARNING - Obstacle detected at 2.85m during movement execution
2025-05-13 22:09:54,780 - INFO - Obstacle not imminent, continuing with caution
2025-05-13 22:09:54,783 - WARNING - Forward obstacle detected at 0.73m during movement
2025-05-13 22:09:55,032 - WARNING - Pre-movement check: Obstacle detected on planned path at 2.35m distance
2025-05-13 22:09:55,033 - INFO - Proceeding with movement and will replan if obstacle persists during execution
2025-05-13 22:10:00,038 - WARNING - Movement taking too long, cancelling and replanning
2025-05-13 22:10:00,040 - INFO - Episode 0: Obstacle detected during movement, triggering immediate replanning
2025-05-13 22:10:00,060 - INFO - Adding newly detected obstacle at [-6.39, -7.94, -1.97] to planning data
2025-05-13 22:10:00,061 - INFO - Episode 0: Triggering dynamic replanning due to detected obstacle
2025-05-13 22:10:00,064 - INFO - Enhanced planning parameters for obstacle avoidance: safety_margin=3.75, waypoint_count=112, obstacle_priority=3.75
2025-05-13 22:10:00,080 - WARNING - Episode 0: Planned waypoint would lead through obstacle at 1.50m
2025-05-13 22:10:00,081 - INFO - Episode 0: Attempting to generate safer waypoint away from obstacles
2025-05-13 22:10:00,081 - INFO - Episode 0: Generated safety waypoint to retreat from obstacle at direction [np.float64(0.73), np.float64(0.68), np.float64(0.0)], distance 1.17m
2025-05-13 22:10:00,081 - INFO - Episode 0: Executing replanned path to avoid obstacle
2025-05-13 22:10:00,541 - WARNING - Obstacle detected at 1.73m during movement execution
2025-05-13 22:10:00,743 - WARNING - Episode 0: Step 3 took 5.76s (unusually long)
2025-05-13 22:10:00,746 - WARNING - Episode 0: Collision detected at step 4
2025-05-13 22:10:00,812 - WARNING - Pre-movement check: Obstacle detected on planned path at 2.38m distance
2025-05-13 22:10:00,812 - INFO - Proceeding with movement and will replan if obstacle persists during execution
2025-05-13 22:10:08,841 - WARNING - Movement taking too long, cancelling and replanning
2025-05-13 22:10:08,843 - INFO - Episode 0: Obstacle detected during movement, triggering immediate replanning
2025-05-13 22:10:08,864 - INFO - Adding newly detected obstacle at [-8.34, -10.23, -1.96] to planning data
2025-05-13 22:10:08,865 - INFO - Episode 0: Triggering dynamic replanning due to detected obstacle
2025-05-13 22:10:08,868 - INFO - Enhanced planning parameters for obstacle avoidance: safety_margin=3.75, waypoint_count=112, obstacle_priority=3.00
2025-05-13 22:10:08,901 - WARNING - Episode 0: Planned waypoint would lead through obstacle at 2.67m
2025-05-13 22:10:08,902 - INFO - Episode 0: Attempting to generate safer waypoint away from obstacles
2025-05-13 22:10:08,903 - INFO - Episode 0: Generated safety waypoint to retreat from obstacle at direction [np.float64(0.69), np.float64(0.72), np.float64(-0.0)], distance 2.66m
2025-05-13 22:10:08,904 - INFO - Episode 0: Executing replanned path to avoid obstacle
2025-05-13 22:10:09,046 - WARNING - Obstacle detected at 2.61m during movement execution
2025-05-13 22:10:09,047 - INFO - Obstacle not imminent, continuing with caution
2025-05-13 22:10:09,150 - WARNING - Obstacle detected at 2.21m during movement execution
2025-05-13 22:10:09,150 - INFO - Obstacle not imminent, continuing with caution
2025-05-13 22:10:09,255 - WARNING - Obstacle detected at 2.60m during movement execution
2025-05-13 22:10:09,256 - INFO - Obstacle not imminent, continuing with caution
2025-05-13 22:10:09,259 - WARNING - Forward obstacle detected at 1.56m during movement
2025-05-13 22:10:09,460 - WARNING - Episode 0: Step 4 took 8.72s (unusually long)
2025-05-13 22:10:09,464 - WARNING - Episode 0: Collision detected at step 5
2025-05-13 22:10:09,513 - WARNING - Pre-movement check: Obstacle detected on planned path at 2.72m distance
2025-05-13 22:10:09,514 - INFO - Proceeding with movement and will replan if obstacle persists during execution
2025-05-13 22:10:15,554 - WARNING - Movement taking too long, cancelling and replanning
2025-05-13 22:10:15,556 - INFO - Episode 0: Obstacle detected during movement, triggering immediate replanning
2025-05-13 22:10:15,579 - INFO - Adding newly detected obstacle at [-7.52, -9.17, -2.0] to planning data
2025-05-13 22:10:15,580 - INFO - Episode 0: Triggering dynamic replanning due to detected obstacle
2025-05-13 22:10:15,583 - INFO - Enhanced planning parameters for obstacle avoidance: safety_margin=3.75, waypoint_count=112, obstacle_priority=3.00
