2025-05-12 16:11:05,019 - INFO - Using random seed: 42
2025-05-12 16:11:05,029 - INFO - Starting experiment with configuration:
2025-05-12 16:11:05,030 - INFO -   num_episodes: 10
2025-05-12 16:11:05,031 - INFO -   target_distance_range: (15.0, 50.0)
2025-05-12 16:11:05,032 - INFO -   random_seed: 42
2025-05-12 16:11:05,033 - INFO -   max_steps_per_episode: 100
2025-05-12 16:11:05,033 - INFO -   output_dir: experiment_results
2025-05-12 16:11:05,034 - INFO -   stuck_timeout: 15.0
2025-05-12 16:11:05,035 - INFO -   stuck_check_interval: 3.0
2025-05-12 16:11:05,035 - INFO -   episode_timeout: 120
2025-05-12 16:11:05,037 - INFO -   precompile_julia: True
2025-05-12 16:11:05,037 - INFO -   zmq_port: 5555
2025-05-12 16:11:05,040 - INFO -   debug_raycasting: False
2025-05-12 16:11:05,042 - INFO -   min_ray_checks: 3
2025-05-12 16:11:05,042 - INFO -   max_ray_checks: 7
2025-05-12 16:11:05,043 - INFO -   visualize_raycasts: False
2025-05-12 16:11:05,044 - INFO -   visualization_duration: 60.0
2025-05-12 16:12:18,492 - INFO - === Starting Episode 0 ===
2025-05-12 16:12:18,496 - INFO - Episode 0: Taking off...
2025-05-12 16:12:23,918 - INFO - Target distance range for episode 0: 15.0m - 50.0m
2025-05-12 16:12:24,008 - INFO - Found first valid target at [-8.13, -9.76, -2.0]
2025-05-12 16:12:28,393 - INFO - Phase 2: Found 50 valid targets, focusing on refining these
2025-05-12 16:12:30,790 - INFO - Found 77 valid targets, selecting best with 0.00m clearance
2025-05-12 16:12:30,791 - INFO - Episode 0: Target sampling took 6.87s with 3 rays
2025-05-12 16:12:30,792 - INFO - Episode 0: Initial position: [0.0, 0.0, -1.67]
2025-05-12 16:12:30,792 - INFO - Episode 0: Target position: [-8.13, -9.76, -2.0]
2025-05-12 16:12:30,793 - INFO - Episode 0: Initial distance: 12.71m
2025-05-12 16:12:30,797 - INFO - Episode 0: Target verified with 3 rays
2025-05-12 16:12:42,012 - WARNING - Episode 0: Step 0 took 11.22s (unusually long)
2025-05-12 16:12:44,256 - WARNING - Waypoint too close (0.00m), extending to minimum distance 0.2m
2025-05-12 16:12:44,256 - WARNING - Movement distance effectively zero, creating default movement direction
2025-05-12 16:12:44,274 - WARNING - Pre-movement check: Obstacle detected on planned path at 1.51m distance
2025-05-12 16:12:44,275 - INFO - Proceeding with movement and will replan if obstacle persists during execution
2025-05-12 16:12:57,870 - WARNING - Obstacle detected at 1.17m during movement execution
2025-05-12 16:12:57,872 - INFO - Episode 0: Obstacle detected during movement, triggering immediate replanning
2025-05-12 16:12:57,889 - INFO - Episode 0: Triggering dynamic replanning due to detected obstacle
2025-05-12 16:12:57,892 - INFO - Enhanced planning parameters for obstacle avoidance: safety_margin=3.00, waypoint_count=112, obstacle_priority=2.00
2025-05-12 16:12:57,905 - INFO - Episode 0: Executing replanned path to avoid obstacle
2025-05-12 16:12:57,906 - WARNING - Waypoint too close (0.00m), extending to minimum distance 0.2m
2025-05-12 16:12:57,907 - WARNING - Movement distance effectively zero, creating default movement direction
2025-05-12 16:12:57,923 - WARNING - Pre-movement check: Obstacle detected on planned path at 1.97m distance
2025-05-12 16:12:57,924 - INFO - Proceeding with movement and will replan if obstacle persists during execution
2025-05-12 16:12:58,279 - WARNING - Pre-movement check: Obstacle detected on planned path at 1.29m distance
2025-05-12 16:12:58,280 - INFO - Proceeding with movement and will replan if obstacle persists during execution
2025-05-12 16:12:58,724 - WARNING - Obstacle detected at 1.57m during movement execution
2025-05-12 16:12:58,725 - INFO - Episode 0: Obstacle detected during movement, triggering immediate replanning
2025-05-12 16:12:58,738 - INFO - Episode 0: Triggering dynamic replanning due to detected obstacle
2025-05-12 16:12:58,740 - INFO - Enhanced planning parameters for obstacle avoidance: safety_margin=3.75, waypoint_count=112, obstacle_priority=3.00
2025-05-12 16:12:58,755 - INFO - Episode 0: Executing replanned path to avoid obstacle
2025-05-12 16:12:58,755 - WARNING - Waypoint too close (0.00m), extending to minimum distance 0.2m
2025-05-12 16:12:58,756 - WARNING - Movement distance effectively zero, creating default movement direction
2025-05-12 16:12:59,240 - WARNING - Obstacle detected at 0.65m during movement execution
2025-05-12 16:12:59,242 - INFO - Episode 0: Obstacle detected during movement, triggering immediate replanning
2025-05-12 16:12:59,254 - INFO - Episode 0: Triggering dynamic replanning due to detected obstacle
2025-05-12 16:12:59,255 - INFO - Enhanced planning parameters for obstacle avoidance: safety_margin=3.75, waypoint_count=112, obstacle_priority=3.00
2025-05-12 16:12:59,267 - INFO - Episode 0: Executing replanned path to avoid obstacle
2025-05-12 16:12:59,268 - WARNING - Waypoint too close (0.00m), extending to minimum distance 0.2m
2025-05-12 16:12:59,268 - WARNING - Movement distance effectively zero, creating default movement direction
2025-05-12 16:13:01,464 - WARNING - Obstacle detected at 1.80m during movement execution
2025-05-12 16:13:01,465 - INFO - Episode 0: Obstacle detected during movement, triggering immediate replanning
2025-05-12 16:13:01,479 - INFO - Adding newly detected obstacle at [np.float32(-9.03), np.float32(-8.74), np.float32(-2.05)] to planning data
2025-05-12 16:13:01,480 - INFO - Episode 0: Triggering dynamic replanning due to detected obstacle
2025-05-12 16:13:01,482 - INFO - Enhanced planning parameters for obstacle avoidance: safety_margin=3.75, waypoint_count=112, obstacle_priority=3.00
2025-05-12 16:13:01,494 - INFO - Episode 0: Executing replanned path to avoid obstacle
2025-05-12 16:13:01,495 - WARNING - Waypoint too close (0.00m), extending to minimum distance 0.2m
2025-05-12 16:13:01,495 - WARNING - Movement distance effectively zero, creating default movement direction
2025-05-12 16:13:02,084 - WARNING - Obstacle detected at 2.81m during movement execution
2025-05-12 16:13:02,085 - INFO - Episode 0: Obstacle detected during movement, triggering immediate replanning
2025-05-12 16:13:02,102 - INFO - Adding newly detected obstacle at [np.float32(-9.28), np.float32(-7.61), np.float32(-1.78)] to planning data
2025-05-12 16:13:02,102 - INFO - Episode 0: Triggering dynamic replanning due to detected obstacle
2025-05-12 16:13:02,105 - INFO - Enhanced planning parameters for obstacle avoidance: safety_margin=3.75, waypoint_count=112, obstacle_priority=3.00
2025-05-12 16:13:02,116 - WARNING - Episode 0: Planned waypoint would lead through obstacle at 2.81m
2025-05-12 16:13:02,117 - INFO - Episode 0: Attempting to generate safer waypoint away from obstacles
2025-05-12 16:13:02,117 - INFO - Episode 0: Generated safety waypoint to retreat from obstacle at direction [np.float64(-0.19), np.float64(-0.97), np.float64(-0.18)], distance 1.41m
2025-05-12 16:13:02,118 - INFO - Episode 0: Executing replanned path to avoid obstacle
2025-05-12 16:13:02,256 - WARNING - Obstacle detected at 2.14m during movement execution
2025-05-12 16:13:02,613 - WARNING - Obstacle detected at 1.66m during movement execution
2025-05-12 16:13:02,614 - INFO - Episode 0: Obstacle detected during movement, triggering immediate replanning
2025-05-12 16:13:02,625 - INFO - Episode 0: Triggering dynamic replanning due to detected obstacle
2025-05-12 16:13:02,627 - INFO - Enhanced planning parameters for obstacle avoidance: safety_margin=3.75, waypoint_count=112, obstacle_priority=3.00
2025-05-12 16:13:02,637 - INFO - Episode 0: Executing replanned path to avoid obstacle
2025-05-12 16:13:02,638 - WARNING - Waypoint too close (0.00m), extending to minimum distance 0.2m
2025-05-12 16:13:02,639 - WARNING - Movement distance effectively zero, creating default movement direction
2025-05-12 16:13:02,961 - INFO - Episode 0: Target reached at step 12
2025-05-12 16:13:09,748 - INFO - Episode 0 completed: success
2025-05-12 16:13:09,748 - INFO -   Steps: 12, Duration: 32.17s
2025-05-12 16:13:09,749 - INFO -   Final distance: 1.45m, Collisions: 0
2025-05-12 16:13:09,749 - INFO -   Dynamic replanning events: 6
2025-05-12 16:13:09,787 - INFO - === Starting Episode 1 ===
2025-05-12 16:13:09,790 - INFO - Episode 1: Taking off...
2025-05-12 16:13:14,304 - WARNING - Episode 1: Drone altitude too low (0.05), adjusting height
