2025-05-16 17:03:00,980 - INFO - Using random seed: 42
2025-05-16 17:03:00,984 - INFO - Starting experiment with configuration:
2025-05-16 17:03:00,985 - INFO -   num_episodes: 10
2025-05-16 17:03:00,985 - INFO -   target_distance_range: (15.0, 50.0)
2025-05-16 17:03:00,985 - INFO -   random_seed: 42
2025-05-16 17:03:00,985 - INFO -   max_steps_per_episode: 100
2025-05-16 17:03:00,986 - INFO -   output_dir: experiment_results
2025-05-16 17:03:00,986 - INFO -   stuck_timeout: 15.0
2025-05-16 17:03:00,987 - INFO -   stuck_check_interval: 3.0
2025-05-16 17:03:00,988 - INFO -   episode_timeout: 120
2025-05-16 17:03:00,988 - INFO -   precompile_julia: True
2025-05-16 17:03:00,988 - INFO -   zmq_port: 5555
2025-05-16 17:03:00,988 - INFO -   debug_raycasting: False
2025-05-16 17:03:00,988 - INFO -   min_ray_checks: 3
2025-05-16 17:03:00,988 - INFO -   max_ray_checks: 7
2025-05-16 17:03:00,988 - INFO -   visualize_raycasts: False
2025-05-16 17:03:00,988 - INFO -   visualization_duration: 60.0
2025-05-16 17:04:20,702 - INFO - === Starting Episode 0 ===
2025-05-16 17:04:20,705 - INFO - Episode 0: Taking off...
2025-05-16 17:04:26,113 - INFO - Target distance range for episode 0: 15.0m - 50.0m
2025-05-16 17:04:26,213 - INFO - Found first valid target at [-8.13, -9.76, -2.0]
2025-05-16 17:04:30,579 - INFO - Phase 2: Found 50 valid targets, focusing on refining these
2025-05-16 17:04:32,995 - INFO - Found 77 valid targets, selecting best with 0.00m clearance
2025-05-16 17:04:32,995 - INFO - Episode 0: Target sampling took 6.88s with 3 rays
2025-05-16 17:04:32,995 - INFO - Episode 0: Initial distance to target: 12.71m
2025-05-16 17:04:32,996 - INFO - Episode 0: Initial position: [0.0, 0.0, -1.67]
2025-05-16 17:04:32,996 - INFO - Episode 0: Target position: [-8.13, -9.76, -2.0]
2025-05-16 17:04:32,996 - INFO - Episode 0: Initial distance: 12.71m
2025-05-16 17:04:33,000 - INFO - Episode 0: Target verified with 3 rays
2025-05-16 17:04:42,384 - WARNING - Failed to rotate after movement: Future.join() got an unexpected keyword argument 'timeout'
2025-05-16 17:04:42,585 - WARNING - Episode 0: Step 0 took 9.59s (unusually long)
2025-05-16 17:04:44,646 - WARNING - Failed to rotate after movement: Future.join() got an unexpected keyword argument 'timeout'
2025-05-16 17:04:44,892 - WARNING - Pre-movement check: Obstacle detected on planned path at 1.85m distance
2025-05-16 17:04:44,892 - INFO - Proceeding with movement and will replan if obstacle persists during execution
2025-05-16 17:04:45,007 - WARNING - Obstacle detected at 2.11m during movement execution
2025-05-16 17:04:45,008 - INFO - Obstacle not imminent, continuing with caution
2025-05-16 17:04:45,009 - WARNING - Forward obstacle detected at 1.76m during movement
2025-05-16 17:04:45,010 - INFO - Episode 0: Obstacle detected during movement, triggering immediate replanning
2025-05-16 17:04:45,025 - INFO - Adding newly detected obstacle at [np.float32(-3.62), np.float32(-6.51), np.float32(-1.62)] to planning data
2025-05-16 17:04:45,025 - INFO - Episode 0: Triggering dynamic replanning due to detected obstacle
2025-05-16 17:04:45,029 - INFO - Enhanced planning parameters for obstacle avoidance: safety_margin=5.00, waypoint_count=150, obstacle_priority=5.00
2025-05-16 17:04:45,041 - WARNING - Episode 0: Planned waypoint would lead through obstacle at 1.76m
2025-05-16 17:04:45,042 - INFO - Episode 0: Attempting to generate safer waypoint away from obstacles
2025-05-16 17:04:45,042 - INFO - Episode 0: Generated safety waypoint to retreat from obstacle at direction [np.float64(-0.54), np.float64(0.83), np.float64(-0.15)], distance 0.88m
2025-05-16 17:04:45,043 - INFO - Episode 0: Executing replanned path to avoid obstacle
2025-05-16 17:04:45,043 - WARNING - Waypoint too close (0.88m), extending to minimum distance 1.0m
2025-05-16 17:04:45,282 - WARNING - Forward obstacle detected at 2.15m during movement
2025-05-16 17:04:45,515 - WARNING - Pre-movement check: Obstacle detected on planned path at 2.05m distance
2025-05-16 17:04:45,515 - INFO - Proceeding with movement and will replan if obstacle persists during execution
2025-05-16 17:04:50,519 - WARNING - Movement taking too long, cancelling and replanning
2025-05-16 17:04:50,521 - INFO - Episode 0: Obstacle detected during movement, triggering immediate replanning
2025-05-16 17:04:50,528 - INFO - Adding newly detected obstacle at [-6.65, -7.77, -1.94] to planning data
2025-05-16 17:04:50,528 - INFO - Episode 0: Triggering dynamic replanning due to detected obstacle
2025-05-16 17:04:50,532 - INFO - Enhanced planning parameters for obstacle avoidance: safety_margin=5.00, waypoint_count=150, obstacle_priority=5.00
2025-05-16 17:04:50,548 - WARNING - Episode 0: Planned waypoint would lead through obstacle at 1.50m
2025-05-16 17:04:50,548 - INFO - Episode 0: Attempting to generate safer waypoint away from obstacles
2025-05-16 17:04:50,549 - INFO - Episode 0: Generated safety waypoint to retreat from obstacle at direction [np.float64(0.6), np.float64(0.8), np.float64(0.02)], distance 1.17m
2025-05-16 17:04:50,550 - INFO - Episode 0: Executing replanned path to avoid obstacle
