2025-05-25 22:19:53,132 - INFO - Using random seed: 42
2025-05-25 22:19:53,133 - INFO - Starting experiment with configuration:
2025-05-25 22:19:53,134 - INFO -   num_episodes: 5
2025-05-25 22:19:53,134 - INFO -   target_distance_range: (20.0, 100.0)
2025-05-25 22:19:53,134 - INFO -   random_seed: 42
2025-05-25 22:19:53,135 - INFO -   max_steps_per_episode: 100
2025-05-25 22:19:53,135 - INFO -   output_dir: experiment_results
2025-05-25 22:19:53,136 - INFO -   stuck_timeout: 15.0
2025-05-25 22:19:53,136 - INFO -   stuck_check_interval: 3.0
2025-05-25 22:19:53,136 - INFO -   episode_timeout: 120
2025-05-25 22:19:53,137 - INFO -   precompile_julia: True
2025-05-25 22:19:53,137 - INFO -   zmq_port: 5555
2025-05-25 22:19:53,138 - INFO -   debug_raycasting: False
2025-05-25 22:19:53,138 - INFO -   min_ray_checks: 3
2025-05-25 22:19:53,138 - INFO -   max_ray_checks: 7
2025-05-25 22:19:53,138 - INFO -   visualize_raycasts: False
2025-05-25 22:19:53,138 - INFO -   visualization_duration: 60.0
2025-05-25 22:20:01,554 - INFO - System information collected and saved
2025-05-25 22:20:01,568 - INFO - AirSim connection established successfully
2025-05-25 22:22:04,081 - INFO - Generating pool of 5 valid target locations...
2025-05-25 22:22:04,122 - INFO - Found valid target at [-14.05, -16.86, -6.02], altitude: 6.02m (attempt 1)
2025-05-25 22:22:04,158 - INFO - Found valid target at [23.22, 5.74, -10.33], altitude: 10.33m (attempt 1)
2025-05-25 22:22:04,195 - INFO - Found valid target at [-38.1, 24.68, -5.18], altitude: 5.18m (attempt 1)
2025-05-25 22:22:04,227 - INFO - Found valid target at [-2.89, 20.92, -8.1], altitude: 8.10m (attempt 1)
2025-05-25 22:22:04,264 - INFO - Found valid target at [28.13, -23.79, -17.48], altitude: 17.48m (attempt 1)
2025-05-25 22:22:04,265 - INFO - Generated 5/5 targets in 0.2s (4 attempts)
2025-05-25 22:22:04,265 - INFO - Successfully generated pool of 5 targets in 0.2s
2025-05-25 22:22:04,267 - INFO - Saved pool of 5 targets to experiment_results\experiment_20250525_221953\target_pool.json
2025-05-25 22:22:04,269 - INFO - Starting episode 0 of 5
2025-05-25 22:22:04,270 - INFO - === Starting Episode 0 ===
2025-05-25 22:22:04,278 - INFO - Episode 0: Taking off...
2025-05-25 22:22:09,692 - INFO - Episode 0: Using pre-generated target 0 of 5
2025-05-25 22:22:09,694 - INFO - Episode 0: Initial distance to target: 22.37m
2025-05-25 22:22:09,696 - INFO - Episode 0: Initial position: [0.0, 0.0, -1.67]
2025-05-25 22:22:09,696 - INFO - Episode 0: Target position: [-14.05, -16.86, -6.02]
2025-05-25 22:22:09,696 - INFO - Episode 0: Initial distance: 22.37m
2025-05-25 22:22:09,700 - INFO - Episode 0: Target verified with 3 rays
2025-05-25 22:22:24,869 - WARNING - Episode 0: Step 0 took 15.17s (unusually long)
2025-05-25 22:22:28,354 - WARNING - Collision detected during movement, cancelling task immediately
2025-05-25 22:22:28,356 - INFO - Episode 0: Obstacle detected during movement, triggering immediate replanning
2025-05-25 22:22:28,379 - INFO - Adding newly detected obstacle at [-5.58, -6.02, -2.23] to planning data
2025-05-25 22:22:28,380 - INFO - Episode 0: Putting drone in hover mode before dynamic replanning
2025-05-25 22:22:28,882 - INFO - Episode 0: Triggering dynamic replanning due to detected obstacle
2025-05-25 22:22:28,909 - INFO - Enhanced planning parameters for obstacle avoidance: safety_margin=4.00, waypoint_count=150, obstacle_priority=3.00
2025-05-25 22:22:28,985 - INFO - Episode 0: Executing replanned path to avoid obstacle
2025-05-25 22:22:29,005 - WARNING - Collision detected during movement, cancelling task immediately
2025-05-25 22:22:29,207 - WARNING - Episode 0: Collision detected at step 3
2025-05-25 22:22:29,209 - INFO - Using collision normal for recovery: [0.65, 0.76, 0.00]
2025-05-25 22:22:37,940 - WARNING - Recovery movement timed out after 8.0 seconds
2025-05-25 22:22:37,942 - INFO - Episode 0: Collision recovery successful, moved 4.11m to new position: [-3.09, -3.23, -4.76]
2025-05-25 22:22:41,501 - WARNING - Collision detected during movement, cancelling task immediately
2025-05-25 22:22:41,502 - INFO - Episode 0: Obstacle detected during movement, triggering immediate replanning
2025-05-25 22:22:41,511 - INFO - Adding newly detected obstacle at [-5.58, -6.02, -2.2] to planning data
2025-05-25 22:22:41,511 - INFO - Episode 0: Putting drone in hover mode before dynamic replanning
2025-05-25 22:22:42,014 - INFO - Episode 0: Triggering dynamic replanning due to detected obstacle
2025-05-25 22:22:42,023 - INFO - Enhanced planning parameters for obstacle avoidance: safety_margin=4.00, waypoint_count=150, obstacle_priority=3.00
2025-05-25 22:22:42,039 - INFO - Episode 0: Executing replanned path to avoid obstacle
2025-05-25 22:22:46,651 - WARNING - Episode 0: Step 3 took 17.45s (unusually long)
2025-05-25 22:22:52,653 - WARNING - Episode 0: Step 4 took 6.00s (unusually long)
2025-05-25 22:23:02,488 - INFO - Episode 0: Target reached at step 8
2025-05-25 22:23:02,493 - INFO - Episode 0: Skipping landing process and resetting drone for next episode
2025-05-25 22:23:02,494 - INFO - Episode 0 completed: success
2025-05-25 22:23:02,494 - INFO -   Steps: 8, Duration: 32.57s
2025-05-25 22:23:02,496 - INFO -   Final distance: 1.46m, Collisions: 1
2025-05-25 22:23:02,496 - INFO -   Dynamic replanning events: 2
2025-05-25 22:23:02,566 - INFO - Saved recovery data for episode 0
2025-05-25 22:23:02,567 - INFO - Starting episode 1 of 5
2025-05-25 22:23:02,568 - INFO - === Starting Episode 1 ===
2025-05-25 22:23:02,571 - INFO - Episode 1: Taking off...
2025-05-25 22:23:07,994 - INFO - Episode 1: Using pre-generated target 1 of 5
2025-05-25 22:23:07,995 - INFO - Episode 1: Initial distance to target: 25.43m
2025-05-25 22:23:07,997 - INFO - Episode 1: Initial position: [0.0, 0.0, -1.67]
2025-05-25 22:23:07,997 - INFO - Episode 1: Target position: [23.22, 5.74, -10.33]
2025-05-25 22:23:07,997 - INFO - Episode 1: Initial distance: 25.43m
2025-05-25 22:23:08,001 - INFO - Episode 1: Target verified with 3 rays
2025-05-25 22:23:29,220 - WARNING - Episode 1: Step 5 took 5.53s (unusually long)
2025-05-25 22:23:29,221 - INFO - Episode 1: Target reached at step 6
2025-05-25 22:23:29,225 - INFO - Episode 1: Skipping landing process and resetting drone for next episode
2025-05-25 22:23:29,226 - INFO - Episode 1 completed: success
2025-05-25 22:23:29,226 - INFO -   Steps: 6, Duration: 21.23s
2025-05-25 22:23:29,226 - INFO -   Final distance: 1.21m, Collisions: 0
2025-05-25 22:23:29,227 - INFO -   Dynamic replanning events: 0
2025-05-25 22:23:29,236 - INFO - Saved recovery data for episode 1
2025-05-25 22:23:29,238 - INFO - Starting episode 2 of 5
2025-05-25 22:23:29,238 - INFO - === Starting Episode 2 ===
2025-05-25 22:23:29,242 - INFO - Episode 2: Taking off...
2025-05-25 22:23:34,650 - INFO - Episode 2: Using pre-generated target 2 of 5
2025-05-25 22:23:34,651 - INFO - Episode 2: Initial distance to target: 45.53m
2025-05-25 22:23:34,652 - INFO - Episode 2: Initial position: [0.0, 0.0, -1.67]
2025-05-25 22:23:34,653 - INFO - Episode 2: Target position: [-38.1, 24.68, -5.18]
2025-05-25 22:23:34,653 - INFO - Episode 2: Initial distance: 45.53m
2025-05-25 22:23:34,658 - INFO - Episode 2: Target verified with 3 rays
2025-05-25 22:23:40,500 - WARNING - Episode 2: Step 0 took 5.84s (unusually long)
2025-05-25 22:23:46,154 - WARNING - Episode 2: Step 1 took 5.65s (unusually long)
2025-05-25 22:24:02,444 - WARNING - Collision detected during movement, cancelling task immediately
2025-05-25 22:24:02,445 - INFO - Episode 2: Obstacle detected during movement, triggering immediate replanning
2025-05-25 22:24:02,465 - INFO - Adding newly detected obstacle at [-19.58, 8.11, -2.75] to planning data
2025-05-25 22:24:02,466 - INFO - Episode 2: Putting drone in hover mode before dynamic replanning
2025-05-25 22:24:02,967 - INFO - Episode 2: Triggering dynamic replanning due to detected obstacle
2025-05-25 22:24:02,996 - INFO - Enhanced planning parameters for obstacle avoidance: safety_margin=4.00, waypoint_count=150, obstacle_priority=3.00
2025-05-25 22:24:03,015 - INFO - Episode 2: Executing replanned path to avoid obstacle
2025-05-25 22:24:03,037 - WARNING - Collision detected during movement, cancelling task immediately
2025-05-25 22:24:03,241 - WARNING - Episode 2: Collision detected at step 7
2025-05-25 22:24:03,242 - INFO - Using collision normal for recovery: [0.71, -0.71, 0.00]
2025-05-25 22:24:11,970 - WARNING - Recovery movement timed out after 8.0 seconds
2025-05-25 22:24:11,973 - INFO - Episode 2: Collision recovery successful, moved 4.03m to new position: [-17.18, 5.31, -5.27]
2025-05-25 22:24:15,453 - WARNING - Collision detected during movement, cancelling task immediately
2025-05-25 22:24:15,454 - INFO - Episode 2: Obstacle detected during movement, triggering immediate replanning
2025-05-25 22:24:15,464 - INFO - Adding newly detected obstacle at [-19.62, 8.07, -2.73] to planning data
2025-05-25 22:24:15,465 - INFO - Episode 2: Putting drone in hover mode before dynamic replanning
2025-05-25 22:24:15,966 - INFO - Episode 2: Triggering dynamic replanning due to detected obstacle
2025-05-25 22:24:15,974 - INFO - Enhanced planning parameters for obstacle avoidance: safety_margin=4.00, waypoint_count=150, obstacle_priority=3.00
2025-05-25 22:24:15,986 - INFO - Episode 2: Executing replanned path to avoid obstacle
2025-05-25 22:24:20,851 - WARNING - Episode 2: Step 7 took 17.61s (unusually long)
2025-05-25 22:24:26,774 - WARNING - Episode 2: Step 8 took 5.92s (unusually long)
2025-05-25 22:24:26,776 - WARNING - Episode 2: Collision detected at step 9
2025-05-25 22:24:26,777 - INFO - Using collision normal for recovery: [0.71, -0.71, 0.00]
2025-05-25 22:24:35,508 - WARNING - Recovery movement timed out after 8.0 seconds
2025-05-25 22:24:35,512 - INFO - Episode 2: Collision recovery successful, moved 4.09m to new position: [-17.04, 5.26, -9.88]
2025-05-25 22:24:43,123 - WARNING - Episode 2: Step 9 took 16.35s (unusually long)
2025-05-25 22:24:43,126 - WARNING - Episode 2: Collision detected at step 10
2025-05-25 22:24:43,127 - INFO - Using collision normal for recovery: [0.71, -0.71, 0.00]
2025-05-25 22:24:51,861 - WARNING - Recovery movement timed out after 8.0 seconds
2025-05-25 22:24:51,864 - INFO - Episode 2: Collision recovery successful, moved 4.11m to new position: [-17.15, 5.21, -12.32]
2025-05-25 22:24:55,462 - WARNING - Collision detected during movement, cancelling task immediately
2025-05-25 22:24:55,464 - INFO - Episode 2: Obstacle detected during movement, triggering immediate replanning
2025-05-25 22:24:55,472 - INFO - Adding newly detected obstacle at [-19.62, 8.06, -9.76] to planning data
2025-05-25 22:24:55,472 - INFO - Episode 2: Putting drone in hover mode before dynamic replanning
2025-05-25 22:24:55,974 - INFO - Episode 2: Triggering dynamic replanning due to detected obstacle
2025-05-25 22:24:55,985 - INFO - Enhanced planning parameters for obstacle avoidance: safety_margin=4.00, waypoint_count=150, obstacle_priority=3.00
2025-05-25 22:24:55,997 - INFO - Episode 2: Executing replanned path to avoid obstacle
2025-05-25 22:25:00,808 - WARNING - Episode 2: Step 10 took 17.68s (unusually long)
2025-05-25 22:25:06,980 - WARNING - Episode 2: Step 11 took 6.17s (unusually long)
2025-05-25 22:25:17,912 - WARNING - Episode 2: Collision detected at step 16
2025-05-25 22:25:17,914 - INFO - Using collision normal for recovery: [0.00, -1.00, 0.00]
2025-05-25 22:25:26,645 - WARNING - Recovery movement timed out after 8.0 seconds
2025-05-25 22:25:26,648 - INFO - Episode 2: Collision recovery successful, moved 4.08m to new position: [-30.1, 13.8, -13.22]
2025-05-25 22:25:29,956 - WARNING - Collision detected during movement, cancelling task immediately
2025-05-25 22:25:29,957 - INFO - Episode 2: Obstacle detected during movement, triggering immediate replanning
2025-05-25 22:25:29,964 - INFO - Adding newly detected obstacle at [-30.19, 17.65, -10.65] to planning data
2025-05-25 22:25:29,966 - INFO - Episode 2: Putting drone in hover mode before dynamic replanning
2025-05-25 22:25:30,467 - INFO - Episode 2: Triggering dynamic replanning due to detected obstacle
2025-05-25 22:25:30,477 - INFO - Enhanced planning parameters for obstacle avoidance: safety_margin=4.00, waypoint_count=150, obstacle_priority=3.00
2025-05-25 22:25:30,488 - INFO - Episode 2: Executing replanned path to avoid obstacle
2025-05-25 22:25:35,194 - WARNING - Episode 2: Step 16 took 17.28s (unusually long)
2025-05-25 22:25:41,271 - WARNING - Episode 2: Step 17 took 6.08s (unusually long)
2025-05-25 22:25:45,074 - WARNING - Episode 2: Collision detected at step 19
2025-05-25 22:25:45,075 - INFO - Using collision normal for recovery: [0.00, -1.00, 0.00]
2025-05-25 22:25:53,809 - WARNING - Recovery movement timed out after 8.0 seconds
2025-05-25 22:25:53,812 - INFO - Episode 2: Collision recovery successful, moved 4.09m to new position: [-33.69, 15.1, -14.31]
2025-05-25 22:25:57,096 - WARNING - Collision detected during movement, cancelling task immediately
2025-05-25 22:25:57,098 - INFO - Episode 2: Obstacle detected during movement, triggering immediate replanning
2025-05-25 22:25:57,103 - INFO - Adding newly detected obstacle at [-33.63, 18.91, -11.69] to planning data
2025-05-25 22:25:57,104 - INFO - Episode 2: Putting drone in hover mode before dynamic replanning
2025-05-25 22:25:57,605 - INFO - Episode 2: Triggering dynamic replanning due to detected obstacle
2025-05-25 22:25:57,618 - INFO - Enhanced planning parameters for obstacle avoidance: safety_margin=4.00, waypoint_count=150, obstacle_priority=3.00
2025-05-25 22:25:57,628 - INFO - Episode 2: Executing replanned path to avoid obstacle
2025-05-25 22:26:02,270 - WARNING - Episode 2: Step 19 took 17.20s (unusually long)
2025-05-25 22:26:08,432 - WARNING - Episode 2: Step 20 took 6.16s (unusually long)
2025-05-25 22:26:12,538 - WARNING - Collision detected during movement, cancelling task immediately
2025-05-25 22:26:12,539 - INFO - Episode 2: Obstacle detected during movement, triggering immediate replanning
2025-05-25 22:26:12,552 - INFO - Adding newly detected obstacle at [-35.72, 20.22, -10.86] to planning data
2025-05-25 22:26:12,553 - INFO - Episode 2: Putting drone in hover mode before dynamic replanning
2025-05-25 22:26:13,055 - INFO - Episode 2: Triggering dynamic replanning due to detected obstacle
2025-05-25 22:26:13,067 - INFO - Enhanced planning parameters for obstacle avoidance: safety_margin=4.00, waypoint_count=150, obstacle_priority=3.00
2025-05-25 22:26:13,076 - INFO - Episode 2: Executing replanned path to avoid obstacle
2025-05-25 22:26:13,087 - WARNING - Collision detected during movement, cancelling task immediately
2025-05-25 22:26:22,584 - WARNING - Movement taking too long, cancelling and replanning
2025-05-25 22:26:22,586 - INFO - Episode 2: Obstacle detected during movement, triggering immediate replanning
2025-05-25 22:26:22,594 - INFO - Adding newly detected obstacle at [-37.76, 23.93, -6.2] to planning data
2025-05-25 22:26:22,594 - INFO - Episode 2: Putting drone in hover mode before dynamic replanning
2025-05-25 22:26:23,097 - INFO - Episode 2: Triggering dynamic replanning due to detected obstacle
2025-05-25 22:26:23,106 - INFO - Enhanced planning parameters for obstacle avoidance: safety_margin=4.00, waypoint_count=150, obstacle_priority=3.00
2025-05-25 22:26:23,160 - INFO - Episode 2: Executing replanned path to avoid obstacle
2025-05-25 22:26:32,439 - WARNING - Movement taking too long, cancelling and replanning
2025-05-25 22:26:32,640 - WARNING - Episode 2: Step 23 took 19.35s (unusually long)
2025-05-25 22:26:32,642 - ERROR - Episode 2: Drone stuck for 19.4s (>= 15.0s), aborting episode
2025-05-25 22:26:32,645 - INFO - Episode 2: Skipping landing process and resetting drone for next episode
2025-05-25 22:26:32,646 - INFO - Episode 2 completed: stuck
2025-05-25 22:26:32,647 - INFO -   Steps: 24, Duration: 46.86s
2025-05-25 22:26:32,648 - INFO -   Final distance: 7.48m, Collisions: 5
2025-05-25 22:26:32,648 - INFO -   Dynamic replanning events: 7
2025-05-25 22:26:32,660 - INFO - Saved recovery data for episode 2
2025-05-25 22:26:32,662 - INFO - Starting episode 3 of 5
2025-05-25 22:26:32,662 - INFO - === Starting Episode 3 ===
2025-05-25 22:26:32,667 - INFO - Episode 3: Taking off...
2025-05-25 22:26:38,074 - INFO - Episode 3: Using pre-generated target 3 of 5
2025-05-25 22:26:38,074 - INFO - Episode 3: Initial distance to target: 22.08m
2025-05-25 22:26:38,075 - INFO - Episode 3: Initial position: [0.0, 0.0, -1.67]
2025-05-25 22:26:38,077 - INFO - Episode 3: Target position: [-2.89, 20.92, -8.1]
2025-05-25 22:26:38,077 - INFO - Episode 3: Initial distance: 22.08m
2025-05-25 22:26:38,082 - INFO - Episode 3: Target verified with 3 rays
2025-05-25 22:26:43,938 - WARNING - Episode 3: Step 0 took 5.86s (unusually long)
2025-05-25 22:26:57,252 - INFO - Episode 3: Target reached at step 5
2025-05-25 22:26:57,258 - INFO - Episode 3: Skipping landing process and resetting drone for next episode
2025-05-25 22:26:57,259 - INFO - Episode 3 completed: success
2025-05-25 22:26:57,259 - INFO -   Steps: 5, Duration: 19.18s
2025-05-25 22:26:57,260 - INFO -   Final distance: 1.11m, Collisions: 0
2025-05-25 22:26:57,261 - INFO -   Dynamic replanning events: 0
2025-05-25 22:26:57,273 - INFO - Saved recovery data for episode 3
2025-05-25 22:26:57,274 - INFO - Starting episode 4 of 5
2025-05-25 22:26:57,275 - INFO - === Starting Episode 4 ===
2025-05-25 22:26:57,279 - INFO - Episode 4: Taking off...
2025-05-25 22:27:02,687 - INFO - Episode 4: Using pre-generated target 4 of 5
2025-05-25 22:27:02,687 - INFO - Episode 4: Initial distance to target: 40.10m
2025-05-25 22:27:02,688 - INFO - Episode 4: Initial position: [0.0, 0.0, -1.67]
2025-05-25 22:27:02,688 - INFO - Episode 4: Target position: [28.13, -23.79, -17.48]
2025-05-25 22:27:02,689 - INFO - Episode 4: Initial distance: 40.10m
2025-05-25 22:27:02,693 - INFO - Episode 4: Target verified with 3 rays
2025-05-25 22:27:16,333 - WARNING - Episode 4: Step 3 took 5.96s (unusually long)
2025-05-25 22:27:21,560 - WARNING - Episode 4: Step 4 took 5.23s (unusually long)
2025-05-25 22:27:25,811 - WARNING - Collision detected during movement, cancelling task immediately
2025-05-25 22:27:25,812 - INFO - Episode 4: Obstacle detected during movement, triggering immediate replanning
2025-05-25 22:27:25,819 - INFO - Adding newly detected obstacle at [15.51, -10.26, -5.77] to planning data
2025-05-25 22:27:25,819 - INFO - Episode 4: Putting drone in hover mode before dynamic replanning
2025-05-25 22:27:26,321 - INFO - Episode 4: Triggering dynamic replanning due to detected obstacle
2025-05-25 22:27:26,341 - INFO - Enhanced planning parameters for obstacle avoidance: safety_margin=4.00, waypoint_count=150, obstacle_priority=3.00
2025-05-25 22:27:26,350 - INFO - Episode 4: Executing replanned path to avoid obstacle
2025-05-25 22:27:26,357 - WARNING - Collision detected during movement, cancelling task immediately
2025-05-25 22:27:26,560 - WARNING - Episode 4: Collision detected at step 7
2025-05-25 22:27:26,561 - INFO - Using collision normal for recovery: [-0.50, 0.87, 0.00]
2025-05-25 22:27:35,288 - WARNING - Recovery movement timed out after 8.0 seconds
2025-05-25 22:27:35,290 - INFO - Episode 4: Collision recovery successful, moved 4.06m to new position: [13.87, -6.94, -8.29]
2025-05-25 22:27:38,766 - WARNING - Collision detected during movement, cancelling task immediately
2025-05-25 22:27:38,768 - INFO - Episode 4: Obstacle detected during movement, triggering immediate replanning
2025-05-25 22:27:38,772 - INFO - Adding newly detected obstacle at [15.5, -10.27, -5.75] to planning data
2025-05-25 22:27:38,773 - INFO - Episode 4: Putting drone in hover mode before dynamic replanning
2025-05-25 22:27:39,274 - INFO - Episode 4: Triggering dynamic replanning due to detected obstacle
2025-05-25 22:27:39,290 - INFO - Enhanced planning parameters for obstacle avoidance: safety_margin=4.00, waypoint_count=150, obstacle_priority=3.00
2025-05-25 22:27:39,303 - INFO - Episode 4: Executing replanned path to avoid obstacle
2025-05-25 22:27:43,082 - WARNING - Episode 4: Step 7 took 16.52s (unusually long)
2025-05-25 22:27:48,161 - WARNING - Episode 4: Step 8 took 5.08s (unusually long)
2025-05-25 22:28:01,858 - INFO - Episode 4: Target reached at step 13
2025-05-25 22:28:01,862 - INFO - Episode 4: Skipping landing process and resetting drone for next episode
2025-05-25 22:28:01,863 - INFO - Episode 4 completed: success
2025-05-25 22:28:01,863 - INFO -   Steps: 13, Duration: 34.59s
2025-05-25 22:28:01,864 - INFO -   Final distance: 1.27m, Collisions: 1
2025-05-25 22:28:01,864 - INFO -   Dynamic replanning events: 2
2025-05-25 22:28:01,871 - INFO - Saved recovery data for episode 4
2025-05-25 22:28:05,606 - INFO - Successfully created 13 plots in experiment_results\experiment_20250525_221953\metrics_plots
2025-05-25 22:28:05,607 - INFO - Metrics plots saved to experiment_results\experiment_20250525_221953\metrics_plots
2025-05-25 22:28:05,608 - INFO - Experiment completed successfully, removed recovery data
2025-05-25 22:28:05,609 - INFO - Experiment completed. Results saved to experiment_results\experiment_20250525_221953
