2025-05-13 21:17:45,200 - INFO - Using random seed: 42
2025-05-13 21:17:45,201 - INFO - Starting experiment with configuration:
2025-05-13 21:17:45,202 - INFO -   num_episodes: 10
2025-05-13 21:17:45,202 - INFO -   target_distance_range: (15.0, 50.0)
2025-05-13 21:17:45,202 - INFO -   random_seed: 42
2025-05-13 21:17:45,202 - INFO -   max_steps_per_episode: 100
2025-05-13 21:17:45,203 - INFO -   output_dir: experiment_results
2025-05-13 21:17:45,203 - INFO -   stuck_timeout: 15.0
2025-05-13 21:17:45,203 - INFO -   stuck_check_interval: 3.0
2025-05-13 21:17:45,203 - INFO -   episode_timeout: 120
2025-05-13 21:17:45,203 - INFO -   precompile_julia: True
2025-05-13 21:17:45,203 - INFO -   zmq_port: 5555
2025-05-13 21:17:45,203 - INFO -   debug_raycasting: False
2025-05-13 21:17:45,205 - INFO -   min_ray_checks: 3
2025-05-13 21:17:45,205 - INFO -   max_ray_checks: 7
2025-05-13 21:17:45,205 - INFO -   visualize_raycasts: False
2025-05-13 21:17:45,205 - INFO -   visualization_duration: 60.0
2025-05-13 21:19:23,939 - INFO - === Starting Episode 0 ===
2025-05-13 21:19:23,944 - INFO - Episode 0: Taking off...
2025-05-13 21:19:29,359 - INFO - Target distance range for episode 0: 15.0m - 50.0m
2025-05-13 21:19:29,446 - INFO - Found first valid target at [-8.13, -9.76, -2.0]
2025-05-13 21:19:33,757 - INFO - Phase 2: Found 50 valid targets, focusing on refining these
2025-05-13 21:19:36,146 - INFO - Found 77 valid targets, selecting best with 0.00m clearance
2025-05-13 21:19:36,146 - INFO - Episode 0: Target sampling took 6.79s with 3 rays
2025-05-13 21:19:36,147 - INFO - Episode 0: Initial distance to target: 12.71m
2025-05-13 21:19:36,147 - INFO - Episode 0: Initial position: [0.0, 0.0, -1.67]
2025-05-13 21:19:36,147 - INFO - Episode 0: Target position: [-8.13, -9.76, -2.0]
2025-05-13 21:19:36,148 - INFO - Episode 0: Initial distance: 12.71m
2025-05-13 21:19:36,151 - INFO - Episode 0: Target verified with 3 rays
2025-05-13 21:19:47,014 - WARNING - Episode 0: Step 0 took 10.86s (unusually long)
2025-05-13 21:19:47,053 - WARNING - Pre-movement check: Obstacle detected on planned path at 3.47m distance
2025-05-13 21:19:47,053 - INFO - Proceeding with movement and will replan if obstacle persists during execution
2025-05-13 21:19:49,275 - WARNING - Pre-movement check: Obstacle detected on planned path at 2.93m distance
2025-05-13 21:19:49,276 - INFO - Proceeding with movement and will replan if obstacle persists during execution
2025-05-13 21:19:49,396 - WARNING - Obstacle detected at 2.32m during movement execution
2025-05-13 21:19:49,397 - INFO - Episode 0: Obstacle detected during movement, triggering immediate replanning
2025-05-13 21:19:49,411 - INFO - Episode 0: Triggering dynamic replanning due to detected obstacle
2025-05-13 21:19:49,413 - INFO - Enhanced planning parameters for obstacle avoidance: safety_margin=3.75, waypoint_count=112, obstacle_priority=3.75
2025-05-13 21:19:49,424 - WARNING - Episode 0: Planned waypoint would lead through obstacle at 7.08m
2025-05-13 21:19:49,425 - INFO - Episode 0: Attempting to generate safer waypoint away from obstacles
2025-05-13 21:19:49,425 - INFO - Episode 0: Generated safety waypoint to retreat from obstacle at direction [np.float64(1.0), np.float64(-0.07), np.float64(-0.04)], distance 3.00m
2025-05-13 21:19:49,425 - INFO - Episode 0: Executing replanned path to avoid obstacle
2025-05-13 21:19:49,661 - WARNING - Obstacle detected at 2.77m during movement execution
2025-05-13 21:19:49,898 - WARNING - Pre-movement check: Obstacle detected on planned path at 1.18m distance
2025-05-13 21:19:49,899 - INFO - Proceeding with movement and will replan if obstacle persists during execution
2025-05-13 21:19:50,024 - WARNING - Obstacle detected at 3.22m during movement execution
2025-05-13 21:19:50,025 - INFO - Episode 0: Obstacle detected during movement, triggering immediate replanning
2025-05-13 21:19:50,046 - INFO - Adding newly detected obstacle at [np.float32(-7.69), np.float32(-4.47), np.float32(-1.49)] to planning data
2025-05-13 21:19:50,047 - INFO - Episode 0: Triggering dynamic replanning due to detected obstacle
2025-05-13 21:19:50,050 - INFO - Enhanced planning parameters for obstacle avoidance: safety_margin=3.75, waypoint_count=112, obstacle_priority=3.75
2025-05-13 21:19:50,059 - INFO - Episode 0: Executing replanned path to avoid obstacle
2025-05-13 21:19:59,059 - WARNING - Movement taking too long, cancelling and replanning
2025-05-13 21:19:59,261 - WARNING - Episode 0: Step 3 took 9.40s (unusually long)
2025-05-13 21:19:59,263 - WARNING - Episode 0: Collision detected at step 4
2025-05-13 21:19:59,424 - WARNING - Obstacle detected at 4.86m during movement execution
2025-05-13 21:19:59,426 - INFO - Episode 0: Obstacle detected during movement, triggering immediate replanning
2025-05-13 21:19:59,447 - INFO - Episode 0: Triggering dynamic replanning due to detected obstacle
2025-05-13 21:19:59,449 - INFO - Enhanced planning parameters for obstacle avoidance: safety_margin=3.75, waypoint_count=112, obstacle_priority=3.00
2025-05-13 21:19:59,466 - WARNING - Episode 0: Planned waypoint would lead through obstacle at 3.72m
2025-05-13 21:19:59,467 - INFO - Episode 0: Attempting to generate safer waypoint away from obstacles
2025-05-13 21:19:59,467 - INFO - Episode 0: Generated safety waypoint to retreat from obstacle at direction [np.float64(0.99), np.float64(-0.07), np.float64(-0.12)], distance 1.86m
2025-05-13 21:19:59,468 - INFO - Episode 0: Executing replanned path to avoid obstacle
2025-05-13 21:19:59,719 - WARNING - Obstacle detected at 2.45m during movement execution
2025-05-13 21:19:59,923 - WARNING - Episode 0: Collision detected at step 5
2025-05-13 21:19:59,966 - WARNING - Pre-movement check: Obstacle detected on planned path at 4.65m distance
2025-05-13 21:19:59,966 - INFO - Proceeding with movement and will replan if obstacle persists during execution
2025-05-13 21:20:07,759 - WARNING - Movement taking too long, cancelling and replanning
2025-05-13 21:20:07,759 - INFO - Episode 0: Obstacle detected during movement, triggering immediate replanning
2025-05-13 21:20:07,770 - INFO - Adding newly detected obstacle at [-9.91, -8.02, -1.78] to planning data
2025-05-13 21:20:07,770 - INFO - Episode 0: Triggering dynamic replanning due to detected obstacle
2025-05-13 21:20:07,771 - INFO - Enhanced planning parameters for obstacle avoidance: safety_margin=3.75, waypoint_count=112, obstacle_priority=3.00
2025-05-13 21:20:07,786 - WARNING - Episode 0: Planned waypoint would lead through obstacle at 2.59m
2025-05-13 21:20:07,786 - INFO - Episode 0: Attempting to generate safer waypoint away from obstacles
2025-05-13 21:20:07,787 - INFO - Episode 0: Generated safety waypoint to retreat from obstacle at direction [np.float64(0.95), np.float64(0.32), np.float64(-0.01)], distance 2.58m
2025-05-13 21:20:07,787 - INFO - Episode 0: Executing replanned path to avoid obstacle
2025-05-13 21:20:08,034 - WARNING - Obstacle detected at 2.85m during movement execution
2025-05-13 21:20:08,237 - WARNING - Episode 0: Step 5 took 8.32s (unusually long)
2025-05-13 21:20:08,239 - WARNING - Episode 0: Collision detected at step 6
2025-05-13 21:20:08,278 - WARNING - Pre-movement check: Obstacle detected on planned path at 2.83m distance
2025-05-13 21:20:08,279 - INFO - Proceeding with movement and will replan if obstacle persists during execution
2025-05-13 21:20:15,934 - WARNING - Movement taking too long, cancelling and replanning
2025-05-13 21:20:15,936 - INFO - Episode 0: Obstacle detected during movement, triggering immediate replanning
2025-05-13 21:20:15,949 - INFO - Adding newly detected obstacle at [-9.78, -8.14, -1.79] to planning data
2025-05-13 21:20:15,949 - INFO - Episode 0: Triggering dynamic replanning due to detected obstacle
2025-05-13 21:20:15,954 - INFO - Enhanced planning parameters for obstacle avoidance: safety_margin=3.75, waypoint_count=112, obstacle_priority=3.00
2025-05-13 21:20:15,972 - WARNING - Episode 0: Planned waypoint would lead through obstacle at 2.55m
2025-05-13 21:20:15,972 - INFO - Episode 0: Attempting to generate safer waypoint away from obstacles
2025-05-13 21:20:15,973 - INFO - Episode 0: Generated safety waypoint to retreat from obstacle at direction [np.float64(0.94), np.float64(0.35), np.float64(-0.0)], distance 2.55m
2025-05-13 21:20:15,974 - INFO - Episode 0: Executing replanned path to avoid obstacle
2025-05-13 21:20:16,219 - WARNING - Obstacle detected at 2.86m during movement execution
2025-05-13 21:20:16,421 - WARNING - Episode 0: Step 6 took 8.18s (unusually long)
2025-05-13 21:20:16,423 - ERROR - Episode 0: Drone stuck for 17.2s (>= 15.0s), aborting episode
2025-05-13 21:20:25,010 - INFO - Episode 0 completed: stuck
2025-05-13 21:20:25,011 - INFO -   Steps: 7, Duration: 40.28s
2025-05-13 21:20:25,012 - INFO -   Final distance: 4.68m, Collisions: 3
2025-05-13 21:20:25,012 - INFO -   Dynamic replanning events: 5
2025-05-13 21:20:25,055 - INFO - === Starting Episode 1 ===
2025-05-13 21:20:25,060 - INFO - Episode 1: Taking off...
2025-05-13 21:20:30,474 - INFO - Target distance range for episode 1: 15.5m - 38.5m
2025-05-13 21:20:30,569 - INFO - Found first valid target at [15.69, 3.88, -2.0]
2025-05-13 21:20:35,069 - INFO - Phase 2: Found 50 valid targets, focusing on refining these
2025-05-13 21:20:37,466 - INFO - Found 77 valid targets, selecting best with 0.00m clearance
2025-05-13 21:20:37,466 - INFO - Episode 1: Target sampling took 6.99s with 3 rays
2025-05-13 21:20:37,467 - INFO - Episode 1: Initial distance to target: 16.17m
2025-05-13 21:20:37,467 - INFO - Episode 1: Initial position: [0.0, 0.0, -1.67]
2025-05-13 21:20:37,467 - INFO - Episode 1: Target position: [15.69, 3.88, -2.0]
2025-05-13 21:20:37,468 - INFO - Episode 1: Initial distance: 16.17m
2025-05-13 21:20:37,471 - INFO - Episode 1: Target verified with 3 rays
2025-05-13 21:20:42,435 - WARNING - Pre-movement check: Obstacle detected on planned path at 1.54m distance
2025-05-13 21:20:42,436 - INFO - Proceeding with movement and will replan if obstacle persists during execution
2025-05-13 21:20:42,555 - WARNING - Obstacle detected at 2.37m during movement execution
2025-05-13 21:20:42,556 - INFO - Episode 1: Obstacle detected during movement, triggering immediate replanning
2025-05-13 21:20:42,571 - INFO - Adding newly detected obstacle at [np.float32(7.83), np.float32(-0.39), np.float32(-1.63)] to planning data
2025-05-13 21:20:42,571 - INFO - Episode 1: Triggering dynamic replanning due to detected obstacle
2025-05-13 21:20:42,574 - INFO - Enhanced planning parameters for obstacle avoidance: safety_margin=3.75, waypoint_count=112, obstacle_priority=3.75
2025-05-13 21:20:42,589 - WARNING - Episode 1: Planned waypoint would lead through obstacle at 2.37m
2025-05-13 21:20:42,589 - INFO - Episode 1: Attempting to generate safer waypoint away from obstacles
2025-05-13 21:20:42,589 - INFO - Episode 1: Generated safety waypoint to retreat from obstacle at direction [np.float64(-0.5), np.float64(0.86), np.float64(-0.11)], distance 1.18m
2025-05-13 21:20:42,591 - INFO - Episode 1: Executing replanned path to avoid obstacle
2025-05-13 21:20:42,936 - WARNING - Obstacle detected at 2.32m during movement execution
2025-05-13 21:20:43,187 - WARNING - Pre-movement check: Obstacle detected on planned path at 0.68m distance
2025-05-13 21:20:43,187 - INFO - Proceeding with movement and will replan if obstacle persists during execution
2025-05-13 21:20:45,701 - WARNING - Pre-movement check: Obstacle detected on planned path at 2.16m distance
2025-05-13 21:20:45,701 - INFO - Proceeding with movement and will replan if obstacle persists during execution
2025-05-13 21:20:45,821 - WARNING - Obstacle detected at 0.70m during movement execution
2025-05-13 21:20:45,823 - INFO - Episode 1: Obstacle detected during movement, triggering immediate replanning
2025-05-13 21:20:45,839 - INFO - Adding newly detected obstacle at [np.float32(11.21), np.float32(2.21), np.float32(-1.75)] to planning data
2025-05-13 21:20:45,839 - INFO - Episode 1: Triggering dynamic replanning due to detected obstacle
2025-05-13 21:20:45,843 - INFO - Enhanced planning parameters for obstacle avoidance: safety_margin=3.75, waypoint_count=112, obstacle_priority=3.75
2025-05-13 21:20:45,856 - WARNING - Episode 1: Planned waypoint would lead through obstacle at 1.92m
2025-05-13 21:20:45,856 - INFO - Episode 1: Attempting to generate safer waypoint away from obstacles
2025-05-13 21:20:45,857 - INFO - Episode 1: Generated safety waypoint to retreat from obstacle at direction [np.float64(-0.47), np.float64(0.87), np.float64(-0.13)], distance 0.96m
2025-05-13 21:20:45,857 - INFO - Episode 1: Executing replanned path to avoid obstacle
2025-05-13 21:20:45,858 - WARNING - Waypoint too close (0.96m), extending to minimum distance 1.0m
2025-05-13 21:20:45,873 - WARNING - Pre-movement check: Obstacle detected on planned path at 2.14m distance
2025-05-13 21:20:45,873 - INFO - Proceeding with movement and will replan if obstacle persists during execution
2025-05-13 21:20:46,092 - WARNING - Obstacle detected at 1.12m during movement execution
2025-05-13 21:20:46,333 - WARNING - Pre-movement check: Obstacle detected on planned path at 1.85m distance
2025-05-13 21:20:46,334 - INFO - Proceeding with movement and will replan if obstacle persists during execution
2025-05-13 21:20:48,579 - WARNING - Obstacle detected at 1.64m during movement execution
2025-05-13 21:20:48,581 - INFO - Episode 1: Obstacle detected during movement, triggering immediate replanning
2025-05-13 21:20:48,595 - INFO - Adding newly detected obstacle at [np.float32(14.74), np.float32(1.51), np.float32(-1.71)] to planning data
2025-05-13 21:20:48,596 - INFO - Episode 1: Triggering dynamic replanning due to detected obstacle
2025-05-13 21:20:48,597 - INFO - Enhanced planning parameters for obstacle avoidance: safety_margin=3.75, waypoint_count=112, obstacle_priority=3.00
2025-05-13 21:20:48,609 - INFO - Episode 1: Executing replanned path to avoid obstacle
2025-05-13 21:20:49,276 - WARNING - Obstacle detected at 1.71m during movement execution
2025-05-13 21:20:49,479 - INFO - Episode 1: Target reached at step 6
2025-05-13 21:20:49,693 - INFO - Episode 1 completed: success
2025-05-13 21:20:49,694 - INFO -   Steps: 6, Duration: 12.01s
2025-05-13 21:20:49,694 - INFO -   Final distance: 1.08m, Collisions: 0
2025-05-13 21:20:49,694 - INFO -   Dynamic replanning events: 3
2025-05-13 21:20:49,701 - INFO - === Starting Episode 2 ===
2025-05-13 21:20:49,705 - INFO - Episode 2: Taking off...
2025-05-13 21:20:55,115 - INFO - Target distance range for episode 2: 16.0m - 42.0m
2025-05-13 21:20:55,203 - INFO - Found first valid target at [-25.67, 16.62, -2.0]
2025-05-13 21:20:59,587 - INFO - Phase 2: Found 50 valid targets, focusing on refining these
2025-05-13 21:21:01,954 - INFO - Found 77 valid targets, selecting best with 0.00m clearance
2025-05-13 21:21:01,955 - INFO - Episode 2: Target sampling took 6.84s with 3 rays
2025-05-13 21:21:01,955 - INFO - Episode 2: Initial distance to target: 30.58m
2025-05-13 21:21:01,955 - INFO - Episode 2: Initial position: [0.0, 0.0, -1.67]
2025-05-13 21:21:01,955 - INFO - Episode 2: Target position: [-25.67, 16.62, -2.0]
2025-05-13 21:21:01,956 - INFO - Episode 2: Initial distance: 30.58m
2025-05-13 21:21:01,959 - INFO - Episode 2: Target verified with 3 rays
2025-05-13 21:21:06,886 - WARNING - Pre-movement check: Obstacle detected on planned path at 2.40m distance
2025-05-13 21:21:06,886 - INFO - Proceeding with movement and will replan if obstacle persists during execution
2025-05-13 21:21:07,434 - WARNING - Obstacle detected at 2.03m during movement execution
2025-05-13 21:21:07,435 - INFO - Episode 2: Obstacle detected during movement, triggering immediate replanning
2025-05-13 21:21:07,449 - INFO - Episode 2: Triggering dynamic replanning due to detected obstacle
2025-05-13 21:21:07,452 - INFO - Enhanced planning parameters for obstacle avoidance: safety_margin=3.75, waypoint_count=112, obstacle_priority=3.75
2025-05-13 21:21:07,465 - INFO - Episode 2: Executing replanned path to avoid obstacle
2025-05-13 21:21:14,381 - WARNING - Obstacle detected at 2.43m during movement execution
2025-05-13 21:21:14,382 - INFO - Episode 2: Obstacle detected during movement, triggering immediate replanning
2025-05-13 21:21:14,397 - INFO - Episode 2: Triggering dynamic replanning due to detected obstacle
2025-05-13 21:21:14,399 - INFO - Enhanced planning parameters for obstacle avoidance: safety_margin=3.75, waypoint_count=112, obstacle_priority=3.75
2025-05-13 21:21:14,413 - INFO - Episode 2: Executing replanned path to avoid obstacle
2025-05-13 21:21:16,889 - WARNING - Forward obstacle detected at 1.84m during movement
2025-05-13 21:21:17,092 - WARNING - Episode 2: Collision detected at step 6
2025-05-13 21:21:22,133 - WARNING - Movement taking too long, cancelling and replanning
2025-05-13 21:21:22,134 - INFO - Episode 2: Obstacle detected during movement, triggering immediate replanning
2025-05-13 21:21:22,149 - INFO - Adding newly detected obstacle at [-13.63, 8.82, -6.5] to planning data
2025-05-13 21:21:22,149 - INFO - Episode 2: Triggering dynamic replanning due to detected obstacle
2025-05-13 21:21:22,154 - INFO - Enhanced planning parameters for obstacle avoidance: safety_margin=3.75, waypoint_count=112, obstacle_priority=3.75
