2025-05-11 18:46:26,729 - INFO - Using random seed: 42
2025-05-11 18:46:26,730 - INFO - Starting experiment with configuration:
2025-05-11 18:46:26,731 - INFO -   num_episodes: 10
2025-05-11 18:46:26,731 - INFO -   target_distance_range: (15.0, 50.0)
2025-05-11 18:46:26,731 - INFO -   random_seed: 42
2025-05-11 18:46:26,731 - INFO -   max_steps_per_episode: 100
2025-05-11 18:46:26,731 - INFO -   output_dir: experiment_results
2025-05-11 18:46:26,732 - INFO -   stuck_timeout: 15.0
2025-05-11 18:46:26,732 - INFO -   stuck_check_interval: 3.0
2025-05-11 18:46:26,732 - INFO -   episode_timeout: 120
2025-05-11 18:46:26,732 - INFO -   precompile_julia: True
2025-05-11 18:46:26,733 - INFO -   zmq_port: 5555
2025-05-11 18:46:26,733 - INFO -   debug_raycasting: False
2025-05-11 18:46:26,733 - INFO -   min_ray_checks: 3
2025-05-11 18:46:26,733 - INFO -   max_ray_checks: 7
2025-05-11 18:46:26,734 - INFO -   visualize_raycasts: False
2025-05-11 18:46:26,734 - INFO -   visualization_duration: 60.0
2025-05-11 18:47:18,379 - INFO - === Starting Episode 0 ===
2025-05-11 18:47:18,383 - INFO - Episode 0: Taking off...
2025-05-11 18:47:23,808 - INFO - Target distance range for episode 0: 15.0m - 50.0m
2025-05-11 18:47:23,906 - INFO - Found first valid target at [-8.13, -9.76, -2.0]
2025-05-11 18:47:28,362 - INFO - Phase 2: Found 50 valid targets, focusing on refining these
2025-05-11 18:47:30,796 - INFO - Found 77 valid targets, selecting best with 0.00m clearance
2025-05-11 18:47:30,797 - INFO - Episode 0: Target sampling took 6.99s with 3 rays
2025-05-11 18:47:30,798 - INFO - Episode 0: Initial position: [0.0, 0.0, -1.67]
2025-05-11 18:47:30,798 - INFO - Episode 0: Target position: [-8.13, -9.76, -2.0]
2025-05-11 18:47:30,798 - INFO - Episode 0: Initial distance: 12.71m
2025-05-11 18:47:30,804 - INFO - Episode 0: Target verified with 3 rays
2025-05-11 18:47:33,460 - WARNING - Obstacle detected on planned path before movement at 3.17m distance
2025-05-11 18:47:33,460 - INFO - Episode 0: Obstacle detected during movement, triggering immediate replanning
2025-05-11 18:47:33,471 - INFO - Episode 0: Triggering dynamic replanning due to detected obstacle
2025-05-11 18:47:33,481 - INFO - Episode 0: Executing replanned path to avoid obstacle
2025-05-11 18:47:33,506 - WARNING - Obstacle detected on planned path before movement at 7.26m distance
2025-05-11 18:47:36,193 - WARNING - Obstacle detected on planned path before movement at 2.47m distance
2025-05-11 18:47:36,194 - INFO - Episode 0: Obstacle detected during movement, triggering immediate replanning
2025-05-11 18:47:36,210 - INFO - Episode 0: Triggering dynamic replanning due to detected obstacle
2025-05-11 18:47:36,227 - INFO - Episode 0: Executing replanned path to avoid obstacle
2025-05-11 18:47:36,242 - WARNING - Obstacle detected on planned path before movement at 2.20m distance
2025-05-11 18:47:36,499 - WARNING - Obstacle detected on planned path before movement at 2.20m distance
2025-05-11 18:47:36,500 - INFO - Episode 0: Obstacle detected during movement, triggering immediate replanning
2025-05-11 18:47:36,516 - INFO - Episode 0: Triggering dynamic replanning due to detected obstacle
2025-05-11 18:47:36,528 - INFO - Episode 0: Executing replanned path to avoid obstacle
2025-05-11 18:47:36,542 - WARNING - Obstacle detected on planned path before movement at 3.21m distance
2025-05-11 18:47:36,786 - WARNING - Obstacle detected on planned path before movement at 2.57m distance
2025-05-11 18:47:36,787 - INFO - Episode 0: Obstacle detected during movement, triggering immediate replanning
2025-05-11 18:47:36,801 - INFO - Episode 0: Triggering dynamic replanning due to detected obstacle
2025-05-11 18:47:36,818 - INFO - Episode 0: Executing replanned path to avoid obstacle
2025-05-11 18:47:36,832 - WARNING - Obstacle detected on planned path before movement at 5.21m distance
2025-05-11 18:47:37,077 - WARNING - Obstacle detected on planned path before movement at 3.11m distance
2025-05-11 18:47:37,078 - INFO - Episode 0: Obstacle detected during movement, triggering immediate replanning
2025-05-11 18:47:37,093 - INFO - Episode 0: Triggering dynamic replanning due to detected obstacle
2025-05-11 18:47:37,109 - INFO - Episode 0: Executing replanned path to avoid obstacle
2025-05-11 18:47:37,126 - WARNING - Obstacle detected on planned path before movement at 3.11m distance
2025-05-11 18:47:42,370 - WARNING - Movement taking too long, cancelling and replanning
2025-05-11 18:47:42,372 - INFO - Episode 0: Obstacle detected during movement, triggering immediate replanning
2025-05-11 18:47:42,385 - INFO - Episode 0: Triggering dynamic replanning due to detected obstacle
2025-05-11 18:47:42,393 - INFO - Episode 0: Executing replanned path to avoid obstacle
