2025-05-12 15:58:52,521 - INFO - Using random seed: 42
2025-05-12 15:58:52,522 - INFO - Starting experiment with configuration:
2025-05-12 15:58:52,522 - INFO -   num_episodes: 10
2025-05-12 15:58:52,523 - INFO -   target_distance_range: (15.0, 50.0)
2025-05-12 15:58:52,523 - INFO -   random_seed: 42
2025-05-12 15:58:52,523 - INFO -   max_steps_per_episode: 100
2025-05-12 15:58:52,523 - INFO -   output_dir: experiment_results
2025-05-12 15:58:52,523 - INFO -   stuck_timeout: 15.0
2025-05-12 15:58:52,523 - INFO -   stuck_check_interval: 3.0
2025-05-12 15:58:52,525 - INFO -   episode_timeout: 120
2025-05-12 15:58:52,525 - INFO -   precompile_julia: True
2025-05-12 15:58:52,525 - INFO -   zmq_port: 5555
2025-05-12 15:58:52,525 - INFO -   debug_raycasting: False
2025-05-12 15:58:52,525 - INFO -   min_ray_checks: 3
2025-05-12 15:58:52,525 - INFO -   max_ray_checks: 7
2025-05-12 15:58:52,525 - INFO -   visualize_raycasts: False
2025-05-12 15:58:52,525 - INFO -   visualization_duration: 60.0
2025-05-12 16:00:11,328 - INFO - === Starting Episode 0 ===
2025-05-12 16:00:11,333 - INFO - Episode 0: Taking off...
2025-05-12 16:00:16,766 - INFO - Target distance range for episode 0: 15.0m - 50.0m
2025-05-12 16:00:16,857 - INFO - Found first valid target at [-8.13, -9.76, -2.0]
2025-05-12 16:00:21,301 - INFO - Phase 2: Found 50 valid targets, focusing on refining these
2025-05-12 16:00:23,742 - INFO - Found 77 valid targets, selecting best with 0.00m clearance
2025-05-12 16:00:23,743 - INFO - Episode 0: Target sampling took 6.98s with 3 rays
2025-05-12 16:00:23,743 - INFO - Episode 0: Initial position: [0.0, 0.0, -1.67]
2025-05-12 16:00:23,744 - INFO - Episode 0: Target position: [-8.13, -9.76, -2.0]
2025-05-12 16:00:23,744 - INFO - Episode 0: Initial distance: 12.71m
2025-05-12 16:00:23,750 - INFO - Episode 0: Target verified with 3 rays
2025-05-12 16:00:32,759 - WARNING - Episode 0: Step 0 took 9.01s (unusually long)
