2025-05-12 17:42:27,865 - INFO - Using random seed: 42
2025-05-12 17:42:27,865 - INFO - Starting experiment with configuration:
2025-05-12 17:42:27,865 - INFO -   num_episodes: 10
2025-05-12 17:42:27,866 - INFO -   target_distance_range: (15.0, 50.0)
2025-05-12 17:42:27,866 - INFO -   random_seed: 42
2025-05-12 17:42:27,866 - INFO -   max_steps_per_episode: 100
2025-05-12 17:42:27,866 - INFO -   output_dir: experiment_results
2025-05-12 17:42:27,866 - INFO -   stuck_timeout: 15.0
2025-05-12 17:42:27,866 - INFO -   stuck_check_interval: 3.0
2025-05-12 17:42:27,866 - INFO -   episode_timeout: 120
2025-05-12 17:42:27,867 - INFO -   precompile_julia: True
2025-05-12 17:42:27,867 - INFO -   zmq_port: 5555
2025-05-12 17:42:27,867 - INFO -   debug_raycasting: False
2025-05-12 17:42:27,868 - INFO -   min_ray_checks: 3
2025-05-12 17:42:27,868 - INFO -   max_ray_checks: 7
2025-05-12 17:42:27,868 - INFO -   visualize_raycasts: False
2025-05-12 17:42:27,868 - INFO -   visualization_duration: 60.0
2025-05-12 17:43:37,143 - INFO - === Starting Episode 0 ===
2025-05-12 17:43:37,148 - INFO - Episode 0: Taking off...
2025-05-12 17:43:42,578 - INFO - Target distance range for episode 0: 15.0m - 50.0m
2025-05-12 17:43:42,676 - INFO - Found first valid target at [-8.13, -9.76, -2.0]
2025-05-12 17:43:46,958 - INFO - Phase 2: Found 50 valid targets, focusing on refining these
2025-05-12 17:43:49,349 - INFO - Found 77 valid targets, selecting best with 0.00m clearance
2025-05-12 17:43:49,349 - INFO - Episode 0: Target sampling took 6.77s with 3 rays
2025-05-12 17:43:49,350 - INFO - Episode 0: Initial distance to target: 12.71m
2025-05-12 17:43:49,350 - INFO - Episode 0: Initial position: [0.0, 0.0, -1.67]
2025-05-12 17:43:49,350 - INFO - Episode 0: Target position: [-8.13, -9.76, -2.0]
2025-05-12 17:43:49,350 - INFO - Episode 0: Initial distance: 12.71m
2025-05-12 17:43:49,354 - INFO - Episode 0: Target verified with 3 rays
2025-05-12 17:43:56,850 - WARNING - Episode 0: Step 0 took 7.50s (unusually long)
2025-05-12 17:43:59,084 - WARNING - Pre-movement check: Obstacle detected on planned path at 2.55m distance
2025-05-12 17:43:59,084 - INFO - Proceeding with movement and will replan if obstacle persists during execution
2025-05-12 17:43:59,200 - WARNING - Obstacle detected at 2.68m during movement execution
2025-05-12 17:43:59,201 - INFO - Episode 0: Obstacle detected during movement, triggering immediate replanning
2025-05-12 17:43:59,208 - INFO - Episode 0: Triggering dynamic replanning due to detected obstacle
2025-05-12 17:43:59,210 - INFO - Enhanced planning parameters for obstacle avoidance: safety_margin=3.75, waypoint_count=112, obstacle_priority=3.75
2025-05-12 17:43:59,217 - WARNING - Episode 0: Planned waypoint would lead through obstacle at 4.75m
2025-05-12 17:43:59,217 - INFO - Episode 0: Attempting to generate safer waypoint away from obstacles
2025-05-12 17:43:59,217 - INFO - Episode 0: Generated safety waypoint to retreat from obstacle at direction [np.float64(0.96), np.float64(-0.27), np.float64(-0.06)], distance 2.37m
2025-05-12 17:43:59,218 - INFO - Episode 0: Executing replanned path to avoid obstacle
2025-05-12 17:43:59,453 - WARNING - Obstacle detected at 2.21m during movement execution
2025-05-12 17:43:59,675 - WARNING - Pre-movement check: Obstacle detected on planned path at 2.65m distance
2025-05-12 17:43:59,676 - INFO - Proceeding with movement and will replan if obstacle persists during execution
2025-05-12 17:43:59,791 - WARNING - Obstacle detected at 2.74m during movement execution
2025-05-12 17:43:59,791 - INFO - Episode 0: Obstacle detected during movement, triggering immediate replanning
2025-05-12 17:43:59,800 - INFO - Episode 0: Triggering dynamic replanning due to detected obstacle
2025-05-12 17:43:59,803 - INFO - Enhanced planning parameters for obstacle avoidance: safety_margin=3.75, waypoint_count=112, obstacle_priority=3.75
2025-05-12 17:43:59,809 - WARNING - Episode 0: Planned waypoint would lead through obstacle at 2.74m
2025-05-12 17:43:59,810 - INFO - Episode 0: Attempting to generate safer waypoint away from obstacles
2025-05-12 17:43:59,810 - INFO - Episode 0: Generated safety waypoint to retreat from obstacle at direction [np.float64(0.87), np.float64(-0.47), np.float64(-0.14)], distance 1.37m
2025-05-12 17:43:59,810 - INFO - Episode 0: Executing replanned path to avoid obstacle
2025-05-12 17:44:00,040 - WARNING - Obstacle detected at 1.57m during movement execution
2025-05-12 17:44:05,273 - WARNING - Movement taking too long, cancelling and replanning
2025-05-12 17:44:05,275 - INFO - Episode 0: Obstacle detected during movement, triggering immediate replanning
2025-05-12 17:44:05,282 - INFO - Adding newly detected obstacle at [-6.58, -8.0, -1.91] to planning data
2025-05-12 17:44:05,282 - INFO - Episode 0: Triggering dynamic replanning due to detected obstacle
2025-05-12 17:44:05,286 - INFO - Enhanced planning parameters for obstacle avoidance: safety_margin=3.75, waypoint_count=112, obstacle_priority=3.75
2025-05-12 17:44:05,301 - WARNING - Episode 0: Planned waypoint would lead through obstacle at 1.50m
2025-05-12 17:44:05,302 - INFO - Episode 0: Attempting to generate safer waypoint away from obstacles
2025-05-12 17:44:05,302 - INFO - Episode 0: Generated safety waypoint to retreat from obstacle at direction [np.float64(0.77), np.float64(0.63), np.float64(0.03)], distance 0.97m
2025-05-12 17:44:05,302 - INFO - Episode 0: Executing replanned path to avoid obstacle
2025-05-12 17:44:05,634 - WARNING - Obstacle detected at 2.10m during movement execution
2025-05-12 17:44:05,835 - WARNING - Episode 0: Step 4 took 5.59s (unusually long)
2025-05-12 17:44:05,837 - WARNING - Episode 0: Collision detected at step 5
2025-05-12 17:44:05,866 - WARNING - Pre-movement check: Obstacle detected on planned path at 2.70m distance
2025-05-12 17:44:05,866 - INFO - Proceeding with movement and will replan if obstacle persists during execution
2025-05-12 17:44:10,991 - WARNING - Movement taking too long, cancelling and replanning
2025-05-12 17:44:10,992 - INFO - Episode 0: Obstacle detected during movement, triggering immediate replanning
2025-05-12 17:44:10,998 - INFO - Adding newly detected obstacle at [-7.52, -9.16, -1.97] to planning data
2025-05-12 17:44:10,998 - INFO - Episode 0: Triggering dynamic replanning due to detected obstacle
2025-05-12 17:44:11,001 - INFO - Enhanced planning parameters for obstacle avoidance: safety_margin=3.75, waypoint_count=112, obstacle_priority=3.00
2025-05-12 17:44:11,008 - WARNING - Episode 0: Planned waypoint would lead through obstacle at 1.71m
2025-05-12 17:44:11,009 - INFO - Episode 0: Attempting to generate safer waypoint away from obstacles
2025-05-12 17:44:11,010 - INFO - Episode 0: Generated safety waypoint to retreat from obstacle at direction [np.float64(0.72), np.float64(0.7), np.float64(0.03)], distance 1.70m
2025-05-12 17:44:11,010 - INFO - Episode 0: Executing replanned path to avoid obstacle
2025-05-12 17:44:11,235 - WARNING - Obstacle detected at 2.41m during movement execution
2025-05-12 17:44:11,437 - WARNING - Episode 0: Step 5 took 5.60s (unusually long)
2025-05-12 17:44:11,439 - WARNING - Episode 0: Collision detected at step 6
2025-05-12 17:44:11,460 - WARNING - Pre-movement check: Obstacle detected on planned path at 4.14m distance
2025-05-12 17:44:11,461 - INFO - Proceeding with movement and will replan if obstacle persists during execution
2025-05-12 17:44:18,518 - WARNING - Movement taking too long, cancelling and replanning
2025-05-12 17:44:18,519 - INFO - Episode 0: Obstacle detected during movement, triggering immediate replanning
2025-05-12 17:44:18,526 - INFO - Adding newly detected obstacle at [-9.54, -8.26, -1.84] to planning data
2025-05-12 17:44:18,526 - INFO - Episode 0: Triggering dynamic replanning due to detected obstacle
2025-05-12 17:44:18,528 - INFO - Enhanced planning parameters for obstacle avoidance: safety_margin=3.75, waypoint_count=112, obstacle_priority=3.00
2025-05-12 17:44:18,536 - WARNING - Episode 0: Planned waypoint would lead through obstacle at 2.35m
2025-05-12 17:44:18,537 - INFO - Episode 0: Attempting to generate safer waypoint away from obstacles
2025-05-12 17:44:18,537 - INFO - Episode 0: Generated safety waypoint to retreat from obstacle at direction [np.float64(0.95), np.float64(0.3), np.float64(-0.0)], distance 2.33m
2025-05-12 17:44:18,537 - INFO - Episode 0: Executing replanned path to avoid obstacle
2025-05-12 17:44:18,766 - WARNING - Obstacle detected at 2.51m during movement execution
2025-05-12 17:44:18,969 - WARNING - Episode 0: Step 6 took 7.53s (unusually long)
2025-05-12 17:44:18,970 - WARNING - Episode 0: No significant movement for 13.1s, attempting recovery maneuver
2025-05-12 17:44:18,971 - INFO - Executing vertical recovery maneuver to position: [-5.09, -6.9, -3.87]
2025-05-12 17:44:18,979 - INFO - Episode 0: Triggering dynamic replanning due to detected obstacle
2025-05-12 17:44:18,981 - INFO - Enhanced planning parameters for obstacle avoidance: safety_margin=3.75, waypoint_count=112, obstacle_priority=3.00
2025-05-12 17:44:19,010 - WARNING - Episode 0: Planned waypoint would lead through obstacle at 2.81m
2025-05-12 17:44:19,011 - INFO - Episode 0: Attempting to generate safer waypoint away from obstacles
2025-05-12 17:44:19,011 - INFO - Episode 0: Generated safety waypoint to retreat from obstacle at direction [np.float64(0.17), np.float64(-0.98), np.float64(-0.13)], distance 1.40m
2025-05-12 17:44:19,022 - WARNING - Pre-movement check: Obstacle detected on planned path at 1.77m distance
2025-05-12 17:44:19,022 - INFO - Proceeding with movement and will replan if obstacle persists during execution
2025-05-12 17:44:21,188 - WARNING - Episode 0: Collision detected at step 7
2025-05-12 17:44:21,213 - WARNING - Pre-movement check: Obstacle detected on planned path at 1.75m distance
2025-05-12 17:44:21,214 - INFO - Proceeding with movement and will replan if obstacle persists during execution
2025-05-12 17:44:21,332 - WARNING - Obstacle detected at 2.37m during movement execution
2025-05-12 17:44:21,332 - INFO - Episode 0: Obstacle detected during movement, triggering immediate replanning
2025-05-12 17:44:21,342 - INFO - Episode 0: Triggering dynamic replanning due to detected obstacle
2025-05-12 17:44:21,345 - INFO - Enhanced planning parameters for obstacle avoidance: safety_margin=3.75, waypoint_count=112, obstacle_priority=3.00
2025-05-12 17:44:21,360 - WARNING - Episode 0: Planned waypoint would lead through obstacle at 2.84m
2025-05-12 17:44:21,360 - INFO - Episode 0: Attempting to generate safer waypoint away from obstacles
2025-05-12 17:44:21,360 - INFO - Episode 0: Generated safety waypoint to retreat from obstacle at direction [np.float64(0.9), np.float64(0.39), np.float64(-0.17)], distance 1.42m
2025-05-12 17:44:21,360 - INFO - Episode 0: Executing replanned path to avoid obstacle
2025-05-12 17:44:21,485 - WARNING - Obstacle detected at 1.55m during movement execution
2025-05-12 17:44:21,708 - WARNING - Pre-movement check: Obstacle detected on planned path at 2.98m distance
2025-05-12 17:44:21,708 - INFO - Proceeding with movement and will replan if obstacle persists during execution
2025-05-12 17:44:21,823 - WARNING - Obstacle detected at 3.11m during movement execution
2025-05-12 17:44:21,825 - INFO - Episode 0: Obstacle detected during movement, triggering immediate replanning
2025-05-12 17:44:21,834 - INFO - Episode 0: Triggering dynamic replanning due to detected obstacle
2025-05-12 17:44:21,838 - INFO - Enhanced planning parameters for obstacle avoidance: safety_margin=3.75, waypoint_count=112, obstacle_priority=3.00
2025-05-12 17:44:21,848 - INFO - Episode 0: Executing replanned path to avoid obstacle
2025-05-12 17:44:21,849 - WARNING - Waypoint too close (0.00m), extending to minimum distance 0.2m
2025-05-12 17:44:21,850 - WARNING - Movement distance effectively zero, creating default movement direction
2025-05-12 17:44:22,192 - WARNING - Pre-movement check: Obstacle detected on planned path at 1.50m distance
2025-05-12 17:44:22,192 - INFO - Proceeding with movement and will replan if obstacle persists during execution
2025-05-12 17:44:22,309 - WARNING - Obstacle detected at 3.07m during movement execution
2025-05-12 17:44:22,310 - INFO - Episode 0: Obstacle detected during movement, triggering immediate replanning
2025-05-12 17:44:22,319 - INFO - Episode 0: Triggering dynamic replanning due to detected obstacle
2025-05-12 17:44:22,321 - INFO - Enhanced planning parameters for obstacle avoidance: safety_margin=3.75, waypoint_count=112, obstacle_priority=3.00
2025-05-12 17:44:22,328 - INFO - Episode 0: Executing replanned path to avoid obstacle
2025-05-12 17:44:22,328 - WARNING - Waypoint too close (0.00m), extending to minimum distance 0.2m
2025-05-12 17:44:22,329 - WARNING - Movement distance effectively zero, creating default movement direction
2025-05-12 17:44:22,338 - WARNING - Pre-movement check: Obstacle detected on planned path at 1.45m distance
2025-05-12 17:44:22,338 - INFO - Proceeding with movement and will replan if obstacle persists during execution
2025-05-12 17:44:22,675 - WARNING - Pre-movement check: Obstacle detected on planned path at 2.24m distance
2025-05-12 17:44:22,676 - INFO - Proceeding with movement and will replan if obstacle persists during execution
2025-05-12 17:44:22,793 - WARNING - Obstacle detected at 2.90m during movement execution
2025-05-12 17:44:22,794 - INFO - Episode 0: Obstacle detected during movement, triggering immediate replanning
2025-05-12 17:44:22,802 - INFO - Episode 0: Triggering dynamic replanning due to detected obstacle
2025-05-12 17:44:22,803 - INFO - Enhanced planning parameters for obstacle avoidance: safety_margin=3.75, waypoint_count=112, obstacle_priority=3.00
2025-05-12 17:44:22,810 - INFO - Episode 0: Executing replanned path to avoid obstacle
2025-05-12 17:44:22,811 - WARNING - Waypoint too close (0.00m), extending to minimum distance 0.2m
2025-05-12 17:44:22,811 - WARNING - Movement distance effectively zero, creating default movement direction
2025-05-12 17:44:23,146 - WARNING - Pre-movement check: Obstacle detected on planned path at 2.70m distance
2025-05-12 17:44:23,147 - INFO - Proceeding with movement and will replan if obstacle persists during execution
2025-05-12 17:44:23,260 - WARNING - Obstacle detected at 1.61m during movement execution
2025-05-12 17:44:23,261 - INFO - Episode 0: Obstacle detected during movement, triggering immediate replanning
2025-05-12 17:44:23,270 - INFO - Episode 0: Triggering dynamic replanning due to detected obstacle
2025-05-12 17:44:23,272 - INFO - Enhanced planning parameters for obstacle avoidance: safety_margin=3.75, waypoint_count=112, obstacle_priority=3.00
2025-05-12 17:44:23,281 - INFO - Episode 0: Executing replanned path to avoid obstacle
2025-05-12 17:44:23,281 - WARNING - Waypoint too close (0.00m), extending to minimum distance 0.2m
2025-05-12 17:44:23,282 - WARNING - Movement distance effectively zero, creating default movement direction
2025-05-12 17:44:23,620 - WARNING - Pre-movement check: Obstacle detected on planned path at 1.28m distance
2025-05-12 17:44:23,620 - INFO - Proceeding with movement and will replan if obstacle persists during execution
2025-05-12 17:44:25,253 - INFO - Episode 0: Target reached at step 13
2025-05-12 17:44:29,206 - INFO - Episode 0 completed: success
2025-05-12 17:44:29,206 - INFO -   Steps: 13, Duration: 35.90s
2025-05-12 17:44:29,206 - INFO -   Final distance: 1.44m, Collisions: 3
2025-05-12 17:44:29,207 - INFO -   Dynamic replanning events: 11
2025-05-12 17:44:29,234 - INFO - === Starting Episode 1 ===
2025-05-12 17:44:29,239 - INFO - Episode 1: Taking off...
2025-05-12 17:44:34,647 - INFO - Target distance range for episode 1: 15.5m - 38.5m
2025-05-12 17:44:34,732 - INFO - Found first valid target at [15.69, 3.88, -2.0]
2025-05-12 17:44:39,061 - INFO - Phase 2: Found 50 valid targets, focusing on refining these
2025-05-12 17:44:41,429 - INFO - Found 77 valid targets, selecting best with 0.00m clearance
2025-05-12 17:44:41,429 - INFO - Episode 1: Target sampling took 6.78s with 3 rays
2025-05-12 17:44:41,430 - INFO - Episode 1: Initial distance to target: 16.17m
2025-05-12 17:44:41,430 - INFO - Episode 1: Initial position: [0.0, 0.0, -1.67]
2025-05-12 17:44:41,430 - INFO - Episode 1: Target position: [15.69, 3.88, -2.0]
2025-05-12 17:44:41,431 - INFO - Episode 1: Initial distance: 16.17m
2025-05-12 17:44:41,436 - INFO - Episode 1: Target verified with 3 rays
2025-05-12 17:44:46,124 - WARNING - Pre-movement check: Obstacle detected on planned path at 2.34m distance
2025-05-12 17:44:46,125 - INFO - Proceeding with movement and will replan if obstacle persists during execution
2025-05-12 17:44:48,360 - WARNING - Pre-movement check: Obstacle detected on planned path at 0.92m distance
2025-05-12 17:44:48,360 - INFO - Proceeding with movement and will replan if obstacle persists during execution
2025-05-12 17:44:48,479 - WARNING - Obstacle detected at 2.36m during movement execution
2025-05-12 17:44:48,479 - INFO - Episode 1: Obstacle detected during movement, triggering immediate replanning
2025-05-12 17:44:48,491 - INFO - Episode 1: Triggering dynamic replanning due to detected obstacle
2025-05-12 17:44:48,494 - INFO - Enhanced planning parameters for obstacle avoidance: safety_margin=3.75, waypoint_count=112, obstacle_priority=3.75
2025-05-12 17:44:48,504 - WARNING - Episode 1: Planned waypoint would lead through obstacle at 2.36m
2025-05-12 17:44:48,505 - INFO - Episode 1: Attempting to generate safer waypoint away from obstacles
2025-05-12 17:44:48,506 - INFO - Episode 1: Generated safety waypoint to retreat from obstacle at direction [np.float64(-0.14), np.float64(0.98), np.float64(-0.1)], distance 1.18m
2025-05-12 17:44:48,506 - INFO - Episode 1: Executing replanned path to avoid obstacle
2025-05-12 17:44:48,517 - WARNING - Pre-movement check: Obstacle detected on planned path at 0.85m distance
2025-05-12 17:44:48,517 - INFO - Proceeding with movement and will replan if obstacle persists during execution
2025-05-12 17:44:48,740 - WARNING - Obstacle detected at 1.33m during movement execution
2025-05-12 17:44:48,967 - WARNING - Pre-movement check: Obstacle detected on planned path at 1.19m distance
2025-05-12 17:44:48,967 - INFO - Proceeding with movement and will replan if obstacle persists during execution
2025-05-12 17:44:51,390 - WARNING - Pre-movement check: Obstacle detected on planned path at 0.71m distance
2025-05-12 17:44:51,391 - INFO - Proceeding with movement and will replan if obstacle persists during execution
2025-05-12 17:44:51,506 - WARNING - Obstacle detected at 1.83m during movement execution
2025-05-12 17:44:51,508 - INFO - Episode 1: Obstacle detected during movement, triggering immediate replanning
2025-05-12 17:44:51,516 - INFO - Episode 1: Triggering dynamic replanning due to detected obstacle
2025-05-12 17:44:51,518 - INFO - Enhanced planning parameters for obstacle avoidance: safety_margin=3.75, waypoint_count=112, obstacle_priority=3.00
2025-05-12 17:44:51,526 - INFO - Episode 1: Executing replanned path to avoid obstacle
2025-05-12 17:44:51,526 - WARNING - Waypoint too close (0.00m), extending to minimum distance 0.2m
2025-05-12 17:44:51,527 - WARNING - Movement distance effectively zero, creating default movement direction
2025-05-12 17:44:51,872 - WARNING - Pre-movement check: Obstacle detected on planned path at 1.66m distance
2025-05-12 17:44:51,873 - INFO - Proceeding with movement and will replan if obstacle persists during execution
2025-05-12 17:44:51,988 - WARNING - Obstacle detected at 0.83m during movement execution
2025-05-12 17:44:51,990 - INFO - Episode 1: Obstacle detected during movement, triggering immediate replanning
2025-05-12 17:44:52,000 - INFO - Episode 1: Triggering dynamic replanning due to detected obstacle
2025-05-12 17:44:52,003 - INFO - Enhanced planning parameters for obstacle avoidance: safety_margin=3.75, waypoint_count=112, obstacle_priority=3.00
2025-05-12 17:44:52,014 - INFO - Episode 1: Executing replanned path to avoid obstacle
2025-05-12 17:44:52,015 - WARNING - Waypoint too close (0.00m), extending to minimum distance 0.2m
2025-05-12 17:44:52,015 - WARNING - Movement distance effectively zero, creating default movement direction
2025-05-12 17:44:52,366 - WARNING - Pre-movement check: Obstacle detected on planned path at 0.44m distance
2025-05-12 17:44:52,367 - INFO - Proceeding with movement and will replan if obstacle persists during execution
2025-05-12 17:44:52,482 - WARNING - Obstacle detected at 1.60m during movement execution
2025-05-12 17:44:52,484 - INFO - Episode 1: Obstacle detected during movement, triggering immediate replanning
2025-05-12 17:44:52,493 - INFO - Episode 1: Triggering dynamic replanning due to detected obstacle
2025-05-12 17:44:52,494 - INFO - Enhanced planning parameters for obstacle avoidance: safety_margin=3.75, waypoint_count=112, obstacle_priority=3.00
2025-05-12 17:44:52,503 - INFO - Episode 1: Executing replanned path to avoid obstacle
2025-05-12 17:44:52,503 - WARNING - Waypoint too close (0.00m), extending to minimum distance 0.2m
2025-05-12 17:44:52,504 - WARNING - Movement distance effectively zero, creating default movement direction
2025-05-12 17:44:52,842 - WARNING - Pre-movement check: Obstacle detected on planned path at 1.19m distance
2025-05-12 17:44:52,843 - INFO - Proceeding with movement and will replan if obstacle persists during execution
2025-05-12 17:44:52,961 - WARNING - Obstacle detected at 1.28m during movement execution
2025-05-12 17:44:52,961 - INFO - Episode 1: Obstacle detected during movement, triggering immediate replanning
2025-05-12 17:44:52,968 - INFO - Episode 1: Triggering dynamic replanning due to detected obstacle
2025-05-12 17:44:52,972 - INFO - Enhanced planning parameters for obstacle avoidance: safety_margin=3.75, waypoint_count=112, obstacle_priority=3.00
2025-05-12 17:44:52,984 - INFO - Episode 1: Executing replanned path to avoid obstacle
2025-05-12 17:44:52,985 - WARNING - Waypoint too close (0.00m), extending to minimum distance 0.2m
2025-05-12 17:44:52,985 - WARNING - Movement distance effectively zero, creating default movement direction
2025-05-12 17:44:52,994 - WARNING - Pre-movement check: Obstacle detected on planned path at 1.55m distance
2025-05-12 17:44:52,995 - INFO - Proceeding with movement and will replan if obstacle persists during execution
2025-05-12 17:44:53,335 - WARNING - Pre-movement check: Obstacle detected on planned path at 1.62m distance
2025-05-12 17:44:53,335 - INFO - Proceeding with movement and will replan if obstacle persists during execution
2025-05-12 17:44:53,562 - WARNING - Obstacle detected at 1.66m during movement execution
2025-05-12 17:44:53,564 - INFO - Episode 1: Obstacle detected during movement, triggering immediate replanning
2025-05-12 17:44:53,572 - INFO - Adding newly detected obstacle at [np.float32(16.07), np.float32(2.02), np.float32(-1.7)] to planning data
2025-05-12 17:44:53,573 - INFO - Episode 1: Triggering dynamic replanning due to detected obstacle
2025-05-12 17:44:53,576 - INFO - Enhanced planning parameters for obstacle avoidance: safety_margin=3.75, waypoint_count=112, obstacle_priority=3.00
2025-05-12 17:44:53,589 - INFO - Episode 1: Executing replanned path to avoid obstacle
2025-05-12 17:44:53,590 - WARNING - Waypoint too close (0.00m), extending to minimum distance 0.2m
2025-05-12 17:44:53,590 - WARNING - Movement distance effectively zero, creating default movement direction
2025-05-12 17:44:53,937 - WARNING - Pre-movement check: Obstacle detected on planned path at 1.79m distance
2025-05-12 17:44:53,937 - INFO - Proceeding with movement and will replan if obstacle persists during execution
2025-05-12 17:44:54,053 - WARNING - Obstacle detected at 0.56m during movement execution
2025-05-12 17:44:54,054 - INFO - Episode 1: Obstacle detected during movement, triggering immediate replanning
2025-05-12 17:44:54,063 - INFO - Episode 1: Triggering dynamic replanning due to detected obstacle
2025-05-12 17:44:54,064 - INFO - Enhanced planning parameters for obstacle avoidance: safety_margin=3.75, waypoint_count=112, obstacle_priority=3.00
2025-05-12 17:44:54,079 - INFO - Episode 1: Executing replanned path to avoid obstacle
2025-05-12 17:44:54,079 - WARNING - Waypoint too close (0.00m), extending to minimum distance 0.2m
2025-05-12 17:44:54,080 - WARNING - Movement distance effectively zero, creating default movement direction
2025-05-12 17:44:54,554 - WARNING - Obstacle detected at 2.01m during movement execution
2025-05-12 17:44:54,555 - INFO - Episode 1: Obstacle detected during movement, triggering immediate replanning
2025-05-12 17:44:54,566 - INFO - Episode 1: Triggering dynamic replanning due to detected obstacle
2025-05-12 17:44:54,570 - INFO - Enhanced planning parameters for obstacle avoidance: safety_margin=3.75, waypoint_count=112, obstacle_priority=3.00
2025-05-12 17:44:54,580 - INFO - Episode 1: Executing replanned path to avoid obstacle
2025-05-12 17:44:54,581 - WARNING - Waypoint too close (0.00m), extending to minimum distance 0.2m
2025-05-12 17:44:54,581 - WARNING - Movement distance effectively zero, creating default movement direction
2025-05-12 17:44:54,930 - WARNING - Pre-movement check: Obstacle detected on planned path at 1.48m distance
2025-05-12 17:44:54,930 - INFO - Proceeding with movement and will replan if obstacle persists during execution
2025-05-12 17:44:55,047 - WARNING - Obstacle detected at 1.13m during movement execution
2025-05-12 17:44:55,048 - INFO - Episode 1: Obstacle detected during movement, triggering immediate replanning
2025-05-12 17:44:55,056 - INFO - Episode 1: Triggering dynamic replanning due to detected obstacle
2025-05-12 17:44:55,059 - INFO - Enhanced planning parameters for obstacle avoidance: safety_margin=3.75, waypoint_count=112, obstacle_priority=3.00
2025-05-12 17:44:55,071 - INFO - Episode 1: Executing replanned path to avoid obstacle
2025-05-12 17:44:55,072 - WARNING - Waypoint too close (0.00m), extending to minimum distance 0.2m
2025-05-12 17:44:55,072 - WARNING - Movement distance effectively zero, creating default movement direction
2025-05-12 17:44:55,415 - WARNING - Pre-movement check: Obstacle detected on planned path at 1.07m distance
2025-05-12 17:44:55,415 - INFO - Proceeding with movement and will replan if obstacle persists during execution
2025-05-12 17:44:56,175 - WARNING - Obstacle detected at 1.19m during movement execution
2025-05-12 17:44:56,175 - INFO - Episode 1: Obstacle detected during movement, triggering immediate replanning
2025-05-12 17:44:56,185 - INFO - Episode 1: Triggering dynamic replanning due to detected obstacle
2025-05-12 17:44:56,188 - INFO - Enhanced planning parameters for obstacle avoidance: safety_margin=3.75, waypoint_count=112, obstacle_priority=3.00
2025-05-12 17:44:56,197 - INFO - Episode 1: Executing replanned path to avoid obstacle
2025-05-12 17:44:56,198 - WARNING - Waypoint too close (0.00m), extending to minimum distance 0.2m
2025-05-12 17:44:56,198 - WARNING - Movement distance effectively zero, creating default movement direction
2025-05-12 17:44:56,552 - WARNING - Pre-movement check: Obstacle detected on planned path at 2.32m distance
2025-05-12 17:44:56,552 - INFO - Proceeding with movement and will replan if obstacle persists during execution
2025-05-12 17:44:58,288 - INFO - Episode 1: Target reached at step 15
2025-05-12 17:45:10,509 - INFO - Episode 1 completed: success
2025-05-12 17:45:10,510 - INFO -   Steps: 15, Duration: 16.86s
2025-05-12 17:45:10,511 - INFO -   Final distance: 0.95m, Collisions: 0
2025-05-12 17:45:10,511 - INFO -   Dynamic replanning events: 10
2025-05-12 17:45:10,520 - INFO - === Starting Episode 2 ===
2025-05-12 17:45:10,523 - INFO - Episode 2: Taking off...
2025-05-12 17:45:15,935 - INFO - Target distance range for episode 2: 16.0m - 42.0m
2025-05-12 17:45:16,024 - INFO - Found first valid target at [-25.67, 16.62, -2.0]
2025-05-12 17:45:20,318 - INFO - Phase 2: Found 50 valid targets, focusing on refining these
2025-05-12 17:45:22,767 - INFO - Found 77 valid targets, selecting best with 0.00m clearance
2025-05-12 17:45:22,767 - INFO - Episode 2: Target sampling took 6.83s with 3 rays
2025-05-12 17:45:22,768 - INFO - Episode 2: Initial distance to target: 30.58m
2025-05-12 17:45:22,768 - INFO - Episode 2: Initial position: [0.0, 0.0, -1.67]
2025-05-12 17:45:22,768 - INFO - Episode 2: Target position: [-25.67, 16.62, -2.0]
2025-05-12 17:45:22,769 - INFO - Episode 2: Initial distance: 30.58m
2025-05-12 17:45:22,772 - INFO - Episode 2: Target verified with 3 rays
2025-05-12 17:45:27,438 - WARNING - Waypoint too close (0.00m), extending to minimum distance 0.2m
2025-05-12 17:45:27,438 - WARNING - Movement distance effectively zero, creating default movement direction
2025-05-12 17:45:27,453 - WARNING - Pre-movement check: Obstacle detected on planned path at 1.49m distance
2025-05-12 17:45:27,453 - INFO - Proceeding with movement and will replan if obstacle persists during execution
2025-05-12 17:45:32,805 - WARNING - Movement taking too long, cancelling and replanning
2025-05-12 17:45:32,806 - INFO - Episode 2: Obstacle detected during movement, triggering immediate replanning
2025-05-12 17:45:32,821 - INFO - Adding newly detected obstacle at [-5.51, 3.55, -2.99] to planning data
2025-05-12 17:45:32,822 - INFO - Episode 2: Triggering dynamic replanning due to detected obstacle
2025-05-12 17:45:32,825 - INFO - Enhanced planning parameters for obstacle avoidance: safety_margin=3.75, waypoint_count=112, obstacle_priority=3.75
2025-05-12 17:45:32,838 - INFO - Episode 2: Executing replanned path to avoid obstacle
2025-05-12 17:45:32,839 - WARNING - Waypoint too close (0.00m), extending to minimum distance 0.2m
2025-05-12 17:45:32,839 - WARNING - Movement distance effectively zero, creating default movement direction
2025-05-12 17:45:33,161 - WARNING - Episode 2: Step 3 took 5.40s (unusually long)
2025-05-12 17:45:35,959 - WARNING - Waypoint too close (0.00m), extending to minimum distance 0.2m
2025-05-12 17:45:35,960 - WARNING - Movement distance effectively zero, creating default movement direction
2025-05-12 17:45:36,763 - WARNING - Obstacle detected at 2.36m during movement execution
2025-05-12 17:45:36,763 - INFO - Episode 2: Obstacle detected during movement, triggering immediate replanning
2025-05-12 17:45:36,777 - INFO - Episode 2: Triggering dynamic replanning due to detected obstacle
2025-05-12 17:45:36,779 - INFO - Enhanced planning parameters for obstacle avoidance: safety_margin=3.75, waypoint_count=112, obstacle_priority=3.75
2025-05-12 17:45:36,788 - INFO - Episode 2: Executing replanned path to avoid obstacle
2025-05-12 17:45:36,789 - WARNING - Waypoint too close (0.00m), extending to minimum distance 0.2m
2025-05-12 17:45:36,789 - WARNING - Movement distance effectively zero, creating default movement direction
2025-05-12 17:45:42,144 - WARNING - Movement taking too long, cancelling and replanning
2025-05-12 17:45:42,146 - INFO - Episode 2: Obstacle detected during movement, triggering immediate replanning
2025-05-12 17:45:42,160 - INFO - Adding newly detected obstacle at [-8.09, 4.32, -3.28] to planning data
2025-05-12 17:45:42,160 - INFO - Episode 2: Triggering dynamic replanning due to detected obstacle
2025-05-12 17:45:42,163 - INFO - Enhanced planning parameters for obstacle avoidance: safety_margin=3.75, waypoint_count=112, obstacle_priority=3.75
2025-05-12 17:45:42,177 - INFO - Episode 2: Executing replanned path to avoid obstacle
2025-05-12 17:45:42,178 - WARNING - Waypoint too close (0.00m), extending to minimum distance 0.2m
2025-05-12 17:45:42,178 - WARNING - Movement distance effectively zero, creating default movement direction
2025-05-12 17:45:42,494 - WARNING - Episode 2: Step 7 took 5.39s (unusually long)
2025-05-12 17:45:45,008 - WARNING - Waypoint too close (0.00m), extending to minimum distance 0.2m
2025-05-12 17:45:45,008 - WARNING - Movement distance effectively zero, creating default movement direction
2025-05-12 17:45:45,358 - WARNING - Pre-movement check: Obstacle detected on planned path at 2.04m distance
2025-05-12 17:45:45,358 - INFO - Proceeding with movement and will replan if obstacle persists during execution
2025-05-12 17:45:46,119 - WARNING - Obstacle detected at 1.41m during movement execution
2025-05-12 17:45:46,120 - INFO - Episode 2: Obstacle detected during movement, triggering immediate replanning
2025-05-12 17:45:46,132 - INFO - Episode 2: Triggering dynamic replanning due to detected obstacle
2025-05-12 17:45:46,135 - INFO - Enhanced planning parameters for obstacle avoidance: safety_margin=3.75, waypoint_count=112, obstacle_priority=3.75
2025-05-12 17:45:46,144 - INFO - Episode 2: Executing replanned path to avoid obstacle
2025-05-12 17:45:46,144 - WARNING - Waypoint too close (0.00m), extending to minimum distance 0.2m
2025-05-12 17:45:46,144 - WARNING - Movement distance effectively zero, creating default movement direction
2025-05-12 17:45:51,501 - WARNING - Movement taking too long, cancelling and replanning
2025-05-12 17:45:51,502 - INFO - Episode 2: Obstacle detected during movement, triggering immediate replanning
2025-05-12 17:45:51,512 - INFO - Adding newly detected obstacle at [-9.71, 5.69, -3.34] to planning data
2025-05-12 17:45:51,512 - INFO - Episode 2: Triggering dynamic replanning due to detected obstacle
2025-05-12 17:45:51,515 - INFO - Enhanced planning parameters for obstacle avoidance: safety_margin=3.75, waypoint_count=112, obstacle_priority=3.75
2025-05-12 17:45:51,525 - INFO - Episode 2: Executing replanned path to avoid obstacle
2025-05-12 17:45:51,526 - WARNING - Waypoint too close (0.00m), extending to minimum distance 0.2m
2025-05-12 17:45:51,526 - WARNING - Movement distance effectively zero, creating default movement direction
2025-05-12 17:45:51,846 - WARNING - Episode 2: Step 11 took 5.39s (unusually long)
2025-05-12 17:45:54,535 - WARNING - Obstacle detected at 2.50m during movement execution
2025-05-12 17:45:54,536 - INFO - Episode 2: Obstacle detected during movement, triggering immediate replanning
2025-05-12 17:45:54,548 - INFO - Episode 2: Triggering dynamic replanning due to detected obstacle
2025-05-12 17:45:54,551 - INFO - Enhanced planning parameters for obstacle avoidance: safety_margin=3.75, waypoint_count=112, obstacle_priority=3.75
2025-05-12 17:45:54,564 - INFO - Episode 2: Executing replanned path to avoid obstacle
2025-05-12 17:45:54,564 - WARNING - Waypoint too close (0.00m), extending to minimum distance 0.2m
2025-05-12 17:45:54,565 - WARNING - Movement distance effectively zero, creating default movement direction
2025-05-12 17:45:55,681 - WARNING - Obstacle detected at 2.45m during movement execution
2025-05-12 17:45:55,682 - INFO - Episode 2: Obstacle detected during movement, triggering immediate replanning
2025-05-12 17:45:55,696 - INFO - Episode 2: Triggering dynamic replanning due to detected obstacle
2025-05-12 17:45:55,700 - INFO - Enhanced planning parameters for obstacle avoidance: safety_margin=3.75, waypoint_count=112, obstacle_priority=3.75
2025-05-12 17:45:55,709 - INFO - Episode 2: Executing replanned path to avoid obstacle
2025-05-12 17:45:55,710 - WARNING - Waypoint too close (0.00m), extending to minimum distance 0.2m
2025-05-12 17:45:55,710 - WARNING - Movement distance effectively zero, creating default movement direction
2025-05-12 17:45:56,614 - WARNING - Obstacle detected at 1.54m during movement execution
2025-05-12 17:45:56,615 - INFO - Episode 2: Obstacle detected during movement, triggering immediate replanning
2025-05-12 17:45:56,629 - INFO - Episode 2: Triggering dynamic replanning due to detected obstacle
2025-05-12 17:45:56,630 - INFO - Enhanced planning parameters for obstacle avoidance: safety_margin=3.75, waypoint_count=112, obstacle_priority=3.75
2025-05-12 17:45:56,641 - INFO - Episode 2: Executing replanned path to avoid obstacle
2025-05-12 17:45:56,642 - WARNING - Waypoint too close (0.00m), extending to minimum distance 0.2m
2025-05-12 17:45:56,642 - WARNING - Movement distance effectively zero, creating default movement direction
2025-05-12 17:46:01,995 - WARNING - Movement taking too long, cancelling and replanning
2025-05-12 17:46:01,996 - INFO - Episode 2: Obstacle detected during movement, triggering immediate replanning
2025-05-12 17:46:02,013 - INFO - Adding newly detected obstacle at [-11.98, 7.53, -3.46] to planning data
2025-05-12 17:46:02,013 - INFO - Episode 2: Triggering dynamic replanning due to detected obstacle
2025-05-12 17:46:02,016 - INFO - Enhanced planning parameters for obstacle avoidance: safety_margin=3.75, waypoint_count=112, obstacle_priority=3.75
2025-05-12 17:46:02,028 - INFO - Episode 2: Executing replanned path to avoid obstacle
2025-05-12 17:46:02,028 - WARNING - Waypoint too close (0.00m), extending to minimum distance 0.2m
2025-05-12 17:46:02,029 - WARNING - Movement distance effectively zero, creating default movement direction
2025-05-12 17:46:02,352 - WARNING - Episode 2: Step 16 took 5.39s (unusually long)
2025-05-12 17:46:05,398 - WARNING - Obstacle detected at 1.36m during movement execution
2025-05-12 17:46:05,398 - INFO - Episode 2: Obstacle detected during movement, triggering immediate replanning
2025-05-12 17:46:05,412 - INFO - Episode 2: Triggering dynamic replanning due to detected obstacle
2025-05-12 17:46:05,413 - INFO - Enhanced planning parameters for obstacle avoidance: safety_margin=3.75, waypoint_count=112, obstacle_priority=3.75
2025-05-12 17:46:05,422 - INFO - Episode 2: Executing replanned path to avoid obstacle
2025-05-12 17:46:05,423 - WARNING - Waypoint too close (0.00m), extending to minimum distance 0.2m
2025-05-12 17:46:05,423 - WARNING - Movement distance effectively zero, creating default movement direction
2025-05-12 17:46:09,524 - WARNING - Obstacle detected at 2.45m during movement execution
2025-05-12 17:46:09,525 - INFO - Episode 2: Obstacle detected during movement, triggering immediate replanning
2025-05-12 17:46:09,540 - INFO - Episode 2: Triggering dynamic replanning due to detected obstacle
2025-05-12 17:46:09,543 - INFO - Enhanced planning parameters for obstacle avoidance: safety_margin=3.75, waypoint_count=112, obstacle_priority=3.75
2025-05-12 17:46:09,554 - INFO - Episode 2: Executing replanned path to avoid obstacle
2025-05-12 17:46:09,554 - WARNING - Waypoint too close (0.00m), extending to minimum distance 0.2m
2025-05-12 17:46:09,555 - WARNING - Movement distance effectively zero, creating default movement direction
2025-05-12 17:46:10,353 - WARNING - Obstacle detected at 2.49m during movement execution
2025-05-12 17:46:10,354 - INFO - Episode 2: Obstacle detected during movement, triggering immediate replanning
2025-05-12 17:46:10,365 - INFO - Episode 2: Triggering dynamic replanning due to detected obstacle
2025-05-12 17:46:10,367 - INFO - Enhanced planning parameters for obstacle avoidance: safety_margin=3.75, waypoint_count=112, obstacle_priority=3.75
2025-05-12 17:46:10,379 - WARNING - Episode 2: Planned waypoint would lead through obstacle at 3.50m
2025-05-12 17:46:10,380 - INFO - Episode 2: Attempting to generate safer waypoint away from obstacles
2025-05-12 17:46:10,380 - INFO - Episode 2: Generated safety waypoint to retreat from obstacle at direction [np.float64(0.89), np.float64(0.45), np.float64(-0.04)], distance 1.75m
2025-05-12 17:46:10,380 - INFO - Episode 2: Executing replanned path to avoid obstacle
2025-05-12 17:46:10,508 - WARNING - Obstacle detected at 1.68m during movement execution
2025-05-12 17:46:15,131 - WARNING - Pre-movement check: Obstacle detected on planned path at 0.88m distance
2025-05-12 17:46:15,131 - INFO - Proceeding with movement and will replan if obstacle persists during execution
2025-05-12 17:46:17,563 - WARNING - Pre-movement check: Obstacle detected on planned path at 1.14m distance
2025-05-12 17:46:17,564 - INFO - Proceeding with movement and will replan if obstacle persists during execution
2025-05-12 17:46:17,688 - WARNING - Obstacle detected at 3.61m during movement execution
2025-05-12 17:46:17,689 - INFO - Episode 2: Obstacle detected during movement, triggering immediate replanning
2025-05-12 17:46:17,703 - INFO - Episode 2: Triggering dynamic replanning due to detected obstacle
2025-05-12 17:46:17,705 - INFO - Enhanced planning parameters for obstacle avoidance: safety_margin=3.75, waypoint_count=112, obstacle_priority=3.00
2025-05-12 17:46:17,716 - WARNING - Episode 2: Planned waypoint would lead through obstacle at 3.61m
2025-05-12 17:46:17,716 - INFO - Episode 2: Attempting to generate safer waypoint away from obstacles
2025-05-12 17:46:17,716 - INFO - Episode 2: Generated safety waypoint to retreat from obstacle at direction [np.float64(0.99), np.float64(0.16), np.float64(-0.07)], distance 1.80m
2025-05-12 17:46:17,717 - INFO - Episode 2: Executing replanned path to avoid obstacle
2025-05-12 17:46:18,690 - WARNING - Obstacle detected at 2.36m during movement execution
2025-05-12 17:46:21,036 - WARNING - Obstacle detected at 0.52m during movement execution
2025-05-12 17:46:21,039 - INFO - Episode 2: Obstacle detected during movement, triggering immediate replanning
2025-05-12 17:46:21,050 - INFO - Episode 2: Triggering dynamic replanning due to detected obstacle
2025-05-12 17:46:21,054 - INFO - Enhanced planning parameters for obstacle avoidance: safety_margin=3.75, waypoint_count=112, obstacle_priority=3.00
2025-05-12 17:46:21,066 - INFO - Episode 2: Executing replanned path to avoid obstacle
2025-05-12 17:46:21,068 - WARNING - Waypoint too close (0.00m), extending to minimum distance 0.2m
2025-05-12 17:46:21,068 - WARNING - Movement distance effectively zero, creating default movement direction
2025-05-12 17:46:21,791 - WARNING - Obstacle detected at 2.12m during movement execution
2025-05-12 17:46:21,793 - INFO - Episode 2: Obstacle detected during movement, triggering immediate replanning
2025-05-12 17:46:21,808 - INFO - Adding newly detected obstacle at [np.float32(-23.49), np.float32(17.92), np.float32(-3.1)] to planning data
2025-05-12 17:46:21,809 - INFO - Episode 2: Triggering dynamic replanning due to detected obstacle
2025-05-12 17:46:21,811 - INFO - Enhanced planning parameters for obstacle avoidance: safety_margin=3.75, waypoint_count=112, obstacle_priority=3.00
2025-05-12 17:46:21,821 - WARNING - Episode 2: Planned waypoint would lead through obstacle at 2.12m
2025-05-12 17:46:21,822 - INFO - Episode 2: Attempting to generate safer waypoint away from obstacles
2025-05-12 17:46:21,822 - INFO - Episode 2: Generated safety waypoint to retreat from obstacle at direction [np.float64(-0.41), np.float64(-0.9), np.float64(-0.13)], distance 1.06m
2025-05-12 17:46:21,823 - INFO - Episode 2: Executing replanned path to avoid obstacle
2025-05-12 17:46:22,404 - WARNING - Obstacle detected at 0.62m during movement execution
2025-05-12 17:46:22,817 - WARNING - Obstacle detected at 0.54m during movement execution
2025-05-12 17:46:22,818 - INFO - Episode 2: Obstacle detected during movement, triggering immediate replanning
2025-05-12 17:46:22,833 - INFO - Episode 2: Triggering dynamic replanning due to detected obstacle
2025-05-12 17:46:22,836 - INFO - Enhanced planning parameters for obstacle avoidance: safety_margin=3.75, waypoint_count=112, obstacle_priority=3.00
2025-05-12 17:46:22,847 - INFO - Episode 2: Executing replanned path to avoid obstacle
2025-05-12 17:46:22,848 - WARNING - Waypoint too close (0.00m), extending to minimum distance 0.2m
2025-05-12 17:46:22,848 - WARNING - Movement distance effectively zero, creating default movement direction
2025-05-12 17:46:22,863 - WARNING - Pre-movement check: Obstacle detected on planned path at 0.54m distance
2025-05-12 17:46:22,863 - INFO - Proceeding with movement and will replan if obstacle persists during execution
2025-05-12 17:46:23,171 - INFO - Episode 2: Target reached at step 29
2025-05-12 17:46:32,008 - INFO - Episode 2 completed: success
2025-05-12 17:46:32,009 - INFO -   Steps: 29, Duration: 60.40s
2025-05-12 17:46:32,009 - INFO -   Final distance: 1.45m, Collisions: 0
2025-05-12 17:46:32,009 - INFO -   Dynamic replanning events: 16
2025-05-12 17:46:32,026 - INFO - === Starting Episode 3 ===
2025-05-12 17:46:32,030 - INFO - Episode 3: Taking off...
2025-05-12 17:46:37,439 - WARNING - Episode 3: Drone altitude too low (0.06), adjusting height
