2025-05-23 10:57:42,500 - INFO - Using random seed: 42
2025-05-23 10:57:42,500 - INFO - Starting experiment with configuration:
2025-05-23 10:57:42,500 - INFO -   num_episodes: 30
2025-05-23 10:57:42,501 - INFO -   target_distance_range: (15.0, 50.0)
2025-05-23 10:57:42,501 - INFO -   random_seed: 42
2025-05-23 10:57:42,501 - INFO -   max_steps_per_episode: 100
2025-05-23 10:57:42,501 - INFO -   output_dir: experiment_results
2025-05-23 10:57:42,502 - INFO -   stuck_timeout: 15.0
2025-05-23 10:57:42,502 - INFO -   stuck_check_interval: 3.0
2025-05-23 10:57:42,502 - INFO -   episode_timeout: 120
2025-05-23 10:57:42,503 - INFO -   precompile_julia: True
2025-05-23 10:57:42,503 - INFO -   zmq_port: 5555
2025-05-23 10:57:42,504 - INFO -   debug_raycasting: False
2025-05-23 10:57:42,504 - INFO -   min_ray_checks: 3
2025-05-23 10:57:42,504 - INFO -   max_ray_checks: 7
2025-05-23 10:57:42,504 - INFO -   visualize_raycasts: False
2025-05-23 10:57:42,504 - INFO -   visualization_duration: 60.0
2025-05-23 10:57:44,968 - INFO - System information collected and saved
2025-05-23 10:57:44,975 - INFO - AirSim connection established successfully
2025-05-23 10:58:22,894 - INFO - Generating pool of 45 valid target locations...
2025-05-23 10:58:22,895 - INFO - Target distance range for episode 0: 15.0m - 50.0m
2025-05-23 10:58:22,895 - WARNING - Sampling target with drone too close to ground (alt: -0.04m)
2025-05-23 10:58:22,895 - INFO - Adjusted sampling position to ensure minimum altitude: [0.0, 0.0, -5.0] (alt: 5.00m)
2025-05-23 10:58:22,989 - INFO - Found first valid target at [-15.77, -18.92, -8.21], altitude: 8.21m
2025-05-23 10:58:24,377 - INFO - Phase 2: Found 16 valid targets, focusing on refining these
2025-05-23 10:58:25,382 - INFO - Found 27 valid targets, selecting best with 0.00m clearance at altitude: 8.21m
2025-05-23 10:58:25,384 - INFO - Target distance range for episode 1: 15.5m - 38.5m
2025-05-23 10:58:25,384 - WARNING - Sampling target with drone too close to ground (alt: -0.04m)
2025-05-23 10:58:25,385 - INFO - Adjusted sampling position to ensure minimum altitude: [0.0, 0.0, -5.0] (alt: 5.00m)
2025-05-23 10:58:25,477 - INFO - Found first valid target at [18.26, 4.51, -6.3], altitude: 6.30m
2025-05-23 10:58:26,847 - INFO - Phase 2: Found 16 valid targets, focusing on refining these
2025-05-23 10:58:27,847 - INFO - Found 27 valid targets, selecting best with 0.00m clearance at altitude: 6.30m
2025-05-23 10:58:27,850 - INFO - Target distance range for episode 2: 16.0m - 42.0m
2025-05-23 10:58:27,850 - WARNING - Sampling target with drone too close to ground (alt: -0.04m)
2025-05-23 10:58:27,850 - INFO - Adjusted sampling position to ensure minimum altitude: [0.0, 0.0, -5.0] (alt: 5.00m)
2025-05-23 10:58:27,943 - INFO - Found first valid target at [-32.24, 20.88, -8.59], altitude: 8.59m
2025-05-23 10:58:29,315 - INFO - Phase 2: Found 16 valid targets, focusing on refining these
2025-05-23 10:58:30,365 - INFO - Found 27 valid targets, selecting best with 0.00m clearance at altitude: 8.59m
2025-05-23 10:58:30,367 - INFO - Target distance range for episode 3: 16.5m - 45.5m
2025-05-23 10:58:30,367 - WARNING - Sampling target with drone too close to ground (alt: -0.04m)
2025-05-23 10:58:30,367 - INFO - Adjusted sampling position to ensure minimum altitude: [0.0, 0.0, -5.0] (alt: 5.00m)
2025-05-23 10:58:30,456 - INFO - Found first valid target at [-2.59, 18.7, -7.29], altitude: 7.29m
2025-05-23 10:58:31,821 - INFO - Phase 2: Found 16 valid targets, focusing on refining these
2025-05-23 10:58:32,806 - INFO - Found 27 valid targets, selecting best with 0.00m clearance at altitude: 7.29m
2025-05-23 10:58:32,810 - INFO - Target distance range for episode 4: 17.0m - 49.0m
2025-05-23 10:58:32,810 - WARNING - Sampling target with drone too close to ground (alt: -0.04m)
2025-05-23 10:58:32,810 - INFO - Adjusted sampling position to ensure minimum altitude: [0.0, 0.0, -5.0] (alt: 5.00m)
2025-05-23 10:58:32,902 - INFO - Found first valid target at [27.36, -23.14, -3.12], altitude: 3.12m
2025-05-23 10:58:34,255 - INFO - Phase 2: Found 16 valid targets, focusing on refining these
2025-05-23 10:58:35,253 - INFO - Found 27 valid targets, selecting best with 0.00m clearance at altitude: 3.12m
2025-05-23 10:58:35,255 - INFO - Target distance range for episode 5: 17.5m - 50.0m
2025-05-23 10:58:35,255 - WARNING - Sampling target with drone too close to ground (alt: -0.04m)
2025-05-23 10:58:35,255 - INFO - Adjusted sampling position to ensure minimum altitude: [0.0, 0.0, -5.0] (alt: 5.00m)
2025-05-23 10:58:35,353 - INFO - Found first valid target at [-19.25, 25.86, -7.25], altitude: 7.25m
2025-05-23 10:58:36,735 - INFO - Phase 2: Found 16 valid targets, focusing on refining these
2025-05-23 10:58:37,756 - INFO - Found 27 valid targets, selecting best with 0.00m clearance at altitude: 7.25m
2025-05-23 10:58:37,758 - INFO - Target distance range for episode 6: 18.0m - 50.0m
2025-05-23 10:58:37,758 - WARNING - Sampling target with drone too close to ground (alt: -0.04m)
2025-05-23 10:58:37,758 - INFO - Adjusted sampling position to ensure minimum altitude: [0.0, 0.0, -5.0] (alt: 5.00m)
2025-05-23 10:58:37,855 - INFO - Found first valid target at [-38.92, -12.15, -7.58], altitude: 7.58m
2025-05-23 10:58:39,231 - INFO - Phase 2: Found 16 valid targets, focusing on refining these
2025-05-23 10:58:40,263 - INFO - Found 27 valid targets, selecting best with 0.00m clearance at altitude: 7.58m
2025-05-23 10:58:40,264 - INFO - Target distance range for episode 7: 18.5m - 50.0m
2025-05-23 10:58:40,265 - WARNING - Sampling target with drone too close to ground (alt: -0.04m)
2025-05-23 10:58:40,265 - INFO - Adjusted sampling position to ensure minimum altitude: [0.0, 0.0, -5.0] (alt: 5.00m)
2025-05-23 10:58:40,355 - INFO - Found first valid target at [20.07, 8.97, -3.98], altitude: 3.98m
2025-05-23 10:58:41,706 - INFO - Phase 2: Found 16 valid targets, focusing on refining these
2025-05-23 10:58:42,700 - INFO - Found 27 valid targets, selecting best with 0.00m clearance at altitude: 3.98m
2025-05-23 10:58:42,701 - INFO - Target distance range for episode 8: 19.0m - 50.0m
2025-05-23 10:58:42,701 - WARNING - Sampling target with drone too close to ground (alt: -0.04m)
2025-05-23 10:58:42,702 - INFO - Adjusted sampling position to ensure minimum altitude: [0.0, 0.0, -5.0] (alt: 5.00m)
2025-05-23 10:58:42,794 - INFO - Found first valid target at [-38.76, 0.6, -8.06], altitude: 8.06m
2025-05-23 10:58:44,161 - INFO - Phase 2: Found 16 valid targets, focusing on refining these
2025-05-23 10:58:45,160 - INFO - Found 27 valid targets, selecting best with 0.00m clearance at altitude: 8.06m
2025-05-23 10:58:45,161 - INFO - Target distance range for episode 9: 19.5m - 50.0m
2025-05-23 10:58:45,161 - WARNING - Sampling target with drone too close to ground (alt: -0.04m)
2025-05-23 10:58:45,161 - INFO - Adjusted sampling position to ensure minimum altitude: [0.0, 0.0, -5.0] (alt: 5.00m)
2025-05-23 10:58:45,258 - INFO - Found first valid target at [1.0, 24.42, -3.43], altitude: 3.43m
2025-05-23 10:58:46,604 - INFO - Phase 2: Found 16 valid targets, focusing on refining these
2025-05-23 10:58:47,582 - INFO - Found 27 valid targets, selecting best with 0.00m clearance at altitude: 3.43m
2025-05-23 10:58:47,584 - INFO - Generated 10/45 targets in 24.7s (9 attempts)
2025-05-23 10:58:47,584 - INFO - Target distance range for episode 10: 20.0m - 50.0m
2025-05-23 10:58:47,585 - WARNING - Sampling target with drone too close to ground (alt: -0.04m)
2025-05-23 10:58:47,585 - INFO - Adjusted sampling position to ensure minimum altitude: [0.0, 0.0, -5.0] (alt: 5.00m)
2025-05-23 10:58:47,678 - INFO - Found first valid target at [41.38, -5.66, -6.13], altitude: 6.13m
2025-05-23 10:58:49,045 - INFO - Phase 2: Found 16 valid targets, focusing on refining these
2025-05-23 10:58:50,047 - INFO - Found 27 valid targets, selecting best with 0.00m clearance at altitude: 6.13m
2025-05-23 10:58:50,050 - INFO - Target distance range for episode 11: 20.0m - 50.0m
2025-05-23 10:58:50,051 - WARNING - Sampling target with drone too close to ground (alt: -0.04m)
2025-05-23 10:58:50,051 - INFO - Adjusted sampling position to ensure minimum altitude: [0.0, 0.0, -5.0] (alt: 5.00m)
2025-05-23 10:58:50,135 - INFO - Found first valid target at [-24.97, -22.62, -4.31], altitude: 4.31m
2025-05-23 10:58:51,540 - INFO - Phase 2: Found 16 valid targets, focusing on refining these
2025-05-23 10:58:52,540 - INFO - Found 27 valid targets, selecting best with 0.00m clearance at altitude: 4.31m
2025-05-23 10:58:52,541 - INFO - Target distance range for episode 12: 20.0m - 50.0m
2025-05-23 10:58:52,541 - WARNING - Sampling target with drone too close to ground (alt: -0.04m)
2025-05-23 10:58:52,542 - INFO - Adjusted sampling position to ensure minimum altitude: [0.0, 0.0, -5.0] (alt: 5.00m)
2025-05-23 10:58:52,631 - INFO - Found first valid target at [31.41, -18.94, -6.14], altitude: 6.14m
2025-05-23 10:58:53,980 - INFO - Phase 2: Found 16 valid targets, focusing on refining these
2025-05-23 10:58:55,011 - INFO - Found 27 valid targets, selecting best with 0.00m clearance at altitude: 6.14m
2025-05-23 10:58:55,014 - INFO - Target distance range for episode 13: 20.0m - 50.0m
2025-05-23 10:58:55,015 - WARNING - Sampling target with drone too close to ground (alt: -0.04m)
2025-05-23 10:58:55,015 - INFO - Adjusted sampling position to ensure minimum altitude: [0.0, 0.0, -5.0] (alt: 5.00m)
2025-05-23 10:58:55,107 - INFO - Found first valid target at [20.66, 13.17, -4.09], altitude: 4.09m
2025-05-23 10:58:56,469 - INFO - Phase 2: Found 16 valid targets, focusing on refining these
2025-05-23 10:58:57,475 - INFO - Found 27 valid targets, selecting best with 0.00m clearance at altitude: 4.09m
2025-05-23 10:58:57,476 - INFO - Target distance range for episode 14: 20.0m - 50.0m
2025-05-23 10:58:57,476 - WARNING - Sampling target with drone too close to ground (alt: -0.04m)
2025-05-23 10:58:57,476 - INFO - Adjusted sampling position to ensure minimum altitude: [0.0, 0.0, -5.0] (alt: 5.00m)
2025-05-23 10:58:57,565 - INFO - Found first valid target at [33.43, -7.27, -5.81], altitude: 5.81m
2025-05-23 10:58:58,931 - INFO - Phase 2: Found 16 valid targets, focusing on refining these
2025-05-23 10:58:59,945 - INFO - Found 27 valid targets, selecting best with 0.00m clearance at altitude: 5.81m
2025-05-23 10:58:59,947 - INFO - Target distance range for episode 15: 20.0m - 50.0m
2025-05-23 10:58:59,947 - WARNING - Sampling target with drone too close to ground (alt: -0.04m)
2025-05-23 10:58:59,948 - INFO - Adjusted sampling position to ensure minimum altitude: [0.0, 0.0, -5.0] (alt: 5.00m)
2025-05-23 10:59:00,041 - INFO - Found first valid target at [19.85, 5.44, -5.89], altitude: 5.89m
2025-05-23 10:59:01,407 - INFO - Phase 2: Found 16 valid targets, focusing on refining these
2025-05-23 10:59:02,422 - INFO - Found 27 valid targets, selecting best with 0.00m clearance at altitude: 5.89m
2025-05-23 10:59:02,424 - INFO - Target distance range for episode 16: 20.0m - 50.0m
2025-05-23 10:59:02,424 - WARNING - Sampling target with drone too close to ground (alt: -0.04m)
2025-05-23 10:59:02,424 - INFO - Adjusted sampling position to ensure minimum altitude: [0.0, 0.0, -5.0] (alt: 5.00m)
2025-05-23 10:59:02,514 - INFO - Found first valid target at [-34.31, -19.08, -2.43], altitude: 2.43m
2025-05-23 10:59:03,873 - INFO - Phase 2: Found 16 valid targets, focusing on refining these
2025-05-23 10:59:04,873 - INFO - Found 27 valid targets, selecting best with 0.00m clearance at altitude: 2.43m
2025-05-23 10:59:04,876 - INFO - Target distance range for episode 17: 20.0m - 50.0m
2025-05-23 10:59:04,876 - WARNING - Sampling target with drone too close to ground (alt: -0.04m)
2025-05-23 10:59:04,876 - INFO - Adjusted sampling position to ensure minimum altitude: [0.0, 0.0, -5.0] (alt: 5.00m)
2025-05-23 10:59:04,960 - INFO - Found first valid target at [7.81, 47.74, -9.82], altitude: 9.82m
2025-05-23 10:59:06,321 - INFO - Phase 2: Found 16 valid targets, focusing on refining these
2025-05-23 10:59:07,331 - INFO - Found 27 valid targets, selecting best with 0.00m clearance at altitude: 9.82m
2025-05-23 10:59:07,333 - INFO - Target distance range for episode 18: 20.0m - 50.0m
2025-05-23 10:59:07,333 - WARNING - Sampling target with drone too close to ground (alt: -0.04m)
2025-05-23 10:59:07,333 - INFO - Adjusted sampling position to ensure minimum altitude: [0.0, 0.0, -5.0] (alt: 5.00m)
2025-05-23 10:59:07,433 - INFO - Found first valid target at [-9.94, 26.14, -3.54], altitude: 3.54m
2025-05-23 10:59:08,816 - INFO - Phase 2: Found 16 valid targets, focusing on refining these
2025-05-23 10:59:09,857 - INFO - Found 27 valid targets, selecting best with 0.00m clearance at altitude: 3.54m
2025-05-23 10:59:09,859 - INFO - Target distance range for episode 19: 20.0m - 50.0m
2025-05-23 10:59:09,859 - WARNING - Sampling target with drone too close to ground (alt: -0.04m)
2025-05-23 10:59:09,860 - INFO - Adjusted sampling position to ensure minimum altitude: [0.0, 0.0, -5.0] (alt: 5.00m)
2025-05-23 10:59:09,952 - INFO - Found first valid target at [-44.27, 1.53, -7.44], altitude: 7.44m
2025-05-23 10:59:11,359 - INFO - Phase 2: Found 16 valid targets, focusing on refining these
2025-05-23 10:59:12,392 - INFO - Found 27 valid targets, selecting best with 0.00m clearance at altitude: 7.44m
2025-05-23 10:59:12,393 - INFO - Generated 20/45 targets in 49.5s (19 attempts)
2025-05-23 10:59:12,393 - INFO - Target distance range for episode 20: 20.0m - 50.0m
2025-05-23 10:59:12,393 - WARNING - Sampling target with drone too close to ground (alt: -0.04m)
2025-05-23 10:59:12,393 - INFO - Adjusted sampling position to ensure minimum altitude: [0.0, 0.0, -5.0] (alt: 5.00m)
2025-05-23 10:59:12,489 - INFO - Found first valid target at [44.18, -21.47, -8.1], altitude: 8.10m
2025-05-23 10:59:13,897 - INFO - Phase 2: Found 16 valid targets, focusing on refining these
2025-05-23 10:59:14,931 - INFO - Found 27 valid targets, selecting best with 0.00m clearance at altitude: 8.10m
2025-05-23 10:59:14,934 - INFO - Target distance range for episode 21: 20.0m - 50.0m
2025-05-23 10:59:14,934 - WARNING - Sampling target with drone too close to ground (alt: -0.04m)
2025-05-23 10:59:14,935 - INFO - Adjusted sampling position to ensure minimum altitude: [0.0, 0.0, -5.0] (alt: 5.00m)
2025-05-23 10:59:15,030 - INFO - Found first valid target at [-44.5, 15.98, -6.13], altitude: 6.13m
2025-05-23 10:59:16,418 - INFO - Phase 2: Found 16 valid targets, focusing on refining these
2025-05-23 10:59:17,402 - INFO - Found 27 valid targets, selecting best with 0.00m clearance at altitude: 6.13m
2025-05-23 10:59:17,404 - INFO - Target distance range for episode 22: 20.0m - 50.0m
2025-05-23 10:59:17,404 - WARNING - Sampling target with drone too close to ground (alt: -0.04m)
2025-05-23 10:59:17,404 - INFO - Adjusted sampling position to ensure minimum altitude: [0.0, 0.0, -5.0] (alt: 5.00m)
2025-05-23 10:59:17,492 - INFO - Found first valid target at [-31.76, 4.79, -2.64], altitude: 2.64m
2025-05-23 10:59:18,841 - INFO - Phase 2: Found 16 valid targets, focusing on refining these
2025-05-23 10:59:19,820 - INFO - Found 27 valid targets, selecting best with 0.00m clearance at altitude: 2.64m
2025-05-23 10:59:19,822 - INFO - Target distance range for episode 23: 20.0m - 50.0m
2025-05-23 10:59:19,822 - WARNING - Sampling target with drone too close to ground (alt: -0.04m)
2025-05-23 10:59:19,822 - INFO - Adjusted sampling position to ensure minimum altitude: [0.0, 0.0, -5.0] (alt: 5.00m)
2025-05-23 10:59:19,914 - INFO - Found first valid target at [-38.99, 23.14, -6.45], altitude: 6.45m
2025-05-23 10:59:21,318 - INFO - Phase 2: Found 16 valid targets, focusing on refining these
2025-05-23 10:59:22,338 - INFO - Found 27 valid targets, selecting best with 0.00m clearance at altitude: 6.45m
2025-05-23 10:59:22,340 - INFO - Target distance range for episode 24: 20.0m - 50.0m
2025-05-23 10:59:22,340 - WARNING - Sampling target with drone too close to ground (alt: -0.04m)
2025-05-23 10:59:22,341 - INFO - Adjusted sampling position to ensure minimum altitude: [0.0, 0.0, -5.0] (alt: 5.00m)
2025-05-23 10:59:22,437 - INFO - Found first valid target at [24.72, 11.79, -6.43], altitude: 6.43m
2025-05-23 10:59:23,811 - INFO - Phase 2: Found 16 valid targets, focusing on refining these
2025-05-23 10:59:24,827 - INFO - Found 27 valid targets, selecting best with 0.00m clearance at altitude: 6.43m
2025-05-23 10:59:24,828 - INFO - Target distance range for episode 25: 20.0m - 50.0m
2025-05-23 10:59:24,828 - WARNING - Sampling target with drone too close to ground (alt: -0.04m)
2025-05-23 10:59:24,828 - INFO - Adjusted sampling position to ensure minimum altitude: [0.0, 0.0, -5.0] (alt: 5.00m)
2025-05-23 10:59:24,921 - INFO - Found first valid target at [43.83, 22.26, -6.68], altitude: 6.68m
2025-05-23 10:59:26,327 - INFO - Phase 2: Found 16 valid targets, focusing on refining these
2025-05-23 10:59:27,338 - INFO - Found 27 valid targets, selecting best with 0.00m clearance at altitude: 6.68m
2025-05-23 10:59:27,340 - INFO - Target distance range for episode 26: 20.0m - 50.0m
2025-05-23 10:59:27,340 - WARNING - Sampling target with drone too close to ground (alt: -0.04m)
2025-05-23 10:59:27,340 - INFO - Adjusted sampling position to ensure minimum altitude: [0.0, 0.0, -5.0] (alt: 5.00m)
2025-05-23 10:59:27,433 - INFO - Found first valid target at [-2.22, -42.36, -2.73], altitude: 2.73m
2025-05-23 10:59:28,792 - INFO - Phase 2: Found 16 valid targets, focusing on refining these
2025-05-23 10:59:29,843 - INFO - Found 27 valid targets, selecting best with 0.00m clearance at altitude: 2.73m
2025-05-23 10:59:29,845 - INFO - Target distance range for episode 27: 20.0m - 50.0m
2025-05-23 10:59:29,846 - WARNING - Sampling target with drone too close to ground (alt: -0.04m)
2025-05-23 10:59:29,846 - INFO - Adjusted sampling position to ensure minimum altitude: [0.0, 0.0, -5.0] (alt: 5.00m)
2025-05-23 10:59:29,943 - INFO - Found first valid target at [-10.04, -22.9, -5.16], altitude: 5.16m
2025-05-23 10:59:31,296 - INFO - Phase 2: Found 16 valid targets, focusing on refining these
2025-05-23 10:59:32,281 - INFO - Found 27 valid targets, selecting best with 0.00m clearance at altitude: 5.16m
2025-05-23 10:59:32,283 - INFO - Target distance range for episode 28: 20.0m - 50.0m
2025-05-23 10:59:32,283 - WARNING - Sampling target with drone too close to ground (alt: -0.04m)
2025-05-23 10:59:32,283 - INFO - Adjusted sampling position to ensure minimum altitude: [0.0, 0.0, -5.0] (alt: 5.00m)
2025-05-23 10:59:32,369 - INFO - Found first valid target at [28.5, -18.14, -8.91], altitude: 8.91m
2025-05-23 10:59:33,706 - INFO - Phase 2: Found 16 valid targets, focusing on refining these
2025-05-23 10:59:34,685 - INFO - Found 27 valid targets, selecting best with 0.00m clearance at altitude: 8.91m
2025-05-23 10:59:34,687 - INFO - Target distance range for episode 29: 20.0m - 50.0m
2025-05-23 10:59:34,687 - WARNING - Sampling target with drone too close to ground (alt: -0.04m)
2025-05-23 10:59:34,687 - INFO - Adjusted sampling position to ensure minimum altitude: [0.0, 0.0, -5.0] (alt: 5.00m)
2025-05-23 10:59:34,780 - INFO - Found first valid target at [-9.05, 18.12, -2.14], altitude: 2.14m
2025-05-23 10:59:36,134 - INFO - Phase 2: Found 16 valid targets, focusing on refining these
2025-05-23 10:59:37,112 - INFO - Found 27 valid targets, selecting best with 0.00m clearance at altitude: 2.14m
2025-05-23 10:59:37,115 - INFO - Generated 30/45 targets in 74.2s (29 attempts)
2025-05-23 10:59:37,115 - INFO - Target distance range for episode 30: 20.0m - 50.0m
2025-05-23 10:59:37,116 - WARNING - Sampling target with drone too close to ground (alt: -0.04m)
2025-05-23 10:59:37,117 - INFO - Adjusted sampling position to ensure minimum altitude: [0.0, 0.0, -5.0] (alt: 5.00m)
2025-05-23 10:59:37,210 - INFO - Found first valid target at [44.49, 22.12, -7.25], altitude: 7.25m
2025-05-23 10:59:38,541 - INFO - Phase 2: Found 16 valid targets, focusing on refining these
2025-05-23 10:59:39,526 - INFO - Found 27 valid targets, selecting best with 0.00m clearance at altitude: 7.25m
2025-05-23 10:59:39,529 - INFO - Target distance range for episode 31: 20.0m - 50.0m
2025-05-23 10:59:39,530 - WARNING - Sampling target with drone too close to ground (alt: -0.04m)
2025-05-23 10:59:39,530 - INFO - Adjusted sampling position to ensure minimum altitude: [0.0, 0.0, -5.0] (alt: 5.00m)
2025-05-23 10:59:39,623 - INFO - Found first valid target at [-6.88, 36.28, -6.31], altitude: 6.31m
2025-05-23 10:59:40,989 - INFO - Phase 2: Found 16 valid targets, focusing on refining these
2025-05-23 10:59:41,994 - INFO - Found 27 valid targets, selecting best with 0.00m clearance at altitude: 6.31m
2025-05-23 10:59:41,995 - INFO - Target distance range for episode 32: 20.0m - 50.0m
2025-05-23 10:59:41,995 - WARNING - Sampling target with drone too close to ground (alt: -0.04m)
2025-05-23 10:59:41,995 - INFO - Adjusted sampling position to ensure minimum altitude: [0.0, 0.0, -5.0] (alt: 5.00m)
2025-05-23 10:59:42,090 - INFO - Found first valid target at [14.89, -18.06, -9.04], altitude: 9.04m
2025-05-23 10:59:43,398 - INFO - Phase 2: Found 16 valid targets, focusing on refining these
2025-05-23 10:59:44,392 - INFO - Found 27 valid targets, selecting best with 0.00m clearance at altitude: 9.04m
2025-05-23 10:59:44,393 - INFO - Target distance range for episode 33: 20.0m - 50.0m
2025-05-23 10:59:44,393 - WARNING - Sampling target with drone too close to ground (alt: -0.04m)
2025-05-23 10:59:44,393 - INFO - Adjusted sampling position to ensure minimum altitude: [0.0, 0.0, -5.0] (alt: 5.00m)
2025-05-23 10:59:44,475 - INFO - Found first valid target at [-20.24, 6.46, -3.86], altitude: 3.86m
2025-05-23 10:59:45,788 - INFO - Phase 2: Found 16 valid targets, focusing on refining these
2025-05-23 10:59:46,787 - INFO - Found 27 valid targets, selecting best with 0.00m clearance at altitude: 3.86m
2025-05-23 10:59:46,788 - INFO - Target distance range for episode 34: 20.0m - 50.0m
2025-05-23 10:59:46,788 - WARNING - Sampling target with drone too close to ground (alt: -0.04m)
2025-05-23 10:59:46,790 - INFO - Adjusted sampling position to ensure minimum altitude: [0.0, 0.0, -5.0] (alt: 5.00m)
2025-05-23 10:59:46,880 - INFO - Found first valid target at [-17.87, 18.89, -7.62], altitude: 7.62m
2025-05-23 10:59:48,250 - INFO - Phase 2: Found 16 valid targets, focusing on refining these
2025-05-23 10:59:49,233 - INFO - Found 27 valid targets, selecting best with 0.00m clearance at altitude: 7.62m
2025-05-23 10:59:49,234 - INFO - Target distance range for episode 35: 20.0m - 50.0m
2025-05-23 10:59:49,234 - WARNING - Sampling target with drone too close to ground (alt: -0.04m)
2025-05-23 10:59:49,234 - INFO - Adjusted sampling position to ensure minimum altitude: [0.0, 0.0, -5.0] (alt: 5.00m)
2025-05-23 10:59:49,319 - INFO - Found first valid target at [8.27, -25.93, -3.42], altitude: 3.42m
2025-05-23 10:59:50,670 - INFO - Phase 2: Found 16 valid targets, focusing on refining these
2025-05-23 10:59:51,667 - INFO - Found 27 valid targets, selecting best with 0.00m clearance at altitude: 3.42m
2025-05-23 10:59:51,668 - INFO - Target distance range for episode 36: 20.0m - 50.0m
2025-05-23 10:59:51,668 - WARNING - Sampling target with drone too close to ground (alt: -0.04m)
2025-05-23 10:59:51,668 - INFO - Adjusted sampling position to ensure minimum altitude: [0.0, 0.0, -5.0] (alt: 5.00m)
2025-05-23 10:59:51,755 - INFO - Found first valid target at [18.81, -43.87, -4.16], altitude: 4.16m
2025-05-23 10:59:53,114 - INFO - Phase 2: Found 16 valid targets, focusing on refining these
2025-05-23 10:59:54,108 - INFO - Found 27 valid targets, selecting best with 0.00m clearance at altitude: 4.16m
2025-05-23 10:59:54,109 - INFO - Target distance range for episode 37: 20.0m - 50.0m
2025-05-23 10:59:54,109 - WARNING - Sampling target with drone too close to ground (alt: -0.04m)
2025-05-23 10:59:54,109 - INFO - Adjusted sampling position to ensure minimum altitude: [0.0, 0.0, -5.0] (alt: 5.00m)
2025-05-23 10:59:54,199 - INFO - Found first valid target at [15.21, 19.7, -8.03], altitude: 8.03m
2025-05-23 10:59:55,534 - INFO - Phase 2: Found 16 valid targets, focusing on refining these
2025-05-23 10:59:56,528 - INFO - Found 27 valid targets, selecting best with 0.00m clearance at altitude: 8.03m
2025-05-23 10:59:56,530 - INFO - Target distance range for episode 38: 20.0m - 50.0m
2025-05-23 10:59:56,530 - WARNING - Sampling target with drone too close to ground (alt: -0.04m)
2025-05-23 10:59:56,530 - INFO - Adjusted sampling position to ensure minimum altitude: [0.0, 0.0, -5.0] (alt: 5.00m)
2025-05-23 10:59:56,621 - INFO - Found first valid target at [-5.55, 40.87, -2.33], altitude: 2.33m
2025-05-23 10:59:57,971 - INFO - Phase 2: Found 16 valid targets, focusing on refining these
2025-05-23 10:59:58,981 - INFO - Found 27 valid targets, selecting best with 0.00m clearance at altitude: 2.33m
2025-05-23 10:59:58,982 - INFO - Target distance range for episode 39: 20.0m - 50.0m
2025-05-23 10:59:58,982 - WARNING - Sampling target with drone too close to ground (alt: -0.04m)
2025-05-23 10:59:58,982 - INFO - Adjusted sampling position to ensure minimum altitude: [0.0, 0.0, -5.0] (alt: 5.00m)
2025-05-23 10:59:59,077 - INFO - Found first valid target at [-36.71, -1.37, -6.93], altitude: 6.93m
2025-05-23 11:00:00,427 - INFO - Phase 2: Found 16 valid targets, focusing on refining these
2025-05-23 11:00:01,408 - INFO - Found 27 valid targets, selecting best with 0.00m clearance at altitude: 6.93m
2025-05-23 11:00:01,410 - INFO - Generated 40/45 targets in 98.5s (39 attempts)
2025-05-23 11:00:01,410 - INFO - Target distance range for episode 40: 20.0m - 50.0m
2025-05-23 11:00:01,411 - WARNING - Sampling target with drone too close to ground (alt: -0.04m)
2025-05-23 11:00:01,412 - INFO - Adjusted sampling position to ensure minimum altitude: [0.0, 0.0, -5.0] (alt: 5.00m)
2025-05-23 11:00:01,501 - INFO - Found first valid target at [21.59, 27.74, -2.25], altitude: 2.25m
2025-05-23 11:00:02,854 - INFO - Phase 2: Found 16 valid targets, focusing on refining these
2025-05-23 11:00:03,830 - INFO - Found 27 valid targets, selecting best with 0.00m clearance at altitude: 2.25m
2025-05-23 11:00:03,831 - INFO - Target distance range for episode 41: 20.0m - 50.0m
2025-05-23 11:00:03,831 - WARNING - Sampling target with drone too close to ground (alt: -0.04m)
2025-05-23 11:00:03,832 - INFO - Adjusted sampling position to ensure minimum altitude: [0.0, 0.0, -5.0] (alt: 5.00m)
2025-05-23 11:00:03,926 - INFO - Found first valid target at [-22.65, 0.55, -6.97], altitude: 6.97m
2025-05-23 11:00:05,296 - INFO - Phase 2: Found 16 valid targets, focusing on refining these
2025-05-23 11:00:06,296 - INFO - Found 27 valid targets, selecting best with 0.00m clearance at altitude: 6.97m
2025-05-23 11:00:06,297 - INFO - Target distance range for episode 42: 20.0m - 50.0m
2025-05-23 11:00:06,297 - WARNING - Sampling target with drone too close to ground (alt: -0.04m)
2025-05-23 11:00:06,298 - INFO - Adjusted sampling position to ensure minimum altitude: [0.0, 0.0, -5.0] (alt: 5.00m)
2025-05-23 11:00:06,392 - INFO - Found first valid target at [-2.45, -20.98, -9.96], altitude: 9.96m
2025-05-23 11:00:07,730 - INFO - Phase 2: Found 16 valid targets, focusing on refining these
2025-05-23 11:00:08,731 - INFO - Found 27 valid targets, selecting best with 0.00m clearance at altitude: 9.96m
2025-05-23 11:00:08,732 - INFO - Target distance range for episode 43: 20.0m - 50.0m
2025-05-23 11:00:08,732 - WARNING - Sampling target with drone too close to ground (alt: -0.04m)
2025-05-23 11:00:08,732 - INFO - Adjusted sampling position to ensure minimum altitude: [0.0, 0.0, -5.0] (alt: 5.00m)
2025-05-23 11:00:08,822 - INFO - Found first valid target at [7.23, 22.06, -2.76], altitude: 2.76m
2025-05-23 11:00:10,152 - INFO - Phase 2: Found 16 valid targets, focusing on refining these
2025-05-23 11:00:11,132 - INFO - Found 27 valid targets, selecting best with 0.00m clearance at altitude: 2.76m
2025-05-23 11:00:11,134 - INFO - Target distance range for episode 44: 20.0m - 50.0m
2025-05-23 11:00:11,134 - WARNING - Sampling target with drone too close to ground (alt: -0.04m)
2025-05-23 11:00:11,134 - INFO - Adjusted sampling position to ensure minimum altitude: [0.0, 0.0, -5.0] (alt: 5.00m)
2025-05-23 11:00:11,223 - INFO - Found first valid target at [11.64, -43.6, -7.46], altitude: 7.46m
2025-05-23 11:00:12,566 - INFO - Phase 2: Found 16 valid targets, focusing on refining these
2025-05-23 11:00:13,630 - INFO - Found 27 valid targets, selecting best with 0.00m clearance at altitude: 7.46m
2025-05-23 11:00:13,631 - INFO - Generated 45/45 targets in 110.7s (44 attempts)
2025-05-23 11:00:13,631 - INFO - Successfully generated pool of 45 targets in 110.7s
2025-05-23 11:00:13,632 - INFO - Saved pool of 45 targets to experiment_results\experiment_20250523_105742\target_pool.json
2025-05-23 11:00:13,632 - INFO - Starting episode 0 of 30
2025-05-23 11:00:13,633 - INFO - === Starting Episode 0 ===
2025-05-23 11:00:13,637 - INFO - Episode 0: Taking off...
2025-05-23 11:00:19,047 - INFO - Episode 0: Using pre-generated target 0 of 45
2025-05-23 11:00:19,048 - INFO - Episode 0: Initial distance to target: 25.48m
2025-05-23 11:00:19,048 - INFO - Episode 0: Initial position: [0.0, 0.0, -1.67]
2025-05-23 11:00:19,049 - INFO - Episode 0: Target position: [-15.77, -18.92, -8.21]
2025-05-23 11:00:19,049 - INFO - Episode 0: Initial distance: 25.48m
2025-05-23 11:00:19,055 - INFO - Episode 0: Target verified with 3 rays
2025-05-23 11:00:30,808 - WARNING - Episode 0: Step 0 took 11.75s (unusually long)
2025-05-23 11:00:46,947 - WARNING - Episode 0: Step 5 took 5.39s (unusually long)
2025-05-23 11:00:46,948 - INFO - Episode 0: Target reached at step 6
2025-05-23 11:01:47,067 - INFO - Episode 0 completed: success
2025-05-23 11:01:47,067 - INFO -   Steps: 6, Duration: 27.90s
2025-05-23 11:01:47,068 - INFO -   Final distance: 1.39m, Collisions: 0
2025-05-23 11:01:47,068 - INFO -   Dynamic replanning events: 0
2025-05-23 11:01:47,097 - INFO - Saved recovery data for episode 0
2025-05-23 11:01:47,098 - INFO - Starting episode 1 of 30
2025-05-23 11:01:47,098 - INFO - === Starting Episode 1 ===
2025-05-23 11:01:47,100 - INFO - Episode 1: Taking off...
2025-05-23 11:01:52,508 - INFO - Episode 1: Using pre-generated target 1 of 45
2025-05-23 11:01:52,508 - INFO - Episode 1: Initial distance to target: 19.37m
2025-05-23 11:01:52,510 - INFO - Episode 1: Initial position: [0.0, 0.0, -1.67]
2025-05-23 11:01:52,511 - INFO - Episode 1: Target position: [18.26, 4.51, -6.3]
2025-05-23 11:01:52,511 - INFO - Episode 1: Initial distance: 19.37m
2025-05-23 11:01:52,517 - INFO - Episode 1: Target verified with 3 rays
