2025-05-16 20:29:51,655 - INFO - Using random seed: 42
2025-05-16 20:29:51,655 - INFO - Starting experiment with configuration:
2025-05-16 20:29:51,656 - INFO -   num_episodes: 10
2025-05-16 20:29:51,656 - INFO -   target_distance_range: (15.0, 50.0)
2025-05-16 20:29:51,656 - INFO -   random_seed: 42
2025-05-16 20:29:51,657 - INFO -   max_steps_per_episode: 100
2025-05-16 20:29:51,657 - INFO -   output_dir: experiment_results
2025-05-16 20:29:51,657 - INFO -   stuck_timeout: 15.0
2025-05-16 20:29:51,657 - INFO -   stuck_check_interval: 3.0
2025-05-16 20:29:51,657 - INFO -   episode_timeout: 120
2025-05-16 20:29:51,658 - INFO -   precompile_julia: True
2025-05-16 20:29:51,658 - INFO -   zmq_port: 5555
2025-05-16 20:29:51,659 - INFO -   debug_raycasting: False
2025-05-16 20:29:51,659 - INFO -   min_ray_checks: 3
2025-05-16 20:29:51,659 - INFO -   max_ray_checks: 7
2025-05-16 20:29:51,659 - INFO -   visualize_raycasts: False
2025-05-16 20:29:51,659 - INFO -   visualization_duration: 60.0
2025-05-16 20:30:54,298 - INFO - === Starting Episode 0 ===
2025-05-16 20:30:54,303 - INFO - Episode 0: Taking off...
2025-05-16 20:30:59,708 - INFO - Target distance range for episode 0: 15.0m - 50.0m
2025-05-16 20:30:59,799 - INFO - Found first valid target at [-8.13, -9.76, -2.0]
2025-05-16 20:31:04,160 - INFO - Phase 2: Found 50 valid targets, focusing on refining these
2025-05-16 20:31:06,578 - INFO - Found 77 valid targets, selecting best with 0.00m clearance
2025-05-16 20:31:06,579 - INFO - Episode 0: Target sampling took 6.87s with 3 rays
2025-05-16 20:31:06,579 - INFO - Episode 0: Initial distance to target: 12.71m
2025-05-16 20:31:06,579 - INFO - Episode 0: Initial position: [0.0, 0.0, -1.67]
2025-05-16 20:31:06,579 - INFO - Episode 0: Target position: [-8.13, -9.76, -2.0]
2025-05-16 20:31:06,579 - INFO - Episode 0: Initial distance: 12.71m
2025-05-16 20:31:06,585 - INFO - Episode 0: Target verified with 3 rays
2025-05-16 20:31:22,390 - WARNING - Episode 0: Step 0 took 15.80s (unusually long)
2025-05-16 20:31:25,275 - WARNING - Pre-movement check: Obstacle detected on planned path at 2.60m distance
2025-05-16 20:31:25,275 - INFO - Proceeding with movement and will replan if obstacle persists during execution
2025-05-16 20:31:25,406 - WARNING - Obstacle detected at 2.64m during movement execution
2025-05-16 20:31:25,407 - INFO - Obstacle not imminent, continuing with caution
2025-05-16 20:31:25,409 - WARNING - Forward obstacle detected at 1.65m during movement
2025-05-16 20:31:25,410 - INFO - Episode 0: Obstacle detected during movement, triggering immediate replanning
2025-05-16 20:31:25,424 - INFO - Adding newly detected obstacle at [np.float32(-6.12), np.float32(-5.6), np.float32(-1.9)] to planning data
2025-05-16 20:31:25,424 - INFO - Episode 0: Triggering dynamic replanning due to detected obstacle
2025-05-16 20:31:25,427 - INFO - Enhanced planning parameters for obstacle avoidance: safety_margin=5.00, waypoint_count=150, obstacle_priority=5.00
2025-05-16 20:31:25,438 - WARNING - Episode 0: Planned waypoint would lead through obstacle at 1.65m
2025-05-16 20:31:25,439 - INFO - Episode 0: Attempting to generate safer waypoint away from obstacles
2025-05-16 20:31:25,439 - INFO - Episode 0: Generated safety waypoint to retreat from obstacle at direction [np.float64(0.87), np.float64(0.49), np.float64(-0.12)], distance 0.82m
2025-05-16 20:31:25,440 - INFO - Episode 0: Executing replanned path to avoid obstacle
2025-05-16 20:31:25,440 - WARNING - Waypoint too close (0.82m), extending to minimum distance 1.0m
2025-05-16 20:31:25,905 - WARNING - Obstacle detected at 1.92m during movement execution
2025-05-16 20:31:26,149 - WARNING - Pre-movement check: Obstacle detected on planned path at 2.95m distance
2025-05-16 20:31:26,149 - INFO - Proceeding with movement and will replan if obstacle persists during execution
2025-05-16 20:31:31,155 - WARNING - Movement taking too long, cancelling and replanning
2025-05-16 20:31:31,155 - INFO - Episode 0: Obstacle detected during movement, triggering immediate replanning
2025-05-16 20:31:31,168 - INFO - Adding newly detected obstacle at [-6.78, -7.75, -2.04] to planning data
2025-05-16 20:31:31,169 - INFO - Episode 0: Triggering dynamic replanning due to detected obstacle
2025-05-16 20:31:31,173 - INFO - Enhanced planning parameters for obstacle avoidance: safety_margin=5.00, waypoint_count=150, obstacle_priority=5.00
2025-05-16 20:31:31,187 - WARNING - Episode 0: Planned waypoint would lead through obstacle at 1.50m
2025-05-16 20:31:31,188 - INFO - Episode 0: Attempting to generate safer waypoint away from obstacles
2025-05-16 20:31:31,189 - INFO - Episode 0: Generated safety waypoint to retreat from obstacle at direction [np.float64(0.53), np.float64(0.85), np.float64(-0.03)], distance 1.26m
2025-05-16 20:31:31,189 - INFO - Episode 0: Executing replanned path to avoid obstacle
2025-05-16 20:31:31,427 - WARNING - Obstacle detected at 1.72m during movement execution
2025-05-16 20:31:31,629 - WARNING - Episode 0: Step 3 took 5.52s (unusually long)
2025-05-16 20:31:31,631 - WARNING - Episode 0: Collision detected at step 4
2025-05-16 20:31:31,633 - INFO - Episode 0: Executing collision recovery - moving backward 4.0m and upward 3.0m
2025-05-16 20:31:40,161 - WARNING - Recovery movement timed out after 8.0 seconds
2025-05-16 20:31:40,164 - INFO - Episode 0: Collision recovery successful, moved 4.92m to new position: [-2.73, -2.32, -4.62]
2025-05-16 20:31:57,904 - WARNING - Movement taking too long, cancelling and replanning
2025-05-16 20:31:57,905 - INFO - Episode 0: Obstacle detected during movement, triggering immediate replanning
2025-05-16 20:31:57,918 - INFO - Adding newly detected obstacle at [-6.94, -9.95, -0.66] to planning data
2025-05-16 20:31:57,918 - INFO - Episode 0: Triggering dynamic replanning due to detected obstacle
2025-05-16 20:31:57,920 - INFO - Enhanced planning parameters for obstacle avoidance: safety_margin=5.00, waypoint_count=150, obstacle_priority=4.00
