2025-05-23 10:25:25,622 - INFO - Using random seed: 42
2025-05-23 10:25:25,623 - INFO - Starting experiment with configuration:
2025-05-23 10:25:25,624 - INFO -   num_episodes: 10
2025-05-23 10:25:25,624 - INFO -   target_distance_range: (15.0, 50.0)
2025-05-23 10:25:25,624 - INFO -   random_seed: 42
2025-05-23 10:25:25,625 - INFO -   max_steps_per_episode: 100
2025-05-23 10:25:25,625 - INFO -   output_dir: experiment_results
2025-05-23 10:25:25,625 - INFO -   stuck_timeout: 15.0
2025-05-23 10:25:25,625 - INFO -   stuck_check_interval: 3.0
2025-05-23 10:25:25,625 - INFO -   episode_timeout: 120
2025-05-23 10:25:25,626 - INFO -   precompile_julia: True
2025-05-23 10:25:25,626 - INFO -   zmq_port: 5555
2025-05-23 10:25:25,626 - INFO -   debug_raycasting: False
2025-05-23 10:25:25,626 - INFO -   min_ray_checks: 3
2025-05-23 10:25:25,626 - INFO -   max_ray_checks: 7
2025-05-23 10:25:25,626 - INFO -   visualize_raycasts: False
2025-05-23 10:25:25,627 - INFO -   visualization_duration: 60.0
2025-05-23 10:25:29,003 - INFO - System information collected and saved
2025-05-23 10:25:29,021 - INFO - AirSim connection established successfully
2025-05-23 10:26:58,626 - INFO - Generating pool of 15 valid target locations...
2025-05-23 10:26:58,627 - INFO - Target distance range for episode 0: 15.0m - 50.0m
2025-05-23 10:26:58,627 - WARNING - Sampling target with drone too close to ground (alt: -5.21m)
2025-05-23 10:26:58,627 - INFO - Adjusted sampling position to ensure minimum altitude: [2.72512420451676e-06, 3.316998345326283e-06, -5.0] (alt: 5.00m)
2025-05-23 10:26:58,718 - INFO - Found first valid target at [-15.77, -18.92, -8.21], altitude: 8.21m
2025-05-23 10:27:00,003 - INFO - Phase 2: Found 16 valid targets, focusing on refining these
2025-05-23 10:27:00,937 - INFO - Found 27 valid targets, selecting best with 0.00m clearance at altitude: 8.21m
2025-05-23 10:27:00,941 - INFO - Target distance range for episode 1: 15.5m - 38.5m
2025-05-23 10:27:00,941 - WARNING - Sampling target with drone too close to ground (alt: -5.21m)
2025-05-23 10:27:00,942 - INFO - Adjusted sampling position to ensure minimum altitude: [2.72512420451676e-06, 3.316998345326283e-06, -5.0] (alt: 5.00m)
2025-05-23 10:27:01,036 - INFO - Found first valid target at [18.26, 4.51, -6.3], altitude: 6.30m
2025-05-23 10:27:02,339 - INFO - Phase 2: Found 16 valid targets, focusing on refining these
2025-05-23 10:27:03,272 - INFO - Found 27 valid targets, selecting best with 0.00m clearance at altitude: 6.30m
2025-05-23 10:27:03,274 - INFO - Target distance range for episode 2: 16.0m - 42.0m
2025-05-23 10:27:03,274 - WARNING - Sampling target with drone too close to ground (alt: -5.21m)
2025-05-23 10:27:03,274 - INFO - Adjusted sampling position to ensure minimum altitude: [2.72512420451676e-06, 3.316998345326283e-06, -5.0] (alt: 5.00m)
2025-05-23 10:27:03,353 - INFO - Found first valid target at [-32.24, 20.88, -8.59], altitude: 8.59m
2025-05-23 10:27:04,605 - INFO - Phase 2: Found 16 valid targets, focusing on refining these
2025-05-23 10:27:05,545 - INFO - Found 27 valid targets, selecting best with 0.00m clearance at altitude: 8.59m
2025-05-23 10:27:05,546 - INFO - Target distance range for episode 3: 16.5m - 45.5m
2025-05-23 10:27:05,546 - WARNING - Sampling target with drone too close to ground (alt: -5.21m)
2025-05-23 10:27:05,546 - INFO - Adjusted sampling position to ensure minimum altitude: [2.72512420451676e-06, 3.316998345326283e-06, -5.0] (alt: 5.00m)
2025-05-23 10:27:05,630 - INFO - Found first valid target at [-2.59, 18.7, -7.29], altitude: 7.29m
2025-05-23 10:27:06,894 - INFO - Phase 2: Found 16 valid targets, focusing on refining these
2025-05-23 10:27:07,850 - INFO - Found 27 valid targets, selecting best with 0.00m clearance at altitude: 7.29m
2025-05-23 10:27:07,854 - INFO - Target distance range for episode 4: 17.0m - 49.0m
2025-05-23 10:27:07,854 - WARNING - Sampling target with drone too close to ground (alt: -5.21m)
2025-05-23 10:27:07,855 - INFO - Adjusted sampling position to ensure minimum altitude: [2.72512420451676e-06, 3.316998345326283e-06, -5.0] (alt: 5.00m)
2025-05-23 10:27:07,944 - INFO - Found first valid target at [27.36, -23.14, -3.12], altitude: 3.12m
2025-05-23 10:27:09,241 - INFO - Phase 2: Found 16 valid targets, focusing on refining these
2025-05-23 10:27:10,176 - INFO - Found 27 valid targets, selecting best with 0.00m clearance at altitude: 3.12m
2025-05-23 10:27:10,177 - INFO - Target distance range for episode 5: 17.5m - 50.0m
2025-05-23 10:27:10,177 - WARNING - Sampling target with drone too close to ground (alt: -5.21m)
2025-05-23 10:27:10,178 - INFO - Adjusted sampling position to ensure minimum altitude: [2.72512420451676e-06, 3.316998345326283e-06, -5.0] (alt: 5.00m)
2025-05-23 10:27:10,265 - INFO - Found first valid target at [-19.25, 25.86, -7.25], altitude: 7.25m
2025-05-23 10:27:11,541 - INFO - Phase 2: Found 16 valid targets, focusing on refining these
2025-05-23 10:27:12,480 - INFO - Found 27 valid targets, selecting best with 0.00m clearance at altitude: 7.25m
2025-05-23 10:27:12,482 - INFO - Target distance range for episode 6: 18.0m - 50.0m
2025-05-23 10:27:12,482 - WARNING - Sampling target with drone too close to ground (alt: -5.21m)
2025-05-23 10:27:12,482 - INFO - Adjusted sampling position to ensure minimum altitude: [2.72512420451676e-06, 3.316998345326283e-06, -5.0] (alt: 5.00m)
2025-05-23 10:27:12,569 - INFO - Found first valid target at [-38.92, -12.15, -7.58], altitude: 7.58m
2025-05-23 10:27:13,836 - INFO - Phase 2: Found 16 valid targets, focusing on refining these
2025-05-23 10:27:14,777 - INFO - Found 27 valid targets, selecting best with 0.00m clearance at altitude: 7.58m
2025-05-23 10:27:14,779 - INFO - Target distance range for episode 7: 18.5m - 50.0m
2025-05-23 10:27:14,779 - WARNING - Sampling target with drone too close to ground (alt: -5.21m)
2025-05-23 10:27:14,780 - INFO - Adjusted sampling position to ensure minimum altitude: [2.72512420451676e-06, 3.316998345326283e-06, -5.0] (alt: 5.00m)
2025-05-23 10:27:14,871 - INFO - Found first valid target at [20.07, 8.97, -3.98], altitude: 3.98m
2025-05-23 10:27:16,213 - INFO - Phase 2: Found 16 valid targets, focusing on refining these
2025-05-23 10:27:17,150 - INFO - Found 27 valid targets, selecting best with 0.00m clearance at altitude: 3.98m
2025-05-23 10:27:17,151 - INFO - Target distance range for episode 8: 19.0m - 50.0m
2025-05-23 10:27:17,151 - WARNING - Sampling target with drone too close to ground (alt: -5.21m)
2025-05-23 10:27:17,152 - INFO - Adjusted sampling position to ensure minimum altitude: [2.72512420451676e-06, 3.316998345326283e-06, -5.0] (alt: 5.00m)
2025-05-23 10:27:17,235 - INFO - Found first valid target at [-38.76, 0.6, -8.06], altitude: 8.06m
2025-05-23 10:27:18,502 - INFO - Phase 2: Found 16 valid targets, focusing on refining these
2025-05-23 10:27:19,438 - INFO - Found 27 valid targets, selecting best with 0.00m clearance at altitude: 8.06m
2025-05-23 10:27:19,440 - INFO - Target distance range for episode 9: 19.5m - 50.0m
2025-05-23 10:27:19,441 - WARNING - Sampling target with drone too close to ground (alt: -5.21m)
2025-05-23 10:27:19,441 - INFO - Adjusted sampling position to ensure minimum altitude: [2.72512420451676e-06, 3.316998345326283e-06, -5.0] (alt: 5.00m)
2025-05-23 10:27:19,523 - INFO - Found first valid target at [1.0, 24.42, -3.43], altitude: 3.43m
2025-05-23 10:27:20,757 - INFO - Phase 2: Found 16 valid targets, focusing on refining these
2025-05-23 10:27:21,671 - INFO - Found 27 valid targets, selecting best with 0.00m clearance at altitude: 3.43m
2025-05-23 10:27:21,672 - INFO - Generated 10/15 targets in 23.0s (9 attempts)
2025-05-23 10:27:21,672 - INFO - Target distance range for episode 10: 20.0m - 50.0m
2025-05-23 10:27:21,673 - WARNING - Sampling target with drone too close to ground (alt: -5.21m)
2025-05-23 10:27:21,673 - INFO - Adjusted sampling position to ensure minimum altitude: [2.72512420451676e-06, 3.316998345326283e-06, -5.0] (alt: 5.00m)
2025-05-23 10:27:21,763 - INFO - Found first valid target at [41.38, -5.66, -6.13], altitude: 6.13m
2025-05-23 10:27:23,078 - INFO - Phase 2: Found 16 valid targets, focusing on refining these
2025-05-23 10:27:24,019 - INFO - Found 27 valid targets, selecting best with 0.00m clearance at altitude: 6.13m
2025-05-23 10:27:24,020 - INFO - Target distance range for episode 11: 20.0m - 50.0m
2025-05-23 10:27:24,020 - WARNING - Sampling target with drone too close to ground (alt: -5.21m)
2025-05-23 10:27:24,020 - INFO - Adjusted sampling position to ensure minimum altitude: [2.72512420451676e-06, 3.316998345326283e-06, -5.0] (alt: 5.00m)
2025-05-23 10:27:24,109 - INFO - Found first valid target at [-24.97, -22.62, -4.31], altitude: 4.31m
2025-05-23 10:27:25,436 - INFO - Phase 2: Found 16 valid targets, focusing on refining these
2025-05-23 10:27:26,376 - INFO - Found 27 valid targets, selecting best with 0.00m clearance at altitude: 4.31m
2025-05-23 10:27:26,377 - INFO - Target distance range for episode 12: 20.0m - 50.0m
2025-05-23 10:27:26,377 - WARNING - Sampling target with drone too close to ground (alt: -5.21m)
2025-05-23 10:27:26,377 - INFO - Adjusted sampling position to ensure minimum altitude: [2.72512420451676e-06, 3.316998345326283e-06, -5.0] (alt: 5.00m)
2025-05-23 10:27:26,461 - INFO - Found first valid target at [31.41, -18.94, -6.14], altitude: 6.14m
2025-05-23 10:27:27,762 - INFO - Phase 2: Found 16 valid targets, focusing on refining these
2025-05-23 10:27:28,722 - INFO - Found 27 valid targets, selecting best with 0.00m clearance at altitude: 6.14m
2025-05-23 10:27:28,724 - INFO - Target distance range for episode 13: 20.0m - 50.0m
2025-05-23 10:27:28,724 - WARNING - Sampling target with drone too close to ground (alt: -5.21m)
2025-05-23 10:27:28,725 - INFO - Adjusted sampling position to ensure minimum altitude: [2.72512420451676e-06, 3.316998345326283e-06, -5.0] (alt: 5.00m)
2025-05-23 10:27:28,808 - INFO - Found first valid target at [20.66, 13.17, -4.09], altitude: 4.09m
2025-05-23 10:27:30,074 - INFO - Phase 2: Found 16 valid targets, focusing on refining these
2025-05-23 10:27:31,033 - INFO - Found 27 valid targets, selecting best with 0.00m clearance at altitude: 4.09m
2025-05-23 10:27:31,034 - INFO - Target distance range for episode 14: 20.0m - 50.0m
2025-05-23 10:27:31,034 - WARNING - Sampling target with drone too close to ground (alt: -5.21m)
2025-05-23 10:27:31,035 - INFO - Adjusted sampling position to ensure minimum altitude: [2.72512420451676e-06, 3.316998345326283e-06, -5.0] (alt: 5.00m)
2025-05-23 10:27:31,124 - INFO - Found first valid target at [33.43, -7.27, -5.81], altitude: 5.81m
2025-05-23 10:27:32,424 - INFO - Phase 2: Found 16 valid targets, focusing on refining these
2025-05-23 10:27:33,352 - INFO - Found 27 valid targets, selecting best with 0.00m clearance at altitude: 5.81m
2025-05-23 10:27:33,354 - INFO - Generated 15/15 targets in 34.7s (14 attempts)
2025-05-23 10:27:33,354 - INFO - Successfully generated pool of 15 targets in 34.7s
2025-05-23 10:27:33,355 - INFO - Saved pool of 15 targets to experiment_results\experiment_20250523_102525\target_pool.json
2025-05-23 10:27:33,356 - INFO - Starting episode 0 of 10
2025-05-23 10:27:33,356 - INFO - === Starting Episode 0 ===
2025-05-23 10:27:33,359 - INFO - Episode 0: Taking off...
2025-05-23 10:27:38,876 - INFO - Episode 0: Using pre-generated target 0 of 15
2025-05-23 10:27:38,877 - INFO - Episode 0: Initial distance to target: 25.48m
2025-05-23 10:27:38,877 - INFO - Episode 0: Initial position: [-0.0, 0.0, -1.67]
2025-05-23 10:27:38,878 - INFO - Episode 0: Target position: [-15.77, -18.92, -8.21]
2025-05-23 10:27:38,878 - INFO - Episode 0: Initial distance: 25.48m
2025-05-23 10:27:38,881 - INFO - Episode 0: Target verified with 3 rays
2025-05-23 10:27:53,328 - WARNING - Episode 0: Step 0 took 14.45s (unusually long)
2025-05-23 10:28:07,494 - WARNING - Collision detected during movement, cancelling task immediately
2025-05-23 10:28:07,496 - INFO - Episode 0: Obstacle detected during movement, triggering immediate replanning
2025-05-23 10:28:07,505 - INFO - Adding newly detected obstacle at [-14.23, -17.69, -6.7] to planning data
2025-05-23 10:28:07,505 - INFO - Episode 0: Putting drone in hover mode before dynamic replanning
2025-05-23 10:28:08,007 - INFO - Episode 0: Triggering dynamic replanning due to detected obstacle
2025-05-23 10:28:08,014 - INFO - Enhanced planning parameters for obstacle avoidance: safety_margin=4.00, waypoint_count=150, obstacle_priority=3.00
2025-05-23 10:28:08,028 - INFO - Episode 0: Executing replanned path to avoid obstacle
2025-05-23 10:28:08,037 - WARNING - Collision detected during movement, cancelling task immediately
2025-05-23 10:28:08,241 - WARNING - Episode 0: Collision detected at step 6
2025-05-23 10:28:08,243 - INFO - Using collision normal for recovery: [0.82, 0.58, 0.00]
2025-05-23 10:28:16,973 - WARNING - Recovery movement timed out after 8.0 seconds
2025-05-23 10:28:16,975 - INFO - Episode 0: Collision recovery successful, moved 4.08m to new position: [-10.99, -15.87, -9.35]
2025-05-23 10:28:20,434 - INFO - Episode 0: Clear path to target detected - moving directly toward goal
2025-05-23 10:28:20,446 - WARNING - Collision detected during movement, cancelling task immediately
2025-05-23 10:28:20,448 - INFO - Episode 0: Obstacle detected during movement, triggering immediate replanning
2025-05-23 10:28:20,457 - INFO - Adding newly detected obstacle at [-14.22, -17.73, -6.72] to planning data
2025-05-23 10:28:20,457 - INFO - Episode 0: Putting drone in hover mode before dynamic replanning
2025-05-23 10:28:20,959 - INFO - Episode 0: Triggering dynamic replanning due to detected obstacle
2025-05-23 10:28:20,966 - INFO - Enhanced planning parameters for obstacle avoidance: safety_margin=4.00, waypoint_count=150, obstacle_priority=3.00
2025-05-23 10:28:20,977 - INFO - Episode 0: Executing replanned path to avoid obstacle
2025-05-23 10:28:27,524 - WARNING - Episode 0: Step 6 took 19.28s (unusually long)
2025-05-23 10:28:27,540 - INFO - Episode 0: Clear path to target detected - moving directly toward goal
2025-05-23 10:28:29,227 - WARNING - Collision detected during movement, cancelling task immediately
2025-05-23 10:28:29,228 - INFO - Episode 0: Obstacle detected during movement, triggering immediate replanning
2025-05-23 10:28:29,232 - INFO - Adding newly detected obstacle at [-16.71, -18.26, -9.05] to planning data
2025-05-23 10:28:29,233 - INFO - Episode 0: Putting drone in hover mode before dynamic replanning
2025-05-23 10:28:29,734 - INFO - Episode 0: Triggering dynamic replanning due to detected obstacle
2025-05-23 10:28:29,747 - INFO - Enhanced planning parameters for obstacle avoidance: safety_margin=4.00, waypoint_count=150, obstacle_priority=3.00
2025-05-23 10:28:29,756 - INFO - Episode 0: Executing replanned path to avoid obstacle
2025-05-23 10:28:29,763 - WARNING - Collision detected during movement, cancelling task immediately
2025-05-23 10:28:29,966 - WARNING - Episode 0: Collision detected at step 8
2025-05-23 10:28:29,967 - INFO - Using collision normal for recovery: [0.51, 0.86, 0.00]
2025-05-23 10:28:38,694 - WARNING - Recovery movement timed out after 8.0 seconds
2025-05-23 10:28:38,696 - INFO - Episode 0: Collision recovery successful, moved 4.09m to new position: [-14.69, -15.03, -11.69]
2025-05-23 10:28:42,539 - INFO - Episode 0: Clear path to target detected - moving directly toward goal
2025-05-23 10:28:42,551 - WARNING - Collision detected during movement, cancelling task immediately
2025-05-23 10:28:42,552 - INFO - Episode 0: Obstacle detected during movement, triggering immediate replanning
2025-05-23 10:28:42,561 - INFO - Adding newly detected obstacle at [-16.66, -18.31, -9.07] to planning data
2025-05-23 10:28:42,561 - INFO - Episode 0: Putting drone in hover mode before dynamic replanning
2025-05-23 10:28:43,063 - INFO - Episode 0: Triggering dynamic replanning due to detected obstacle
2025-05-23 10:28:43,073 - INFO - Enhanced planning parameters for obstacle avoidance: safety_margin=4.00, waypoint_count=150, obstacle_priority=3.00
2025-05-23 10:28:43,087 - INFO - Episode 0: Executing replanned path to avoid obstacle
2025-05-23 10:28:48,660 - WARNING - Episode 0: Step 8 took 18.70s (unusually long)
2025-05-23 10:28:48,661 - INFO - Episode 0: Target reached at step 9
