2025-05-14 20:10:35,145 - INFO - Using random seed: 42
2025-05-14 20:10:35,145 - INFO - Starting experiment with configuration:
2025-05-14 20:10:35,145 - INFO -   num_episodes: 10
2025-05-14 20:10:35,145 - INFO -   target_distance_range: (15.0, 50.0)
2025-05-14 20:10:35,145 - INFO -   random_seed: 42
2025-05-14 20:10:35,146 - INFO -   max_steps_per_episode: 100
2025-05-14 20:10:35,146 - INFO -   output_dir: experiment_results
2025-05-14 20:10:35,146 - INFO -   stuck_timeout: 15.0
2025-05-14 20:10:35,146 - INFO -   stuck_check_interval: 3.0
2025-05-14 20:10:35,146 - INFO -   episode_timeout: 120
2025-05-14 20:10:35,146 - INFO -   precompile_julia: True
2025-05-14 20:10:35,146 - INFO -   zmq_port: 5555
2025-05-14 20:10:35,146 - INFO -   debug_raycasting: False
2025-05-14 20:10:35,146 - INFO -   min_ray_checks: 3
2025-05-14 20:10:35,146 - INFO -   max_ray_checks: 7
2025-05-14 20:10:35,147 - INFO -   visualize_raycasts: False
2025-05-14 20:10:35,147 - INFO -   visualization_duration: 60.0
2025-05-14 20:11:20,039 - INFO - === Starting Episode 0 ===
2025-05-14 20:11:20,044 - INFO - Episode 0: Taking off...
2025-05-14 20:11:25,465 - INFO - Target distance range for episode 0: 15.0m - 50.0m
2025-05-14 20:11:25,558 - INFO - Found first valid target at [-8.13, -9.76, -2.0]
2025-05-14 20:11:29,952 - INFO - Phase 2: Found 50 valid targets, focusing on refining these
2025-05-14 20:11:32,483 - INFO - Found 77 valid targets, selecting best with 0.00m clearance
2025-05-14 20:11:32,484 - INFO - Episode 0: Target sampling took 7.02s with 3 rays
2025-05-14 20:11:32,484 - INFO - Episode 0: Initial distance to target: 12.71m
2025-05-14 20:11:32,484 - INFO - Episode 0: Initial position: [0.0, 0.0, -1.67]
2025-05-14 20:11:32,485 - INFO - Episode 0: Target position: [-8.13, -9.76, -2.0]
2025-05-14 20:11:32,486 - INFO - Episode 0: Initial distance: 12.71m
2025-05-14 20:11:32,490 - INFO - Episode 0: Target verified with 3 rays
2025-05-14 20:11:46,973 - WARNING - Episode 0: Step 0 took 14.48s (unusually long)
2025-05-14 20:11:47,017 - WARNING - Pre-movement check: Obstacle detected on planned path at 3.57m distance
2025-05-14 20:11:47,017 - INFO - Proceeding with movement and will replan if obstacle persists during execution
2025-05-14 20:11:52,800 - WARNING - Episode 0: Step 1 took 5.83s (unusually long)
2025-05-14 20:11:52,852 - WARNING - Pre-movement check: Obstacle detected on planned path at 3.32m distance
2025-05-14 20:11:52,853 - INFO - Proceeding with movement and will replan if obstacle persists during execution
2025-05-14 20:12:00,933 - WARNING - Movement taking too long, cancelling and replanning
2025-05-14 20:12:00,936 - INFO - Episode 0: Obstacle detected during movement, triggering immediate replanning
2025-05-14 20:12:00,959 - INFO - Adding newly detected obstacle at [-6.08, -7.5, -2.04] to planning data
2025-05-14 20:12:00,959 - INFO - Episode 0: Triggering dynamic replanning due to detected obstacle
2025-05-14 20:12:00,963 - INFO - Enhanced planning parameters for obstacle avoidance: safety_margin=5.00, waypoint_count=150, obstacle_priority=5.00
2025-05-14 20:12:00,971 - WARNING - Episode 0: Planned waypoint would lead through obstacle at 1.50m
2025-05-14 20:12:00,973 - INFO - Episode 0: Attempting to generate safer waypoint away from obstacles
2025-05-14 20:12:00,973 - INFO - Episode 0: Generated safety waypoint to retreat from obstacle at direction [np.float64(0.58), np.float64(0.81), np.float64(-0.13)], distance 0.87m
2025-05-14 20:12:00,974 - INFO - Episode 0: Executing replanned path to avoid obstacle
2025-05-14 20:12:00,974 - WARNING - Waypoint too close (0.87m), extending to minimum distance 1.0m
2025-05-14 20:12:07,909 - WARNING - Movement taking too long, cancelling and replanning
2025-05-14 20:12:08,111 - WARNING - Episode 0: Step 2 took 15.31s (unusually long)
2025-05-14 20:12:08,114 - WARNING - Episode 0: Collision detected at step 3
2025-05-14 20:12:18,512 - WARNING - Movement taking too long, cancelling and replanning
2025-05-14 20:12:18,513 - INFO - Episode 0: Obstacle detected during movement, triggering immediate replanning
2025-05-14 20:12:18,536 - INFO - Adding newly detected obstacle at [-8.3, -9.43, -1.97] to planning data
2025-05-14 20:12:18,536 - INFO - Episode 0: Triggering dynamic replanning due to detected obstacle
2025-05-14 20:12:18,539 - INFO - Enhanced planning parameters for obstacle avoidance: safety_margin=5.00, waypoint_count=150, obstacle_priority=4.00
2025-05-14 20:12:18,551 - INFO - Episode 0: Executing replanned path to avoid obstacle
2025-05-14 20:12:24,386 - WARNING - Episode 0: Step 3 took 16.27s (unusually long)
2025-05-14 20:12:24,388 - INFO - Episode 0: Target reached at step 4
2025-05-14 20:12:33,446 - INFO - Episode 0 completed: success
2025-05-14 20:12:33,446 - INFO -   Steps: 4, Duration: 51.90s
2025-05-14 20:12:33,447 - INFO -   Final distance: 0.68m, Collisions: 1
2025-05-14 20:12:33,447 - INFO -   Dynamic replanning events: 2
2025-05-14 20:12:33,475 - INFO - === Starting Episode 1 ===
2025-05-14 20:12:33,479 - INFO - Episode 1: Taking off...
2025-05-14 20:12:38,887 - INFO - Target distance range for episode 1: 15.5m - 38.5m
2025-05-14 20:12:38,983 - INFO - Found first valid target at [15.69, 3.88, -2.0]
2025-05-14 20:12:43,482 - INFO - Phase 2: Found 50 valid targets, focusing on refining these
2025-05-14 20:12:45,927 - INFO - Found 77 valid targets, selecting best with 0.00m clearance
2025-05-14 20:12:45,928 - INFO - Episode 1: Target sampling took 7.04s with 3 rays
2025-05-14 20:12:45,928 - INFO - Episode 1: Initial distance to target: 16.17m
2025-05-14 20:12:45,929 - INFO - Episode 1: Initial position: [0.0, 0.0, -1.67]
2025-05-14 20:12:45,929 - INFO - Episode 1: Target position: [15.69, 3.88, -2.0]
2025-05-14 20:12:45,930 - INFO - Episode 1: Initial distance: 16.17m
2025-05-14 20:12:45,934 - INFO - Episode 1: Target verified with 3 rays
2025-05-14 20:12:54,469 - WARNING - Pre-movement check: Obstacle detected on planned path at 2.34m distance
2025-05-14 20:12:54,469 - INFO - Proceeding with movement and will replan if obstacle persists during execution
2025-05-14 20:12:58,862 - WARNING - Pre-movement check: Obstacle detected on planned path at 1.57m distance
2025-05-14 20:12:58,863 - INFO - Proceeding with movement and will replan if obstacle persists during execution
2025-05-14 20:13:03,241 - WARNING - Pre-movement check: Obstacle detected on planned path at 2.08m distance
2025-05-14 20:13:03,241 - INFO - Proceeding with movement and will replan if obstacle persists during execution
2025-05-14 20:13:08,033 - INFO - Episode 1: Target reached at step 5
2025-05-14 20:13:22,224 - INFO - Episode 1 completed: success
2025-05-14 20:13:22,224 - INFO -   Steps: 5, Duration: 22.10s
2025-05-14 20:13:22,225 - INFO -   Final distance: 1.13m, Collisions: 0
2025-05-14 20:13:22,225 - INFO -   Dynamic replanning events: 0
2025-05-14 20:13:22,231 - INFO - === Starting Episode 2 ===
2025-05-14 20:13:22,235 - INFO - Episode 2: Taking off...
2025-05-14 20:13:27,641 - INFO - Target distance range for episode 2: 16.0m - 42.0m
2025-05-14 20:13:27,732 - INFO - Found first valid target at [-25.67, 16.62, -2.0]
2025-05-14 20:13:32,266 - INFO - Phase 2: Found 50 valid targets, focusing on refining these
2025-05-14 20:13:34,795 - INFO - Found 77 valid targets, selecting best with 0.00m clearance
2025-05-14 20:13:34,796 - INFO - Episode 2: Target sampling took 7.15s with 3 rays
2025-05-14 20:13:34,796 - INFO - Episode 2: Initial distance to target: 30.58m
2025-05-14 20:13:34,797 - INFO - Episode 2: Initial position: [0.0, 0.0, -1.67]
2025-05-14 20:13:34,797 - INFO - Episode 2: Target position: [-25.67, 16.62, -2.0]
2025-05-14 20:13:34,797 - INFO - Episode 2: Initial distance: 30.58m
2025-05-14 20:13:34,803 - INFO - Episode 2: Target verified with 3 rays
2025-05-14 20:13:40,785 - WARNING - Episode 2: Step 0 took 5.98s (unusually long)
2025-05-14 20:13:46,505 - WARNING - Episode 2: Step 1 took 5.72s (unusually long)
2025-05-14 20:13:46,565 - WARNING - Pre-movement check: Obstacle detected on planned path at 2.42m distance
2025-05-14 20:13:46,565 - INFO - Proceeding with movement and will replan if obstacle persists during execution
2025-05-14 20:14:00,592 - WARNING - Episode 2: Step 4 took 6.04s (unusually long)
2025-05-14 20:14:15,223 - WARNING - Episode 2: Step 7 took 5.68s (unusually long)
2025-05-14 20:14:15,225 - WARNING - Episode 2: Collision detected at step 8
2025-05-14 20:14:24,573 - WARNING - Episode 2: Step 9 took 5.62s (unusually long)
2025-05-14 20:14:30,424 - WARNING - Episode 2: Step 10 took 5.85s (unusually long)
2025-05-14 20:14:36,499 - WARNING - Episode 2: Step 11 took 6.07s (unusually long)
2025-05-14 20:14:41,208 - WARNING - Forward obstacle detected at 1.71m during movement
2025-05-14 20:14:41,210 - INFO - Episode 2: Obstacle detected during movement, triggering immediate replanning
2025-05-14 20:14:41,224 - INFO - Episode 2: Triggering dynamic replanning due to detected obstacle
2025-05-14 20:14:41,226 - INFO - Enhanced planning parameters for obstacle avoidance: safety_margin=5.00, waypoint_count=150, obstacle_priority=4.00
2025-05-14 20:14:41,236 - WARNING - Episode 2: Planned waypoint would lead through obstacle at 1.71m
2025-05-14 20:14:41,237 - INFO - Episode 2: Attempting to generate safer waypoint away from obstacles
2025-05-14 20:14:41,238 - INFO - Episode 2: Generated safety waypoint to retreat from obstacle at direction [np.float64(-0.86), np.float64(0.49), np.float64(-0.1)], distance 0.85m
2025-05-14 20:14:41,239 - INFO - Episode 2: Executing replanned path to avoid obstacle
2025-05-14 20:14:41,239 - WARNING - Waypoint too close (0.85m), extending to minimum distance 1.0m
2025-05-14 20:14:44,977 - WARNING - Obstacle detected at 1.71m during movement execution
2025-05-14 20:14:45,179 - WARNING - Episode 2: Step 12 took 8.68s (unusually long)
2025-05-14 20:14:45,201 - INFO - Very close to target (1.96m) in dense area - boosting target preference
2025-05-14 20:14:45,229 - WARNING - Pre-movement check: Obstacle detected on planned path at 1.11m distance
2025-05-14 20:14:45,229 - INFO - Proceeding with movement and will replan if obstacle persists during execution
2025-05-14 20:14:52,489 - WARNING - Movement taking too long, cancelling and replanning
2025-05-14 20:14:52,490 - INFO - Episode 2: Obstacle detected during movement, triggering immediate replanning
2025-05-14 20:14:52,509 - INFO - Adding newly detected obstacle at [-24.5, 16.73, -2.49] to planning data
2025-05-14 20:14:52,510 - INFO - Episode 2: Triggering dynamic replanning due to detected obstacle
2025-05-14 20:14:52,510 - INFO - Very close to target (1.96m) in dense area - boosting target preference
2025-05-14 20:14:52,514 - INFO - Very close to target (1.96m) - using moderate safety margin increase
2025-05-14 20:14:52,514 - INFO - Final approach adjusted: reduced obstacle weights, increased target preference
2025-05-14 20:14:52,515 - INFO - Enhanced planning parameters for obstacle avoidance: safety_margin=3.75, waypoint_count=150, obstacle_priority=4.00
2025-05-14 20:14:52,526 - WARNING - Episode 2: Planned waypoint would lead through obstacle at 0.59m
2025-05-14 20:14:52,526 - INFO - Episode 2: Attempting to generate safer waypoint away from obstacles
2025-05-14 20:14:52,527 - INFO - Episode 2: Generated safety waypoint to retreat from obstacle at direction [np.float64(0.2), np.float64(-0.78), np.float64(-0.6)], distance 0.58m
2025-05-14 20:14:52,527 - INFO - Episode 2: Executing replanned path to avoid obstacle
2025-05-14 20:14:52,528 - WARNING - Waypoint too close (0.58m), extending to minimum distance 1.0m
2025-05-14 20:14:52,544 - WARNING - Pre-movement check: Obstacle detected on planned path at 2.35m distance
2025-05-14 20:14:52,545 - INFO - Proceeding with movement and will replan if obstacle persists during execution
2025-05-14 20:15:01,106 - WARNING - Movement taking too long, cancelling and replanning
2025-05-14 20:15:01,308 - WARNING - Episode 2: Step 13 took 16.13s (unusually long)
2025-05-14 20:15:01,321 - INFO - Very close to target (1.99m) in dense area - boosting target preference
2025-05-14 20:15:01,345 - WARNING - Pre-movement check: Obstacle detected on planned path at 1.60m distance
2025-05-14 20:15:01,346 - INFO - Proceeding with movement and will replan if obstacle persists during execution
2025-05-14 20:15:06,812 - WARNING - Episode 2: Step 14 took 5.50s (unusually long)
2025-05-14 20:15:06,814 - INFO - Episode 2: Target reached at step 15
2025-05-14 20:15:10,993 - INFO - Episode 2 completed: success
2025-05-14 20:15:10,993 - INFO -   Steps: 15, Duration: 92.02s
2025-05-14 20:15:10,993 - INFO -   Final distance: 0.67m, Collisions: 1
2025-05-14 20:15:10,994 - INFO -   Dynamic replanning events: 2
2025-05-14 20:15:11,001 - INFO - === Starting Episode 3 ===
2025-05-14 20:15:11,005 - INFO - Episode 3: Taking off...
2025-05-14 20:15:16,415 - INFO - Target distance range for episode 3: 16.5m - 45.5m
2025-05-14 20:15:16,504 - INFO - Found first valid target at [-2.0, 14.43, -2.0]
2025-05-14 20:15:20,957 - INFO - Phase 2: Found 50 valid targets, focusing on refining these
2025-05-14 20:15:23,425 - INFO - Found 77 valid targets, selecting best with 0.00m clearance
2025-05-14 20:15:23,426 - INFO - Episode 3: Target sampling took 7.01s with 4 rays
2025-05-14 20:15:23,426 - INFO - Episode 3: Initial distance to target: 14.57m
2025-05-14 20:15:23,427 - INFO - Episode 3: Initial position: [0.0, 0.0, -1.67]
2025-05-14 20:15:23,427 - INFO - Episode 3: Target position: [-2.0, 14.43, -2.0]
2025-05-14 20:15:23,428 - INFO - Episode 3: Initial distance: 14.57m
2025-05-14 20:15:23,434 - INFO - Episode 3: Target verified with 3 rays
2025-05-14 20:15:29,022 - WARNING - Episode 3: Step 0 took 5.59s (unusually long)
2025-05-14 20:15:34,127 - WARNING - Episode 3: Step 1 took 5.11s (unusually long)
2025-05-14 20:15:34,165 - WARNING - Pre-movement check: Obstacle detected on planned path at 2.99m distance
2025-05-14 20:15:34,166 - INFO - Proceeding with movement and will replan if obstacle persists during execution
2025-05-14 20:15:39,315 - WARNING - Episode 3: Step 2 took 5.19s (unusually long)
2025-05-14 20:15:39,352 - WARNING - Pre-movement check: Obstacle detected on planned path at 2.10m distance
2025-05-14 20:15:39,352 - INFO - Proceeding with movement and will replan if obstacle persists during execution
2025-05-14 20:15:44,647 - WARNING - Episode 3: Step 3 took 5.33s (unusually long)
2025-05-14 20:15:44,660 - INFO - Very close to target (1.80m) in dense area - boosting target preference
2025-05-14 20:15:44,689 - WARNING - Pre-movement check: Obstacle detected on planned path at 1.10m distance
2025-05-14 20:15:44,689 - INFO - Proceeding with movement and will replan if obstacle persists during execution
2025-05-14 20:15:47,697 - WARNING - Forward obstacle detected at 2.49m during movement
2025-05-14 20:15:47,699 - INFO - Episode 3: Obstacle detected during movement, triggering immediate replanning
2025-05-14 20:15:47,714 - INFO - Adding newly detected obstacle at [np.float32(-0.6), np.float32(15.29), np.float32(-2.13)] to planning data
2025-05-14 20:15:47,714 - INFO - Episode 3: Triggering dynamic replanning due to detected obstacle
2025-05-14 20:15:47,714 - INFO - Very close to target (1.80m) in dense area - boosting target preference
2025-05-14 20:15:47,717 - INFO - Very close to target (1.80m) - using moderate safety margin increase
2025-05-14 20:15:47,718 - INFO - Final approach adjusted: reduced obstacle weights, increased target preference
2025-05-14 20:15:47,718 - INFO - Enhanced planning parameters for obstacle avoidance: safety_margin=3.75, waypoint_count=150, obstacle_priority=4.00
2025-05-14 20:15:47,730 - INFO - Episode 3: Executing replanned path to avoid obstacle
2025-05-14 20:15:52,221 - WARNING - Episode 3: Step 4 took 7.57s (unusually long)
2025-05-14 20:15:58,247 - WARNING - Episode 3: Step 5 took 6.03s (unusually long)
2025-05-14 20:15:58,249 - INFO - Episode 3: Target reached at step 6
2025-05-14 20:16:10,390 - INFO - Episode 3 completed: success
2025-05-14 20:16:10,391 - INFO -   Steps: 6, Duration: 34.82s
2025-05-14 20:16:10,391 - INFO -   Final distance: 0.62m, Collisions: 0
2025-05-14 20:16:10,391 - INFO -   Dynamic replanning events: 1
2025-05-14 20:16:10,398 - INFO - === Starting Episode 4 ===
2025-05-14 20:16:10,401 - INFO - Episode 4: Taking off...
2025-05-14 20:16:15,812 - INFO - Target distance range for episode 4: 17.0m - 49.0m
2025-05-14 20:16:15,907 - INFO - Found first valid target at [19.95, -16.87, -2.0]
2025-05-14 20:16:20,385 - INFO - Phase 2: Found 50 valid targets, focusing on refining these
2025-05-14 20:16:22,830 - INFO - Found 77 valid targets, selecting best with 0.00m clearance
2025-05-14 20:16:22,830 - INFO - Episode 4: Target sampling took 7.02s with 4 rays
2025-05-14 20:16:22,831 - INFO - Episode 4: Initial distance to target: 26.13m
2025-05-14 20:16:22,831 - INFO - Episode 4: Initial position: [0.0, 0.0, -1.67]
2025-05-14 20:16:22,831 - INFO - Episode 4: Target position: [19.95, -16.87, -2.0]
2025-05-14 20:16:22,831 - INFO - Episode 4: Initial distance: 26.13m
2025-05-14 20:16:22,836 - INFO - Episode 4: Target verified with 3 rays
2025-05-14 20:16:56,242 - WARNING - Movement taking too long, cancelling and replanning
2025-05-14 20:16:56,243 - INFO - Episode 4: Obstacle detected during movement, triggering immediate replanning
2025-05-14 20:16:56,255 - INFO - Adding newly detected obstacle at [12.07, -10.25, -4.94] to planning data
2025-05-14 20:16:56,255 - INFO - Episode 4: Triggering dynamic replanning due to detected obstacle
2025-05-14 20:16:56,259 - INFO - Enhanced planning parameters for obstacle avoidance: safety_margin=5.00, waypoint_count=150, obstacle_priority=5.00
2025-05-14 20:16:56,274 - INFO - Episode 4: Executing replanned path to avoid obstacle
2025-05-14 20:17:04,150 - WARNING - Movement taking too long, cancelling and replanning
2025-05-14 20:17:04,352 - WARNING - Episode 4: Step 6 took 15.25s (unusually long)
2025-05-14 20:17:04,355 - WARNING - Episode 4: Collision detected at step 7
2025-05-14 20:17:11,480 - WARNING - Movement taking too long, cancelling and replanning
2025-05-14 20:17:11,480 - INFO - Episode 4: Obstacle detected during movement, triggering immediate replanning
2025-05-14 20:17:11,490 - INFO - Adding newly detected obstacle at [13.72, -11.55, -4.86] to planning data
2025-05-14 20:17:11,490 - INFO - Episode 4: Triggering dynamic replanning due to detected obstacle
2025-05-14 20:17:11,493 - INFO - Enhanced planning parameters for obstacle avoidance: safety_margin=5.00, waypoint_count=150, obstacle_priority=5.00
2025-05-14 20:17:11,506 - INFO - Episode 4: Executing replanned path to avoid obstacle
2025-05-14 20:17:15,662 - WARNING - Episode 4: Step 7 took 11.31s (unusually long)
2025-05-14 20:17:15,663 - WARNING - Episode 4: Collision detected at step 8
2025-05-14 20:17:23,652 - WARNING - Movement taking too long, cancelling and replanning
2025-05-14 20:17:23,653 - INFO - Episode 4: Obstacle detected during movement, triggering immediate replanning
2025-05-14 20:17:23,665 - INFO - Adding newly detected obstacle at [13.64, -11.42, -6.38] to planning data
2025-05-14 20:17:23,665 - INFO - Episode 4: Triggering dynamic replanning due to detected obstacle
2025-05-14 20:17:23,667 - INFO - Enhanced planning parameters for obstacle avoidance: safety_margin=5.00, waypoint_count=150, obstacle_priority=5.00
2025-05-14 20:17:23,678 - INFO - Episode 4: Executing replanned path to avoid obstacle
2025-05-14 20:17:28,140 - WARNING - Episode 4: Step 8 took 12.48s (unusually long)
2025-05-14 20:17:28,142 - WARNING - Episode 4: Collision detected at step 9
2025-05-14 20:17:34,353 - WARNING - Movement taking too long, cancelling and replanning
2025-05-14 20:17:34,354 - INFO - Episode 4: Obstacle detected during movement, triggering immediate replanning
2025-05-14 20:17:34,361 - INFO - Adding newly detected obstacle at [13.6, -11.27, -7.69] to planning data
2025-05-14 20:17:34,361 - INFO - Episode 4: Triggering dynamic replanning due to detected obstacle
2025-05-14 20:17:34,366 - INFO - Enhanced planning parameters for obstacle avoidance: safety_margin=5.00, waypoint_count=150, obstacle_priority=5.00
2025-05-14 20:17:34,377 - INFO - Episode 4: Executing replanned path to avoid obstacle
2025-05-14 20:17:38,793 - WARNING - Episode 4: Step 9 took 10.65s (unusually long)
2025-05-14 20:17:38,796 - WARNING - Episode 4: Collision detected at step 10
2025-05-14 20:17:45,786 - WARNING - Movement taking too long, cancelling and replanning
2025-05-14 20:17:45,787 - INFO - Episode 4: Obstacle detected during movement, triggering immediate replanning
2025-05-14 20:17:45,794 - INFO - Adding newly detected obstacle at [13.77, -11.43, -8.69] to planning data
2025-05-14 20:17:45,794 - INFO - Episode 4: Triggering dynamic replanning due to detected obstacle
2025-05-14 20:17:45,796 - INFO - Enhanced planning parameters for obstacle avoidance: safety_margin=4.00, waypoint_count=150, obstacle_priority=3.00
2025-05-14 20:17:45,806 - INFO - Episode 4: Executing replanned path to avoid obstacle
2025-05-14 20:17:52,404 - WARNING - Episode 4: Step 10 took 13.61s (unusually long)
2025-05-14 20:17:52,406 - WARNING - Episode 4: Collision detected at step 11
2025-05-14 20:17:57,652 - WARNING - Episode 4: Step 11 took 5.25s (unusually long)
2025-05-14 20:18:03,729 - WARNING - Episode 4: Step 12 took 6.08s (unusually long)
2025-05-14 20:18:09,849 - WARNING - Episode 4: Step 13 took 6.12s (unusually long)
2025-05-14 20:18:09,883 - WARNING - Pre-movement check: Obstacle detected on planned path at 1.75m distance
2025-05-14 20:18:09,883 - INFO - Proceeding with movement and will replan if obstacle persists during execution
2025-05-14 20:18:18,050 - WARNING - Movement taking too long, cancelling and replanning
2025-05-14 20:18:18,051 - INFO - Episode 4: Obstacle detected during movement, triggering immediate replanning
2025-05-14 20:18:18,065 - INFO - Adding newly detected obstacle at [17.98, -15.13, -3.66] to planning data
2025-05-14 20:18:18,065 - INFO - Episode 4: Triggering dynamic replanning due to detected obstacle
2025-05-14 20:18:18,068 - INFO - Enhanced planning parameters for obstacle avoidance: safety_margin=5.00, waypoint_count=150, obstacle_priority=5.00
2025-05-14 20:18:18,076 - WARNING - Episode 4: Planned waypoint would lead through obstacle at 1.50m
2025-05-14 20:18:18,077 - INFO - Episode 4: Attempting to generate safer waypoint away from obstacles
2025-05-14 20:18:18,077 - INFO - Episode 4: Generated safety waypoint to retreat from obstacle at direction [np.float64(0.0), np.float64(-0.0), np.float64(-1.0)], distance 1.09m
2025-05-14 20:18:18,077 - INFO - Episode 4: Executing replanned path to avoid obstacle
2025-05-14 20:18:28,137 - WARNING - Movement taking too long, cancelling and replanning
2025-05-14 20:18:28,339 - WARNING - Episode 4: Step 14 took 18.49s (unusually long)
2025-05-14 20:18:28,339 - WARNING - Episode 4: Timeout after 120 seconds
2025-05-14 20:18:28,551 - INFO - Episode 4 completed: timeout
2025-05-14 20:18:28,552 - INFO -   Steps: 15, Duration: 125.51s
2025-05-14 20:18:28,552 - INFO -   Final distance: 4.65m, Collisions: 5
2025-05-14 20:18:28,553 - INFO -   Dynamic replanning events: 6
2025-05-14 20:18:28,560 - INFO - === Starting Episode 5 ===
2025-05-14 20:18:28,564 - INFO - Episode 5: Taking off...
2025-05-14 20:18:33,975 - INFO - Target distance range for episode 5: 17.5m - 50.0m
2025-05-14 20:18:34,061 - INFO - Found first valid target at [-14.32, 19.24, -2.0]
