2025-05-24 16:16:15,202 - INFO - Using random seed: 42
2025-05-24 16:16:15,210 - INFO - Starting experiment with configuration:
2025-05-24 16:16:15,210 - INFO -   num_episodes: 30
2025-05-24 16:16:15,210 - INFO -   target_distance_range: (15.0, 50.0)
2025-05-24 16:16:15,211 - INFO -   random_seed: 42
2025-05-24 16:16:15,211 - INFO -   max_steps_per_episode: 100
2025-05-24 16:16:15,211 - INFO -   output_dir: experiment_results
2025-05-24 16:16:15,211 - INFO -   stuck_timeout: 15.0
2025-05-24 16:16:15,212 - INFO -   stuck_check_interval: 3.0
2025-05-24 16:16:15,212 - INFO -   episode_timeout: 120
2025-05-24 16:16:15,212 - INFO -   precompile_julia: True
2025-05-24 16:16:15,213 - INFO -   zmq_port: 5555
2025-05-24 16:16:15,213 - INFO -   debug_raycasting: False
2025-05-24 16:16:15,213 - INFO -   min_ray_checks: 3
2025-05-24 16:16:15,213 - INFO -   max_ray_checks: 7
2025-05-24 16:16:15,213 - INFO -   visualize_raycasts: False
2025-05-24 16:16:15,214 - INFO -   visualization_duration: 60.0
2025-05-24 16:16:25,770 - INFO - System information collected and saved
2025-05-24 16:16:25,800 - INFO - AirSim connection established successfully
2025-05-24 16:19:13,831 - INFO - Generating pool of 45 valid target locations...
2025-05-24 16:19:13,832 - INFO - Target distance range for episode 0: 15.0m - 50.0m
2025-05-24 16:19:13,832 - WARNING - Sampling target with drone too close to ground (alt: -0.05m)
2025-05-24 16:19:13,833 - INFO - Adjusted sampling position to ensure minimum altitude: [0.0, 0.0, -5.0] (alt: 5.00m)
2025-05-24 16:19:14,063 - INFO - Found first valid target at [-15.77, -18.92, -8.21], altitude: 8.21m
2025-05-24 16:19:17,520 - INFO - Phase 2: Found 16 valid targets, focusing on refining these
2025-05-24 16:19:20,082 - INFO - Found 27 valid targets, selecting best with 0.00m clearance at altitude: 8.21m
2025-05-24 16:19:20,084 - INFO - Target distance range for episode 1: 15.5m - 38.5m
2025-05-24 16:19:20,084 - WARNING - Sampling target with drone too close to ground (alt: -0.05m)
2025-05-24 16:19:20,085 - INFO - Adjusted sampling position to ensure minimum altitude: [0.0, 0.0, -5.0] (alt: 5.00m)
2025-05-24 16:19:20,323 - INFO - Found first valid target at [18.26, 4.51, -6.3], altitude: 6.30m
2025-05-24 16:19:23,799 - INFO - Phase 2: Found 16 valid targets, focusing on refining these
2025-05-24 16:19:26,344 - INFO - Found 27 valid targets, selecting best with 0.00m clearance at altitude: 6.30m
2025-05-24 16:19:26,356 - INFO - Target distance range for episode 2: 16.0m - 42.0m
2025-05-24 16:19:26,356 - WARNING - Sampling target with drone too close to ground (alt: -0.05m)
2025-05-24 16:19:26,357 - INFO - Adjusted sampling position to ensure minimum altitude: [0.0, 0.0, -5.0] (alt: 5.00m)
2025-05-24 16:19:26,579 - INFO - Found first valid target at [-32.24, 20.88, -8.59], altitude: 8.59m
2025-05-24 16:19:30,037 - INFO - Phase 2: Found 16 valid targets, focusing on refining these
2025-05-24 16:19:32,567 - INFO - Found 27 valid targets, selecting best with 0.00m clearance at altitude: 8.59m
2025-05-24 16:19:32,570 - INFO - Target distance range for episode 3: 16.5m - 45.5m
2025-05-24 16:19:32,570 - WARNING - Sampling target with drone too close to ground (alt: -0.05m)
2025-05-24 16:19:32,571 - INFO - Adjusted sampling position to ensure minimum altitude: [0.0, 0.0, -5.0] (alt: 5.00m)
2025-05-24 16:19:32,798 - INFO - Found first valid target at [-2.59, 18.7, -7.29], altitude: 7.29m
2025-05-24 16:19:36,221 - INFO - Phase 2: Found 16 valid targets, focusing on refining these
2025-05-24 16:19:38,734 - INFO - Found 27 valid targets, selecting best with 0.00m clearance at altitude: 7.29m
2025-05-24 16:19:38,736 - INFO - Target distance range for episode 4: 17.0m - 49.0m
2025-05-24 16:19:38,736 - WARNING - Sampling target with drone too close to ground (alt: -0.05m)
2025-05-24 16:19:38,737 - INFO - Adjusted sampling position to ensure minimum altitude: [0.0, 0.0, -5.0] (alt: 5.00m)
2025-05-24 16:19:38,970 - INFO - Found first valid target at [27.36, -23.14, -3.12], altitude: 3.12m
2025-05-24 16:19:42,436 - INFO - Phase 2: Found 16 valid targets, focusing on refining these
2025-05-24 16:19:44,993 - INFO - Found 27 valid targets, selecting best with 0.00m clearance at altitude: 3.12m
2025-05-24 16:19:44,996 - INFO - Target distance range for episode 5: 17.5m - 50.0m
2025-05-24 16:19:44,996 - WARNING - Sampling target with drone too close to ground (alt: -0.05m)
2025-05-24 16:19:44,997 - INFO - Adjusted sampling position to ensure minimum altitude: [0.0, 0.0, -5.0] (alt: 5.00m)
2025-05-24 16:19:45,244 - INFO - Found first valid target at [-19.25, 25.86, -7.25], altitude: 7.25m
2025-05-24 16:19:48,669 - INFO - Phase 2: Found 16 valid targets, focusing on refining these
2025-05-24 16:19:51,172 - INFO - Found 27 valid targets, selecting best with 0.00m clearance at altitude: 7.25m
2025-05-24 16:19:51,174 - INFO - Target distance range for episode 6: 18.0m - 50.0m
2025-05-24 16:19:51,174 - WARNING - Sampling target with drone too close to ground (alt: -0.05m)
2025-05-24 16:19:51,175 - INFO - Adjusted sampling position to ensure minimum altitude: [0.0, 0.0, -5.0] (alt: 5.00m)
2025-05-24 16:19:51,398 - INFO - Found first valid target at [-38.92, -12.15, -7.58], altitude: 7.58m
2025-05-24 16:19:54,847 - INFO - Phase 2: Found 16 valid targets, focusing on refining these
2025-05-24 16:19:57,410 - INFO - Found 27 valid targets, selecting best with 0.00m clearance at altitude: 7.58m
2025-05-24 16:19:57,412 - INFO - Target distance range for episode 7: 18.5m - 50.0m
2025-05-24 16:19:57,412 - WARNING - Sampling target with drone too close to ground (alt: -0.05m)
2025-05-24 16:19:57,413 - INFO - Adjusted sampling position to ensure minimum altitude: [0.0, 0.0, -5.0] (alt: 5.00m)
2025-05-24 16:19:57,642 - INFO - Found first valid target at [20.07, 8.97, -3.98], altitude: 3.98m
2025-05-24 16:20:01,110 - INFO - Phase 2: Found 16 valid targets, focusing on refining these
2025-05-24 16:20:03,634 - INFO - Found 27 valid targets, selecting best with 0.00m clearance at altitude: 3.98m
2025-05-24 16:20:03,637 - INFO - Target distance range for episode 8: 19.0m - 50.0m
2025-05-24 16:20:03,637 - WARNING - Sampling target with drone too close to ground (alt: -0.05m)
2025-05-24 16:20:03,638 - INFO - Adjusted sampling position to ensure minimum altitude: [0.0, 0.0, -5.0] (alt: 5.00m)
2025-05-24 16:20:03,859 - INFO - Found first valid target at [-38.76, 0.6, -8.06], altitude: 8.06m
2025-05-24 16:20:07,310 - INFO - Phase 2: Found 16 valid targets, focusing on refining these
2025-05-24 16:20:09,922 - INFO - Found 27 valid targets, selecting best with 0.00m clearance at altitude: 8.06m
2025-05-24 16:20:09,924 - INFO - Target distance range for episode 9: 19.5m - 50.0m
2025-05-24 16:20:09,926 - WARNING - Sampling target with drone too close to ground (alt: -0.05m)
2025-05-24 16:20:09,927 - INFO - Adjusted sampling position to ensure minimum altitude: [0.0, 0.0, -5.0] (alt: 5.00m)
2025-05-24 16:20:10,162 - INFO - Found first valid target at [1.0, 24.42, -3.43], altitude: 3.43m
2025-05-24 16:20:13,587 - INFO - Phase 2: Found 16 valid targets, focusing on refining these
2025-05-24 16:20:16,098 - INFO - Found 27 valid targets, selecting best with 0.00m clearance at altitude: 3.43m
2025-05-24 16:20:16,100 - INFO - Generated 10/45 targets in 62.3s (9 attempts)
2025-05-24 16:20:16,100 - INFO - Target distance range for episode 10: 20.0m - 50.0m
2025-05-24 16:20:16,100 - WARNING - Sampling target with drone too close to ground (alt: -0.05m)
2025-05-24 16:20:16,101 - INFO - Adjusted sampling position to ensure minimum altitude: [0.0, 0.0, -5.0] (alt: 5.00m)
2025-05-24 16:20:16,333 - INFO - Found first valid target at [41.38, -5.66, -6.13], altitude: 6.13m
2025-05-24 16:20:19,784 - INFO - Phase 2: Found 16 valid targets, focusing on refining these
2025-05-24 16:20:22,318 - INFO - Found 27 valid targets, selecting best with 0.00m clearance at altitude: 6.13m
2025-05-24 16:20:22,320 - INFO - Target distance range for episode 11: 20.0m - 50.0m
2025-05-24 16:20:22,321 - WARNING - Sampling target with drone too close to ground (alt: -0.05m)
2025-05-24 16:20:22,321 - INFO - Adjusted sampling position to ensure minimum altitude: [0.0, 0.0, -5.0] (alt: 5.00m)
2025-05-24 16:20:22,552 - INFO - Found first valid target at [-24.97, -22.62, -4.31], altitude: 4.31m
2025-05-24 16:20:26,072 - INFO - Phase 2: Found 16 valid targets, focusing on refining these
2025-05-24 16:20:28,595 - INFO - Found 27 valid targets, selecting best with 0.00m clearance at altitude: 4.31m
2025-05-24 16:20:28,596 - INFO - Target distance range for episode 12: 20.0m - 50.0m
2025-05-24 16:20:28,596 - WARNING - Sampling target with drone too close to ground (alt: -0.05m)
2025-05-24 16:20:28,597 - INFO - Adjusted sampling position to ensure minimum altitude: [0.0, 0.0, -5.0] (alt: 5.00m)
2025-05-24 16:20:28,833 - INFO - Found first valid target at [31.41, -18.94, -6.14], altitude: 6.14m
2025-05-24 16:20:32,280 - INFO - Phase 2: Found 16 valid targets, focusing on refining these
2025-05-24 16:20:34,783 - INFO - Found 27 valid targets, selecting best with 0.00m clearance at altitude: 6.14m
2025-05-24 16:20:34,785 - INFO - Target distance range for episode 13: 20.0m - 50.0m
2025-05-24 16:20:34,785 - WARNING - Sampling target with drone too close to ground (alt: -0.05m)
2025-05-24 16:20:34,786 - INFO - Adjusted sampling position to ensure minimum altitude: [0.0, 0.0, -5.0] (alt: 5.00m)
2025-05-24 16:20:35,018 - INFO - Found first valid target at [20.66, 13.17, -4.09], altitude: 4.09m
2025-05-24 16:20:38,456 - INFO - Phase 2: Found 16 valid targets, focusing on refining these
2025-05-24 16:20:40,985 - INFO - Found 27 valid targets, selecting best with 0.00m clearance at altitude: 4.09m
2025-05-24 16:20:40,987 - INFO - Target distance range for episode 14: 20.0m - 50.0m
2025-05-24 16:20:40,987 - WARNING - Sampling target with drone too close to ground (alt: -0.05m)
2025-05-24 16:20:40,988 - INFO - Adjusted sampling position to ensure minimum altitude: [0.0, 0.0, -5.0] (alt: 5.00m)
2025-05-24 16:20:41,226 - INFO - Found first valid target at [33.43, -7.27, -5.81], altitude: 5.81m
2025-05-24 16:20:44,658 - INFO - Phase 2: Found 16 valid targets, focusing on refining these
2025-05-24 16:20:47,183 - INFO - Found 27 valid targets, selecting best with 0.00m clearance at altitude: 5.81m
2025-05-24 16:20:47,186 - INFO - Target distance range for episode 15: 20.0m - 50.0m
2025-05-24 16:20:47,187 - WARNING - Sampling target with drone too close to ground (alt: -0.05m)
2025-05-24 16:20:47,187 - INFO - Adjusted sampling position to ensure minimum altitude: [0.0, 0.0, -5.0] (alt: 5.00m)
2025-05-24 16:20:47,416 - INFO - Found first valid target at [19.85, 5.44, -5.89], altitude: 5.89m
2025-05-24 16:20:50,852 - INFO - Phase 2: Found 16 valid targets, focusing on refining these
2025-05-24 16:20:53,366 - INFO - Found 27 valid targets, selecting best with 0.00m clearance at altitude: 5.89m
2025-05-24 16:20:53,369 - INFO - Target distance range for episode 16: 20.0m - 50.0m
2025-05-24 16:20:53,369 - WARNING - Sampling target with drone too close to ground (alt: -0.05m)
2025-05-24 16:20:53,370 - INFO - Adjusted sampling position to ensure minimum altitude: [0.0, 0.0, -5.0] (alt: 5.00m)
2025-05-24 16:20:53,611 - INFO - Found first valid target at [-34.31, -19.08, -2.43], altitude: 2.43m
2025-05-24 16:20:57,082 - INFO - Phase 2: Found 16 valid targets, focusing on refining these
2025-05-24 16:20:59,628 - INFO - Found 27 valid targets, selecting best with 0.00m clearance at altitude: 2.43m
2025-05-24 16:20:59,630 - INFO - Target distance range for episode 17: 20.0m - 50.0m
2025-05-24 16:20:59,631 - WARNING - Sampling target with drone too close to ground (alt: -0.05m)
2025-05-24 16:20:59,631 - INFO - Adjusted sampling position to ensure minimum altitude: [0.0, 0.0, -5.0] (alt: 5.00m)
2025-05-24 16:20:59,862 - INFO - Found first valid target at [7.81, 47.74, -9.82], altitude: 9.82m
2025-05-24 16:21:03,315 - INFO - Phase 2: Found 16 valid targets, focusing on refining these
2025-05-24 16:21:05,874 - INFO - Found 27 valid targets, selecting best with 0.00m clearance at altitude: 9.82m
2025-05-24 16:21:05,876 - INFO - Target distance range for episode 18: 20.0m - 50.0m
2025-05-24 16:21:05,876 - WARNING - Sampling target with drone too close to ground (alt: -0.05m)
2025-05-24 16:21:05,876 - INFO - Adjusted sampling position to ensure minimum altitude: [0.0, 0.0, -5.0] (alt: 5.00m)
2025-05-24 16:21:06,109 - INFO - Found first valid target at [-9.94, 26.14, -3.54], altitude: 3.54m
2025-05-24 16:21:09,664 - INFO - Phase 2: Found 16 valid targets, focusing on refining these
2025-05-24 16:21:12,234 - INFO - Found 27 valid targets, selecting best with 0.00m clearance at altitude: 3.54m
2025-05-24 16:21:12,236 - INFO - Target distance range for episode 19: 20.0m - 50.0m
2025-05-24 16:21:12,236 - WARNING - Sampling target with drone too close to ground (alt: -0.05m)
2025-05-24 16:21:12,237 - INFO - Adjusted sampling position to ensure minimum altitude: [0.0, 0.0, -5.0] (alt: 5.00m)
2025-05-24 16:21:12,467 - INFO - Found first valid target at [-44.27, 1.53, -7.44], altitude: 7.44m
2025-05-24 16:21:15,928 - INFO - Phase 2: Found 16 valid targets, focusing on refining these
2025-05-24 16:21:18,467 - INFO - Found 27 valid targets, selecting best with 0.00m clearance at altitude: 7.44m
2025-05-24 16:21:18,469 - INFO - Generated 20/45 targets in 124.6s (19 attempts)
2025-05-24 16:21:18,469 - INFO - Target distance range for episode 20: 20.0m - 50.0m
2025-05-24 16:21:18,470 - WARNING - Sampling target with drone too close to ground (alt: -0.05m)
2025-05-24 16:21:18,470 - INFO - Adjusted sampling position to ensure minimum altitude: [0.0, 0.0, -5.0] (alt: 5.00m)
2025-05-24 16:21:18,703 - INFO - Found first valid target at [44.18, -21.47, -8.1], altitude: 8.10m
2025-05-24 16:21:22,103 - INFO - Phase 2: Found 16 valid targets, focusing on refining these
2025-05-24 16:21:24,632 - INFO - Found 27 valid targets, selecting best with 0.00m clearance at altitude: 8.10m
2025-05-24 16:21:24,632 - INFO - Target distance range for episode 21: 20.0m - 50.0m
2025-05-24 16:21:24,632 - WARNING - Sampling target with drone too close to ground (alt: -0.05m)
2025-05-24 16:21:24,633 - INFO - Adjusted sampling position to ensure minimum altitude: [0.0, 0.0, -5.0] (alt: 5.00m)
2025-05-24 16:21:24,863 - INFO - Found first valid target at [-44.5, 15.98, -6.13], altitude: 6.13m
2025-05-24 16:21:28,299 - INFO - Phase 2: Found 16 valid targets, focusing on refining these
2025-05-24 16:21:30,836 - INFO - Found 27 valid targets, selecting best with 0.00m clearance at altitude: 6.13m
2025-05-24 16:21:30,838 - INFO - Target distance range for episode 22: 20.0m - 50.0m
2025-05-24 16:21:30,838 - WARNING - Sampling target with drone too close to ground (alt: -0.05m)
2025-05-24 16:21:30,839 - INFO - Adjusted sampling position to ensure minimum altitude: [0.0, 0.0, -5.0] (alt: 5.00m)
2025-05-24 16:21:31,070 - INFO - Found first valid target at [-31.76, 4.79, -2.64], altitude: 2.64m
2025-05-24 16:21:34,530 - INFO - Phase 2: Found 16 valid targets, focusing on refining these
2025-05-24 16:21:37,042 - INFO - Found 27 valid targets, selecting best with 0.00m clearance at altitude: 2.64m
2025-05-24 16:21:37,044 - INFO - Target distance range for episode 23: 20.0m - 50.0m
2025-05-24 16:21:37,044 - WARNING - Sampling target with drone too close to ground (alt: -0.05m)
2025-05-24 16:21:37,045 - INFO - Adjusted sampling position to ensure minimum altitude: [0.0, 0.0, -5.0] (alt: 5.00m)
2025-05-24 16:21:37,276 - INFO - Found first valid target at [-38.99, 23.14, -6.45], altitude: 6.45m
2025-05-24 16:21:40,757 - INFO - Phase 2: Found 16 valid targets, focusing on refining these
2025-05-24 16:21:43,292 - INFO - Found 27 valid targets, selecting best with 0.00m clearance at altitude: 6.45m
2025-05-24 16:21:43,294 - INFO - Target distance range for episode 24: 20.0m - 50.0m
2025-05-24 16:21:43,294 - WARNING - Sampling target with drone too close to ground (alt: -0.05m)
2025-05-24 16:21:43,295 - INFO - Adjusted sampling position to ensure minimum altitude: [0.0, 0.0, -5.0] (alt: 5.00m)
2025-05-24 16:21:43,529 - INFO - Found first valid target at [24.72, 11.79, -6.43], altitude: 6.43m
2025-05-24 16:21:46,994 - INFO - Phase 2: Found 16 valid targets, focusing on refining these
2025-05-24 16:21:49,576 - INFO - Found 27 valid targets, selecting best with 0.00m clearance at altitude: 6.43m
2025-05-24 16:21:49,577 - INFO - Target distance range for episode 25: 20.0m - 50.0m
2025-05-24 16:21:49,577 - WARNING - Sampling target with drone too close to ground (alt: -0.05m)
2025-05-24 16:21:49,578 - INFO - Adjusted sampling position to ensure minimum altitude: [0.0, 0.0, -5.0] (alt: 5.00m)
2025-05-24 16:21:49,820 - INFO - Found first valid target at [43.83, 22.26, -6.68], altitude: 6.68m
2025-05-24 16:21:53,338 - INFO - Phase 2: Found 16 valid targets, focusing on refining these
2025-05-24 16:21:55,889 - INFO - Found 27 valid targets, selecting best with 0.00m clearance at altitude: 6.68m
2025-05-24 16:21:55,891 - INFO - Target distance range for episode 26: 20.0m - 50.0m
2025-05-24 16:21:55,891 - WARNING - Sampling target with drone too close to ground (alt: -0.05m)
2025-05-24 16:21:55,892 - INFO - Adjusted sampling position to ensure minimum altitude: [0.0, 0.0, -5.0] (alt: 5.00m)
2025-05-24 16:21:56,132 - INFO - Found first valid target at [-2.22, -42.36, -2.73], altitude: 2.73m
2025-05-24 16:21:59,590 - INFO - Phase 2: Found 16 valid targets, focusing on refining these
2025-05-24 16:22:02,136 - INFO - Found 27 valid targets, selecting best with 0.00m clearance at altitude: 2.73m
2025-05-24 16:22:02,139 - INFO - Target distance range for episode 27: 20.0m - 50.0m
2025-05-24 16:22:02,140 - WARNING - Sampling target with drone too close to ground (alt: -0.05m)
2025-05-24 16:22:02,140 - INFO - Adjusted sampling position to ensure minimum altitude: [0.0, 0.0, -5.0] (alt: 5.00m)
2025-05-24 16:22:02,362 - INFO - Found first valid target at [-10.04, -22.9, -5.16], altitude: 5.16m
2025-05-24 16:22:05,792 - INFO - Phase 2: Found 16 valid targets, focusing on refining these
2025-05-24 16:22:08,407 - INFO - Found 27 valid targets, selecting best with 0.00m clearance at altitude: 5.16m
2025-05-24 16:22:08,410 - INFO - Target distance range for episode 28: 20.0m - 50.0m
2025-05-24 16:22:08,411 - WARNING - Sampling target with drone too close to ground (alt: -0.05m)
2025-05-24 16:22:08,411 - INFO - Adjusted sampling position to ensure minimum altitude: [0.0, 0.0, -5.0] (alt: 5.00m)
2025-05-24 16:22:08,637 - INFO - Found first valid target at [28.5, -18.14, -8.91], altitude: 8.91m
2025-05-24 16:22:12,176 - INFO - Phase 2: Found 16 valid targets, focusing on refining these
2025-05-24 16:22:14,696 - INFO - Found 27 valid targets, selecting best with 0.00m clearance at altitude: 8.91m
2025-05-24 16:22:14,698 - INFO - Target distance range for episode 29: 20.0m - 50.0m
2025-05-24 16:22:14,699 - WARNING - Sampling target with drone too close to ground (alt: -0.05m)
2025-05-24 16:22:14,699 - INFO - Adjusted sampling position to ensure minimum altitude: [0.0, 0.0, -5.0] (alt: 5.00m)
2025-05-24 16:22:14,926 - INFO - Found first valid target at [-9.05, 18.12, -2.14], altitude: 2.14m
2025-05-24 16:22:18,367 - INFO - Phase 2: Found 16 valid targets, focusing on refining these
2025-05-24 16:22:20,868 - INFO - Found 27 valid targets, selecting best with 0.00m clearance at altitude: 2.14m
2025-05-24 16:22:20,871 - INFO - Generated 30/45 targets in 187.0s (29 attempts)
2025-05-24 16:22:20,871 - INFO - Target distance range for episode 30: 20.0m - 50.0m
2025-05-24 16:22:20,872 - WARNING - Sampling target with drone too close to ground (alt: -0.05m)
2025-05-24 16:22:20,872 - INFO - Adjusted sampling position to ensure minimum altitude: [0.0, 0.0, -5.0] (alt: 5.00m)
2025-05-24 16:22:21,102 - INFO - Found first valid target at [44.49, 22.12, -7.25], altitude: 7.25m
2025-05-24 16:22:24,547 - INFO - Phase 2: Found 16 valid targets, focusing on refining these
2025-05-24 16:22:27,052 - INFO - Found 27 valid targets, selecting best with 0.00m clearance at altitude: 7.25m
2025-05-24 16:22:27,055 - INFO - Target distance range for episode 31: 20.0m - 50.0m
2025-05-24 16:22:27,055 - WARNING - Sampling target with drone too close to ground (alt: -0.05m)
2025-05-24 16:22:27,057 - INFO - Adjusted sampling position to ensure minimum altitude: [0.0, 0.0, -5.0] (alt: 5.00m)
2025-05-24 16:22:27,289 - INFO - Found first valid target at [-6.88, 36.28, -6.31], altitude: 6.31m
2025-05-24 16:22:30,724 - INFO - Phase 2: Found 16 valid targets, focusing on refining these
2025-05-24 16:22:33,243 - INFO - Found 27 valid targets, selecting best with 0.00m clearance at altitude: 6.31m
2025-05-24 16:22:33,245 - INFO - Target distance range for episode 32: 20.0m - 50.0m
2025-05-24 16:22:33,246 - WARNING - Sampling target with drone too close to ground (alt: -0.05m)
2025-05-24 16:22:33,247 - INFO - Adjusted sampling position to ensure minimum altitude: [0.0, 0.0, -5.0] (alt: 5.00m)
2025-05-24 16:22:33,471 - INFO - Found first valid target at [14.89, -18.06, -9.04], altitude: 9.04m
2025-05-24 16:22:36,886 - INFO - Phase 2: Found 16 valid targets, focusing on refining these
2025-05-24 16:22:39,384 - INFO - Found 27 valid targets, selecting best with 0.00m clearance at altitude: 9.04m
2025-05-24 16:22:39,386 - INFO - Target distance range for episode 33: 20.0m - 50.0m
2025-05-24 16:22:39,386 - WARNING - Sampling target with drone too close to ground (alt: -0.05m)
2025-05-24 16:22:39,387 - INFO - Adjusted sampling position to ensure minimum altitude: [0.0, 0.0, -5.0] (alt: 5.00m)
2025-05-24 16:22:39,604 - INFO - Found first valid target at [-20.24, 6.46, -3.86], altitude: 3.86m
2025-05-24 16:22:43,004 - INFO - Phase 2: Found 16 valid targets, focusing on refining these
2025-05-24 16:22:45,506 - INFO - Found 27 valid targets, selecting best with 0.00m clearance at altitude: 3.86m
2025-05-24 16:22:45,507 - INFO - Target distance range for episode 34: 20.0m - 50.0m
2025-05-24 16:22:45,507 - WARNING - Sampling target with drone too close to ground (alt: -0.05m)
2025-05-24 16:22:45,508 - INFO - Adjusted sampling position to ensure minimum altitude: [0.0, 0.0, -5.0] (alt: 5.00m)
2025-05-24 16:22:45,742 - INFO - Found first valid target at [-17.87, 18.89, -7.62], altitude: 7.62m
2025-05-24 16:22:49,089 - INFO - Phase 2: Found 16 valid targets, focusing on refining these
2025-05-24 16:22:51,565 - INFO - Found 27 valid targets, selecting best with 0.00m clearance at altitude: 7.62m
2025-05-24 16:22:51,567 - INFO - Target distance range for episode 35: 20.0m - 50.0m
2025-05-24 16:22:51,567 - WARNING - Sampling target with drone too close to ground (alt: -0.05m)
2025-05-24 16:22:51,568 - INFO - Adjusted sampling position to ensure minimum altitude: [0.0, 0.0, -5.0] (alt: 5.00m)
2025-05-24 16:22:51,795 - INFO - Found first valid target at [8.27, -25.93, -3.42], altitude: 3.42m
2025-05-24 16:22:55,224 - INFO - Phase 2: Found 16 valid targets, focusing on refining these
2025-05-24 16:22:57,733 - INFO - Found 27 valid targets, selecting best with 0.00m clearance at altitude: 3.42m
2025-05-24 16:22:57,736 - INFO - Target distance range for episode 36: 20.0m - 50.0m
2025-05-24 16:22:57,737 - WARNING - Sampling target with drone too close to ground (alt: -0.05m)
2025-05-24 16:22:57,737 - INFO - Adjusted sampling position to ensure minimum altitude: [0.0, 0.0, -5.0] (alt: 5.00m)
2025-05-24 16:22:57,961 - INFO - Found first valid target at [18.81, -43.87, -4.16], altitude: 4.16m
2025-05-24 16:23:01,420 - INFO - Phase 2: Found 16 valid targets, focusing on refining these
2025-05-24 16:23:03,921 - INFO - Found 27 valid targets, selecting best with 0.00m clearance at altitude: 4.16m
2025-05-24 16:23:03,924 - INFO - Target distance range for episode 37: 20.0m - 50.0m
2025-05-24 16:23:03,924 - WARNING - Sampling target with drone too close to ground (alt: -0.05m)
2025-05-24 16:23:03,925 - INFO - Adjusted sampling position to ensure minimum altitude: [0.0, 0.0, -5.0] (alt: 5.00m)
2025-05-24 16:23:04,151 - INFO - Found first valid target at [15.21, 19.7, -8.03], altitude: 8.03m
2025-05-24 16:23:07,658 - INFO - Phase 2: Found 16 valid targets, focusing on refining these
2025-05-24 16:23:10,270 - INFO - Found 27 valid targets, selecting best with 0.00m clearance at altitude: 8.03m
2025-05-24 16:23:10,273 - INFO - Target distance range for episode 38: 20.0m - 50.0m
2025-05-24 16:23:10,274 - WARNING - Sampling target with drone too close to ground (alt: -0.05m)
2025-05-24 16:23:10,274 - INFO - Adjusted sampling position to ensure minimum altitude: [0.0, 0.0, -5.0] (alt: 5.00m)
2025-05-24 16:23:10,509 - INFO - Found first valid target at [-5.55, 40.87, -2.33], altitude: 2.33m
2025-05-24 16:23:13,974 - INFO - Phase 2: Found 16 valid targets, focusing on refining these
2025-05-24 16:23:16,441 - INFO - Found 27 valid targets, selecting best with 0.00m clearance at altitude: 2.33m
2025-05-24 16:23:16,443 - INFO - Target distance range for episode 39: 20.0m - 50.0m
2025-05-24 16:23:16,443 - WARNING - Sampling target with drone too close to ground (alt: -0.05m)
2025-05-24 16:23:16,444 - INFO - Adjusted sampling position to ensure minimum altitude: [0.0, 0.0, -5.0] (alt: 5.00m)
2025-05-24 16:23:16,699 - INFO - Found first valid target at [-36.71, -1.37, -6.93], altitude: 6.93m
2025-05-24 16:23:20,124 - INFO - Phase 2: Found 16 valid targets, focusing on refining these
2025-05-24 16:23:22,628 - INFO - Found 27 valid targets, selecting best with 0.00m clearance at altitude: 6.93m
2025-05-24 16:23:22,630 - INFO - Generated 40/45 targets in 248.8s (39 attempts)
2025-05-24 16:23:22,631 - INFO - Target distance range for episode 40: 20.0m - 50.0m
2025-05-24 16:23:22,631 - WARNING - Sampling target with drone too close to ground (alt: -0.05m)
2025-05-24 16:23:22,632 - INFO - Adjusted sampling position to ensure minimum altitude: [0.0, 0.0, -5.0] (alt: 5.00m)
2025-05-24 16:23:22,849 - INFO - Found first valid target at [21.59, 27.74, -2.25], altitude: 2.25m
2025-05-24 16:23:26,294 - INFO - Phase 2: Found 16 valid targets, focusing on refining these
2025-05-24 16:23:28,819 - INFO - Found 27 valid targets, selecting best with 0.00m clearance at altitude: 2.25m
2025-05-24 16:23:28,822 - INFO - Target distance range for episode 41: 20.0m - 50.0m
2025-05-24 16:23:28,822 - WARNING - Sampling target with drone too close to ground (alt: -0.05m)
2025-05-24 16:23:28,823 - INFO - Adjusted sampling position to ensure minimum altitude: [0.0, 0.0, -5.0] (alt: 5.00m)
2025-05-24 16:23:29,070 - INFO - Found first valid target at [-22.65, 0.55, -6.97], altitude: 6.97m
2025-05-24 16:23:32,541 - INFO - Phase 2: Found 16 valid targets, focusing on refining these
2025-05-24 16:23:35,071 - INFO - Found 27 valid targets, selecting best with 0.00m clearance at altitude: 6.97m
2025-05-24 16:23:35,074 - INFO - Target distance range for episode 42: 20.0m - 50.0m
2025-05-24 16:23:35,075 - WARNING - Sampling target with drone too close to ground (alt: -0.05m)
2025-05-24 16:23:35,075 - INFO - Adjusted sampling position to ensure minimum altitude: [0.0, 0.0, -5.0] (alt: 5.00m)
2025-05-24 16:23:35,303 - INFO - Found first valid target at [-2.45, -20.98, -9.96], altitude: 9.96m
2025-05-24 16:23:38,787 - INFO - Phase 2: Found 16 valid targets, focusing on refining these
2025-05-24 16:23:41,316 - INFO - Found 27 valid targets, selecting best with 0.00m clearance at altitude: 9.96m
2025-05-24 16:23:41,317 - INFO - Target distance range for episode 43: 20.0m - 50.0m
2025-05-24 16:23:41,317 - WARNING - Sampling target with drone too close to ground (alt: -0.05m)
2025-05-24 16:23:41,317 - INFO - Adjusted sampling position to ensure minimum altitude: [0.0, 0.0, -5.0] (alt: 5.00m)
2025-05-24 16:23:41,552 - INFO - Found first valid target at [7.23, 22.06, -2.76], altitude: 2.76m
2025-05-24 16:23:44,980 - INFO - Phase 2: Found 16 valid targets, focusing on refining these
2025-05-24 16:23:47,488 - INFO - Found 27 valid targets, selecting best with 0.00m clearance at altitude: 2.76m
2025-05-24 16:23:47,489 - INFO - Target distance range for episode 44: 20.0m - 50.0m
2025-05-24 16:23:47,490 - WARNING - Sampling target with drone too close to ground (alt: -0.05m)
2025-05-24 16:23:47,490 - INFO - Adjusted sampling position to ensure minimum altitude: [0.0, 0.0, -5.0] (alt: 5.00m)
2025-05-24 16:23:47,728 - INFO - Found first valid target at [11.64, -43.6, -7.46], altitude: 7.46m
2025-05-24 16:23:51,206 - INFO - Phase 2: Found 16 valid targets, focusing on refining these
2025-05-24 16:23:53,756 - INFO - Found 27 valid targets, selecting best with 0.00m clearance at altitude: 7.46m
2025-05-24 16:23:53,758 - INFO - Generated 45/45 targets in 279.9s (44 attempts)
2025-05-24 16:23:53,758 - INFO - Successfully generated pool of 45 targets in 279.9s
2025-05-24 16:23:53,760 - INFO - Saved pool of 45 targets to experiment_results\experiment_20250524_161615\target_pool.json
2025-05-24 16:23:53,761 - INFO - Starting episode 0 of 30
2025-05-24 16:23:53,762 - INFO - === Starting Episode 0 ===
2025-05-24 16:23:53,765 - INFO - Episode 0: Taking off...
2025-05-24 16:23:59,205 - INFO - Episode 0: Using pre-generated target 0 of 45
2025-05-24 16:23:59,205 - INFO - Episode 0: Initial distance to target: 25.48m
2025-05-24 16:23:59,207 - INFO - Episode 0: Initial position: [0.0, 0.0, -1.67]
2025-05-24 16:23:59,207 - INFO - Episode 0: Target position: [-15.77, -18.92, -8.21]
2025-05-24 16:23:59,207 - INFO - Episode 0: Initial distance: 25.48m
2025-05-24 16:23:59,213 - INFO - Episode 0: Target verified with 3 rays
2025-05-24 16:24:18,669 - WARNING - Episode 0: Step 0 took 19.46s (unusually long)
2025-05-24 16:24:33,369 - INFO - Episode 0: Target reached at step 6
2025-05-24 16:24:33,374 - INFO - Episode 0: Skipping landing process and resetting drone for next episode
2025-05-24 16:24:33,376 - INFO - Episode 0 completed: success
2025-05-24 16:24:33,377 - INFO -   Steps: 6, Duration: 34.16s
2025-05-24 16:24:33,377 - INFO -   Final distance: 1.15m, Collisions: 0
2025-05-24 16:24:33,378 - INFO -   Dynamic replanning events: 0
2025-05-24 16:24:33,424 - INFO - Saved recovery data for episode 0
2025-05-24 16:24:33,425 - INFO - Starting episode 1 of 30
2025-05-24 16:24:33,425 - INFO - === Starting Episode 1 ===
2025-05-24 16:24:33,428 - INFO - Episode 1: Taking off...
2025-05-24 16:24:38,842 - INFO - Episode 1: Using pre-generated target 1 of 45
2025-05-24 16:24:38,842 - INFO - Episode 1: Initial distance to target: 19.37m
2025-05-24 16:24:38,843 - INFO - Episode 1: Initial position: [0.0, 0.0, -1.67]
2025-05-24 16:24:38,844 - INFO - Episode 1: Target position: [18.26, 4.51, -6.3]
2025-05-24 16:24:38,844 - INFO - Episode 1: Initial distance: 19.37m
2025-05-24 16:24:38,848 - INFO - Episode 1: Target verified with 3 rays
2025-05-24 16:24:55,525 - WARNING - Episode 1: Step 3 took 6.17s (unusually long)
2025-05-24 16:24:55,526 - INFO - Episode 1: Target reached at step 4
2025-05-24 16:24:55,528 - INFO - Episode 1: Skipping landing process and resetting drone for next episode
2025-05-24 16:24:55,529 - INFO - Episode 1 completed: success
2025-05-24 16:24:55,529 - INFO -   Steps: 4, Duration: 16.68s
2025-05-24 16:24:55,530 - INFO -   Final distance: 1.20m, Collisions: 0
2025-05-24 16:24:55,530 - INFO -   Dynamic replanning events: 0
2025-05-24 16:24:55,539 - INFO - Saved recovery data for episode 1
2025-05-24 16:24:55,540 - INFO - Starting episode 2 of 30
2025-05-24 16:24:55,540 - INFO - === Starting Episode 2 ===
2025-05-24 16:24:55,544 - INFO - Episode 2: Taking off...
2025-05-24 16:25:00,955 - INFO - Episode 2: Using pre-generated target 2 of 45
2025-05-24 16:25:00,956 - INFO - Episode 2: Initial distance to target: 39.03m
2025-05-24 16:25:00,956 - INFO - Episode 2: Initial position: [0.0, 0.0, -1.67]
2025-05-24 16:25:00,958 - INFO - Episode 2: Target position: [-32.24, 20.88, -8.59]
2025-05-24 16:25:00,958 - INFO - Episode 2: Initial distance: 39.03m
2025-05-24 16:25:00,963 - INFO - Episode 2: Target verified with 3 rays
2025-05-24 16:25:07,208 - WARNING - Episode 2: Step 0 took 6.24s (unusually long)
2025-05-24 16:25:15,686 - WARNING - Episode 2: Step 2 took 5.53s (unusually long)
2025-05-24 16:25:33,215 - WARNING - Collision detected during movement, cancelling task immediately
2025-05-24 16:25:33,218 - INFO - Episode 2: Obstacle detected during movement, triggering immediate replanning
2025-05-24 16:25:33,234 - INFO - Adding newly detected obstacle at [-28.15, 16.53, -5.71] to planning data
2025-05-24 16:25:33,234 - INFO - Episode 2: Putting drone in hover mode before dynamic replanning
2025-05-24 16:25:33,737 - INFO - Episode 2: Triggering dynamic replanning due to detected obstacle
2025-05-24 16:25:33,754 - INFO - Enhanced planning parameters for obstacle avoidance: safety_margin=4.00, waypoint_count=150, obstacle_priority=3.00
2025-05-24 16:25:33,775 - INFO - Episode 2: Executing replanned path to avoid obstacle
2025-05-24 16:25:33,797 - WARNING - Collision detected during movement, cancelling task immediately
2025-05-24 16:25:34,003 - WARNING - Episode 2: Collision detected at step 10
2025-05-24 16:25:34,005 - INFO - Using collision normal for recovery: [1.00, -0.00, 0.00]
2025-05-24 16:25:42,738 - WARNING - Recovery movement timed out after 8.0 seconds
2025-05-24 16:25:42,741 - INFO - Episode 2: Collision recovery successful, moved 4.05m to new position: [-24.45, 16.71, -8.38]
2025-05-24 16:25:45,995 - WARNING - Collision detected during movement, cancelling task immediately
2025-05-24 16:25:45,996 - INFO - Episode 2: Obstacle detected during movement, triggering immediate replanning
2025-05-24 16:25:46,011 - INFO - Adding newly detected obstacle at [-28.18, 16.65, -5.75] to planning data
2025-05-24 16:25:46,011 - INFO - Episode 2: Putting drone in hover mode before dynamic replanning
2025-05-24 16:25:46,513 - INFO - Episode 2: Triggering dynamic replanning due to detected obstacle
2025-05-24 16:25:46,523 - INFO - Enhanced planning parameters for obstacle avoidance: safety_margin=4.00, waypoint_count=150, obstacle_priority=3.00
2025-05-24 16:25:46,531 - INFO - Episode 2: Executing replanned path to avoid obstacle
2025-05-24 16:25:49,791 - WARNING - Collision detected during movement, cancelling task immediately
2025-05-24 16:25:49,994 - WARNING - Episode 2: Step 10 took 15.99s (unusually long)
2025-05-24 16:25:49,997 - WARNING - Episode 2: Collision detected at step 11
2025-05-24 16:25:49,998 - INFO - Using collision normal for recovery: [0.75, -0.67, 0.00]
2025-05-24 18:37:57,175 - INFO - Using random seed: 42
2025-05-24 18:37:57,177 - INFO - Starting experiment with configuration:
2025-05-24 18:37:57,177 - INFO -   num_episodes: 30
2025-05-24 18:37:57,177 - INFO -   target_distance_range: [15.0, 50.0]
2025-05-24 18:37:57,178 - INFO -   random_seed: 42
2025-05-24 18:37:57,178 - INFO -   max_steps_per_episode: 100
2025-05-24 18:37:57,178 - INFO -   output_dir: experiment_results
2025-05-24 18:37:57,178 - INFO -   stuck_timeout: 15.0
2025-05-24 18:37:57,178 - INFO -   stuck_check_interval: 3.0
2025-05-24 18:37:57,178 - INFO -   episode_timeout: 120
2025-05-24 18:37:57,179 - INFO -   precompile_julia: True
2025-05-24 18:37:57,179 - INFO -   zmq_port: 5555
2025-05-24 18:37:57,180 - INFO -   debug_raycasting: False
2025-05-24 18:37:57,180 - INFO -   min_ray_checks: 3
2025-05-24 18:37:57,180 - INFO -   max_ray_checks: 7
2025-05-24 18:37:57,180 - INFO -   visualize_raycasts: False
2025-05-24 18:37:57,180 - INFO -   visualization_duration: 60.0
2025-05-24 18:37:57,205 - INFO - AirSim connection established successfully
