2025-05-16 22:26:37,919 - INFO - Using random seed: 42
2025-05-16 22:26:37,921 - INFO - Starting experiment with configuration:
2025-05-16 22:26:37,921 - INFO -   num_episodes: 10
2025-05-16 22:26:37,921 - INFO -   target_distance_range: (15.0, 50.0)
2025-05-16 22:26:37,922 - INFO -   random_seed: 42
2025-05-16 22:26:37,922 - INFO -   max_steps_per_episode: 100
2025-05-16 22:26:37,922 - INFO -   output_dir: experiment_results
2025-05-16 22:26:37,923 - INFO -   stuck_timeout: 15.0
2025-05-16 22:26:37,923 - INFO -   stuck_check_interval: 3.0
2025-05-16 22:26:37,923 - INFO -   episode_timeout: 120
2025-05-16 22:26:37,924 - INFO -   precompile_julia: True
2025-05-16 22:26:37,924 - INFO -   zmq_port: 5555
2025-05-16 22:26:37,924 - INFO -   debug_raycasting: False
2025-05-16 22:26:37,924 - INFO -   min_ray_checks: 3
2025-05-16 22:26:37,924 - INFO -   max_ray_checks: 7
2025-05-16 22:26:37,925 - INFO -   visualize_raycasts: False
2025-05-16 22:26:37,926 - INFO -   visualization_duration: 60.0
2025-05-16 22:29:36,167 - INFO - === Starting Episode 0 ===
2025-05-16 22:29:36,176 - INFO - Episode 0: Taking off...
2025-05-16 22:29:41,598 - INFO - Target distance range for episode 0: 15.0m - 50.0m
2025-05-16 22:29:41,684 - INFO - Found first valid target at [-8.13, -9.76, -2.0]
2025-05-16 22:29:46,112 - INFO - Phase 2: Found 50 valid targets, focusing on refining these
2025-05-16 22:29:48,574 - INFO - Found 77 valid targets, selecting best with 0.00m clearance
2025-05-16 22:29:48,575 - INFO - Episode 0: Target sampling took 6.98s with 3 rays
2025-05-16 22:29:48,575 - INFO - Episode 0: Initial distance to target: 12.71m
2025-05-16 22:29:48,576 - INFO - Episode 0: Initial position: [0.0, 0.0, -1.67]
2025-05-16 22:29:48,576 - INFO - Episode 0: Target position: [-8.13, -9.76, -2.0]
2025-05-16 22:29:48,576 - INFO - Episode 0: Initial distance: 12.71m
2025-05-16 22:29:48,582 - INFO - Episode 0: Target verified with 3 rays
2025-05-16 22:30:06,559 - WARNING - Episode 0: Step 0 took 17.98s (unusually long)
2025-05-16 22:30:09,428 - WARNING - Pre-movement check: Obstacle detected on planned path at 2.46m distance
2025-05-16 22:30:09,429 - INFO - Proceeding with movement and will replan if obstacle persists during execution
2025-05-16 22:30:09,552 - WARNING - Obstacle detected at 2.56m during movement execution
2025-05-16 22:30:09,553 - INFO - Obstacle not imminent, continuing with caution
2025-05-16 22:30:09,556 - WARNING - Forward obstacle detected at 1.45m during movement
2025-05-16 22:30:09,557 - INFO - Episode 0: Obstacle detected during movement, triggering immediate replanning
2025-05-16 22:30:09,571 - INFO - Adding newly detected obstacle at [np.float32(-5.95), np.float32(-5.52), np.float32(-1.89)] to planning data
2025-05-16 22:30:09,572 - INFO - Episode 0: Putting drone in hover mode before dynamic replanning
2025-05-16 22:30:10,074 - INFO - Episode 0: Triggering dynamic replanning due to detected obstacle
2025-05-16 22:30:10,088 - INFO - Enhanced planning parameters for obstacle avoidance: safety_margin=5.00, waypoint_count=150, obstacle_priority=5.00
2025-05-16 22:30:10,102 - WARNING - Episode 0: Planned waypoint would lead through obstacle at 4.22m
2025-05-16 22:30:10,102 - INFO - Episode 0: Attempting to generate safer waypoint away from obstacles
2025-05-16 22:30:10,103 - INFO - Episode 0: Generated safety waypoint to retreat from obstacle at direction [np.float64(0.62), np.float64(0.78), np.float64(0.05)], distance 2.36m
2025-05-16 22:30:10,103 - INFO - Episode 0: Executing replanned path to avoid obstacle
2025-05-16 22:30:10,116 - WARNING - Pre-movement check: Obstacle detected on planned path at 2.70m distance
2025-05-16 22:30:10,117 - INFO - Proceeding with movement and will replan if obstacle persists during execution
2025-05-16 22:30:10,241 - WARNING - Obstacle detected at 2.69m during movement execution
2025-05-16 22:30:10,242 - INFO - Obstacle not imminent, continuing with caution
2025-05-16 22:30:10,244 - WARNING - Forward obstacle detected at 1.35m during movement
2025-05-16 22:30:10,485 - WARNING - Pre-movement check: Obstacle detected on planned path at 2.31m distance
2025-05-16 22:30:10,486 - INFO - Proceeding with movement and will replan if obstacle persists during execution
2025-05-16 22:30:15,491 - WARNING - Movement taking too long, cancelling and replanning
2025-05-16 22:30:15,492 - INFO - Episode 0: Obstacle detected during movement, triggering immediate replanning
2025-05-16 22:30:15,508 - INFO - Adding newly detected obstacle at [-6.82, -7.81, -2.07] to planning data
2025-05-16 22:30:15,509 - INFO - Episode 0: Putting drone in hover mode before dynamic replanning
2025-05-16 22:30:16,011 - INFO - Episode 0: Triggering dynamic replanning due to detected obstacle
2025-05-16 22:30:16,024 - INFO - Enhanced planning parameters for obstacle avoidance: safety_margin=5.00, waypoint_count=150, obstacle_priority=5.00
2025-05-16 22:30:16,038 - WARNING - Episode 0: Planned waypoint would lead through obstacle at 4.08m
2025-05-16 22:30:16,039 - INFO - Episode 0: Attempting to generate safer waypoint away from obstacles
2025-05-16 22:30:16,039 - INFO - Episode 0: Generated safety waypoint to retreat from obstacle at direction [np.float64(0.09), np.float64(1.0), np.float64(-0.02)], distance 2.02m
2025-05-16 22:30:16,040 - INFO - Episode 0: Executing replanned path to avoid obstacle
2025-05-16 22:30:16,278 - WARNING - Obstacle detected at 1.34m during movement execution
2025-05-16 22:30:16,480 - WARNING - Episode 0: Step 3 took 6.03s (unusually long)
2025-05-16 22:30:16,483 - WARNING - Episode 0: Collision detected at step 4
2025-05-16 22:30:16,485 - INFO - Episode 0: Executing collision recovery - moving backward 3.0m and upward 3.0m
2025-05-16 22:30:25,015 - WARNING - Recovery movement timed out after 8.0 seconds
2025-05-16 22:30:25,017 - INFO - Episode 0: Collision recovery successful, moved 3.97m to new position: [-3.26, -3.15, -4.78]
2025-05-16 22:30:32,442 - WARNING - Episode 0: Step 4 took 15.96s (unusually long)
2025-05-16 22:30:36,279 - INFO - Episode 0: Target reached at step 6
2025-05-16 22:30:47,723 - INFO - Episode 0 completed: success
2025-05-16 22:30:47,723 - INFO -   Steps: 6, Duration: 19.29s
2025-05-16 22:30:47,723 - INFO -   Final distance: 1.27m, Collisions: 1
2025-05-16 22:30:47,724 - INFO -   Dynamic replanning events: 2
2025-05-16 22:30:47,759 - INFO - === Starting Episode 1 ===
2025-05-16 22:30:47,762 - INFO - Episode 1: Taking off...
2025-05-16 22:30:53,177 - INFO - Target distance range for episode 1: 15.5m - 38.5m
2025-05-16 22:30:53,264 - INFO - Found first valid target at [15.69, 3.88, -2.0]
2025-05-16 22:30:57,698 - INFO - Phase 2: Found 50 valid targets, focusing on refining these
2025-05-16 22:31:00,105 - INFO - Found 77 valid targets, selecting best with 0.00m clearance
2025-05-16 22:31:00,106 - INFO - Episode 1: Target sampling took 6.93s with 3 rays
2025-05-16 22:31:00,107 - INFO - Episode 1: Initial distance to target: 16.17m
2025-05-16 22:31:00,107 - INFO - Episode 1: Initial position: [0.0, 0.0, -1.67]
2025-05-16 22:31:00,107 - INFO - Episode 1: Target position: [15.69, 3.88, -2.0]
2025-05-16 22:31:00,107 - INFO - Episode 1: Initial distance: 16.17m
2025-05-16 22:31:00,112 - INFO - Episode 1: Target verified with 3 rays
2025-05-16 22:31:07,434 - WARNING - Pre-movement check: Obstacle detected on planned path at 1.82m distance
2025-05-16 22:31:07,435 - INFO - Proceeding with movement and will replan if obstacle persists during execution
2025-05-16 22:31:09,682 - WARNING - Pre-movement check: Obstacle detected on planned path at 0.57m distance
2025-05-16 22:31:09,683 - INFO - Proceeding with movement and will replan if obstacle persists during execution
2025-05-16 22:31:09,809 - WARNING - Obstacle detected at 1.87m during movement execution
2025-05-16 22:31:09,810 - INFO - Episode 1: Obstacle detected during movement, triggering immediate replanning
2025-05-16 22:31:09,824 - INFO - Episode 1: Putting drone in hover mode before dynamic replanning
2025-05-16 22:31:10,326 - INFO - Episode 1: Triggering dynamic replanning due to detected obstacle
2025-05-16 22:31:10,338 - INFO - Enhanced planning parameters for obstacle avoidance: safety_margin=5.00, waypoint_count=150, obstacle_priority=5.00
2025-05-16 22:31:10,349 - WARNING - Episode 1: Planned waypoint would lead through obstacle at 0.74m
2025-05-16 22:31:10,349 - INFO - Episode 1: Attempting to generate safer waypoint away from obstacles
2025-05-16 22:31:10,350 - INFO - Episode 1: Generated safety waypoint to retreat from obstacle at direction [np.float64(-0.89), np.float64(0.4), np.float64(-0.22)], distance 0.53m
2025-05-16 22:31:10,351 - INFO - Episode 1: Executing replanned path to avoid obstacle
2025-05-16 22:31:10,351 - WARNING - Waypoint too close (0.53m), extending to minimum distance 1.0m
2025-05-16 22:31:10,366 - WARNING - Pre-movement check: Obstacle detected on planned path at 2.75m distance
2025-05-16 22:31:10,367 - INFO - Proceeding with movement and will replan if obstacle persists during execution
2025-05-16 22:31:10,486 - WARNING - Obstacle detected at 2.07m during movement execution
2025-05-16 22:31:10,487 - INFO - Obstacle not imminent, continuing with caution
2025-05-16 22:31:10,489 - WARNING - Forward obstacle detected at 1.03m during movement
2025-05-16 22:31:10,732 - WARNING - Pre-movement check: Obstacle detected on planned path at 0.87m distance
2025-05-16 22:31:10,732 - INFO - Proceeding with movement and will replan if obstacle persists during execution
2025-05-16 22:31:14,253 - INFO - Very close to target (1.66m) in dense area - boosting target preference
2025-05-16 22:31:14,264 - WARNING - Waypoint too close (1.00m), extending to minimum distance 1.0m
2025-05-16 22:31:14,407 - WARNING - Obstacle detected at 0.85m during movement execution
2025-05-16 22:31:14,407 - INFO - Episode 1: Obstacle detected during movement, triggering immediate replanning
2025-05-16 22:31:14,421 - INFO - Episode 1: Putting drone in hover mode before dynamic replanning
2025-05-16 22:31:14,922 - INFO - Episode 1: Triggering dynamic replanning due to detected obstacle
2025-05-16 22:31:14,922 - INFO - Very close to target (1.66m) in dense area - boosting target preference
2025-05-16 22:31:14,936 - INFO - Very close to target (1.66m) - using moderate safety margin increase
2025-05-16 22:31:14,937 - INFO - Final approach adjusted: reduced obstacle weights, increased target preference
2025-05-16 22:31:14,937 - INFO - Enhanced planning parameters for obstacle avoidance: safety_margin=3.75, waypoint_count=150, obstacle_priority=4.00
2025-05-16 22:31:14,947 - INFO - Episode 1: Executing replanned path to avoid obstacle
2025-05-16 22:31:22,770 - INFO - Episode 1: Target reached at step 7
2025-05-16 22:31:35,132 - INFO - Episode 1 completed: success
2025-05-16 22:31:35,134 - INFO -   Steps: 7, Duration: 22.66s
2025-05-16 22:31:35,134 - INFO -   Final distance: 0.69m, Collisions: 0
2025-05-16 22:31:35,134 - INFO -   Dynamic replanning events: 2
2025-05-16 22:31:35,140 - INFO - === Starting Episode 2 ===
2025-05-16 22:31:35,144 - INFO - Episode 2: Taking off...
2025-05-16 22:31:40,557 - INFO - Target distance range for episode 2: 16.0m - 42.0m
2025-05-16 22:31:40,652 - INFO - Found first valid target at [-25.67, 16.62, -2.0]
2025-05-16 22:31:45,008 - INFO - Phase 2: Found 50 valid targets, focusing on refining these
2025-05-16 22:31:47,379 - INFO - Found 77 valid targets, selecting best with 0.00m clearance
2025-05-16 22:31:47,379 - INFO - Episode 2: Target sampling took 6.82s with 3 rays
2025-05-16 22:31:47,380 - INFO - Episode 2: Initial distance to target: 30.58m
2025-05-16 22:31:47,380 - INFO - Episode 2: Initial position: [0.0, 0.0, -1.67]
2025-05-16 22:31:47,381 - INFO - Episode 2: Target position: [-25.67, 16.62, -2.0]
2025-05-16 22:31:47,381 - INFO - Episode 2: Initial distance: 30.58m
2025-05-16 22:31:47,387 - INFO - Episode 2: Target verified with 3 rays
2025-05-16 22:31:53,300 - WARNING - Episode 2: Step 0 took 5.91s (unusually long)
2025-05-16 22:31:56,157 - WARNING - Pre-movement check: Obstacle detected on planned path at 1.92m distance
2025-05-16 22:31:56,158 - INFO - Proceeding with movement and will replan if obstacle persists during execution
2025-05-16 22:31:56,289 - WARNING - Forward obstacle detected at 1.52m during movement
2025-05-16 22:31:56,290 - INFO - Episode 2: Obstacle detected during movement, triggering immediate replanning
2025-05-16 22:31:56,301 - INFO - Episode 2: Putting drone in hover mode before dynamic replanning
2025-05-16 22:31:56,803 - INFO - Episode 2: Triggering dynamic replanning due to detected obstacle
2025-05-16 22:31:56,814 - INFO - Enhanced planning parameters for obstacle avoidance: safety_margin=5.00, waypoint_count=150, obstacle_priority=5.00
2025-05-16 22:31:56,826 - INFO - Episode 2: Executing replanned path to avoid obstacle
2025-05-16 22:32:01,636 - WARNING - Episode 2: Step 2 took 5.52s (unusually long)
2025-05-16 22:32:07,533 - WARNING - Episode 2: Step 3 took 5.90s (unusually long)
2025-05-16 22:32:10,579 - WARNING - Forward obstacle detected at 2.42m during movement
2025-05-16 22:32:10,580 - INFO - Episode 2: Obstacle detected during movement, triggering immediate replanning
2025-05-16 22:32:10,592 - INFO - Episode 2: Putting drone in hover mode before dynamic replanning
2025-05-16 22:32:11,094 - INFO - Episode 2: Triggering dynamic replanning due to detected obstacle
2025-05-16 22:32:11,106 - INFO - Enhanced planning parameters for obstacle avoidance: safety_margin=5.00, waypoint_count=150, obstacle_priority=5.00
2025-05-16 22:32:11,117 - INFO - Episode 2: Executing replanned path to avoid obstacle
2025-05-16 22:32:15,809 - WARNING - Episode 2: Step 5 took 5.39s (unusually long)
2025-05-16 22:32:20,848 - WARNING - Movement taking too long, cancelling and replanning
2025-05-16 22:32:20,849 - INFO - Episode 2: Obstacle detected during movement, triggering immediate replanning
2025-05-16 22:32:20,860 - INFO - Adding newly detected obstacle at [-13.93, 8.44, -5.47] to planning data
2025-05-16 22:32:20,860 - INFO - Episode 2: Putting drone in hover mode before dynamic replanning
2025-05-16 22:32:21,361 - INFO - Episode 2: Triggering dynamic replanning due to detected obstacle
2025-05-16 22:32:21,373 - INFO - Enhanced planning parameters for obstacle avoidance: safety_margin=5.00, waypoint_count=150, obstacle_priority=5.00
2025-05-16 22:32:21,384 - INFO - Episode 2: Executing replanned path to avoid obstacle
2025-05-16 22:32:26,401 - WARNING - Movement taking too long, cancelling and replanning
2025-05-16 22:32:26,603 - WARNING - Episode 2: Step 6 took 10.79s (unusually long)
2025-05-16 22:32:26,605 - WARNING - Episode 2: Collision detected at step 7
2025-05-16 22:32:26,607 - INFO - Episode 2: Executing collision recovery - moving backward 3.0m and upward 3.0m
2025-05-16 22:32:35,137 - WARNING - Recovery movement timed out after 8.0 seconds
2025-05-16 22:32:35,140 - INFO - Episode 2: Collision recovery successful, moved 1.18m to new position: [-13.49, 8.66, -6.99]
2025-05-16 22:32:44,077 - WARNING - Movement taking too long, cancelling and replanning
2025-05-16 22:32:44,079 - INFO - Episode 2: Obstacle detected during movement, triggering immediate replanning
2025-05-16 22:32:44,090 - INFO - Adding newly detected obstacle at [-15.86, 10.22, -6.02] to planning data
2025-05-16 22:32:44,090 - INFO - Episode 2: Putting drone in hover mode before dynamic replanning
2025-05-16 22:32:44,592 - INFO - Episode 2: Triggering dynamic replanning due to detected obstacle
2025-05-16 22:32:44,605 - INFO - Enhanced planning parameters for obstacle avoidance: safety_margin=5.00, waypoint_count=150, obstacle_priority=5.00
2025-05-16 22:32:44,618 - INFO - Episode 2: Executing replanned path to avoid obstacle
2025-05-16 22:32:46,007 - WARNING - Episode 2: Step 7 took 19.40s (unusually long)
2025-05-16 22:32:46,009 - WARNING - Episode 2: Collision detected at step 8
2025-05-16 22:32:46,011 - INFO - Episode 2: Executing collision recovery - moving backward 3.0m and upward 3.0m
2025-05-16 22:32:54,541 - WARNING - Recovery movement timed out after 8.0 seconds
2025-05-16 22:32:54,542 - INFO - Episode 2: Collision recovery successful, moved 0.68m to new position: [-13.82, 9.11, -9.18]
2025-05-16 22:33:04,536 - WARNING - Episode 2: Step 8 took 18.53s (unusually long)
2025-05-16 22:33:04,539 - WARNING - Episode 2: Collision detected at step 9
2025-05-16 22:33:04,541 - INFO - Episode 2: Executing collision recovery - moving backward 3.0m and upward 3.0m
2025-05-16 22:33:13,073 - WARNING - Recovery movement timed out after 8.0 seconds
2025-05-16 22:33:13,076 - INFO - Episode 2: Collision recovery successful, moved 3.19m to new position: [-14.44, 9.13, -10.6]
2025-05-16 22:33:19,588 - WARNING - Episode 2: Step 9 took 15.05s (unusually long)
2025-05-16 22:33:19,590 - WARNING - Episode 2: Collision detected at step 10
2025-05-16 22:33:19,591 - INFO - Episode 2: Executing collision recovery - moving backward 3.0m and upward 3.0m
