2025-05-11 21:36:58,420 - INFO - Using random seed: 42
2025-05-11 21:36:58,422 - INFO - Starting experiment with configuration:
2025-05-11 21:36:58,422 - INFO -   num_episodes: 10
2025-05-11 21:36:58,422 - INFO -   target_distance_range: (15.0, 50.0)
2025-05-11 21:36:58,422 - INFO -   random_seed: 42
2025-05-11 21:36:58,422 - INFO -   max_steps_per_episode: 100
2025-05-11 21:36:58,422 - INFO -   output_dir: experiment_results
2025-05-11 21:36:58,422 - INFO -   stuck_timeout: 15.0
2025-05-11 21:36:58,423 - INFO -   stuck_check_interval: 3.0
2025-05-11 21:36:58,423 - INFO -   episode_timeout: 120
2025-05-11 21:36:58,424 - INFO -   precompile_julia: True
2025-05-11 21:36:58,424 - INFO -   zmq_port: 5555
2025-05-11 21:36:58,424 - INFO -   debug_raycasting: False
2025-05-11 21:36:58,424 - INFO -   min_ray_checks: 3
2025-05-11 21:36:58,424 - INFO -   max_ray_checks: 7
2025-05-11 21:36:58,424 - INFO -   visualize_raycasts: False
2025-05-11 21:36:58,424 - INFO -   visualization_duration: 60.0
2025-05-11 21:39:12,388 - INFO - === Starting Episode 0 ===
2025-05-11 21:39:12,391 - INFO - Episode 0: Taking off...
2025-05-11 21:39:17,802 - INFO - Target distance range for episode 0: 15.0m - 50.0m
2025-05-11 21:39:17,904 - INFO - Found first valid target at [-8.13, -9.76, -2.0]
2025-05-11 21:39:22,167 - INFO - Phase 2: Found 50 valid targets, focusing on refining these
2025-05-11 21:39:24,517 - INFO - Found 77 valid targets, selecting best with 0.00m clearance
2025-05-11 21:39:24,518 - INFO - Episode 0: Target sampling took 6.72s with 3 rays
2025-05-11 21:39:24,518 - INFO - Episode 0: Initial position: [0.0, 0.0, -1.67]
2025-05-11 21:39:24,519 - INFO - Episode 0: Target position: [-8.13, -9.76, -2.0]
2025-05-11 21:39:24,519 - INFO - Episode 0: Initial distance: 12.71m
2025-05-11 21:39:24,524 - INFO - Episode 0: Target verified with 3 rays
2025-05-11 21:39:33,165 - WARNING - Episode 0: Step 0 took 8.64s (unusually long)
2025-05-11 21:39:33,213 - WARNING - Obstacle detected on planned path before movement at 3.12m distance
2025-05-11 21:39:33,213 - INFO - Episode 0: Obstacle detected during movement, triggering immediate replanning
2025-05-11 21:39:33,233 - INFO - Episode 0: Triggering dynamic replanning due to detected obstacle
2025-05-11 21:39:33,236 - INFO - Enhanced planning parameters for obstacle avoidance: safety_margin=3.75, waypoint_count=112, obstacle_priority=3.75
2025-05-11 21:39:33,247 - WARNING - Episode 0: Planned waypoint would lead through obstacle at 9.60m
2025-05-11 21:39:33,248 - INFO - Episode 0: Attempting to generate safer waypoint away from obstacles
2025-05-11 21:39:33,249 - INFO - Episode 0: Generated safety waypoint to retreat from obstacle at direction [np.float64(0.84), np.float64(0.53), np.float64(0.11)], distance 3.00m
2025-05-11 21:39:33,250 - INFO - Episode 0: Executing replanned path to avoid obstacle
2025-05-11 21:39:33,596 - WARNING - Obstacle detected at 2.46m during movement execution
2025-05-11 21:39:36,632 - WARNING - Obstacle detected on planned path before movement at 2.51m distance
2025-05-11 21:39:36,632 - INFO - Episode 0: Obstacle detected during movement, triggering immediate replanning
2025-05-11 21:39:36,645 - INFO - Adding newly detected obstacle at [np.float32(-6.05), np.float32(-4.0), np.float32(-2.0)] to planning data
2025-05-11 21:39:36,645 - INFO - Episode 0: Triggering dynamic replanning due to detected obstacle
2025-05-11 21:39:36,649 - INFO - Enhanced planning parameters for obstacle avoidance: safety_margin=3.75, waypoint_count=112, obstacle_priority=3.75
2025-05-11 21:39:36,661 - WARNING - Episode 0: Planned waypoint would lead through obstacle at 3.08m
2025-05-11 21:39:36,661 - INFO - Episode 0: Attempting to generate safer waypoint away from obstacles
2025-05-11 21:39:36,662 - INFO - Episode 0: Generated safety waypoint to retreat from obstacle at direction [np.float64(0.97), np.float64(-0.23), np.float64(0.0)], distance 1.54m
2025-05-11 21:39:36,663 - INFO - Episode 0: Executing replanned path to avoid obstacle
2025-05-11 21:39:36,801 - WARNING - Obstacle detected at 2.09m during movement execution
2025-05-11 21:39:37,042 - WARNING - Obstacle detected on planned path before movement at 2.92m distance
2025-05-11 21:39:37,042 - INFO - Episode 0: Obstacle detected during movement, triggering immediate replanning
2025-05-11 21:39:37,056 - INFO - Episode 0: Triggering dynamic replanning due to detected obstacle
2025-05-11 21:39:37,058 - INFO - Enhanced planning parameters for obstacle avoidance: safety_margin=3.75, waypoint_count=112, obstacle_priority=3.75
2025-05-11 21:39:37,071 - WARNING - Episode 0: Planned waypoint would lead through obstacle at 2.92m
2025-05-11 21:39:37,071 - INFO - Episode 0: Attempting to generate safer waypoint away from obstacles
2025-05-11 21:39:37,072 - INFO - Episode 0: Generated safety waypoint to retreat from obstacle at direction [np.float64(0.98), np.float64(-0.19), np.float64(-0.0)], distance 1.46m
2025-05-11 21:39:37,073 - INFO - Episode 0: Executing replanned path to avoid obstacle
2025-05-11 21:39:37,088 - WARNING - Obstacle detected on planned path before movement at 2.65m distance
2025-05-11 21:39:42,345 - WARNING - Movement taking too long, cancelling and replanning
2025-05-11 21:39:42,347 - INFO - Episode 0: Obstacle detected during movement, triggering immediate replanning
2025-05-11 21:39:42,365 - INFO - Adding newly detected obstacle at [-6.44, -8.05, -2.09] to planning data
2025-05-11 21:39:42,366 - INFO - Episode 0: Triggering dynamic replanning due to detected obstacle
2025-05-11 21:39:42,370 - INFO - Enhanced planning parameters for obstacle avoidance: safety_margin=3.75, waypoint_count=112, obstacle_priority=3.75
2025-05-11 21:39:42,393 - WARNING - Episode 0: Planned waypoint would lead through obstacle at 1.50m
2025-05-11 21:39:42,393 - INFO - Episode 0: Attempting to generate safer waypoint away from obstacles
2025-05-11 21:39:42,394 - INFO - Episode 0: Generated safety waypoint to retreat from obstacle at direction [np.float64(0.73), np.float64(0.68), np.float64(-0.07)], distance 1.20m
2025-05-11 21:39:42,395 - INFO - Episode 0: Executing replanned path to avoid obstacle
2025-05-11 21:39:42,630 - WARNING - Obstacle detected at 2.07m during movement execution
2025-05-11 21:39:42,832 - WARNING - Episode 0: Step 5 took 5.54s (unusually long)
2025-05-11 21:39:42,836 - WARNING - Episode 0: Collision detected at step 6
2025-05-11 21:39:42,874 - WARNING - Obstacle detected on planned path before movement at 3.63m distance
2025-05-11 21:39:42,875 - INFO - Episode 0: Obstacle detected during movement, triggering immediate replanning
2025-05-11 21:39:42,884 - INFO - Episode 0: Triggering dynamic replanning due to detected obstacle
2025-05-11 21:39:42,888 - INFO - Enhanced planning parameters for obstacle avoidance: safety_margin=3.75, waypoint_count=112, obstacle_priority=3.00
2025-05-11 21:39:42,901 - WARNING - Episode 0: Planned waypoint would lead through obstacle at 2.64m
2025-05-11 21:39:42,901 - INFO - Episode 0: Attempting to generate safer waypoint away from obstacles
2025-05-11 21:39:42,901 - INFO - Episode 0: Generated safety waypoint to retreat from obstacle at direction [np.float64(0.76), np.float64(-0.64), np.float64(-0.09)], distance 1.32m
2025-05-11 21:39:42,903 - INFO - Episode 0: Executing replanned path to avoid obstacle
2025-05-11 21:39:44,629 - WARNING - Episode 0: Collision detected at step 7
2025-05-11 21:39:47,565 - WARNING - Obstacle detected on planned path before movement at 2.01m distance
2025-05-11 21:39:47,565 - INFO - Episode 0: Obstacle detected during movement, triggering immediate replanning
2025-05-11 21:39:47,584 - INFO - Episode 0: Triggering dynamic replanning due to detected obstacle
2025-05-11 21:39:47,587 - INFO - Enhanced planning parameters for obstacle avoidance: safety_margin=3.75, waypoint_count=112, obstacle_priority=3.00
2025-05-11 21:39:47,598 - WARNING - Episode 0: Planned waypoint would lead through obstacle at 3.07m
2025-05-11 21:39:47,599 - INFO - Episode 0: Attempting to generate safer waypoint away from obstacles
2025-05-11 21:39:47,600 - INFO - Episode 0: Generated safety waypoint to retreat from obstacle at direction [np.float64(0.82), np.float64(-0.57), np.float64(0.01)], distance 1.53m
2025-05-11 21:39:47,600 - INFO - Episode 0: Executing replanned path to avoid obstacle
2025-05-11 21:39:47,616 - WARNING - Obstacle detected on planned path before movement at 2.42m distance
2025-05-11 21:39:47,853 - WARNING - Obstacle detected on planned path before movement at 1.18m distance
2025-05-11 21:39:47,854 - INFO - Episode 0: Obstacle detected during movement, triggering immediate replanning
2025-05-11 21:39:47,869 - INFO - Episode 0: Triggering dynamic replanning due to detected obstacle
2025-05-11 21:39:47,871 - INFO - Enhanced planning parameters for obstacle avoidance: safety_margin=3.75, waypoint_count=112, obstacle_priority=3.00
2025-05-11 21:39:47,879 - WARNING - Episode 0: Planned waypoint would lead through obstacle at 2.82m
2025-05-11 21:39:47,880 - INFO - Episode 0: Attempting to generate safer waypoint away from obstacles
2025-05-11 21:39:47,880 - INFO - Episode 0: Generated safety waypoint to retreat from obstacle at direction [np.float64(0.49), np.float64(-0.87), np.float64(-0.09)], distance 1.41m
2025-05-11 21:39:47,881 - INFO - Episode 0: Executing replanned path to avoid obstacle
2025-05-11 21:39:47,892 - WARNING - Obstacle detected on planned path before movement at 2.28m distance
2025-05-11 21:39:48,095 - INFO - Episode 0: Target reached at step 10
2025-05-11 21:39:56,460 - INFO - Episode 0 completed: success
2025-05-11 21:39:56,460 - INFO -   Steps: 10, Duration: 23.58s
2025-05-11 21:39:56,461 - INFO -   Final distance: 1.42m, Collisions: 2
2025-05-11 21:39:56,462 - INFO -   Dynamic replanning events: 7
2025-05-11 21:39:56,501 - INFO - === Starting Episode 1 ===
2025-05-11 21:39:56,505 - INFO - Episode 1: Taking off...
2025-05-11 21:40:01,943 - INFO - Target distance range for episode 1: 15.5m - 38.5m
2025-05-11 21:40:02,038 - INFO - Found first valid target at [15.69, 3.88, -2.0]
2025-05-11 21:40:06,563 - INFO - Phase 2: Found 50 valid targets, focusing on refining these
2025-05-11 21:40:08,971 - INFO - Found 77 valid targets, selecting best with 0.00m clearance
2025-05-11 21:40:08,971 - INFO - Episode 1: Target sampling took 7.03s with 3 rays
2025-05-11 21:40:08,971 - INFO - Episode 1: Initial position: [0.0, 0.0, -1.66]
2025-05-11 21:40:08,973 - INFO - Episode 1: Target position: [15.69, 3.88, -2.0]
2025-05-11 21:40:08,973 - INFO - Episode 1: Initial distance: 16.17m
2025-05-11 21:40:08,978 - INFO - Episode 1: Target verified with 3 rays
2025-05-11 21:40:13,681 - WARNING - Waypoint too close (0.00m), extending to minimum distance 0.2m
2025-05-11 21:40:13,681 - WARNING - Movement distance effectively zero, creating default movement direction
2025-05-11 21:40:13,696 - WARNING - Obstacle detected on planned path before movement at 2.38m distance
2025-05-11 21:40:13,697 - INFO - Episode 1: Obstacle detected during movement, triggering immediate replanning
2025-05-11 21:40:13,718 - INFO - Episode 1: Triggering dynamic replanning due to detected obstacle
2025-05-11 21:40:13,722 - INFO - Enhanced planning parameters for obstacle avoidance: safety_margin=3.75, waypoint_count=112, obstacle_priority=3.75
2025-05-11 21:40:13,731 - INFO - Episode 1: Executing replanned path to avoid obstacle
2025-05-11 21:40:13,732 - WARNING - Waypoint too close (0.00m), extending to minimum distance 0.2m
2025-05-11 21:40:13,733 - WARNING - Movement distance effectively zero, creating default movement direction
2025-05-11 21:40:13,746 - WARNING - Obstacle detected on planned path before movement at 2.41m distance
2025-05-11 21:40:13,987 - WARNING - Obstacle detected on planned path before movement at 1.07m distance
2025-05-11 21:40:13,988 - INFO - Episode 1: Obstacle detected during movement, triggering immediate replanning
2025-05-11 21:40:14,006 - INFO - Episode 1: Triggering dynamic replanning due to detected obstacle
2025-05-11 21:40:14,009 - INFO - Enhanced planning parameters for obstacle avoidance: safety_margin=3.75, waypoint_count=112, obstacle_priority=3.75
2025-05-11 21:40:14,023 - WARNING - Episode 1: Planned waypoint would lead through obstacle at 2.77m
2025-05-11 21:40:14,023 - INFO - Episode 1: Attempting to generate safer waypoint away from obstacles
2025-05-11 21:40:14,024 - INFO - Episode 1: Generated safety waypoint to retreat from obstacle at direction [np.float64(0.06), np.float64(-0.99), np.float64(-0.1)], distance 1.38m
2025-05-11 21:40:14,025 - INFO - Episode 1: Executing replanned path to avoid obstacle
2025-05-11 21:40:14,158 - WARNING - Obstacle detected at 2.09m during movement execution
2025-05-11 21:40:17,038 - WARNING - Obstacle detected on planned path before movement at 2.70m distance
2025-05-11 21:40:17,039 - INFO - Episode 1: Obstacle detected during movement, triggering immediate replanning
2025-05-11 21:40:17,052 - INFO - Episode 1: Triggering dynamic replanning due to detected obstacle
2025-05-11 21:40:17,055 - INFO - Enhanced planning parameters for obstacle avoidance: safety_margin=3.75, waypoint_count=112, obstacle_priority=3.75
2025-05-11 21:40:17,064 - WARNING - Episode 1: Planned waypoint would lead through obstacle at 2.70m
2025-05-11 21:40:17,064 - INFO - Episode 1: Attempting to generate safer waypoint away from obstacles
2025-05-11 21:40:17,065 - INFO - Episode 1: Generated safety waypoint to retreat from obstacle at direction [np.float64(-0.77), np.float64(0.64), np.float64(-0.04)], distance 1.35m
2025-05-11 21:40:17,065 - INFO - Episode 1: Executing replanned path to avoid obstacle
2025-05-11 21:40:17,080 - WARNING - Obstacle detected on planned path before movement at 0.71m distance
2025-05-11 21:40:17,321 - WARNING - Obstacle detected on planned path before movement at 1.81m distance
2025-05-11 21:40:17,322 - INFO - Episode 1: Obstacle detected during movement, triggering immediate replanning
2025-05-11 21:40:17,339 - INFO - Episode 1: Triggering dynamic replanning due to detected obstacle
2025-05-11 21:40:17,341 - INFO - Enhanced planning parameters for obstacle avoidance: safety_margin=3.75, waypoint_count=112, obstacle_priority=3.75
2025-05-11 21:40:17,352 - WARNING - Episode 1: Planned waypoint would lead through obstacle at 1.81m
2025-05-11 21:40:17,353 - INFO - Episode 1: Attempting to generate safer waypoint away from obstacles
2025-05-11 21:40:17,354 - INFO - Episode 1: Generated safety waypoint to retreat from obstacle at direction [np.float64(-0.42), np.float64(0.89), np.float64(-0.18)], distance 0.90m
2025-05-11 21:40:17,354 - INFO - Episode 1: Executing replanned path to avoid obstacle
2025-05-11 21:40:17,369 - WARNING - Obstacle detected on planned path before movement at 1.63m distance
2025-05-11 21:40:17,604 - WARNING - Obstacle detected on planned path before movement at 1.66m distance
2025-05-11 21:40:17,604 - INFO - Episode 1: Obstacle detected during movement, triggering immediate replanning
2025-05-11 21:40:17,620 - INFO - Adding newly detected obstacle at [np.float32(11.05), np.float32(0.15), np.float32(-1.73)] to planning data
2025-05-11 21:40:17,621 - INFO - Episode 1: Triggering dynamic replanning due to detected obstacle
2025-05-11 21:40:17,624 - INFO - Enhanced planning parameters for obstacle avoidance: safety_margin=3.75, waypoint_count=112, obstacle_priority=3.75
2025-05-11 21:40:17,636 - WARNING - Episode 1: Planned waypoint would lead through obstacle at 2.93m
2025-05-11 21:40:17,636 - INFO - Episode 1: Attempting to generate safer waypoint away from obstacles
2025-05-11 21:40:17,637 - INFO - Episode 1: Generated safety waypoint to retreat from obstacle at direction [np.float64(-0.77), np.float64(0.63), np.float64(-0.08)], distance 1.47m
2025-05-11 21:40:17,637 - INFO - Episode 1: Executing replanned path to avoid obstacle
2025-05-11 21:40:17,653 - WARNING - Obstacle detected on planned path before movement at 0.59m distance
2025-05-11 21:40:17,893 - WARNING - Obstacle detected on planned path before movement at 2.84m distance
2025-05-11 21:40:17,894 - INFO - Episode 1: Obstacle detected during movement, triggering immediate replanning
2025-05-11 21:40:17,907 - INFO - Episode 1: Triggering dynamic replanning due to detected obstacle
2025-05-11 21:40:17,911 - INFO - Enhanced planning parameters for obstacle avoidance: safety_margin=3.75, waypoint_count=112, obstacle_priority=3.75
2025-05-11 21:40:17,918 - WARNING - Episode 1: Planned waypoint would lead through obstacle at 2.84m
2025-05-11 21:40:17,919 - INFO - Episode 1: Attempting to generate safer waypoint away from obstacles
2025-05-11 21:40:17,919 - INFO - Episode 1: Generated safety waypoint to retreat from obstacle at direction [np.float64(-0.86), np.float64(0.5), np.float64(-0.08)], distance 1.42m
2025-05-11 21:40:17,920 - INFO - Episode 1: Executing replanned path to avoid obstacle
2025-05-11 21:40:18,056 - WARNING - Obstacle detected at 2.57m during movement execution
2025-05-11 21:40:18,291 - WARNING - Obstacle detected on planned path before movement at 0.37m distance
2025-05-11 21:40:18,292 - INFO - Episode 1: Obstacle detected during movement, triggering immediate replanning
2025-05-11 21:40:18,308 - INFO - Episode 1: Triggering dynamic replanning due to detected obstacle
2025-05-11 21:40:18,312 - INFO - Enhanced planning parameters for obstacle avoidance: safety_margin=3.75, waypoint_count=112, obstacle_priority=3.75
2025-05-11 21:40:18,323 - WARNING - Episode 1: Planned waypoint would lead through obstacle at 0.37m
2025-05-11 21:40:18,323 - INFO - Episode 1: Attempting to generate safer waypoint away from obstacles
2025-05-11 21:40:18,323 - INFO - Episode 1: Generated safety waypoint to retreat from obstacle at direction [np.float64(-0.76), np.float64(-0.05), np.float64(-0.65)], distance 0.19m
2025-05-11 21:40:18,325 - INFO - Episode 1: Executing replanned path to avoid obstacle
2025-05-11 21:40:18,325 - WARNING - Waypoint too close (0.19m), extending to minimum distance 0.2m
2025-05-11 21:40:21,391 - WARNING - Obstacle detected on planned path before movement at 1.26m distance
2025-05-11 21:40:21,392 - INFO - Episode 1: Obstacle detected during movement, triggering immediate replanning
2025-05-11 21:40:21,406 - INFO - Adding newly detected obstacle at [np.float32(14.47), np.float32(3.24), np.float32(-2.13)] to planning data
2025-05-11 21:40:21,407 - INFO - Episode 1: Triggering dynamic replanning due to detected obstacle
2025-05-11 21:40:21,409 - INFO - Enhanced planning parameters for obstacle avoidance: safety_margin=3.75, waypoint_count=112, obstacle_priority=3.00
2025-05-11 21:40:21,421 - WARNING - Episode 1: Planned waypoint would lead through obstacle at 2.78m
2025-05-11 21:40:21,422 - INFO - Episode 1: Attempting to generate safer waypoint away from obstacles
2025-05-11 21:40:21,423 - INFO - Episode 1: Generated safety waypoint to retreat from obstacle at direction [np.float64(-0.73), np.float64(0.68), np.float64(-0.04)], distance 1.39m
2025-05-11 21:40:21,423 - INFO - Episode 1: Executing replanned path to avoid obstacle
2025-05-11 21:40:21,438 - WARNING - Obstacle detected on planned path before movement at 1.80m distance
2025-05-11 21:40:21,678 - WARNING - Obstacle detected on planned path before movement at 2.62m distance
2025-05-11 21:40:21,678 - INFO - Episode 1: Obstacle detected during movement, triggering immediate replanning
2025-05-11 21:40:21,691 - INFO - Episode 1: Triggering dynamic replanning due to detected obstacle
2025-05-11 21:40:21,695 - INFO - Enhanced planning parameters for obstacle avoidance: safety_margin=3.75, waypoint_count=112, obstacle_priority=3.00
2025-05-11 21:40:21,707 - WARNING - Episode 1: Planned waypoint would lead through obstacle at 2.62m
2025-05-11 21:40:21,708 - INFO - Episode 1: Attempting to generate safer waypoint away from obstacles
2025-05-11 21:40:21,709 - INFO - Episode 1: Generated safety waypoint to retreat from obstacle at direction [np.float64(-0.91), np.float64(0.42), np.float64(-0.03)], distance 1.31m
2025-05-11 21:40:21,709 - INFO - Episode 1: Executing replanned path to avoid obstacle
2025-05-11 21:40:21,841 - WARNING - Obstacle detected at 1.04m during movement execution
2025-05-11 21:40:22,079 - WARNING - Obstacle detected on planned path before movement at 0.83m distance
2025-05-11 21:40:22,080 - INFO - Episode 1: Obstacle detected during movement, triggering immediate replanning
2025-05-11 21:40:22,092 - INFO - Episode 1: Triggering dynamic replanning due to detected obstacle
2025-05-11 21:40:22,096 - INFO - Enhanced planning parameters for obstacle avoidance: safety_margin=3.75, waypoint_count=112, obstacle_priority=3.00
2025-05-11 21:40:22,107 - WARNING - Episode 1: Planned waypoint would lead through obstacle at 0.83m
2025-05-11 21:40:22,108 - INFO - Episode 1: Attempting to generate safer waypoint away from obstacles
2025-05-11 21:40:22,109 - INFO - Episode 1: Generated safety waypoint to retreat from obstacle at direction [np.float64(-0.9), np.float64(0.38), np.float64(-0.24)], distance 0.42m
2025-05-11 21:40:22,109 - INFO - Episode 1: Executing replanned path to avoid obstacle
2025-05-11 21:40:22,463 - WARNING - Obstacle detected on planned path before movement at 2.65m distance
2025-05-11 21:40:22,464 - INFO - Episode 1: Obstacle detected during movement, triggering immediate replanning
2025-05-11 21:40:22,478 - INFO - Episode 1: Triggering dynamic replanning due to detected obstacle
2025-05-11 21:40:22,482 - INFO - Enhanced planning parameters for obstacle avoidance: safety_margin=3.75, waypoint_count=112, obstacle_priority=3.00
2025-05-11 21:40:22,494 - WARNING - Episode 1: Planned waypoint would lead through obstacle at 2.65m
2025-05-11 21:40:22,495 - INFO - Episode 1: Attempting to generate safer waypoint away from obstacles
2025-05-11 21:40:22,496 - INFO - Episode 1: Generated safety waypoint to retreat from obstacle at direction [np.float64(-0.68), np.float64(0.72), np.float64(-0.11)], distance 1.32m
2025-05-11 21:40:22,496 - INFO - Episode 1: Executing replanned path to avoid obstacle
2025-05-11 21:40:22,513 - WARNING - Obstacle detected on planned path before movement at 1.17m distance
2025-05-11 21:40:22,754 - WARNING - Obstacle detected on planned path before movement at 0.77m distance
2025-05-11 21:40:22,755 - INFO - Episode 1: Obstacle detected during movement, triggering immediate replanning
2025-05-11 21:40:22,767 - INFO - Episode 1: Triggering dynamic replanning due to detected obstacle
2025-05-11 21:40:22,770 - INFO - Enhanced planning parameters for obstacle avoidance: safety_margin=3.75, waypoint_count=112, obstacle_priority=3.00
2025-05-11 21:40:22,779 - WARNING - Episode 1: Planned waypoint would lead through obstacle at 0.77m
2025-05-11 21:40:22,780 - INFO - Episode 1: Attempting to generate safer waypoint away from obstacles
2025-05-11 21:40:22,781 - INFO - Episode 1: Generated safety waypoint to retreat from obstacle at direction [np.float64(-0.9), np.float64(0.28), np.float64(-0.33)], distance 0.39m
2025-05-11 21:40:22,781 - INFO - Episode 1: Executing replanned path to avoid obstacle
2025-05-11 21:40:22,796 - WARNING - Obstacle detected on planned path before movement at 1.89m distance
2025-05-11 21:40:23,032 - WARNING - Obstacle detected on planned path before movement at 2.43m distance
2025-05-11 21:40:23,032 - INFO - Episode 1: Obstacle detected during movement, triggering immediate replanning
2025-05-11 21:40:23,046 - INFO - Episode 1: Triggering dynamic replanning due to detected obstacle
2025-05-11 21:40:23,049 - INFO - Enhanced planning parameters for obstacle avoidance: safety_margin=3.75, waypoint_count=112, obstacle_priority=3.00
2025-05-11 21:40:23,061 - WARNING - Episode 1: Planned waypoint would lead through obstacle at 2.43m
2025-05-11 21:40:23,061 - INFO - Episode 1: Attempting to generate safer waypoint away from obstacles
2025-05-11 21:40:23,062 - INFO - Episode 1: Generated safety waypoint to retreat from obstacle at direction [np.float64(-0.78), np.float64(0.61), np.float64(-0.11)], distance 1.22m
2025-05-11 21:40:23,063 - INFO - Episode 1: Executing replanned path to avoid obstacle
2025-05-11 21:40:23,076 - WARNING - Obstacle detected on planned path before movement at 1.09m distance
2025-05-11 21:40:23,313 - WARNING - Obstacle detected on planned path before movement at 2.51m distance
2025-05-11 21:40:23,314 - INFO - Episode 1: Obstacle detected during movement, triggering immediate replanning
2025-05-11 21:40:23,326 - INFO - Episode 1: Triggering dynamic replanning due to detected obstacle
2025-05-11 21:40:23,328 - INFO - Enhanced planning parameters for obstacle avoidance: safety_margin=3.75, waypoint_count=112, obstacle_priority=3.00
2025-05-11 21:40:23,341 - WARNING - Episode 1: Planned waypoint would lead through obstacle at 2.51m
2025-05-11 21:40:23,342 - INFO - Episode 1: Attempting to generate safer waypoint away from obstacles
2025-05-11 21:40:23,342 - INFO - Episode 1: Generated safety waypoint to retreat from obstacle at direction [np.float64(-0.75), np.float64(0.66), np.float64(-0.11)], distance 1.25m
2025-05-11 21:40:23,343 - INFO - Episode 1: Executing replanned path to avoid obstacle
2025-05-11 21:40:23,357 - WARNING - Obstacle detected on planned path before movement at 2.65m distance
2025-05-11 21:40:23,594 - WARNING - Obstacle detected on planned path before movement at 2.68m distance
2025-05-11 21:40:23,594 - INFO - Episode 1: Obstacle detected during movement, triggering immediate replanning
2025-05-11 21:40:23,607 - INFO - Episode 1: Triggering dynamic replanning due to detected obstacle
2025-05-11 21:40:23,609 - INFO - Enhanced planning parameters for obstacle avoidance: safety_margin=3.75, waypoint_count=112, obstacle_priority=3.00
2025-05-11 21:40:23,620 - WARNING - Episode 1: Planned waypoint would lead through obstacle at 2.68m
2025-05-11 21:40:23,621 - INFO - Episode 1: Attempting to generate safer waypoint away from obstacles
2025-05-11 21:40:23,621 - INFO - Episode 1: Generated safety waypoint to retreat from obstacle at direction [np.float64(-0.72), np.float64(0.69), np.float64(-0.1)], distance 1.34m
2025-05-11 21:40:23,621 - INFO - Episode 1: Executing replanned path to avoid obstacle
2025-05-11 21:40:23,640 - WARNING - Obstacle detected on planned path before movement at 2.59m distance
2025-05-11 21:40:23,876 - WARNING - Obstacle detected on planned path before movement at 1.12m distance
2025-05-11 21:40:23,877 - INFO - Episode 1: Obstacle detected during movement, triggering immediate replanning
2025-05-11 21:40:23,892 - INFO - Episode 1: Triggering dynamic replanning due to detected obstacle
2025-05-11 21:40:23,894 - INFO - Enhanced planning parameters for obstacle avoidance: safety_margin=3.75, waypoint_count=112, obstacle_priority=3.00
2025-05-11 21:40:23,904 - WARNING - Episode 1: Planned waypoint would lead through obstacle at 1.12m
2025-05-11 21:40:23,904 - INFO - Episode 1: Attempting to generate safer waypoint away from obstacles
2025-05-11 21:40:23,905 - INFO - Episode 1: Generated safety waypoint to retreat from obstacle at direction [np.float64(-0.59), np.float64(0.78), np.float64(-0.23)], distance 0.56m
2025-05-11 21:40:23,906 - INFO - Episode 1: Executing replanned path to avoid obstacle
2025-05-11 21:40:24,040 - WARNING - Obstacle detected at 2.45m during movement execution
2025-05-11 21:40:24,278 - WARNING - Obstacle detected on planned path before movement at 1.30m distance
2025-05-11 21:40:24,279 - INFO - Episode 1: Obstacle detected during movement, triggering immediate replanning
2025-05-11 21:40:24,291 - INFO - Episode 1: Triggering dynamic replanning due to detected obstacle
2025-05-11 21:40:24,294 - INFO - Enhanced planning parameters for obstacle avoidance: safety_margin=3.75, waypoint_count=112, obstacle_priority=3.00
2025-05-11 21:40:24,307 - WARNING - Episode 1: Planned waypoint would lead through obstacle at 1.30m
2025-05-11 21:40:24,308 - INFO - Episode 1: Attempting to generate safer waypoint away from obstacles
2025-05-11 21:40:24,309 - INFO - Episode 1: Generated safety waypoint to retreat from obstacle at direction [np.float64(-0.6), np.float64(0.78), np.float64(-0.19)], distance 0.65m
2025-05-11 21:40:24,310 - INFO - Episode 1: Executing replanned path to avoid obstacle
2025-05-11 21:40:24,444 - WARNING - Obstacle detected at 2.38m during movement execution
2025-05-11 21:40:24,685 - WARNING - Obstacle detected on planned path before movement at 1.48m distance
2025-05-11 21:40:24,686 - INFO - Episode 1: Obstacle detected during movement, triggering immediate replanning
2025-05-11 21:40:24,699 - INFO - Episode 1: Triggering dynamic replanning due to detected obstacle
2025-05-11 21:40:24,701 - INFO - Enhanced planning parameters for obstacle avoidance: safety_margin=3.75, waypoint_count=112, obstacle_priority=3.00
2025-05-11 21:40:24,708 - WARNING - Episode 1: Planned waypoint would lead through obstacle at 1.48m
2025-05-11 21:40:24,709 - INFO - Episode 1: Attempting to generate safer waypoint away from obstacles
2025-05-11 21:40:24,709 - INFO - Episode 1: Generated safety waypoint to retreat from obstacle at direction [np.float64(-0.58), np.float64(0.8), np.float64(-0.16)], distance 0.74m
2025-05-11 21:40:24,710 - INFO - Episode 1: Executing replanned path to avoid obstacle
2025-05-11 21:40:24,844 - WARNING - Obstacle detected at 0.42m during movement execution
2025-05-11 21:40:25,083 - WARNING - Obstacle detected on planned path before movement at 1.66m distance
2025-05-11 21:40:25,083 - INFO - Episode 1: Obstacle detected during movement, triggering immediate replanning
2025-05-11 21:40:25,097 - INFO - Episode 1: Triggering dynamic replanning due to detected obstacle
2025-05-11 21:40:25,100 - INFO - Enhanced planning parameters for obstacle avoidance: safety_margin=3.75, waypoint_count=112, obstacle_priority=3.00
2025-05-11 21:40:25,112 - WARNING - Episode 1: Planned waypoint would lead through obstacle at 1.66m
2025-05-11 21:40:25,113 - INFO - Episode 1: Attempting to generate safer waypoint away from obstacles
2025-05-11 21:40:25,113 - INFO - Episode 1: Generated safety waypoint to retreat from obstacle at direction [np.float64(-0.54), np.float64(0.83), np.float64(-0.15)], distance 0.83m
2025-05-11 21:40:25,115 - INFO - Episode 1: Executing replanned path to avoid obstacle
2025-05-11 21:40:25,247 - WARNING - Obstacle detected at 0.44m during movement execution
2025-05-11 21:40:27,851 - INFO - Episode 1: Target reached at step 24
2025-05-11 21:40:39,507 - INFO - Episode 1 completed: success
2025-05-11 21:40:39,508 - INFO -   Steps: 24, Duration: 18.88s
2025-05-11 21:40:39,509 - INFO -   Final distance: 0.65m, Collisions: 0
2025-05-11 21:40:39,509 - INFO -   Dynamic replanning events: 19
2025-05-11 21:40:39,517 - INFO - === Starting Episode 2 ===
2025-05-11 21:40:39,520 - INFO - Episode 2: Taking off...
2025-05-11 21:40:44,927 - INFO - Target distance range for episode 2: 16.0m - 42.0m
2025-05-11 21:40:45,017 - INFO - Found first valid target at [-25.67, 16.62, -2.0]
