2025-05-26 18:50:20,122 - INFO - Using random seed: 42
2025-05-26 18:50:20,125 - INFO - Starting experiment with configuration:
2025-05-26 18:50:20,125 - INFO -   num_episodes: 15
2025-05-26 18:50:20,126 - INFO -   target_distance_range: (50.0, 100.0)
2025-05-26 18:50:20,126 - INFO -   random_seed: 42
2025-05-26 18:50:20,127 - INFO -   max_steps_per_episode: 200
2025-05-26 18:50:20,128 - INFO -   output_dir: experiment_results
2025-05-26 18:50:20,128 - INFO -   stuck_timeout: 15.0
2025-05-26 18:50:20,129 - INFO -   stuck_check_interval: 3.0
2025-05-26 18:50:20,129 - INFO -   episode_timeout: 240
2025-05-26 18:50:20,129 - INFO -   precompile_julia: True
2025-05-26 18:50:20,130 - INFO -   zmq_port: 5555
2025-05-26 18:50:20,130 - INFO -   debug_raycasting: False
2025-05-26 18:50:20,130 - INFO -   min_ray_checks: 3
2025-05-26 18:50:20,131 - INFO -   max_ray_checks: 7
2025-05-26 18:50:20,131 - INFO -   visualize_raycasts: False
2025-05-26 18:50:20,131 - INFO -   visualization_duration: 60.0
2025-05-26 18:50:24,754 - INFO - System information collected and saved
2025-05-26 18:50:24,778 - INFO - AirSim connection established successfully
2025-05-26 18:52:56,629 - INFO - Generating pool of 15 valid target locations...
2025-05-26 18:52:56,723 - INFO - Found valid target at [-28.31, 15.12, -11.1], altitude: 11.10m (attempt 3)
2025-05-26 18:52:56,795 - INFO - Found valid target at [50.88, 12.57, -10.33], altitude: 10.33m (attempt 1)
2025-05-26 18:52:56,862 - INFO - Found valid target at [-60.44, 39.14, -5.18], altitude: 5.18m (attempt 1)
2025-05-26 18:52:56,932 - INFO - Found valid target at [-6.43, 46.47, -8.1], altitude: 8.10m (attempt 1)
2025-05-26 18:52:57,000 - INFO - Found valid target at [46.66, -39.47, -17.48], altitude: 17.48m (attempt 1)
2025-05-26 18:52:57,071 - INFO - Found valid target at [-35.46, 47.63, -8.18], altitude: 8.18m (attempt 1)
2025-05-26 18:52:57,137 - INFO - Found valid target at [-49.87, -15.57, -7.44], altitude: 7.44m (attempt 1)
2025-05-26 18:52:57,204 - INFO - Found valid target at [43.74, 19.55, -15.54], altitude: 15.54m (attempt 1)
2025-05-26 18:52:57,272 - INFO - Found valid target at [-59.9, 0.93, -6.36], altitude: 6.36m (attempt 1)
2025-05-26 18:52:57,341 - INFO - Found valid target at [2.18, 53.61, -16.78], altitude: 16.78m (attempt 1)
2025-05-26 18:52:57,363 - INFO - Generated 10/15 targets in 0.7s (9 attempts)
2025-05-26 18:52:57,410 - INFO - Found valid target at [47.64, -6.52, -10.71], altitude: 10.71m (attempt 1)
2025-05-26 18:52:57,482 - INFO - Found valid target at [-55.82, -50.56, -14.81], altitude: 14.81m (attempt 1)
2025-05-26 18:52:57,551 - INFO - Found valid target at [42.66, -25.72, -10.69], altitude: 10.69m (attempt 1)
2025-05-26 18:52:57,621 - INFO - Found valid target at [53.07, 33.84, -15.31], altitude: 15.31m (attempt 1)
2025-05-26 18:52:57,692 - INFO - Found valid target at [67.71, -14.72, -11.42], altitude: 11.42m (attempt 1)
2025-05-26 18:52:57,714 - INFO - Generated 15/15 targets in 1.1s (14 attempts)
2025-05-26 18:52:57,714 - INFO - Successfully generated pool of 15 targets in 1.1s
2025-05-26 18:52:57,715 - INFO - Saved pool of 15 targets to experiment_results\experiment_20250526_185020\target_pool.json
2025-05-26 18:52:57,716 - INFO - Starting episode 0 of 15
2025-05-26 18:52:57,716 - INFO - === Starting Episode 0 ===
2025-05-26 18:52:57,721 - INFO - Episode 0: Taking off...
2025-05-26 18:53:03,163 - INFO - Episode 0: Using pre-generated target 0 of 15
2025-05-26 18:53:03,165 - INFO - Episode 0: Initial distance to target: 33.45m
2025-05-26 18:53:03,167 - INFO - Episode 0: Initial position: [0.0, 0.0, -1.67]
2025-05-26 18:53:03,167 - INFO - Episode 0: Target position: [-28.31, 15.12, -11.1]
2025-05-26 18:53:03,168 - INFO - Episode 0: Initial distance: 33.45m
2025-05-26 18:53:03,174 - INFO - Episode 0: Target verified with 3 rays
2025-05-26 18:53:21,214 - WARNING - Episode 0: Step 0 took 18.04s (unusually long)
2025-05-26 18:53:31,166 - WARNING - Collision detected during movement, cancelling task immediately
2025-05-26 18:53:31,168 - INFO - Episode 0: Obstacle detected during movement, triggering immediate replanning
2025-05-26 18:53:31,182 - INFO - Adding newly detected obstacle at [-14.38, 7.91, -4.73] to planning data
2025-05-26 18:53:31,182 - INFO - Episode 0: Putting drone in hover mode before dynamic replanning
2025-05-26 18:53:31,684 - INFO - Episode 0: Triggering dynamic replanning due to detected obstacle
2025-05-26 18:53:31,708 - INFO - Enhanced planning parameters for obstacle avoidance: safety_margin=4.00, waypoint_count=150, obstacle_priority=3.00
2025-05-26 18:53:31,728 - INFO - Episode 0: Executing replanned path to avoid obstacle
2025-05-26 18:53:31,759 - WARNING - Collision detected during movement, cancelling task immediately
2025-05-26 18:53:31,964 - WARNING - Episode 0: Collision detected at step 5
2025-05-26 18:53:31,966 - INFO - Using collision normal for recovery: [0.57, -0.82, 0.00]
2025-05-26 18:53:40,733 - WARNING - Recovery movement timed out after 8.0 seconds
2025-05-26 18:53:40,734 - INFO - Episode 0: Collision recovery successful, moved 4.05m to new position: [-12.28, 4.78, -7.23]
2025-05-26 18:53:44,090 - WARNING - Collision detected during movement, cancelling task immediately
2025-05-26 18:53:44,091 - INFO - Episode 0: Obstacle detected during movement, triggering immediate replanning
2025-05-26 18:53:44,112 - INFO - Adding newly detected obstacle at [-14.4, 7.9, -4.69] to planning data
2025-05-26 18:53:44,113 - INFO - Episode 0: Putting drone in hover mode before dynamic replanning
2025-05-26 18:53:44,625 - INFO - Episode 0: Triggering dynamic replanning due to detected obstacle
2025-05-26 18:53:44,663 - INFO - Enhanced planning parameters for obstacle avoidance: safety_margin=4.00, waypoint_count=150, obstacle_priority=3.00
2025-05-26 18:53:44,707 - INFO - Episode 0: Executing replanned path to avoid obstacle
2025-05-26 18:53:49,609 - WARNING - Episode 0: Step 5 took 17.65s (unusually long)
2025-05-26 18:53:55,958 - WARNING - Episode 0: Step 6 took 6.35s (unusually long)
2025-05-26 18:54:07,246 - WARNING - Episode 0: Step 9 took 5.36s (unusually long)
2025-05-26 18:54:07,248 - INFO - Episode 0: Target reached at step 10
2025-05-26 18:54:07,254 - INFO - Episode 0: Skipping landing process and resetting drone for next episode
2025-05-26 18:54:07,256 - INFO - Episode 0 completed: success
2025-05-26 18:54:07,257 - INFO -   Steps: 10, Duration: 34.58s
2025-05-26 18:54:07,258 - INFO -   Final distance: 0.19m, Collisions: 1
2025-05-26 18:54:07,258 - INFO -   Dynamic replanning events: 2
2025-05-26 18:54:07,300 - INFO - Saved recovery data for episode 0
2025-05-26 18:54:07,301 - INFO - Starting episode 1 of 15
2025-05-26 18:54:07,302 - INFO - === Starting Episode 1 ===
2025-05-26 18:54:07,305 - INFO - Episode 1: Taking off...
2025-05-26 18:54:12,751 - INFO - Episode 1: Using pre-generated target 1 of 15
2025-05-26 18:54:12,751 - INFO - Episode 1: Initial distance to target: 53.12m
2025-05-26 18:54:12,752 - INFO - Episode 1: Initial position: [0.0, 0.0, -1.67]
2025-05-26 18:54:12,752 - INFO - Episode 1: Target position: [50.88, 12.57, -10.33]
2025-05-26 18:54:12,753 - INFO - Episode 1: Initial distance: 53.12m
2025-05-26 18:54:12,757 - INFO - Episode 1: Target verified with 3 rays
2025-05-26 18:54:23,164 - WARNING - Episode 1: Step 1 took 5.74s (unusually long)
2025-05-26 18:54:33,398 - WARNING - Episode 1: Step 3 took 5.89s (unusually long)
2025-05-26 18:54:39,262 - WARNING - Episode 1: Step 4 took 5.86s (unusually long)
2025-05-26 18:55:09,095 - WARNING - Episode 1: Step 13 took 5.04s (unusually long)
2025-05-26 18:55:09,097 - INFO - Episode 1: Target reached at step 14
2025-05-26 18:55:09,099 - INFO - Episode 1: Skipping landing process and resetting drone for next episode
2025-05-26 18:55:09,100 - INFO - Episode 1 completed: success
2025-05-26 18:55:09,100 - INFO -   Steps: 14, Duration: 56.35s
2025-05-26 18:55:09,100 - INFO -   Final distance: 1.49m, Collisions: 0
2025-05-26 18:55:09,101 - INFO -   Dynamic replanning events: 0
2025-05-26 18:55:09,110 - INFO - Saved recovery data for episode 1
2025-05-26 18:55:09,113 - INFO - Starting episode 2 of 15
2025-05-26 18:55:09,113 - INFO - === Starting Episode 2 ===
2025-05-26 18:55:09,116 - INFO - Episode 2: Taking off...
2025-05-26 18:55:14,729 - INFO - Episode 2: Using pre-generated target 2 of 15
2025-05-26 18:55:14,729 - INFO - Episode 2: Initial distance to target: 72.10m
2025-05-26 18:55:14,730 - INFO - Episode 2: Initial position: [0.0, 0.0, -1.67]
2025-05-26 18:55:14,730 - INFO - Episode 2: Target position: [-60.44, 39.14, -5.18]
2025-05-26 18:55:14,730 - INFO - Episode 2: Initial distance: 72.10m
2025-05-26 18:55:14,734 - INFO - Episode 2: Target verified with 3 rays
2025-05-26 18:55:20,958 - WARNING - Episode 2: Step 0 took 6.22s (unusually long)
2025-05-26 18:55:30,177 - WARNING - Collision detected during movement, cancelling task immediately
2025-05-26 18:55:30,178 - INFO - Episode 2: Obstacle detected during movement, triggering immediate replanning
2025-05-26 18:55:30,193 - INFO - Adding newly detected obstacle at [-13.91, 8.24, -2.13] to planning data
2025-05-26 18:55:30,193 - INFO - Episode 2: Putting drone in hover mode before dynamic replanning
2025-05-26 18:55:30,695 - INFO - Episode 2: Triggering dynamic replanning due to detected obstacle
2025-05-26 18:55:30,719 - INFO - Enhanced planning parameters for obstacle avoidance: safety_margin=5.00, waypoint_count=150, obstacle_priority=5.00
2025-05-26 18:55:30,734 - INFO - Episode 2: Executing replanned path to avoid obstacle
2025-05-26 18:55:30,750 - WARNING - Collision detected during movement, cancelling task immediately
2025-05-26 18:55:31,890 - WARNING - Collision detected during movement, cancelling task immediately
2025-05-26 18:55:31,892 - INFO - Episode 2: Obstacle detected during movement, triggering immediate replanning
2025-05-26 18:55:31,900 - INFO - Adding newly detected obstacle at [-13.91, 8.24, -2.29] to planning data
2025-05-26 18:55:31,900 - INFO - Episode 2: Putting drone in hover mode before dynamic replanning
2025-05-26 18:55:32,401 - INFO - Episode 2: Triggering dynamic replanning due to detected obstacle
2025-05-26 18:55:32,423 - INFO - Enhanced planning parameters for obstacle avoidance: safety_margin=5.00, waypoint_count=150, obstacle_priority=5.00
2025-05-26 18:55:32,434 - INFO - Episode 2: Executing replanned path to avoid obstacle
2025-05-26 18:55:32,444 - WARNING - Collision detected during movement, cancelling task immediately
2025-05-26 18:55:32,647 - WARNING - Episode 2: Collision detected at step 6
2025-05-26 18:55:32,649 - INFO - Using collision normal for recovery: [0.97, 0.23, 0.00]
2025-05-26 18:55:41,383 - WARNING - Recovery movement timed out after 8.0 seconds
2025-05-26 18:55:41,387 - INFO - Episode 2: Collision recovery successful, moved 4.04m to new position: [-10.28, 9.18, -4.81]
2025-05-26 18:55:44,940 - WARNING - Collision detected during movement, cancelling task immediately
2025-05-26 18:55:44,947 - INFO - Episode 2: Obstacle detected during movement, triggering immediate replanning
2025-05-26 18:55:44,994 - INFO - Adding newly detected obstacle at [-13.91, 8.24, -2.24] to planning data
2025-05-26 18:55:44,995 - INFO - Episode 2: Putting drone in hover mode before dynamic replanning
2025-05-26 18:55:45,498 - INFO - Episode 2: Triggering dynamic replanning due to detected obstacle
2025-05-26 18:55:45,521 - INFO - Enhanced planning parameters for obstacle avoidance: safety_margin=4.00, waypoint_count=150, obstacle_priority=3.00
2025-05-26 18:55:45,538 - INFO - Episode 2: Executing replanned path to avoid obstacle
2025-05-26 18:55:50,405 - WARNING - Episode 2: Step 6 took 17.76s (unusually long)
2025-05-26 18:55:56,834 - WARNING - Episode 2: Step 7 took 6.43s (unusually long)
2025-05-26 18:56:01,876 - WARNING - Episode 2: Step 8 took 5.04s (unusually long)
2025-05-26 18:56:06,987 - WARNING - Episode 2: Step 9 took 5.11s (unusually long)
2025-05-26 18:56:17,089 - WARNING - Episode 2: Step 11 took 5.16s (unusually long)
2025-05-26 18:56:22,882 - WARNING - Episode 2: Step 12 took 5.79s (unusually long)
2025-05-26 18:56:25,848 - WARNING - Episode 2: Collision detected at step 14
2025-05-26 18:56:25,853 - INFO - Using collision normal for recovery: [1.00, 0.00, 0.00]
2025-05-26 18:56:34,589 - WARNING - Recovery movement timed out after 8.0 seconds
2025-05-26 18:56:34,591 - WARNING - Episode 2: Collision recovery barely moved the drone (0.30m), retrying with emergency protocol
2025-05-26 18:56:35,094 - INFO - Episode 2: Attempting emergency vertical escape to altitude -13.804230690002441
2025-05-26 18:56:40,106 - INFO - Episode 2: Emergency recovery successful, moved 5.14m
2025-05-26 18:56:43,640 - WARNING - Collision detected during movement, cancelling task immediately
2025-05-26 18:56:43,643 - INFO - Episode 2: Obstacle detected during movement, triggering immediate replanning
2025-05-26 18:56:43,652 - INFO - Adding newly detected obstacle at [-28.01, 24.24, -8.98] to planning data
2025-05-26 18:56:43,653 - INFO - Episode 2: Putting drone in hover mode before dynamic replanning
2025-05-26 18:56:44,154 - INFO - Episode 2: Triggering dynamic replanning due to detected obstacle
2025-05-26 18:56:44,163 - INFO - Enhanced planning parameters for obstacle avoidance: safety_margin=4.00, waypoint_count=150, obstacle_priority=3.00
2025-05-26 18:56:44,173 - INFO - Episode 2: Executing replanned path to avoid obstacle
2025-05-26 18:56:48,813 - WARNING - Episode 2: Step 14 took 22.97s (unusually long)
2025-05-26 18:56:55,112 - WARNING - Episode 2: Step 15 took 6.30s (unusually long)
2025-05-26 18:57:00,199 - WARNING - Episode 2: Step 16 took 5.09s (unusually long)
2025-05-26 18:57:05,367 - WARNING - Episode 2: Step 17 took 5.17s (unusually long)
2025-05-26 18:57:23,966 - WARNING - Episode 2: Step 23 took 5.01s (unusually long)
2025-05-26 18:57:23,994 - INFO - Episode 2: Clear path to target detected - moving directly toward goal
2025-05-26 18:57:25,897 - INFO - Episode 2: Target reached at step 25
2025-05-26 18:57:25,899 - INFO - Episode 2: Skipping landing process and resetting drone for next episode
2025-05-26 18:57:25,900 - INFO - Episode 2 completed: success
2025-05-26 18:57:25,902 - INFO -   Steps: 25, Duration: 50.80s
2025-05-26 18:57:25,903 - INFO -   Final distance: 0.41m, Collisions: 2
2025-05-26 18:57:25,903 - INFO -   Dynamic replanning events: 4
2025-05-26 18:57:25,918 - INFO - Saved recovery data for episode 2
2025-05-26 18:57:25,920 - INFO - Starting episode 3 of 15
2025-05-26 18:57:25,921 - INFO - === Starting Episode 3 ===
2025-05-26 18:57:25,925 - INFO - Episode 3: Taking off...
2025-05-26 18:57:31,344 - INFO - Episode 3: Using pre-generated target 3 of 15
2025-05-26 18:57:31,345 - INFO - Episode 3: Initial distance to target: 47.35m
2025-05-26 18:57:31,346 - INFO - Episode 3: Initial position: [0.0, 0.0, -1.67]
2025-05-26 18:57:31,346 - INFO - Episode 3: Target position: [-6.43, 46.47, -8.1]
2025-05-26 18:57:31,346 - INFO - Episode 3: Initial distance: 47.35m
2025-05-26 18:57:31,352 - INFO - Episode 3: Target verified with 3 rays
2025-05-26 18:57:37,347 - WARNING - Episode 3: Step 0 took 5.99s (unusually long)
2025-05-26 18:57:43,034 - WARNING - Collision detected during movement, cancelling task immediately
2025-05-26 18:57:43,035 - INFO - Episode 3: Obstacle detected during movement, triggering immediate replanning
2025-05-26 18:57:43,048 - INFO - Adding newly detected obstacle at [-8.4, 7.92, -2.13] to planning data
2025-05-26 18:57:43,049 - INFO - Episode 3: Putting drone in hover mode before dynamic replanning
2025-05-26 18:57:43,550 - INFO - Episode 3: Triggering dynamic replanning due to detected obstacle
2025-05-26 18:57:43,574 - INFO - Enhanced planning parameters for obstacle avoidance: safety_margin=4.00, waypoint_count=150, obstacle_priority=3.00
2025-05-26 18:57:43,591 - INFO - Episode 3: Executing replanned path to avoid obstacle
2025-05-26 18:57:43,612 - WARNING - Collision detected during movement, cancelling task immediately
2025-05-26 18:57:44,093 - WARNING - Collision detected during movement, cancelling task immediately
2025-05-26 18:57:44,094 - INFO - Episode 3: Obstacle detected during movement, triggering immediate replanning
2025-05-26 18:57:44,102 - INFO - Adding newly detected obstacle at [-8.4, 7.92, -2.09] to planning data
2025-05-26 18:57:44,102 - INFO - Episode 3: Putting drone in hover mode before dynamic replanning
2025-05-26 18:57:44,606 - INFO - Episode 3: Triggering dynamic replanning due to detected obstacle
2025-05-26 18:57:44,635 - INFO - Enhanced planning parameters for obstacle avoidance: safety_margin=5.00, waypoint_count=150, obstacle_priority=5.00
2025-05-26 18:57:44,649 - INFO - Episode 3: Executing replanned path to avoid obstacle
2025-05-26 18:57:44,667 - WARNING - Collision detected during movement, cancelling task immediately
2025-05-26 18:57:44,873 - WARNING - Episode 3: Collision detected at step 5
2025-05-26 18:57:44,876 - INFO - Using collision normal for recovery: [0.72, -0.69, 0.00]
2025-05-26 18:57:53,612 - WARNING - Recovery movement timed out after 8.0 seconds
2025-05-26 18:57:53,614 - INFO - Episode 3: Collision recovery successful, moved 4.09m to new position: [-5.81, 5.27, -4.63]
2025-05-26 18:57:57,194 - WARNING - Collision detected during movement, cancelling task immediately
2025-05-26 18:57:57,195 - INFO - Episode 3: Obstacle detected during movement, triggering immediate replanning
2025-05-26 18:57:57,203 - INFO - Adding newly detected obstacle at [-8.41, 7.93, -2.09] to planning data
2025-05-26 18:57:57,203 - INFO - Episode 3: Putting drone in hover mode before dynamic replanning
2025-05-26 18:57:57,704 - INFO - Episode 3: Triggering dynamic replanning due to detected obstacle
2025-05-26 18:57:57,728 - INFO - Enhanced planning parameters for obstacle avoidance: safety_margin=4.00, waypoint_count=150, obstacle_priority=3.00
2025-05-26 18:57:57,745 - INFO - Episode 3: Executing replanned path to avoid obstacle
2025-05-26 18:58:02,581 - WARNING - Episode 3: Step 5 took 17.71s (unusually long)
2025-05-26 18:58:03,510 - WARNING - Collision detected during movement, cancelling task immediately
2025-05-26 18:58:03,511 - INFO - Episode 3: Obstacle detected during movement, triggering immediate replanning
2025-05-26 18:58:03,518 - INFO - Adding newly detected obstacle at [-5.85, 6.13, -6.73] to planning data
2025-05-26 18:58:03,519 - INFO - Episode 3: Putting drone in hover mode before dynamic replanning
2025-05-26 18:58:04,020 - INFO - Episode 3: Triggering dynamic replanning due to detected obstacle
2025-05-26 18:58:04,054 - INFO - Enhanced planning parameters for obstacle avoidance: safety_margin=4.00, waypoint_count=150, obstacle_priority=3.00
2025-05-26 18:58:04,075 - INFO - Episode 3: Executing replanned path to avoid obstacle
2025-05-26 18:58:04,096 - WARNING - Collision detected during movement, cancelling task immediately
2025-05-26 18:58:04,301 - WARNING - Episode 3: Collision detected at step 7
2025-05-26 18:58:04,304 - INFO - Using collision normal for recovery: [0.00, -1.00, 0.00]
2025-05-26 18:58:13,037 - WARNING - Recovery movement timed out after 8.0 seconds
2025-05-26 18:58:13,058 - INFO - Episode 3: Collision recovery successful, moved 4.10m to new position: [-6.13, 2.42, -9.25]
2025-05-26 18:58:16,953 - WARNING - Collision detected during movement, cancelling task immediately
2025-05-26 18:58:16,955 - INFO - Episode 3: Obstacle detected during movement, triggering immediate replanning
2025-05-26 18:58:16,959 - INFO - Adding newly detected obstacle at [-6.01, 6.13, -6.68] to planning data
2025-05-26 18:58:16,960 - INFO - Episode 3: Putting drone in hover mode before dynamic replanning
2025-05-26 18:58:17,461 - INFO - Episode 3: Triggering dynamic replanning due to detected obstacle
2025-05-26 18:58:17,478 - INFO - Enhanced planning parameters for obstacle avoidance: safety_margin=4.00, waypoint_count=150, obstacle_priority=3.00
2025-05-26 18:58:17,493 - INFO - Episode 3: Executing replanned path to avoid obstacle
2025-05-26 18:58:19,066 - WARNING - Episode 3: Step 7 took 14.77s (unusually long)
2025-05-26 18:58:25,133 - WARNING - Episode 3: Step 8 took 6.07s (unusually long)
2025-05-26 18:58:30,451 - WARNING - Episode 3: Step 9 took 5.32s (unusually long)
2025-05-26 18:58:30,454 - WARNING - Episode 3: Collision detected at step 10
2025-05-26 18:58:30,455 - INFO - Using collision normal for recovery: [-0.74, 0.68, 0.00]
2025-05-26 18:58:39,184 - WARNING - Recovery movement timed out after 8.0 seconds
2025-05-26 18:58:39,185 - INFO - Episode 3: Collision recovery successful, moved 4.10m to new position: [-8.57, 8.91, -14.06]
2025-05-26 18:58:43,137 - WARNING - Collision detected during movement, cancelling task immediately
2025-05-26 18:58:43,140 - INFO - Episode 3: Obstacle detected during movement, triggering immediate replanning
2025-05-26 18:58:43,144 - INFO - Adding newly detected obstacle at [-6.01, 6.22, -11.5] to planning data
2025-05-26 18:58:43,145 - INFO - Episode 3: Putting drone in hover mode before dynamic replanning
2025-05-26 18:58:43,645 - INFO - Episode 3: Triggering dynamic replanning due to detected obstacle
2025-05-26 18:58:43,650 - INFO - Enhanced planning parameters for obstacle avoidance: safety_margin=4.00, waypoint_count=150, obstacle_priority=3.00
2025-05-26 18:58:43,657 - INFO - Episode 3: Executing replanned path to avoid obstacle
2025-05-26 18:58:47,649 - WARNING - Episode 3: Step 10 took 17.20s (unusually long)
2025-05-26 18:58:53,741 - WARNING - Episode 3: Step 11 took 6.09s (unusually long)
2025-05-26 18:58:59,070 - WARNING - Episode 3: Step 12 took 5.33s (unusually long)
2025-05-26 18:59:23,828 - WARNING - Episode 3: Step 20 took 5.76s (unusually long)
2025-05-26 18:59:23,829 - INFO - Episode 3: Target reached at step 21
2025-05-26 18:59:23,832 - INFO - Episode 3: Skipping landing process and resetting drone for next episode
2025-05-26 18:59:23,833 - INFO - Episode 3 completed: success
2025-05-26 18:59:23,833 - INFO -   Steps: 21, Duration: 52.67s
2025-05-26 18:59:23,834 - INFO -   Final distance: 1.07m, Collisions: 3
2025-05-26 18:59:23,834 - INFO -   Dynamic replanning events: 6
2025-05-26 18:59:23,845 - INFO - Saved recovery data for episode 3
2025-05-26 18:59:23,845 - INFO - Starting episode 4 of 15
2025-05-26 18:59:23,846 - INFO - === Starting Episode 4 ===
2025-05-26 18:59:23,852 - INFO - Episode 4: Taking off...
2025-05-26 18:59:29,441 - INFO - Episode 4: Using pre-generated target 4 of 15
2025-05-26 18:59:29,441 - INFO - Episode 4: Initial distance to target: 63.13m
2025-05-26 18:59:29,442 - INFO - Episode 4: Initial position: [0.0, 0.0, -1.67]
2025-05-26 18:59:29,443 - INFO - Episode 4: Target position: [46.66, -39.47, -17.48]
2025-05-26 18:59:29,443 - INFO - Episode 4: Initial distance: 63.13m
2025-05-26 18:59:29,447 - INFO - Episode 4: Target verified with 3 rays
2025-05-26 18:59:34,568 - WARNING - Episode 4: Step 0 took 5.12s (unusually long)
2025-05-26 18:59:45,964 - WARNING - Episode 4: Collision detected at step 4
2025-05-26 18:59:45,965 - INFO - Using collision normal for recovery: [-0.96, 0.27, 0.00]
2025-05-26 18:59:54,696 - WARNING - Recovery movement timed out after 8.0 seconds
2025-05-26 18:59:54,697 - INFO - Episode 4: Collision recovery successful, moved 4.07m to new position: [7.53, -9.32, -5.24]
2025-05-26 18:59:58,079 - WARNING - Collision detected during movement, cancelling task immediately
2025-05-26 18:59:58,080 - INFO - Episode 4: Obstacle detected during movement, triggering immediate replanning
2025-05-26 18:59:58,101 - INFO - Adding newly detected obstacle at [11.22, -10.22, -2.66] to planning data
2025-05-26 18:59:58,103 - INFO - Episode 4: Putting drone in hover mode before dynamic replanning
2025-05-26 18:59:58,606 - INFO - Episode 4: Triggering dynamic replanning due to detected obstacle
2025-05-26 18:59:58,631 - INFO - Enhanced planning parameters for obstacle avoidance: safety_margin=4.00, waypoint_count=150, obstacle_priority=3.00
2025-05-26 18:59:58,646 - INFO - Episode 4: Executing replanned path to avoid obstacle
2025-05-26 19:00:02,991 - WARNING - Episode 4: Step 4 took 17.03s (unusually long)
2025-05-26 19:00:08,767 - WARNING - Episode 4: Step 5 took 5.78s (unusually long)
2025-05-26 19:00:14,404 - WARNING - Episode 4: Step 6 took 5.64s (unusually long)
2025-05-26 19:00:51,024 - INFO - Episode 4: Target reached at step 19
2025-05-26 19:00:51,027 - INFO - Episode 4: Skipping landing process and resetting drone for next episode
2025-05-26 19:00:51,029 - INFO - Episode 4 completed: success
2025-05-26 19:00:51,029 - INFO -   Steps: 19, Duration: 64.36s
2025-05-26 19:00:51,030 - INFO -   Final distance: 1.24m, Collisions: 1
2025-05-26 19:00:51,031 - INFO -   Dynamic replanning events: 1
2025-05-26 19:00:51,050 - INFO - Saved recovery data for episode 4
2025-05-26 19:00:51,052 - INFO - Starting episode 5 of 15
2025-05-26 19:00:51,053 - INFO - === Starting Episode 5 ===
2025-05-26 19:00:51,056 - INFO - Episode 5: Taking off...
2025-05-26 19:00:56,465 - INFO - Episode 5: Using pre-generated target 5 of 15
2025-05-26 19:00:56,466 - INFO - Episode 5: Initial distance to target: 59.73m
2025-05-26 19:00:56,467 - INFO - Episode 5: Initial position: [0.0, 0.0, -1.67]
2025-05-26 19:00:56,467 - INFO - Episode 5: Target position: [-35.46, 47.63, -8.18]
2025-05-26 19:00:56,468 - INFO - Episode 5: Initial distance: 59.73m
2025-05-26 19:00:56,472 - INFO - Episode 5: Target verified with 3 rays
2025-05-26 19:01:02,507 - WARNING - Episode 5: Step 0 took 6.04s (unusually long)
2025-05-26 19:01:15,316 - WARNING - Episode 5: Step 3 took 5.50s (unusually long)
2025-05-26 19:01:21,074 - WARNING - Episode 5: Step 4 took 5.76s (unusually long)
2025-05-26 19:01:27,515 - WARNING - Collision detected during movement, cancelling task immediately
2025-05-26 19:01:27,516 - INFO - Episode 5: Obstacle detected during movement, triggering immediate replanning
2025-05-26 19:01:27,527 - INFO - Adding newly detected obstacle at [-12.96, 17.69, -1.86] to planning data
2025-05-26 19:01:27,527 - INFO - Episode 5: Putting drone in hover mode before dynamic replanning
2025-05-26 19:01:28,029 - INFO - Episode 5: Triggering dynamic replanning due to detected obstacle
2025-05-26 19:01:28,051 - INFO - Enhanced planning parameters for obstacle avoidance: safety_margin=4.00, waypoint_count=150, obstacle_priority=3.00
2025-05-26 19:01:28,067 - INFO - Episode 5: Executing replanned path to avoid obstacle
2025-05-26 19:01:28,078 - WARNING - Collision detected during movement, cancelling task immediately
2025-05-26 19:01:28,281 - WARNING - Episode 5: Collision detected at step 7
2025-05-26 19:01:28,282 - INFO - Using collision normal for recovery: [1.00, -0.01, 0.00]
2025-05-26 19:01:37,017 - WARNING - Recovery movement timed out after 8.0 seconds
2025-05-26 19:01:37,019 - INFO - Episode 5: Collision recovery successful, moved 4.05m to new position: [-9.26, 17.78, -4.52]
2025-05-26 19:01:40,259 - WARNING - Collision detected during movement, cancelling task immediately
2025-05-26 19:01:40,265 - INFO - Episode 5: Obstacle detected during movement, triggering immediate replanning
2025-05-26 19:01:40,303 - INFO - Adding newly detected obstacle at [-13.01, 17.8, -1.9] to planning data
2025-05-26 19:01:40,304 - INFO - Episode 5: Putting drone in hover mode before dynamic replanning
2025-05-26 19:01:40,807 - INFO - Episode 5: Triggering dynamic replanning due to detected obstacle
2025-05-26 19:01:40,823 - INFO - Enhanced planning parameters for obstacle avoidance: safety_margin=4.00, waypoint_count=150, obstacle_priority=3.00
2025-05-26 19:01:40,836 - INFO - Episode 5: Executing replanned path to avoid obstacle
2025-05-26 19:01:45,631 - WARNING - Episode 5: Step 7 took 17.35s (unusually long)
2025-05-26 19:01:52,127 - WARNING - Episode 5: Step 8 took 6.50s (unusually long)
2025-05-26 19:01:57,479 - WARNING - Episode 5: Step 9 took 5.35s (unusually long)
2025-05-26 19:02:02,995 - WARNING - Episode 5: Step 10 took 5.52s (unusually long)
2025-05-26 19:02:02,996 - WARNING - Episode 5: Collision detected at step 11
2025-05-26 19:02:02,997 - INFO - Using collision normal for recovery: [-1.00, 0.00, 0.00]
2025-05-26 19:02:11,776 - WARNING - Recovery movement timed out after 8.0 seconds
2025-05-26 19:02:11,780 - INFO - Episode 5: Collision recovery successful, moved 4.05m to new position: [-17.37, 24.74, -9.61]
2025-05-26 19:02:14,416 - WARNING - Collision detected during movement, cancelling task immediately
2025-05-26 19:02:14,428 - INFO - Episode 5: Obstacle detected during movement, triggering immediate replanning
2025-05-26 19:02:14,510 - INFO - Adding newly detected obstacle at [-13.81, 24.96, -6.89] to planning data
2025-05-26 19:02:14,512 - INFO - Episode 5: Putting drone in hover mode before dynamic replanning
2025-05-26 19:02:15,015 - INFO - Episode 5: Triggering dynamic replanning due to detected obstacle
2025-05-26 19:02:15,027 - INFO - Enhanced planning parameters for obstacle avoidance: safety_margin=4.00, waypoint_count=150, obstacle_priority=3.00
2025-05-26 19:02:15,047 - INFO - Episode 5: Executing replanned path to avoid obstacle
2025-05-26 19:02:19,687 - WARNING - Episode 5: Step 11 took 16.69s (unusually long)
2025-05-26 19:02:25,444 - WARNING - Episode 5: Step 12 took 5.76s (unusually long)
2025-05-26 19:02:25,446 - WARNING - Episode 5: Collision detected at step 13
2025-05-26 19:02:25,447 - INFO - Using collision normal for recovery: [0.00, -1.00, 0.00]
2025-05-26 19:02:34,176 - WARNING - Recovery movement timed out after 8.0 seconds
2025-05-26 19:02:34,178 - INFO - Episode 5: Collision recovery successful, moved 3.92m to new position: [-20.18, 24.39, -14.2]
2025-05-26 19:02:40,934 - WARNING - Episode 5: Step 13 took 15.49s (unusually long)
2025-05-26 19:02:57,495 - INFO - Episode 5: Target reached at step 20
2025-05-26 19:02:57,498 - INFO - Episode 5: Skipping landing process and resetting drone for next episode
2025-05-26 19:02:57,499 - INFO - Episode 5 completed: success
2025-05-26 19:02:57,500 - INFO -   Steps: 20, Duration: 31.35s
2025-05-26 19:02:57,500 - INFO -   Final distance: 1.18m, Collisions: 3
2025-05-26 19:02:57,500 - INFO -   Dynamic replanning events: 3
2025-05-26 19:02:57,513 - INFO - Saved recovery data for episode 5
2025-05-26 19:02:57,514 - INFO - Starting episode 6 of 15
2025-05-26 19:02:57,514 - INFO - === Starting Episode 6 ===
2025-05-26 19:02:57,518 - INFO - Episode 6: Taking off...
2025-05-26 19:03:02,936 - INFO - Episode 6: Using pre-generated target 6 of 15
2025-05-26 19:03:02,936 - INFO - Episode 6: Initial distance to target: 52.56m
2025-05-26 19:03:02,937 - INFO - Episode 6: Initial position: [0.0, 0.0, -1.67]
2025-05-26 19:03:02,938 - INFO - Episode 6: Target position: [-49.87, -15.57, -7.44]
2025-05-26 19:03:02,938 - INFO - Episode 6: Initial distance: 52.56m
2025-05-26 19:03:02,945 - INFO - Episode 6: Target verified with 3 rays
2025-05-26 19:03:08,961 - WARNING - Episode 6: Step 0 took 6.01s (unusually long)
2025-05-26 19:03:17,594 - WARNING - Episode 6: Step 2 took 5.54s (unusually long)
2025-05-26 19:03:23,551 - WARNING - Episode 6: Step 3 took 5.96s (unusually long)
2025-05-26 19:03:29,228 - WARNING - Episode 6: Step 4 took 5.68s (unusually long)
2025-05-26 19:03:40,389 - WARNING - Episode 6: Step 7 took 5.54s (unusually long)
2025-05-26 19:04:00,245 - INFO - Episode 6: Target reached at step 15
2025-05-26 19:04:00,250 - INFO - Episode 6: Skipping landing process and resetting drone for next episode
2025-05-26 19:04:00,250 - INFO - Episode 6 completed: success
2025-05-26 19:04:00,252 - INFO -   Steps: 15, Duration: 57.31s
2025-05-26 19:04:00,252 - INFO -   Final distance: 1.18m, Collisions: 0
2025-05-26 19:04:00,253 - INFO -   Dynamic replanning events: 0
2025-05-26 19:04:00,283 - INFO - Saved recovery data for episode 6
2025-05-26 19:04:00,287 - INFO - Starting episode 7 of 15
2025-05-26 19:04:00,288 - INFO - === Starting Episode 7 ===
2025-05-26 19:04:00,294 - INFO - Episode 7: Taking off...
2025-05-26 19:04:05,748 - INFO - Episode 7: Using pre-generated target 7 of 15
2025-05-26 19:04:05,749 - INFO - Episode 7: Initial distance to target: 49.88m
2025-05-26 19:04:05,749 - INFO - Episode 7: Initial position: [0.0, 0.0, -1.67]
2025-05-26 19:04:05,750 - INFO - Episode 7: Target position: [43.74, 19.55, -15.54]
2025-05-26 19:04:05,750 - INFO - Episode 7: Initial distance: 49.88m
2025-05-26 19:04:05,753 - INFO - Episode 7: Target verified with 3 rays
