2025-05-23 04:46:23,422 - INFO - Using random seed: 42
2025-05-23 04:46:23,422 - INFO - Starting experiment with configuration:
2025-05-23 04:46:23,422 - INFO -   num_episodes: 10
2025-05-23 04:46:23,424 - INFO -   target_distance_range: (15.0, 50.0)
2025-05-23 04:46:23,424 - INFO -   random_seed: 42
2025-05-23 04:46:23,424 - INFO -   max_steps_per_episode: 100
2025-05-23 04:46:23,425 - INFO -   output_dir: experiment_results
2025-05-23 04:46:23,425 - INFO -   stuck_timeout: 15.0
2025-05-23 04:46:23,425 - INFO -   stuck_check_interval: 3.0
2025-05-23 04:46:23,425 - INFO -   episode_timeout: 120
2025-05-23 04:46:23,426 - INFO -   precompile_julia: True
2025-05-23 04:46:23,426 - INFO -   zmq_port: 5555
2025-05-23 04:46:23,427 - INFO -   debug_raycasting: False
2025-05-23 04:46:23,427 - INFO -   min_ray_checks: 3
2025-05-23 04:46:23,427 - INFO -   max_ray_checks: 7
2025-05-23 04:46:23,427 - INFO -   visualize_raycasts: False
2025-05-23 04:46:23,428 - INFO -   visualization_duration: 60.0
2025-05-23 04:46:26,722 - INFO - System information collected and saved
2025-05-23 04:46:26,726 - INFO - AirSim connection established successfully
2025-05-23 04:47:27,652 - INFO - Generating pool of 15 valid target locations...
2025-05-23 04:47:27,653 - INFO - Target distance range for episode 0: 15.0m - 50.0m
2025-05-23 04:47:27,653 - WARNING - Sampling target with drone too close to ground (alt: -5.21m)
2025-05-23 04:47:27,653 - INFO - Adjusted sampling position to ensure minimum altitude: [2.7245282581134234e-06, 3.316998345326283e-06, -5.0] (alt: 5.00m)
2025-05-23 04:47:27,718 - INFO - Found first valid target at [-15.77, -18.92, -8.21], altitude: 8.21m
2025-05-23 04:47:28,948 - INFO - Phase 2: Found 16 valid targets, focusing on refining these
2025-05-23 04:47:29,908 - INFO - Found 27 valid targets, selecting best with 0.00m clearance at altitude: 8.21m
2025-05-23 04:47:29,909 - INFO - Target distance range for episode 1: 15.5m - 38.5m
2025-05-23 04:47:29,909 - WARNING - Sampling target with drone too close to ground (alt: -5.21m)
2025-05-23 04:47:29,909 - INFO - Adjusted sampling position to ensure minimum altitude: [2.7245282581134234e-06, 3.316998345326283e-06, -5.0] (alt: 5.00m)
2025-05-23 04:47:29,993 - INFO - Found first valid target at [18.26, 4.51, -6.3], altitude: 6.30m
2025-05-23 04:47:31,261 - INFO - Phase 2: Found 16 valid targets, focusing on refining these
2025-05-23 04:47:32,247 - INFO - Found 27 valid targets, selecting best with 0.00m clearance at altitude: 6.30m
2025-05-23 04:47:32,248 - INFO - Target distance range for episode 2: 16.0m - 42.0m
2025-05-23 04:47:32,249 - WARNING - Sampling target with drone too close to ground (alt: -5.21m)
2025-05-23 04:47:32,249 - INFO - Adjusted sampling position to ensure minimum altitude: [2.7245282581134234e-06, 3.316998345326283e-06, -5.0] (alt: 5.00m)
2025-05-23 04:47:32,337 - INFO - Found first valid target at [-32.24, 20.88, -8.59], altitude: 8.59m
2025-05-23 04:47:33,624 - INFO - Phase 2: Found 16 valid targets, focusing on refining these
2025-05-23 04:47:34,459 - INFO - Found 27 valid targets, selecting best with 0.00m clearance at altitude: 8.59m
2025-05-23 04:47:34,460 - INFO - Target distance range for episode 3: 16.5m - 45.5m
2025-05-23 04:47:34,461 - WARNING - Sampling target with drone too close to ground (alt: -5.21m)
2025-05-23 04:47:34,461 - INFO - Adjusted sampling position to ensure minimum altitude: [2.7245282581134234e-06, 3.316998345326283e-06, -5.0] (alt: 5.00m)
2025-05-23 04:47:34,555 - INFO - Found first valid target at [-2.59, 18.7, -7.29], altitude: 7.29m
2025-05-23 04:47:35,774 - INFO - Phase 2: Found 16 valid targets, focusing on refining these
2025-05-23 04:47:36,738 - INFO - Found 27 valid targets, selecting best with 0.00m clearance at altitude: 7.29m
2025-05-23 04:47:36,740 - INFO - Target distance range for episode 4: 17.0m - 49.0m
2025-05-23 04:47:36,740 - WARNING - Sampling target with drone too close to ground (alt: -5.21m)
2025-05-23 04:47:36,740 - INFO - Adjusted sampling position to ensure minimum altitude: [2.7245282581134234e-06, 3.316998345326283e-06, -5.0] (alt: 5.00m)
2025-05-23 04:47:36,826 - INFO - Found first valid target at [27.36, -23.14, -3.12], altitude: 3.12m
2025-05-23 04:47:38,022 - INFO - Phase 2: Found 16 valid targets, focusing on refining these
2025-05-23 04:47:38,961 - INFO - Found 27 valid targets, selecting best with 0.00m clearance at altitude: 3.12m
2025-05-23 04:47:38,963 - INFO - Target distance range for episode 5: 17.5m - 50.0m
2025-05-23 04:47:38,963 - WARNING - Sampling target with drone too close to ground (alt: -5.21m)
2025-05-23 04:47:38,963 - INFO - Adjusted sampling position to ensure minimum altitude: [2.7245282581134234e-06, 3.316998345326283e-06, -5.0] (alt: 5.00m)
2025-05-23 04:47:39,051 - INFO - Found first valid target at [-19.25, 25.86, -7.25], altitude: 7.25m
2025-05-23 04:47:40,188 - INFO - Phase 2: Found 16 valid targets, focusing on refining these
2025-05-23 04:47:41,112 - INFO - Found 27 valid targets, selecting best with 0.00m clearance at altitude: 7.25m
2025-05-23 04:47:41,113 - INFO - Target distance range for episode 6: 18.0m - 50.0m
2025-05-23 04:47:41,113 - WARNING - Sampling target with drone too close to ground (alt: -5.21m)
2025-05-23 04:47:41,113 - INFO - Adjusted sampling position to ensure minimum altitude: [2.7245282581134234e-06, 3.316998345326283e-06, -5.0] (alt: 5.00m)
2025-05-23 04:47:41,196 - INFO - Found first valid target at [-38.92, -12.15, -7.58], altitude: 7.58m
2025-05-23 04:47:42,406 - INFO - Phase 2: Found 16 valid targets, focusing on refining these
2025-05-23 04:47:43,340 - INFO - Found 27 valid targets, selecting best with 0.00m clearance at altitude: 7.58m
2025-05-23 04:47:43,342 - INFO - Target distance range for episode 7: 18.5m - 50.0m
2025-05-23 04:47:43,342 - WARNING - Sampling target with drone too close to ground (alt: -5.21m)
2025-05-23 04:47:43,342 - INFO - Adjusted sampling position to ensure minimum altitude: [2.7245282581134234e-06, 3.316998345326283e-06, -5.0] (alt: 5.00m)
2025-05-23 04:47:43,431 - INFO - Found first valid target at [20.07, 8.97, -3.98], altitude: 3.98m
2025-05-23 04:47:44,697 - INFO - Phase 2: Found 16 valid targets, focusing on refining these
2025-05-23 04:47:45,640 - INFO - Found 27 valid targets, selecting best with 0.00m clearance at altitude: 3.98m
2025-05-23 04:47:45,641 - INFO - Target distance range for episode 8: 19.0m - 50.0m
2025-05-23 04:47:45,641 - WARNING - Sampling target with drone too close to ground (alt: -5.21m)
2025-05-23 04:47:45,641 - INFO - Adjusted sampling position to ensure minimum altitude: [2.7245282581134234e-06, 3.316998345326283e-06, -5.0] (alt: 5.00m)
2025-05-23 04:47:45,736 - INFO - Found first valid target at [-38.76, 0.6, -8.06], altitude: 8.06m
2025-05-23 04:47:47,031 - INFO - Phase 2: Found 16 valid targets, focusing on refining these
2025-05-23 04:47:47,992 - INFO - Found 27 valid targets, selecting best with 0.00m clearance at altitude: 8.06m
2025-05-23 04:47:47,993 - INFO - Target distance range for episode 9: 19.5m - 50.0m
2025-05-23 04:47:47,993 - WARNING - Sampling target with drone too close to ground (alt: -5.21m)
2025-05-23 04:47:47,993 - INFO - Adjusted sampling position to ensure minimum altitude: [2.7245282581134234e-06, 3.316998345326283e-06, -5.0] (alt: 5.00m)
2025-05-23 04:47:48,079 - INFO - Found first valid target at [1.0, 24.42, -3.43], altitude: 3.43m
2025-05-23 04:47:49,387 - INFO - Phase 2: Found 16 valid targets, focusing on refining these
2025-05-23 04:47:50,338 - INFO - Found 27 valid targets, selecting best with 0.00m clearance at altitude: 3.43m
2025-05-23 04:47:50,339 - INFO - Generated 10/15 targets in 22.7s (9 attempts)
2025-05-23 04:47:50,339 - INFO - Target distance range for episode 10: 20.0m - 50.0m
2025-05-23 04:47:50,339 - WARNING - Sampling target with drone too close to ground (alt: -5.21m)
2025-05-23 04:47:50,340 - INFO - Adjusted sampling position to ensure minimum altitude: [2.7245282581134234e-06, 3.316998345326283e-06, -5.0] (alt: 5.00m)
2025-05-23 04:47:50,431 - INFO - Found first valid target at [41.38, -5.66, -6.13], altitude: 6.13m
2025-05-23 04:47:51,750 - INFO - Phase 2: Found 16 valid targets, focusing on refining these
2025-05-23 04:47:52,657 - INFO - Found 27 valid targets, selecting best with 0.00m clearance at altitude: 6.13m
2025-05-23 04:47:52,658 - INFO - Target distance range for episode 11: 20.0m - 50.0m
2025-05-23 04:47:52,658 - WARNING - Sampling target with drone too close to ground (alt: -5.21m)
2025-05-23 04:47:52,658 - INFO - Adjusted sampling position to ensure minimum altitude: [2.7245282581134234e-06, 3.316998345326283e-06, -5.0] (alt: 5.00m)
2025-05-23 04:47:52,724 - INFO - Found first valid target at [-24.97, -22.62, -4.31], altitude: 4.31m
2025-05-23 04:47:53,924 - INFO - Phase 2: Found 16 valid targets, focusing on refining these
2025-05-23 04:47:54,795 - INFO - Found 27 valid targets, selecting best with 0.00m clearance at altitude: 4.31m
2025-05-23 04:47:54,796 - INFO - Target distance range for episode 12: 20.0m - 50.0m
2025-05-23 04:47:54,796 - WARNING - Sampling target with drone too close to ground (alt: -5.21m)
2025-05-23 04:47:54,796 - INFO - Adjusted sampling position to ensure minimum altitude: [2.7245282581134234e-06, 3.316998345326283e-06, -5.0] (alt: 5.00m)
2025-05-23 04:47:54,893 - INFO - Found first valid target at [31.41, -18.94, -6.14], altitude: 6.14m
2025-05-23 04:47:56,195 - INFO - Phase 2: Found 16 valid targets, focusing on refining these
2025-05-23 04:47:57,068 - INFO - Found 27 valid targets, selecting best with 0.00m clearance at altitude: 6.14m
2025-05-23 04:47:57,069 - INFO - Target distance range for episode 13: 20.0m - 50.0m
2025-05-23 04:47:57,069 - WARNING - Sampling target with drone too close to ground (alt: -5.21m)
2025-05-23 04:47:57,069 - INFO - Adjusted sampling position to ensure minimum altitude: [2.7245282581134234e-06, 3.316998345326283e-06, -5.0] (alt: 5.00m)
2025-05-23 04:47:57,135 - INFO - Found first valid target at [20.66, 13.17, -4.09], altitude: 4.09m
2025-05-23 04:47:58,357 - INFO - Phase 2: Found 16 valid targets, focusing on refining these
2025-05-23 04:47:59,326 - INFO - Found 27 valid targets, selecting best with 0.00m clearance at altitude: 4.09m
2025-05-23 04:47:59,327 - INFO - Target distance range for episode 14: 20.0m - 50.0m
2025-05-23 04:47:59,328 - WARNING - Sampling target with drone too close to ground (alt: -5.21m)
2025-05-23 04:47:59,328 - INFO - Adjusted sampling position to ensure minimum altitude: [2.7245282581134234e-06, 3.316998345326283e-06, -5.0] (alt: 5.00m)
2025-05-23 04:47:59,422 - INFO - Found first valid target at [33.43, -7.27, -5.81], altitude: 5.81m
2025-05-23 04:48:00,563 - INFO - Phase 2: Found 16 valid targets, focusing on refining these
2025-05-23 04:48:01,352 - INFO - Found 27 valid targets, selecting best with 0.00m clearance at altitude: 5.81m
2025-05-23 04:48:01,353 - INFO - Generated 15/15 targets in 33.7s (14 attempts)
2025-05-23 04:48:01,353 - INFO - Successfully generated pool of 15 targets in 33.7s
2025-05-23 04:48:01,354 - INFO - Saved pool of 15 targets to experiment_results\experiment_20250523_044623\target_pool.json
2025-05-23 04:48:01,354 - INFO - Starting episode 0 of 10
2025-05-23 04:48:01,355 - INFO - === Starting Episode 0 ===
2025-05-23 04:48:01,356 - INFO - Episode 0: Taking off...
2025-05-23 04:48:06,953 - INFO - Episode 0: Using pre-generated target 0 of 15
2025-05-23 04:48:06,953 - INFO - Episode 0: Initial distance to target: 25.48m
2025-05-23 04:48:06,954 - INFO - Episode 0: Initial position: [-0.0, 0.0, -1.67]
2025-05-23 04:48:06,954 - INFO - Episode 0: Target position: [-15.77, -18.92, -8.21]
2025-05-23 04:48:06,954 - INFO - Episode 0: Initial distance: 25.48m
2025-05-23 04:48:06,959 - INFO - Episode 0: Target verified with 3 rays
2025-05-23 04:48:59,572 - WARNING - Episode 0: Step 0 took 52.61s (unusually long)
