2025-05-14 17:46:26,290 - INFO - Using random seed: 42
2025-05-14 17:46:26,291 - INFO - Starting experiment with configuration:
2025-05-14 17:46:26,292 - INFO -   num_episodes: 10
2025-05-14 17:46:26,292 - INFO -   target_distance_range: (15.0, 50.0)
2025-05-14 17:46:26,292 - INFO -   random_seed: 42
2025-05-14 17:46:26,293 - INFO -   max_steps_per_episode: 100
2025-05-14 17:46:26,293 - INFO -   output_dir: experiment_results
2025-05-14 17:46:26,293 - INFO -   stuck_timeout: 15.0
2025-05-14 17:46:26,293 - INFO -   stuck_check_interval: 3.0
2025-05-14 17:46:26,294 - INFO -   episode_timeout: 120
2025-05-14 17:46:26,294 - INFO -   precompile_julia: True
2025-05-14 17:46:26,294 - INFO -   zmq_port: 5555
2025-05-14 17:46:26,294 - INFO -   debug_raycasting: False
2025-05-14 17:46:26,294 - INFO -   min_ray_checks: 3
2025-05-14 17:46:26,295 - INFO -   max_ray_checks: 7
2025-05-14 17:46:26,295 - INFO -   visualize_raycasts: False
2025-05-14 17:46:26,295 - INFO -   visualization_duration: 60.0
2025-05-14 17:47:23,538 - INFO - === Starting Episode 0 ===
2025-05-14 17:47:23,541 - INFO - Episode 0: Taking off...
2025-05-14 17:47:28,953 - INFO - Target distance range for episode 0: 15.0m - 50.0m
2025-05-14 17:47:29,055 - INFO - Found first valid target at [-8.13, -9.76, -2.0]
2025-05-14 17:47:33,522 - INFO - Phase 2: Found 50 valid targets, focusing on refining these
2025-05-14 17:47:36,006 - INFO - Found 77 valid targets, selecting best with 0.00m clearance
2025-05-14 17:47:36,006 - INFO - Episode 0: Target sampling took 7.05s with 3 rays
2025-05-14 17:47:36,007 - INFO - Episode 0: Initial distance to target: 12.71m
2025-05-14 17:47:36,007 - INFO - Episode 0: Initial position: [0.0, 0.0, -1.67]
2025-05-14 17:47:36,007 - INFO - Episode 0: Target position: [-8.13, -9.76, -2.0]
2025-05-14 17:47:36,008 - INFO - Episode 0: Initial distance: 12.71m
2025-05-14 17:47:36,012 - INFO - Episode 0: Target verified with 3 rays
2025-05-14 17:47:39,332 - ERROR - Error in move_to_waypoint: cannot access local variable 'min_cone_dist' where it is not associated with a value
2025-05-14 17:47:44,101 - WARNING - Pre-movement check: Obstacle detected on planned path at 3.40m distance
2025-05-14 17:47:44,101 - INFO - Proceeding with movement and will replan if obstacle persists during execution
2025-05-14 17:47:47,298 - ERROR - Error in move_to_waypoint: cannot access local variable 'min_cone_dist' where it is not associated with a value
2025-05-14 17:47:47,686 - WARNING - Forward obstacle detected at 0.62m during movement
2025-05-14 17:47:47,690 - INFO - Episode 0: Obstacle detected during movement, triggering immediate replanning
2025-05-14 17:47:47,713 - INFO - Episode 0: Triggering dynamic replanning due to detected obstacle
2025-05-14 17:47:47,715 - INFO - Enhanced planning parameters for obstacle avoidance: safety_margin=5.00, waypoint_count=150, obstacle_priority=5.00
2025-05-14 17:47:47,727 - INFO - Episode 0: Executing replanned path to avoid obstacle
2025-05-14 17:47:47,865 - WARNING - Forward obstacle detected at 1.68m during movement
2025-05-14 17:47:48,071 - WARNING - Episode 0: Collision detected at step 4
2025-05-14 17:47:48,253 - WARNING - Forward obstacle detected at 1.68m during movement
2025-05-14 17:47:48,254 - INFO - Episode 0: Obstacle detected during movement, triggering immediate replanning
2025-05-14 17:47:48,270 - INFO - Episode 0: Triggering dynamic replanning due to detected obstacle
2025-05-14 17:47:48,273 - INFO - Enhanced planning parameters for obstacle avoidance: safety_margin=5.00, waypoint_count=150, obstacle_priority=5.00
2025-05-14 17:47:48,293 - INFO - Episode 0: Executing replanned path to avoid obstacle
2025-05-14 17:47:48,478 - WARNING - Forward obstacle detected at 1.68m during movement
2025-05-14 17:47:48,854 - WARNING - Forward obstacle detected at 1.68m during movement
2025-05-14 17:47:48,857 - INFO - Episode 0: Obstacle detected during movement, triggering immediate replanning
2025-05-14 17:47:48,877 - INFO - Episode 0: Triggering dynamic replanning due to detected obstacle
2025-05-14 17:47:48,880 - INFO - Enhanced planning parameters for obstacle avoidance: safety_margin=5.00, waypoint_count=150, obstacle_priority=5.00
2025-05-14 17:47:48,895 - INFO - Episode 0: Executing replanned path to avoid obstacle
2025-05-14 17:47:49,043 - WARNING - Forward obstacle detected at 1.68m during movement
2025-05-14 17:47:49,427 - WARNING - Forward obstacle detected at 1.68m during movement
2025-05-14 17:47:49,429 - INFO - Episode 0: Obstacle detected during movement, triggering immediate replanning
2025-05-14 17:47:49,443 - INFO - Episode 0: Triggering dynamic replanning due to detected obstacle
2025-05-14 17:47:49,445 - INFO - Enhanced planning parameters for obstacle avoidance: safety_margin=5.00, waypoint_count=150, obstacle_priority=5.00
2025-05-14 17:47:49,458 - INFO - Episode 0: Executing replanned path to avoid obstacle
2025-05-14 17:47:49,611 - WARNING - Forward obstacle detected at 1.68m during movement
2025-05-14 17:47:50,000 - WARNING - Forward obstacle detected at 1.68m during movement
2025-05-14 17:47:50,001 - INFO - Episode 0: Obstacle detected during movement, triggering immediate replanning
2025-05-14 17:47:50,023 - INFO - Episode 0: Triggering dynamic replanning due to detected obstacle
2025-05-14 17:47:50,030 - INFO - Enhanced planning parameters for obstacle avoidance: safety_margin=5.00, waypoint_count=150, obstacle_priority=5.00
2025-05-14 17:47:50,046 - INFO - Episode 0: Executing replanned path to avoid obstacle
2025-05-14 17:47:50,177 - ERROR - Error in move_to_waypoint: cannot access local variable 'min_cone_dist' where it is not associated with a value
2025-05-14 17:47:50,384 - WARNING - Episode 0: Collision detected at step 8
2025-05-14 17:47:50,559 - WARNING - Forward obstacle detected at 1.73m during movement
2025-05-14 17:47:50,559 - INFO - Episode 0: Obstacle detected during movement, triggering immediate replanning
2025-05-14 17:47:50,576 - INFO - Episode 0: Triggering dynamic replanning due to detected obstacle
2025-05-14 17:47:50,578 - INFO - Enhanced planning parameters for obstacle avoidance: safety_margin=5.00, waypoint_count=150, obstacle_priority=5.00
2025-05-14 17:47:50,590 - INFO - Episode 0: Executing replanned path to avoid obstacle
2025-05-14 17:47:50,741 - WARNING - Forward obstacle detected at 1.73m during movement
2025-05-14 17:47:51,114 - WARNING - Forward obstacle detected at 1.73m during movement
2025-05-14 17:47:51,115 - INFO - Episode 0: Obstacle detected during movement, triggering immediate replanning
2025-05-14 17:47:51,133 - INFO - Episode 0: Triggering dynamic replanning due to detected obstacle
2025-05-14 17:47:51,136 - INFO - Enhanced planning parameters for obstacle avoidance: safety_margin=5.00, waypoint_count=150, obstacle_priority=5.00
2025-05-14 17:47:51,148 - INFO - Episode 0: Executing replanned path to avoid obstacle
2025-05-14 17:47:51,292 - WARNING - Forward obstacle detected at 1.73m during movement
2025-05-14 17:47:51,664 - WARNING - Forward obstacle detected at 1.73m during movement
2025-05-14 17:47:51,666 - INFO - Episode 0: Obstacle detected during movement, triggering immediate replanning
2025-05-14 17:47:51,691 - INFO - Episode 0: Triggering dynamic replanning due to detected obstacle
2025-05-14 17:47:51,694 - INFO - Enhanced planning parameters for obstacle avoidance: safety_margin=5.00, waypoint_count=150, obstacle_priority=5.00
2025-05-14 17:47:51,707 - INFO - Episode 0: Executing replanned path to avoid obstacle
2025-05-14 17:47:51,848 - WARNING - Forward obstacle detected at 1.73m during movement
2025-05-14 17:47:52,218 - WARNING - Forward obstacle detected at 1.73m during movement
2025-05-14 17:47:52,218 - INFO - Episode 0: Obstacle detected during movement, triggering immediate replanning
2025-05-14 17:47:52,226 - INFO - Episode 0: Triggering dynamic replanning due to detected obstacle
2025-05-14 17:47:52,229 - INFO - Enhanced planning parameters for obstacle avoidance: safety_margin=5.00, waypoint_count=150, obstacle_priority=5.00
2025-05-14 17:47:52,238 - INFO - Episode 0: Executing replanned path to avoid obstacle
2025-05-14 17:47:52,381 - WARNING - Forward obstacle detected at 1.73m during movement
2025-05-14 17:47:52,752 - WARNING - Forward obstacle detected at 1.73m during movement
2025-05-14 17:47:52,753 - INFO - Episode 0: Obstacle detected during movement, triggering immediate replanning
2025-05-14 17:47:52,767 - INFO - Episode 0: Triggering dynamic replanning due to detected obstacle
2025-05-14 17:47:52,769 - INFO - Enhanced planning parameters for obstacle avoidance: safety_margin=5.00, waypoint_count=150, obstacle_priority=5.00
2025-05-14 17:47:52,782 - INFO - Episode 0: Executing replanned path to avoid obstacle
2025-05-14 17:47:52,923 - WARNING - Forward obstacle detected at 1.73m during movement
2025-05-14 17:47:53,291 - WARNING - Forward obstacle detected at 1.73m during movement
2025-05-14 17:47:53,292 - INFO - Episode 0: Obstacle detected during movement, triggering immediate replanning
2025-05-14 17:47:53,307 - INFO - Episode 0: Triggering dynamic replanning due to detected obstacle
2025-05-14 17:47:53,309 - INFO - Enhanced planning parameters for obstacle avoidance: safety_margin=5.00, waypoint_count=150, obstacle_priority=5.00
2025-05-14 17:47:53,323 - INFO - Episode 0: Executing replanned path to avoid obstacle
2025-05-14 17:47:53,464 - WARNING - Forward obstacle detected at 1.73m during movement
2025-05-14 17:47:53,843 - WARNING - Forward obstacle detected at 1.73m during movement
2025-05-14 17:47:53,844 - INFO - Episode 0: Obstacle detected during movement, triggering immediate replanning
2025-05-14 17:47:53,860 - INFO - Episode 0: Triggering dynamic replanning due to detected obstacle
2025-05-14 17:47:53,862 - INFO - Enhanced planning parameters for obstacle avoidance: safety_margin=5.00, waypoint_count=150, obstacle_priority=5.00
2025-05-14 17:47:53,875 - INFO - Episode 0: Executing replanned path to avoid obstacle
2025-05-14 17:47:54,016 - WARNING - Forward obstacle detected at 1.73m during movement
