2025-05-14 17:50:20,275 - INFO - Using random seed: 42
2025-05-14 17:50:20,276 - INFO - Starting experiment with configuration:
2025-05-14 17:50:20,276 - INFO -   num_episodes: 10
2025-05-14 17:50:20,276 - INFO -   target_distance_range: (15.0, 50.0)
2025-05-14 17:50:20,276 - INFO -   random_seed: 42
2025-05-14 17:50:20,277 - INFO -   max_steps_per_episode: 100
2025-05-14 17:50:20,277 - INFO -   output_dir: experiment_results
2025-05-14 17:50:20,277 - INFO -   stuck_timeout: 15.0
2025-05-14 17:50:20,277 - INFO -   stuck_check_interval: 3.0
2025-05-14 17:50:20,278 - INFO -   episode_timeout: 120
2025-05-14 17:50:20,279 - INFO -   precompile_julia: True
2025-05-14 17:50:20,280 - INFO -   zmq_port: 5555
2025-05-14 17:50:20,280 - INFO -   debug_raycasting: False
2025-05-14 17:50:20,280 - INFO -   min_ray_checks: 3
2025-05-14 17:50:20,280 - INFO -   max_ray_checks: 7
2025-05-14 17:50:20,280 - INFO -   visualize_raycasts: False
2025-05-14 17:50:20,280 - INFO -   visualization_duration: 60.0
2025-05-14 17:51:06,657 - INFO - === Starting Episode 0 ===
2025-05-14 17:51:06,660 - INFO - Episode 0: Taking off...
2025-05-14 17:51:12,067 - INFO - Target distance range for episode 0: 15.0m - 50.0m
2025-05-14 17:51:12,154 - INFO - Found first valid target at [-8.13, -9.76, -2.0]
2025-05-14 17:51:16,626 - INFO - Phase 2: Found 50 valid targets, focusing on refining these
2025-05-14 17:51:19,067 - INFO - Found 77 valid targets, selecting best with 0.00m clearance
2025-05-14 17:51:19,067 - INFO - Episode 0: Target sampling took 7.00s with 3 rays
2025-05-14 17:51:19,068 - INFO - Episode 0: Initial distance to target: 12.71m
2025-05-14 17:51:19,069 - INFO - Episode 0: Initial position: [0.0, 0.0, -1.67]
2025-05-14 17:51:19,069 - INFO - Episode 0: Target position: [-8.13, -9.76, -2.0]
2025-05-14 17:51:19,069 - INFO - Episode 0: Initial distance: 12.71m
2025-05-14 17:51:19,074 - INFO - Episode 0: Target verified with 3 rays
2025-05-14 17:51:24,868 - WARNING - Episode 0: Step 0 took 5.79s (unusually long)
2025-05-14 17:51:24,931 - WARNING - Pre-movement check: Obstacle detected on planned path at 3.66m distance
2025-05-14 17:51:24,932 - INFO - Proceeding with movement and will replan if obstacle persists during execution
2025-05-14 17:51:30,648 - WARNING - Episode 0: Step 1 took 5.78s (unusually long)
2025-05-14 17:51:30,687 - WARNING - Pre-movement check: Obstacle detected on planned path at 2.39m distance
2025-05-14 17:51:30,688 - INFO - Proceeding with movement and will replan if obstacle persists during execution
2025-05-14 17:51:38,827 - WARNING - Movement taking too long, cancelling and replanning
2025-05-14 17:51:38,828 - INFO - Episode 0: Obstacle detected during movement, triggering immediate replanning
2025-05-14 17:51:38,841 - INFO - Adding newly detected obstacle at [-5.95, -7.57, -1.72] to planning data
2025-05-14 17:51:38,842 - INFO - Episode 0: Triggering dynamic replanning due to detected obstacle
2025-05-14 17:51:38,843 - INFO - Enhanced planning parameters for obstacle avoidance: safety_margin=5.00, waypoint_count=150, obstacle_priority=5.00
2025-05-14 17:51:38,856 - WARNING - Episode 0: Planned waypoint would lead through obstacle at 1.50m
2025-05-14 17:51:38,857 - INFO - Episode 0: Attempting to generate safer waypoint away from obstacles
2025-05-14 17:51:38,858 - INFO - Episode 0: Generated safety waypoint to retreat from obstacle at direction [np.float64(0.47), np.float64(0.83), np.float64(-0.3)], distance 0.97m
2025-05-14 17:51:38,859 - INFO - Episode 0: Executing replanned path to avoid obstacle
2025-05-14 17:51:38,859 - WARNING - Waypoint too close (0.97m), extending to minimum distance 1.0m
2025-05-14 17:51:46,032 - WARNING - Movement taking too long, cancelling and replanning
2025-05-14 17:51:46,234 - WARNING - Episode 0: Step 2 took 15.59s (unusually long)
2025-05-14 17:51:46,236 - WARNING - Episode 0: Collision detected at step 3
2025-05-14 17:51:57,039 - WARNING - Movement taking too long, cancelling and replanning
2025-05-14 17:51:57,040 - INFO - Episode 0: Obstacle detected during movement, triggering immediate replanning
2025-05-14 17:51:57,052 - INFO - Adding newly detected obstacle at [-8.26, -9.47, -1.82] to planning data
2025-05-14 17:51:57,052 - INFO - Episode 0: Triggering dynamic replanning due to detected obstacle
2025-05-14 17:51:57,054 - INFO - Enhanced planning parameters for obstacle avoidance: safety_margin=5.00, waypoint_count=150, obstacle_priority=4.00
2025-05-14 17:51:57,068 - INFO - Episode 0: Executing replanned path to avoid obstacle
2025-05-14 17:52:07,424 - WARNING - Movement taking too long, cancelling and replanning
2025-05-14 17:52:07,626 - WARNING - Episode 0: Step 3 took 21.39s (unusually long)
2025-05-14 17:52:07,629 - WARNING - Episode 0: Collision detected at step 4
2025-05-14 17:52:14,459 - WARNING - Movement taking too long, cancelling and replanning
2025-05-14 17:52:14,461 - INFO - Episode 0: Obstacle detected during movement, triggering immediate replanning
2025-05-14 17:52:14,484 - INFO - Adding newly detected obstacle at [-8.34, -10.17, -2.51] to planning data
2025-05-14 17:52:14,484 - INFO - Episode 0: Triggering dynamic replanning due to detected obstacle
2025-05-14 17:52:14,487 - INFO - Enhanced planning parameters for obstacle avoidance: safety_margin=5.00, waypoint_count=150, obstacle_priority=4.00
2025-05-14 17:52:14,502 - INFO - Episode 0: Executing replanned path to avoid obstacle
2025-05-14 17:52:19,613 - WARNING - Movement taking too long, cancelling and replanning
2025-05-14 17:52:19,816 - WARNING - Episode 0: Step 4 took 12.19s (unusually long)
2025-05-14 17:52:19,818 - WARNING - Episode 0: No significant movement for 12.2s, attempting recovery maneuver
2025-05-14 17:52:19,819 - INFO - Executing vertical recovery maneuver to position: [-5.38, -6.75, -4.51]
2025-05-14 17:52:19,834 - INFO - Episode 0: Triggering dynamic replanning due to detected obstacle
2025-05-14 17:52:19,837 - INFO - Enhanced planning parameters for obstacle avoidance: safety_margin=5.00, waypoint_count=150, obstacle_priority=4.00
2025-05-14 17:52:23,951 - WARNING - Pre-movement check: Obstacle detected on planned path at 2.22m distance
2025-05-14 17:52:23,951 - INFO - Proceeding with movement and will replan if obstacle persists during execution
2025-05-14 17:52:27,665 - WARNING - Obstacle detected at 2.63m during movement execution
2025-05-14 17:52:27,665 - INFO - Obstacle not imminent, continuing with caution
2025-05-14 17:52:27,668 - WARNING - Forward obstacle detected at 2.35m during movement
2025-05-14 17:52:27,669 - INFO - Episode 0: Obstacle detected during movement, triggering immediate replanning
2025-05-14 17:52:27,688 - INFO - Adding newly detected obstacle at [np.float32(-9.25), np.float32(-12.16), np.float32(-2.57)] to planning data
2025-05-14 17:52:27,689 - INFO - Episode 0: Triggering dynamic replanning due to detected obstacle
2025-05-14 17:52:27,692 - INFO - Enhanced planning parameters for obstacle avoidance: safety_margin=5.00, waypoint_count=150, obstacle_priority=4.00
2025-05-14 17:52:27,707 - WARNING - Episode 0: Planned waypoint would lead through obstacle at 2.35m
2025-05-14 17:52:27,708 - INFO - Episode 0: Attempting to generate safer waypoint away from obstacles
2025-05-14 17:52:27,709 - INFO - Episode 0: Generated safety waypoint to retreat from obstacle at direction [np.float64(0.33), np.float64(0.94), np.float64(0.0)], distance 1.18m
2025-05-14 17:52:27,709 - INFO - Episode 0: Executing replanned path to avoid obstacle
2025-05-14 17:52:35,983 - WARNING - Movement taking too long, cancelling and replanning
2025-05-14 17:52:36,185 - WARNING - Episode 0: Step 5 took 16.37s (unusually long)
2025-05-14 17:52:36,186 - INFO - Episode 0: Target reached at step 6
2025-05-14 17:52:44,662 - INFO - Episode 0 completed: success
2025-05-14 17:52:44,663 - INFO -   Steps: 6, Duration: 77.12s
2025-05-14 17:52:44,663 - INFO -   Final distance: 0.56m, Collisions: 2
2025-05-14 17:52:44,663 - INFO -   Dynamic replanning events: 5
2025-05-14 17:52:44,717 - INFO - === Starting Episode 1 ===
2025-05-14 17:52:44,720 - INFO - Episode 1: Taking off...
2025-05-14 17:52:50,135 - INFO - Target distance range for episode 1: 15.5m - 38.5m
2025-05-14 17:52:50,229 - INFO - Found first valid target at [15.69, 3.88, -2.0]
2025-05-14 17:52:54,797 - INFO - Phase 2: Found 50 valid targets, focusing on refining these
2025-05-14 17:52:57,211 - INFO - Found 77 valid targets, selecting best with 0.00m clearance
2025-05-14 17:52:57,212 - INFO - Episode 1: Target sampling took 7.08s with 3 rays
2025-05-14 17:52:57,212 - INFO - Episode 1: Initial distance to target: 16.17m
2025-05-14 17:52:57,212 - INFO - Episode 1: Initial position: [0.0, 0.0, -1.67]
2025-05-14 17:52:57,213 - INFO - Episode 1: Target position: [15.69, 3.88, -2.0]
2025-05-14 17:52:57,213 - INFO - Episode 1: Initial distance: 16.17m
2025-05-14 17:52:57,218 - INFO - Episode 1: Target verified with 3 rays
2025-05-14 17:53:05,754 - WARNING - Pre-movement check: Obstacle detected on planned path at 2.37m distance
2025-05-14 17:53:05,754 - INFO - Proceeding with movement and will replan if obstacle persists during execution
2025-05-14 17:53:10,160 - WARNING - Pre-movement check: Obstacle detected on planned path at 1.62m distance
2025-05-14 17:53:10,161 - INFO - Proceeding with movement and will replan if obstacle persists during execution
2025-05-14 17:53:14,549 - WARNING - Pre-movement check: Obstacle detected on planned path at 1.10m distance
2025-05-14 17:53:14,550 - INFO - Proceeding with movement and will replan if obstacle persists during execution
2025-05-14 17:53:18,927 - WARNING - Obstacle detected at 0.26m when approaching waypoint
2025-05-14 17:53:18,928 - INFO - Episode 1: Obstacle detected during movement, triggering immediate replanning
2025-05-14 17:53:18,941 - INFO - Episode 1: Triggering dynamic replanning due to detected obstacle
2025-05-14 17:53:18,942 - INFO - Enhanced planning parameters for obstacle avoidance: safety_margin=5.00, waypoint_count=150, obstacle_priority=4.00
2025-05-14 17:53:18,956 - INFO - Episode 1: Executing replanned path to avoid obstacle
2025-05-14 17:53:20,915 - WARNING - Obstacle detected at 1.29m during movement execution
2025-05-14 17:53:21,117 - WARNING - Episode 1: Step 4 took 6.60s (unusually long)
2025-05-14 17:53:21,118 - INFO - Episode 1: Target reached at step 5
2025-05-14 17:53:34,709 - INFO - Episode 1 completed: success
2025-05-14 17:53:34,710 - INFO -   Steps: 5, Duration: 23.91s
2025-05-14 17:53:34,710 - INFO -   Final distance: 0.88m, Collisions: 0
2025-05-14 17:53:34,711 - INFO -   Dynamic replanning events: 1
2025-05-14 17:53:34,719 - INFO - === Starting Episode 2 ===
2025-05-14 17:53:34,723 - INFO - Episode 2: Taking off...
2025-05-14 17:53:40,137 - INFO - Target distance range for episode 2: 16.0m - 42.0m
2025-05-14 17:53:40,232 - INFO - Found first valid target at [-25.67, 16.62, -2.0]
2025-05-14 17:53:44,662 - INFO - Phase 2: Found 50 valid targets, focusing on refining these
2025-05-14 17:53:47,090 - INFO - Found 77 valid targets, selecting best with 0.00m clearance
2025-05-14 17:53:47,091 - INFO - Episode 2: Target sampling took 6.95s with 3 rays
2025-05-14 17:53:47,091 - INFO - Episode 2: Initial distance to target: 30.58m
2025-05-14 17:53:47,091 - INFO - Episode 2: Initial position: [0.0, 0.0, -1.67]
2025-05-14 17:53:47,092 - INFO - Episode 2: Target position: [-25.67, 16.62, -2.0]
2025-05-14 17:53:47,092 - INFO - Episode 2: Initial distance: 30.58m
2025-05-14 17:53:47,097 - INFO - Episode 2: Target verified with 3 rays
2025-05-14 17:53:53,068 - WARNING - Episode 2: Step 0 took 5.97s (unusually long)
2025-05-14 17:53:58,816 - WARNING - Episode 2: Step 1 took 5.75s (unusually long)
2025-05-14 17:53:58,857 - WARNING - Pre-movement check: Obstacle detected on planned path at 2.22m distance
2025-05-14 17:53:58,858 - INFO - Proceeding with movement and will replan if obstacle persists during execution
2025-05-14 17:54:12,895 - WARNING - Episode 2: Step 4 took 6.06s (unusually long)
2025-05-14 17:54:27,882 - WARNING - Episode 2: Step 7 took 6.25s (unusually long)
2025-05-14 17:54:27,885 - WARNING - Episode 2: Collision detected at step 8
2025-05-14 17:54:27,923 - WARNING - Pre-movement check: Obstacle detected on planned path at 1.81m distance
2025-05-14 17:54:27,924 - INFO - Proceeding with movement and will replan if obstacle persists during execution
2025-05-14 17:54:37,170 - WARNING - Episode 2: Step 9 took 5.69s (unusually long)
2025-05-14 17:54:42,970 - WARNING - Episode 2: Step 10 took 5.80s (unusually long)
2025-05-14 17:54:48,503 - WARNING - Obstacle detected at 0.44m when approaching waypoint
2025-05-14 17:54:48,504 - INFO - Episode 2: Obstacle detected during movement, triggering immediate replanning
2025-05-14 17:54:48,518 - INFO - Episode 2: Triggering dynamic replanning due to detected obstacle
2025-05-14 17:54:48,519 - INFO - Enhanced planning parameters for obstacle avoidance: safety_margin=5.00, waypoint_count=150, obstacle_priority=5.00
2025-05-14 17:54:48,531 - INFO - Episode 2: Executing replanned path to avoid obstacle
2025-05-14 17:54:48,546 - WARNING - Pre-movement check: Obstacle detected on planned path at 3.15m distance
2025-05-14 17:54:48,547 - INFO - Proceeding with movement and will replan if obstacle persists during execution
2025-05-14 17:54:52,102 - WARNING - Obstacle detected at 2.77m during movement execution
2025-05-14 17:54:52,102 - INFO - Obstacle not imminent, continuing with caution
2025-05-14 17:54:55,269 - WARNING - Episode 2: Step 11 took 12.30s (unusually long)
2025-05-14 17:54:57,321 - WARNING - Obstacle detected at 3.81m during movement execution
2025-05-14 17:54:57,322 - INFO - Obstacle not imminent, continuing with caution
2025-05-14 17:54:57,526 - WARNING - Obstacle detected at 5.41m during movement execution
2025-05-14 17:54:57,527 - INFO - Obstacle not imminent, continuing with caution
2025-05-14 17:54:57,632 - WARNING - Obstacle detected at 3.93m during movement execution
2025-05-14 17:54:57,632 - INFO - Obstacle not imminent, continuing with caution
2025-05-14 17:54:57,947 - WARNING - Obstacle detected at 3.14m during movement execution
2025-05-14 17:54:57,949 - INFO - Obstacle not imminent, continuing with caution
2025-05-14 17:54:58,160 - WARNING - Obstacle detected at 2.89m during movement execution
2025-05-14 17:54:58,161 - INFO - Obstacle not imminent, continuing with caution
2025-05-14 17:54:58,267 - WARNING - Obstacle detected at 2.92m during movement execution
2025-05-14 17:54:58,267 - INFO - Obstacle not imminent, continuing with caution
2025-05-14 17:54:58,365 - WARNING - Obstacle detected at 2.11m during movement execution
2025-05-14 17:54:58,366 - INFO - Obstacle not imminent, continuing with caution
2025-05-14 17:54:58,477 - WARNING - Obstacle detected at 2.84m during movement execution
2025-05-14 17:54:58,478 - INFO - Obstacle not imminent, continuing with caution
2025-05-14 17:54:58,567 - WARNING - Obstacle detected at 2.84m during movement execution
2025-05-14 17:54:58,567 - INFO - Obstacle not imminent, continuing with caution
2025-05-14 17:54:58,688 - WARNING - Obstacle detected at 2.38m during movement execution
2025-05-14 17:54:58,689 - INFO - Obstacle not imminent, continuing with caution
2025-05-14 17:54:58,892 - WARNING - Obstacle detected at 2.36m during movement execution
2025-05-14 17:54:58,893 - INFO - Obstacle not imminent, continuing with caution
2025-05-14 17:54:58,993 - WARNING - Obstacle detected at 2.01m during movement execution
2025-05-14 17:54:58,993 - INFO - Obstacle not imminent, continuing with caution
2025-05-14 17:54:59,094 - WARNING - Obstacle detected at 2.63m during movement execution
2025-05-14 17:54:59,095 - INFO - Obstacle not imminent, continuing with caution
2025-05-14 17:54:59,183 - WARNING - Obstacle detected at 2.63m during movement execution
2025-05-14 17:54:59,184 - INFO - Obstacle not imminent, continuing with caution
2025-05-14 17:54:59,310 - WARNING - Forward obstacle detected at 2.31m during movement
2025-05-14 17:54:59,311 - INFO - Episode 2: Obstacle detected during movement, triggering immediate replanning
2025-05-14 17:54:59,327 - INFO - Episode 2: Triggering dynamic replanning due to detected obstacle
2025-05-14 17:54:59,329 - INFO - Enhanced planning parameters for obstacle avoidance: safety_margin=5.00, waypoint_count=150, obstacle_priority=4.00
2025-05-14 17:54:59,340 - WARNING - Episode 2: Planned waypoint would lead through obstacle at 2.31m
2025-05-14 17:54:59,341 - INFO - Episode 2: Attempting to generate safer waypoint away from obstacles
2025-05-14 17:54:59,341 - INFO - Episode 2: Generated safety waypoint to retreat from obstacle at direction [np.float64(0.79), np.float64(-0.6), np.float64(-0.1)], distance 1.15m
2025-05-14 17:54:59,341 - INFO - Episode 2: Executing replanned path to avoid obstacle
2025-05-14 17:55:03,447 - WARNING - Obstacle detected at 1.04m during movement execution
2025-05-14 17:55:03,648 - WARNING - Episode 2: Step 12 took 8.38s (unusually long)
2025-05-14 17:55:03,690 - WARNING - Pre-movement check: Obstacle detected on planned path at 1.10m distance
2025-05-14 17:55:03,691 - INFO - Proceeding with movement and will replan if obstacle persists during execution
2025-05-14 17:55:05,974 - WARNING - Obstacle detected at 1.90m during movement execution
2025-05-14 17:55:05,975 - INFO - Episode 2: Obstacle detected during movement, triggering immediate replanning
2025-05-14 17:55:05,987 - INFO - Episode 2: Triggering dynamic replanning due to detected obstacle
2025-05-14 17:55:05,989 - INFO - Enhanced planning parameters for obstacle avoidance: safety_margin=5.00, waypoint_count=150, obstacle_priority=4.00
2025-05-14 17:55:06,002 - WARNING - Episode 2: Planned waypoint would lead through obstacle at 1.90m
2025-05-14 17:55:06,002 - INFO - Episode 2: Attempting to generate safer waypoint away from obstacles
2025-05-14 17:55:06,002 - INFO - Episode 2: Generated safety waypoint to retreat from obstacle at direction [np.float64(0.84), np.float64(0.52), np.float64(-0.13)], distance 0.95m
2025-05-14 17:55:06,003 - INFO - Episode 2: Executing replanned path to avoid obstacle
2025-05-14 17:55:06,003 - WARNING - Waypoint too close (0.95m), extending to minimum distance 1.0m
